#
# There is insufficient memory for the Java Runtime Environment to continue.
# Native memory allocation (malloc) failed to allocate 1048576 bytes. Error detail: AllocateHeap
# Possible reasons:
#   The system is out of physical RAM or swap space
#   This process is running with CompressedOops enabled, and the Java Heap may be blocking the growth of the native heap
# Possible solutions:
#   Reduce memory load on the system
#   Increase physical memory or swap space
#   Check if swap backing store is full
#   Decrease Java heap size (-Xmx/-Xms)
#   Decrease number of Java threads
#   Decrease Java thread stack sizes (-Xss)
#   Set larger code cache with -XX:ReservedCodeCacheSize=
#   JVM is running with Unscaled Compressed Oops mode in which the Java heap is
#     placed in the first 4GB address space. The Java Heap base address is the
#     maximum limit for the native heap growth. Please use -XX:HeapBaseMinAddress
#     to set the Java Heap base and to place the Java Heap above 4GB virtual address.
# This output file may be truncated or incomplete.
#
#  Out of Memory Error (allocation.cpp:44), pid=21624, tid=18584
#
# JRE version: OpenJDK Runtime Environment Temurin-21.0.10+7 (21.0.10+7) (build 21.0.10+7-LTS)
# Java VM: OpenJDK 64-Bit Server VM Temurin-21.0.10+7 (21.0.10+7-LTS, mixed mode, sharing, tiered, compressed oops, compressed class ptrs, parallel gc, windows-amd64)
# No core dump will be written. Minidumps are not enabled by default on client versions of Windows
#

---------------  S U M M A R Y ------------

Command Line: --add-modules=ALL-SYSTEM --add-opens=java.base/java.util=ALL-UNNAMED --add-opens=java.base/java.lang=ALL-UNNAMED --add-opens=java.base/sun.nio.fs=ALL-UNNAMED -Declipse.application=org.eclipse.jdt.ls.core.id1 -Dosgi.bundles.defaultStartLevel=4 -Declipse.product=org.eclipse.jdt.ls.core.product -Djava.import.generatesMetadataFilesAtProjectRoot=false -DDetectVMInstallationsJob.disabled=true -Dfile.encoding=utf8 -XX:+UseParallelGC -XX:GCTimeRatio=4 -XX:AdaptiveSizePolicyWeight=90 -Dsun.zip.disableMemoryMapping=true -Xmx2G -Xms100m -Xlog:disable -javaagent:c:\Users\WALSTAR\.antigravity\extensions\redhat.java-1.54.0-win32-x64\lombok\lombok-1.18.39-4050.jar -XX:+HeapDumpOnOutOfMemoryError -XX:HeapDumpPath=c:\Users\WALSTAR\AppData\Roaming\Antigravity\User\workspaceStorage\e22b2c0d634aea8cca2cfe9187207b64\redhat.java -Daether.dependencyCollector.impl=bf c:\Users\WALSTAR\.antigravity\extensions\redhat.java-1.54.0-win32-x64\server\plugins\org.eclipse.equinox.launcher_1.7.100.v20251111-0406.jar -configuration c:\Users\WALSTAR\AppData\Roaming\Antigravity\User\globalStorage\redhat.java\1.54.0\config_win -data c:\Users\WALSTAR\AppData\Roaming\Antigravity\User\workspaceStorage\e22b2c0d634aea8cca2cfe9187207b64\redhat.java\jdt_ws --pipe=\\.\pipe\lsp-d3bd3a0976662ba7e0567c9ce224b825-sock

Host: 12th Gen Intel(R) Core(TM) i5-1235U, 12 cores, 15G,  Windows 11 , 64 bit Build 26100 (10.0.26100.8115)
Time: Wed May  6 10:55:29 2026 India Standard Time elapsed time: 4235.361433 seconds (0d 1h 10m 35s)

---------------  T H R E A D  ---------------

Current thread (0x000001c03b709070):  JavaThread "Attach Listener" daemon [_thread_in_vm, id=18584, stack(0x0000006555c00000,0x0000006555d00000) (1024K)]

Stack: [0x0000006555c00000,0x0000006555d00000]
Native frames: (J=compiled Java code, j=interpreted, Vv=VM code, C=native code)
V  [jvm.dll+0x6d7a39]
V  [jvm.dll+0x8b4b26]
V  [jvm.dll+0x8b70de]
V  [jvm.dll+0x8b77c3]
V  [jvm.dll+0x284346]
V  [jvm.dll+0xc1277]
V  [jvm.dll+0x6d82e9]
V  [jvm.dll+0x1334a6]
V  [jvm.dll+0x3f857e]
V  [jvm.dll+0x85f59d]
V  [jvm.dll+0x6d626d]
C  [ucrtbase.dll+0x37b0]
C  [KERNEL32.DLL+0x2e8d7]
C  [ntdll.dll+0x8c3fc]


---------------  P R O C E S S  ---------------

Threads class SMR info:
_java_thread_list=0x000001c09f1bb5c0, length=39, elements={
0x000001c03b65db90, 0x000001c0951fe6a0, 0x000001c03b704460, 0x000001c03b7081c0,
0x000001c03b709070, 0x000001c03b70ff50, 0x000001c03b70f230, 0x000001c03b71abf0,
0x000001c03b71d470, 0x000001c03b70d160, 0x000001c03b7105e0, 0x000001c03b70d7f0,
0x000001c03b70de80, 0x000001c03b70e510, 0x000001c03b70eba0, 0x000001c03b70f8c0,
0x000001c09c332db0, 0x000001c09c330ce0, 0x000001c09c332720, 0x000001c09c332090,
0x000001c09c331370, 0x000001c09c333ad0, 0x000001c09c3347f0, 0x000001c09c334e80,
0x000001c09c331a00, 0x000001c09c3375e0, 0x000001c09c335510, 0x000001c09c336230,
0x000001c09c336f50, 0x000001c09c334160, 0x000001c09c335ba0, 0x000001c09c3368c0,
0x000001c09eb9d1e0, 0x000001c09eb9c4c0, 0x000001c09eb9aa80, 0x000001c09eb9cb50,
0x000001c09eb9d870, 0x000001c09eb9a3f0, 0x000001c09eb9f940
}

Java Threads: ( => current thread )
  0x000001c03b65db90 JavaThread "main"                              [_thread_blocked, id=11252, stack(0x0000006555500000,0x0000006555600000) (1024K)]
  0x000001c0951fe6a0 JavaThread "Reference Handler"          daemon [_thread_blocked, id=21208, stack(0x0000006555900000,0x0000006555a00000) (1024K)]
  0x000001c03b704460 JavaThread "Finalizer"                  daemon [_thread_blocked, id=9500, stack(0x0000006555a00000,0x0000006555b00000) (1024K)]
  0x000001c03b7081c0 JavaThread "Signal Dispatcher"          daemon [_thread_blocked, id=6536, stack(0x0000006555b00000,0x0000006555c00000) (1024K)]
=>0x000001c03b709070 JavaThread "Attach Listener"            daemon [_thread_in_vm, id=18584, stack(0x0000006555c00000,0x0000006555d00000) (1024K)]
  0x000001c03b70ff50 JavaThread "Service Thread"             daemon [_thread_blocked, id=13104, stack(0x0000006555d00000,0x0000006555e00000) (1024K)]
  0x000001c03b70f230 JavaThread "Monitor Deflation Thread"   daemon [_thread_blocked, id=6716, stack(0x0000006555e00000,0x0000006555f00000) (1024K)]
  0x000001c03b71abf0 JavaThread "C2 CompilerThread0"         daemon [_thread_blocked, id=14488, stack(0x0000006555f00000,0x0000006556000000) (1024K)]
  0x000001c03b71d470 JavaThread "C1 CompilerThread0"         daemon [_thread_blocked, id=8016, stack(0x0000006556000000,0x0000006556100000) (1024K)]
  0x000001c03b70d160 JavaThread "Common-Cleaner"             daemon [_thread_blocked, id=24568, stack(0x0000006556100000,0x0000006556200000) (1024K)]
  0x000001c03b7105e0 JavaThread "Notification Thread"        daemon [_thread_blocked, id=6800, stack(0x0000006556300000,0x0000006556400000) (1024K)]
  0x000001c03b70d7f0 JavaThread "Active Thread: Equinox Container: eb3d733e-fb63-45bc-a0cc-40ab3bc6609e"        [_thread_blocked, id=21056, stack(0x0000006556b00000,0x0000006556c00000) (1024K)]
  0x000001c03b70de80 JavaThread "Refresh Thread: Equinox Container: eb3d733e-fb63-45bc-a0cc-40ab3bc6609e" daemon [_thread_blocked, id=21372, stack(0x0000006556400000,0x0000006556500000) (1024K)]
  0x000001c03b70e510 JavaThread "Framework Event Dispatcher: Equinox Container: eb3d733e-fb63-45bc-a0cc-40ab3bc6609e" daemon [_thread_blocked, id=9564, stack(0x0000006556c00000,0x0000006556d00000) (1024K)]
  0x000001c03b70eba0 JavaThread "Start Level: Equinox Container: eb3d733e-fb63-45bc-a0cc-40ab3bc6609e" daemon [_thread_blocked, id=12208, stack(0x0000006556d00000,0x0000006556e00000) (1024K)]
  0x000001c03b70f8c0 JavaThread "Bundle File Closer"         daemon [_thread_blocked, id=19236, stack(0x0000006557100000,0x0000006557200000) (1024K)]
  0x000001c09c332db0 JavaThread "SCR Component Actor"        daemon [_thread_blocked, id=2024, stack(0x0000006556e00000,0x0000006556f00000) (1024K)]
  0x000001c09c330ce0 JavaThread "Worker-JM"                         [_thread_blocked, id=22824, stack(0x0000006557300000,0x0000006557400000) (1024K)]
  0x000001c09c332720 JavaThread "JNA Cleaner"                daemon [_thread_blocked, id=25404, stack(0x0000006557200000,0x0000006557300000) (1024K)]
  0x000001c09c332090 JavaThread "Java indexing"              daemon [_thread_blocked, id=10672, stack(0x0000006557700000,0x0000006557800000) (1024K)]
  0x000001c09c331370 JavaThread "Worker-3"                          [_thread_blocked, id=2504, stack(0x0000006557c00000,0x0000006557d00000) (1024K)]
  0x000001c09c333ad0 JavaThread "Thread-1"                   daemon [_thread_in_native, id=18400, stack(0x0000006557d00000,0x0000006557e00000) (1024K)]
  0x000001c09c3347f0 JavaThread "Thread-2"                   daemon [_thread_in_native, id=7880, stack(0x0000006557e00000,0x0000006557f00000) (1024K)]
  0x000001c09c334e80 JavaThread "Thread-3"                   daemon [_thread_in_native, id=25564, stack(0x0000006557f00000,0x0000006558000000) (1024K)]
  0x000001c09c331a00 JavaThread "Thread-4"                   daemon [_thread_in_native, id=9880, stack(0x0000006558000000,0x0000006558100000) (1024K)]
  0x000001c09c3375e0 JavaThread "Thread-5"                   daemon [_thread_in_native, id=12588, stack(0x0000006558100000,0x0000006558200000) (1024K)]
  0x000001c09c335510 JavaThread "Thread-6"                   daemon [_thread_in_native, id=9616, stack(0x0000006558200000,0x0000006558300000) (1024K)]
  0x000001c09c336230 JavaThread "Thread-7"                   daemon [_thread_in_native, id=20624, stack(0x0000006558300000,0x0000006558400000) (1024K)]
  0x000001c09c336f50 JavaThread "Thread-8"                   daemon [_thread_in_native, id=21468, stack(0x0000006558400000,0x0000006558500000) (1024K)]
  0x000001c09c334160 JavaThread "Thread-9"                   daemon [_thread_in_native, id=17892, stack(0x0000006558500000,0x0000006558600000) (1024K)]
  0x000001c09c335ba0 JavaThread "Thread-10"                  daemon [_thread_in_native, id=16256, stack(0x0000006558600000,0x0000006558700000) (1024K)]
  0x000001c09c3368c0 JavaThread "Thread-11"                  daemon [_thread_in_native, id=16324, stack(0x0000006558700000,0x0000006558800000) (1024K)]
  0x000001c09eb9d1e0 JavaThread "Thread-12"                  daemon [_thread_in_native, id=10828, stack(0x0000006558800000,0x0000006558900000) (1024K)]
  0x000001c09eb9c4c0 JavaThread "Thread-13"                  daemon [_thread_in_native, id=10732, stack(0x0000006558900000,0x0000006558a00000) (1024K)]
  0x000001c09eb9aa80 JavaThread "pool-2-thread-1"                   [_thread_blocked, id=11124, stack(0x0000006558a00000,0x0000006558b00000) (1024K)]
  0x000001c09eb9cb50 JavaThread "Worker-5"                          [_thread_blocked, id=20028, stack(0x0000006558c00000,0x0000006558d00000) (1024K)]
  0x000001c09eb9d870 JavaThread "WorkspaceEventsHandler"            [_thread_blocked, id=22264, stack(0x0000006558e00000,0x0000006558f00000) (1024K)]
  0x000001c09eb9a3f0 JavaThread "pool-1-thread-1"                   [_thread_blocked, id=21872, stack(0x0000006558f00000,0x0000006559000000) (1024K)]
  0x000001c09eb9f940 JavaThread "Timer-0"                           [_thread_blocked, id=16988, stack(0x0000006559200000,0x0000006559300000) (1024K)]
Total: 39

Other Threads:
  0x000001c0965714a0 VMThread "VM Thread"                           [id=24488, stack(0x0000006555800000,0x0000006555900000) (1024K)]
  0x000001c0950dca00 WatcherThread "VM Periodic Task Thread"        [id=3152, stack(0x0000006555700000,0x0000006555800000) (1024K)]
  0x000001c03b67c4d0 WorkerThread "GC Thread#0"                     [id=19296, stack(0x0000006555600000,0x0000006555700000) (1024K)]
  0x000001c0968d3130 WorkerThread "GC Thread#1"                     [id=24500, stack(0x0000006556500000,0x0000006556600000) (1024K)]
  0x000001c0968d43a0 WorkerThread "GC Thread#2"                     [id=22960, stack(0x0000006556600000,0x0000006556700000) (1024K)]
  0x000001c0968d3890 WorkerThread "GC Thread#3"                     [id=23896, stack(0x0000006556700000,0x0000006556800000) (1024K)]
  0x000001c0968d34e0 WorkerThread "GC Thread#4"                     [id=22704, stack(0x0000006556800000,0x0000006556900000) (1024K)]
  0x000001c0968d2d80 WorkerThread "GC Thread#5"                     [id=22324, stack(0x0000006556900000,0x0000006556a00000) (1024K)]
  0x000001c0968d3c40 WorkerThread "GC Thread#6"                     [id=15832, stack(0x0000006556a00000,0x0000006556b00000) (1024K)]
  0x000001c0968d3ff0 WorkerThread "GC Thread#7"                     [id=8272, stack(0x0000006556200000,0x0000006556300000) (1024K)]
  0x000001c09c2044f0 WorkerThread "GC Thread#8"                     [id=2552, stack(0x0000006556f00000,0x0000006557000000) (1024K)]
  0x000001c09c2018b0 WorkerThread "GC Thread#9"                     [id=8268, stack(0x0000006557000000,0x0000006557100000) (1024K)]
Total: 12

Threads with active compile tasks:
Total: 0

VM state: not at safepoint (normal execution)

VM Mutex/Monitor currently owned by a thread: None

Heap address: 0x0000000080000000, size: 2048 MB, Compressed Oops mode: 32-bit

CDS archive(s) mapped at: [0x000001c054000000-0x000001c054ba0000-0x000001c054ba0000), size 12189696, SharedBaseAddress: 0x000001c054000000, ArchiveRelocationMode: 1.
Compressed class space mapped at: 0x000001c055000000-0x000001c095000000, reserved size: 1073741824
Narrow klass base: 0x000001c054000000, Narrow klass shift: 0, Narrow klass range: 0x100000000

GC Precious Log:
 CardTable entry size: 512
 CPUs: 12 total, 12 available
 Memory: 16092M
 Large Page Support: Disabled
 NUMA Support: Disabled
 Compressed Oops: Enabled (32-bit)
 Alignments: Space 512K, Generation 512K, Heap 2M
 Heap Min Capacity: 100M
 Heap Initial Capacity: 100M
 Heap Max Capacity: 2G
 Pre-touch: Disabled
 Parallel Workers: 10

Heap:
 PSYoungGen      total 2048K, used 740K [0x00000000d5580000, 0x00000000d5880000, 0x0000000100000000)
  eden space 1536K, 37% used [0x00000000d5580000,0x00000000d5611070,0x00000000d5700000)
  from space 512K, 31% used [0x00000000d5780000,0x00000000d57a8000,0x00000000d5800000)
  to   space 512K, 0% used [0x00000000d5800000,0x00000000d5800000,0x00000000d5880000)
 ParOldGen       total 282624K, used 282238K [0x0000000080000000, 0x0000000091400000, 0x00000000d5580000)
  object space 282624K, 99% used [0x0000000080000000,0x000000009139f850,0x0000000091400000)
 Metaspace       used 86369K, committed 88256K, reserved 1179648K
  class space    used 10899K, committed 11776K, reserved 1048576K

Card table byte_map: [0x000001c04f340000,0x000001c04f750000] _byte_map_base: 0x000001c04ef40000

Marking Bits: (ParMarkBitMap*) 0x00007ff9fdf53450
 Begin Bits: [0x000001c04fa00000, 0x000001c051a00000)
 End Bits:   [0x000001c051a00000, 0x000001c053a00000)

Polling page: 0x000001c03bac0000

Metaspace:

Usage:
  Non-class:     73.70 MB used.
      Class:     10.64 MB used.
       Both:     84.34 MB used.

Virtual space:
  Non-class space:      128.00 MB reserved,      74.69 MB ( 58%) committed,  2 nodes.
      Class space:        1.00 GB reserved,      11.50 MB (  1%) committed,  1 nodes.
             Both:        1.12 GB reserved,      86.19 MB (  7%) committed. 

Chunk freelists:
   Non-Class:  5.23 MB
       Class:  4.53 MB
        Both:  9.76 MB

MaxMetaspaceSize: unlimited
CompressedClassSpaceSize: 1.00 GB
Initial GC threshold: 21.00 MB
Current GC threshold: 97.31 MB
CDS: on
 - commit_granule_bytes: 65536.
 - commit_granule_words: 8192.
 - virtual_space_node_default_size: 8388608.
 - enlarge_chunks_in_place: 1.
 - use_allocation_guard: 0.


Internal statistics:

num_allocs_failed_limit: 9.
num_arena_births: 1686.
num_arena_deaths: 14.
num_vsnodes_births: 3.
num_vsnodes_deaths: 0.
num_space_committed: 1379.
num_space_uncommitted: 0.
num_chunks_returned_to_freelist: 23.
num_chunks_taken_from_freelist: 5345.
num_chunk_merges: 11.
num_chunk_splits: 3481.
num_chunks_enlarged: 2255.
num_inconsistent_stats: 0.

CodeHeap 'non-profiled nmethods': size=120000Kb used=9505Kb max_used=9505Kb free=110495Kb
 bounds [0x000001c047c20000, 0x000001c048570000, 0x000001c04f150000]
CodeHeap 'profiled nmethods': size=120000Kb used=24453Kb max_used=24453Kb free=95546Kb
 bounds [0x000001c040150000, 0x000001c041940000, 0x000001c047680000]
CodeHeap 'non-nmethods': size=5760Kb used=1455Kb max_used=1496Kb free=4304Kb
 bounds [0x000001c047680000, 0x000001c0478f0000, 0x000001c047c20000]
CodeCache: size=245760Kb, used=35413Kb, max_used=35454Kb, free=210345Kb
 total_blobs=12635, nmethods=11871, adapters=669, full_count=0
Compilation: enabled, stopped_count=0, restarted_count=0

Compilation events (20 events):
Event: 2782.920 Thread 0x000001c03b71abf0 12651       4       org.eclipse.buildship.core.internal.util.progress.RateLimitingProgressMonitor$1::run (55 bytes)
Event: 2782.921 Thread 0x000001c03b71abf0 nmethod 12651 0x000001c048565410 code [0x000001c0485655c0, 0x000001c048565750]
Event: 2933.159 Thread 0x000001c03b71d470 12652   !   3       org.eclipse.jdt.ls.core.internal.JDTUtils::toURI (64 bytes)
Event: 2933.161 Thread 0x000001c03b71d470 nmethod 12652 0x000001c04192eb10 code [0x000001c04192ee40, 0x000001c04192fd28]
Event: 3027.537 Thread 0x000001c03b71d470 12653       1       org.eclipse.core.internal.jobs.InternalJob::getProgressMonitor (5 bytes)
Event: 3027.537 Thread 0x000001c03b71d470 nmethod 12653 0x000001c048565910 code [0x000001c048565aa0, 0x000001c048565b68]
Event: 3489.917 Thread 0x000001c03b71abf0 12654       4       java.util.concurrent.locks.AbstractQueuedSynchronizer$ConditionObject::canReacquire (38 bytes)
Event: 3489.918 Thread 0x000001c03b71abf0 nmethod 12654 0x000001c048565c10 code [0x000001c048565da0, 0x000001c048565e80]
Event: 3512.027 Thread 0x000001c03b71d470 12655       1       org.eclipse.osgi.internal.location.BasicLocation::isReadOnly (5 bytes)
Event: 3512.030 Thread 0x000001c03b71d470 nmethod 12655 0x000001c048565f90 code [0x000001c048566120, 0x000001c0485661f0]
Event: 3670.018 Thread 0x000001c03b71d470 12656       3       java.lang.ProcessHandleImpl::<init> (15 bytes)
Event: 3670.019 Thread 0x000001c03b71d470 nmethod 12656 0x000001c041930490 code [0x000001c041930640, 0x000001c0419307b0]
Event: 3790.901 Thread 0x000001c03b71abf0 12657       4       java.io.File::getParent (65 bytes)
Event: 3790.907 Thread 0x000001c03b71abf0 nmethod 12657 0x000001c048566290 code [0x000001c048566460, 0x000001c048566ad8]
Event: 3800.198 Thread 0x000001c03b71abf0 12658       4       java.io.File::getParentFile (41 bytes)
Event: 3800.208 Thread 0x000001c03b71abf0 nmethod 12658 0x000001c048566f10 code [0x000001c048567100, 0x000001c048567850]
Event: 3838.160 Thread 0x000001c03b71d470 12659       3       java.lang.invoke.LambdaForm$MH/0x000001c05517ac00::invoke (56 bytes)
Event: 3838.161 Thread 0x000001c03b71d470 nmethod 12659 0x000001c041930890 code [0x000001c041930aa0, 0x000001c041931398]
Event: 3868.902 Thread 0x000001c03b71d470 12660       1       com.sun.jna.internal.Cleaner::access$200 (5 bytes)
Event: 3868.903 Thread 0x000001c03b71d470 nmethod 12660 0x000001c048567d10 code [0x000001c048567ea0, 0x000001c048567f50]

GC Heap History (20 events):
Event: 1653.347 GC heap before
{Heap before GC invocations=411 (full 3):
 PSYoungGen      total 2048K, used 1752K [0x00000000d5580000, 0x00000000d5880000, 0x0000000100000000)
  eden space 1536K, 99% used [0x00000000d5580000,0x00000000d56fe328,0x00000000d5700000)
  from space 512K, 43% used [0x00000000d5780000,0x00000000d57b8000,0x00000000d5800000)
  to   space 512K, 0% used [0x00000000d5800000,0x00000000d5800000,0x00000000d5880000)
 ParOldGen       total 282112K, used 281886K [0x0000000080000000, 0x0000000091380000, 0x00000000d5580000)
  object space 282112K, 99% used [0x0000000080000000,0x0000000091347850,0x0000000091380000)
 Metaspace       used 86327K, committed 88192K, reserved 1179648K
  class space    used 10899K, committed 11776K, reserved 1048576K
}
Event: 1653.348 GC heap after
{Heap after GC invocations=411 (full 3):
 PSYoungGen      total 2048K, used 192K [0x00000000d5580000, 0x00000000d5880000, 0x0000000100000000)
  eden space 1536K, 0% used [0x00000000d5580000,0x00000000d5580000,0x00000000d5700000)
  from space 512K, 37% used [0x00000000d5800000,0x00000000d5830000,0x00000000d5880000)
  to   space 512K, 0% used [0x00000000d5780000,0x00000000d5780000,0x00000000d5800000)
 ParOldGen       total 282112K, used 281934K [0x0000000080000000, 0x0000000091380000, 0x00000000d5580000)
  object space 282112K, 99% used [0x0000000080000000,0x0000000091353850,0x0000000091380000)
 Metaspace       used 86327K, committed 88192K, reserved 1179648K
  class space    used 10899K, committed 11776K, reserved 1048576K
}
Event: 1655.860 GC heap before
{Heap before GC invocations=412 (full 3):
 PSYoungGen      total 2048K, used 1728K [0x00000000d5580000, 0x00000000d5880000, 0x0000000100000000)
  eden space 1536K, 100% used [0x00000000d5580000,0x00000000d5700000,0x00000000d5700000)
  from space 512K, 37% used [0x00000000d5800000,0x00000000d5830000,0x00000000d5880000)
  to   space 512K, 0% used [0x00000000d5780000,0x00000000d5780000,0x00000000d5800000)
 ParOldGen       total 282112K, used 281934K [0x0000000080000000, 0x0000000091380000, 0x00000000d5580000)
  object space 282112K, 99% used [0x0000000080000000,0x0000000091353850,0x0000000091380000)
 Metaspace       used 86330K, committed 88192K, reserved 1179648K
  class space    used 10899K, committed 11776K, reserved 1048576K
}
Event: 1655.861 GC heap after
{Heap after GC invocations=412 (full 3):
 PSYoungGen      total 2048K, used 224K [0x00000000d5580000, 0x00000000d5880000, 0x0000000100000000)
  eden space 1536K, 0% used [0x00000000d5580000,0x00000000d5580000,0x00000000d5700000)
  from space 512K, 43% used [0x00000000d5780000,0x00000000d57b8000,0x00000000d5800000)
  to   space 512K, 0% used [0x00000000d5800000,0x00000000d5800000,0x00000000d5880000)
 ParOldGen       total 282112K, used 281990K [0x0000000080000000, 0x0000000091380000, 0x00000000d5580000)
  object space 282112K, 99% used [0x0000000080000000,0x0000000091361850,0x0000000091380000)
 Metaspace       used 86330K, committed 88192K, reserved 1179648K
  class space    used 10899K, committed 11776K, reserved 1048576K
}
Event: 1656.018 GC heap before
{Heap before GC invocations=413 (full 3):
 PSYoungGen      total 2048K, used 1760K [0x00000000d5580000, 0x00000000d5880000, 0x0000000100000000)
  eden space 1536K, 100% used [0x00000000d5580000,0x00000000d5700000,0x00000000d5700000)
  from space 512K, 43% used [0x00000000d5780000,0x00000000d57b8000,0x00000000d5800000)
  to   space 512K, 0% used [0x00000000d5800000,0x00000000d5800000,0x00000000d5880000)
 ParOldGen       total 282112K, used 281990K [0x0000000080000000, 0x0000000091380000, 0x00000000d5580000)
  object space 282112K, 99% used [0x0000000080000000,0x0000000091361850,0x0000000091380000)
 Metaspace       used 86333K, committed 88192K, reserved 1179648K
  class space    used 10899K, committed 11776K, reserved 1048576K
}
Event: 1656.019 GC heap after
{Heap after GC invocations=413 (full 3):
 PSYoungGen      total 2048K, used 224K [0x00000000d5580000, 0x00000000d5880000, 0x0000000100000000)
  eden space 1536K, 0% used [0x00000000d5580000,0x00000000d5580000,0x00000000d5700000)
  from space 512K, 43% used [0x00000000d5800000,0x00000000d5838000,0x00000000d5880000)
  to   space 512K, 0% used [0x00000000d5780000,0x00000000d5780000,0x00000000d5800000)
 ParOldGen       total 282112K, used 282046K [0x0000000080000000, 0x0000000091380000, 0x00000000d5580000)
  object space 282112K, 99% used [0x0000000080000000,0x000000009136f850,0x0000000091380000)
 Metaspace       used 86333K, committed 88192K, reserved 1179648K
  class space    used 10899K, committed 11776K, reserved 1048576K
}
Event: 1658.477 GC heap before
{Heap before GC invocations=414 (full 3):
 PSYoungGen      total 2048K, used 1760K [0x00000000d5580000, 0x00000000d5880000, 0x0000000100000000)
  eden space 1536K, 100% used [0x00000000d5580000,0x00000000d5700000,0x00000000d5700000)
  from space 512K, 43% used [0x00000000d5800000,0x00000000d5838000,0x00000000d5880000)
  to   space 512K, 0% used [0x00000000d5780000,0x00000000d5780000,0x00000000d5800000)
 ParOldGen       total 282112K, used 282046K [0x0000000080000000, 0x0000000091380000, 0x00000000d5580000)
  object space 282112K, 99% used [0x0000000080000000,0x000000009136f850,0x0000000091380000)
 Metaspace       used 86335K, committed 88192K, reserved 1179648K
  class space    used 10899K, committed 11776K, reserved 1048576K
}
Event: 1658.478 GC heap after
{Heap after GC invocations=414 (full 3):
 PSYoungGen      total 2048K, used 224K [0x00000000d5580000, 0x00000000d5880000, 0x0000000100000000)
  eden space 1536K, 0% used [0x00000000d5580000,0x00000000d5580000,0x00000000d5700000)
  from space 512K, 43% used [0x00000000d5780000,0x00000000d57b8000,0x00000000d5800000)
  to   space 512K, 0% used [0x00000000d5800000,0x00000000d5800000,0x00000000d5880000)
 ParOldGen       total 282112K, used 282086K [0x0000000080000000, 0x0000000091380000, 0x00000000d5580000)
  object space 282112K, 99% used [0x0000000080000000,0x0000000091379850,0x0000000091380000)
 Metaspace       used 86335K, committed 88192K, reserved 1179648K
  class space    used 10899K, committed 11776K, reserved 1048576K
}
Event: 1910.681 GC heap before
{Heap before GC invocations=415 (full 3):
 PSYoungGen      total 2048K, used 1759K [0x00000000d5580000, 0x00000000d5880000, 0x0000000100000000)
  eden space 1536K, 99% used [0x00000000d5580000,0x00000000d56ffff8,0x00000000d5700000)
  from space 512K, 43% used [0x00000000d5780000,0x00000000d57b8000,0x00000000d5800000)
  to   space 512K, 0% used [0x00000000d5800000,0x00000000d5800000,0x00000000d5880000)
 ParOldGen       total 282112K, used 282086K [0x0000000080000000, 0x0000000091380000, 0x00000000d5580000)
  object space 282112K, 99% used [0x0000000080000000,0x0000000091379850,0x0000000091380000)
 Metaspace       used 86337K, committed 88192K, reserved 1179648K
  class space    used 10899K, committed 11776K, reserved 1048576K
}
Event: 1910.683 GC heap after
{Heap after GC invocations=415 (full 3):
 PSYoungGen      total 2048K, used 288K [0x00000000d5580000, 0x00000000d5880000, 0x0000000100000000)
  eden space 1536K, 0% used [0x00000000d5580000,0x00000000d5580000,0x00000000d5700000)
  from space 512K, 56% used [0x00000000d5800000,0x00000000d5848000,0x00000000d5880000)
  to   space 512K, 0% used [0x00000000d5780000,0x00000000d5780000,0x00000000d5800000)
 ParOldGen       total 282624K, used 282126K [0x0000000080000000, 0x0000000091400000, 0x00000000d5580000)
  object space 282624K, 99% used [0x0000000080000000,0x0000000091383850,0x0000000091400000)
 Metaspace       used 86337K, committed 88192K, reserved 1179648K
  class space    used 10899K, committed 11776K, reserved 1048576K
}
Event: 2050.837 GC heap before
{Heap before GC invocations=416 (full 3):
 PSYoungGen      total 2048K, used 1824K [0x00000000d5580000, 0x00000000d5880000, 0x0000000100000000)
  eden space 1536K, 100% used [0x00000000d5580000,0x00000000d5700000,0x00000000d5700000)
  from space 512K, 56% used [0x00000000d5800000,0x00000000d5848000,0x00000000d5880000)
  to   space 512K, 0% used [0x00000000d5780000,0x00000000d5780000,0x00000000d5800000)
 ParOldGen       total 282624K, used 282126K [0x0000000080000000, 0x0000000091400000, 0x00000000d5580000)
  object space 282624K, 99% used [0x0000000080000000,0x0000000091383850,0x0000000091400000)
 Metaspace       used 86354K, committed 88256K, reserved 1179648K
  class space    used 10899K, committed 11776K, reserved 1048576K
}
Event: 2050.838 GC heap after
{Heap after GC invocations=416 (full 3):
 PSYoungGen      total 2048K, used 256K [0x00000000d5580000, 0x00000000d5880000, 0x0000000100000000)
  eden space 1536K, 0% used [0x00000000d5580000,0x00000000d5580000,0x00000000d5700000)
  from space 512K, 50% used [0x00000000d5780000,0x00000000d57c0000,0x00000000d5800000)
  to   space 512K, 0% used [0x00000000d5800000,0x00000000d5800000,0x00000000d5880000)
 ParOldGen       total 282624K, used 282174K [0x0000000080000000, 0x0000000091400000, 0x00000000d5580000)
  object space 282624K, 99% used [0x0000000080000000,0x000000009138f850,0x0000000091400000)
 Metaspace       used 86354K, committed 88256K, reserved 1179648K
  class space    used 10899K, committed 11776K, reserved 1048576K
}
Event: 2619.860 GC heap before
{Heap before GC invocations=417 (full 3):
 PSYoungGen      total 2048K, used 1791K [0x00000000d5580000, 0x00000000d5880000, 0x0000000100000000)
  eden space 1536K, 99% used [0x00000000d5580000,0x00000000d56ffff0,0x00000000d5700000)
  from space 512K, 50% used [0x00000000d5780000,0x00000000d57c0000,0x00000000d5800000)
  to   space 512K, 0% used [0x00000000d5800000,0x00000000d5800000,0x00000000d5880000)
 ParOldGen       total 282624K, used 282174K [0x0000000080000000, 0x0000000091400000, 0x00000000d5580000)
  object space 282624K, 99% used [0x0000000080000000,0x000000009138f850,0x0000000091400000)
 Metaspace       used 86359K, committed 88256K, reserved 1179648K
  class space    used 10899K, committed 11776K, reserved 1048576K
}
Event: 2619.862 GC heap after
{Heap after GC invocations=417 (full 3):
 PSYoungGen      total 2048K, used 224K [0x00000000d5580000, 0x00000000d5880000, 0x0000000100000000)
  eden space 1536K, 0% used [0x00000000d5580000,0x00000000d5580000,0x00000000d5700000)
  from space 512K, 43% used [0x00000000d5800000,0x00000000d5838000,0x00000000d5880000)
  to   space 512K, 0% used [0x00000000d5780000,0x00000000d5780000,0x00000000d5800000)
 ParOldGen       total 282624K, used 282214K [0x0000000080000000, 0x0000000091400000, 0x00000000d5580000)
  object space 282624K, 99% used [0x0000000080000000,0x0000000091399850,0x0000000091400000)
 Metaspace       used 86359K, committed 88256K, reserved 1179648K
  class space    used 10899K, committed 11776K, reserved 1048576K
}
Event: 2693.691 GC heap before
{Heap before GC invocations=418 (full 3):
 PSYoungGen      total 2048K, used 1759K [0x00000000d5580000, 0x00000000d5880000, 0x0000000100000000)
  eden space 1536K, 99% used [0x00000000d5580000,0x00000000d56ffd58,0x00000000d5700000)
  from space 512K, 43% used [0x00000000d5800000,0x00000000d5838000,0x00000000d5880000)
  to   space 512K, 0% used [0x00000000d5780000,0x00000000d5780000,0x00000000d5800000)
 ParOldGen       total 282624K, used 282214K [0x0000000080000000, 0x0000000091400000, 0x00000000d5580000)
  object space 282624K, 99% used [0x0000000080000000,0x0000000091399850,0x0000000091400000)
 Metaspace       used 86365K, committed 88256K, reserved 1179648K
  class space    used 10899K, committed 11776K, reserved 1048576K
}
Event: 2693.692 GC heap after
{Heap after GC invocations=418 (full 3):
 PSYoungGen      total 2048K, used 160K [0x00000000d5580000, 0x00000000d5880000, 0x0000000100000000)
  eden space 1536K, 0% used [0x00000000d5580000,0x00000000d5580000,0x00000000d5700000)
  from space 512K, 31% used [0x00000000d5780000,0x00000000d57a8000,0x00000000d5800000)
  to   space 512K, 0% used [0x00000000d5800000,0x00000000d5800000,0x00000000d5880000)
 ParOldGen       total 282624K, used 282238K [0x0000000080000000, 0x0000000091400000, 0x00000000d5580000)
  object space 282624K, 99% used [0x0000000080000000,0x000000009139f850,0x0000000091400000)
 Metaspace       used 86365K, committed 88256K, reserved 1179648K
  class space    used 10899K, committed 11776K, reserved 1048576K
}
Event: 2948.451 GC heap before
{Heap before GC invocations=419 (full 3):
 PSYoungGen      total 2048K, used 1696K [0x00000000d5580000, 0x00000000d5880000, 0x0000000100000000)
  eden space 1536K, 100% used [0x00000000d5580000,0x00000000d5700000,0x00000000d5700000)
  from space 512K, 31% used [0x00000000d5780000,0x00000000d57a8000,0x00000000d5800000)
  to   space 512K, 0% used [0x00000000d5800000,0x00000000d5800000,0x00000000d5880000)
 ParOldGen       total 282624K, used 282238K [0x0000000080000000, 0x0000000091400000, 0x00000000d5580000)
  object space 282624K, 99% used [0x0000000080000000,0x000000009139f850,0x0000000091400000)
 Metaspace       used 86367K, committed 88256K, reserved 1179648K
  class space    used 10899K, committed 11776K, reserved 1048576K
}
Event: 2948.452 GC heap after
{Heap after GC invocations=419 (full 3):
 PSYoungGen      total 2048K, used 192K [0x00000000d5580000, 0x00000000d5880000, 0x0000000100000000)
  eden space 1536K, 0% used [0x00000000d5580000,0x00000000d5580000,0x00000000d5700000)
  from space 512K, 37% used [0x00000000d5800000,0x00000000d5830000,0x00000000d5880000)
  to   space 512K, 0% used [0x00000000d5780000,0x00000000d5780000,0x00000000d5800000)
 ParOldGen       total 282624K, used 282238K [0x0000000080000000, 0x0000000091400000, 0x00000000d5580000)
  object space 282624K, 99% used [0x0000000080000000,0x000000009139f850,0x0000000091400000)
 Metaspace       used 86367K, committed 88256K, reserved 1179648K
  class space    used 10899K, committed 11776K, reserved 1048576K
}
Event: 3927.541 GC heap before
{Heap before GC invocations=420 (full 3):
 PSYoungGen      total 2048K, used 1728K [0x00000000d5580000, 0x00000000d5880000, 0x0000000100000000)
  eden space 1536K, 100% used [0x00000000d5580000,0x00000000d5700000,0x00000000d5700000)
  from space 512K, 37% used [0x00000000d5800000,0x00000000d5830000,0x00000000d5880000)
  to   space 512K, 0% used [0x00000000d5780000,0x00000000d5780000,0x00000000d5800000)
 ParOldGen       total 282624K, used 282238K [0x0000000080000000, 0x0000000091400000, 0x00000000d5580000)
  object space 282624K, 99% used [0x0000000080000000,0x000000009139f850,0x0000000091400000)
 Metaspace       used 86369K, committed 88256K, reserved 1179648K
  class space    used 10899K, committed 11776K, reserved 1048576K
}
Event: 3927.544 GC heap after
{Heap after GC invocations=420 (full 3):
 PSYoungGen      total 2048K, used 160K [0x00000000d5580000, 0x00000000d5880000, 0x0000000100000000)
  eden space 1536K, 0% used [0x00000000d5580000,0x00000000d5580000,0x00000000d5700000)
  from space 512K, 31% used [0x00000000d5780000,0x00000000d57a8000,0x00000000d5800000)
  to   space 512K, 0% used [0x00000000d5800000,0x00000000d5800000,0x00000000d5880000)
 ParOldGen       total 282624K, used 282238K [0x0000000080000000, 0x0000000091400000, 0x00000000d5580000)
  object space 282624K, 99% used [0x0000000080000000,0x000000009139f850,0x0000000091400000)
 Metaspace       used 86369K, committed 88256K, reserved 1179648K
  class space    used 10899K, committed 11776K, reserved 1048576K
}

Dll operation events (18 events):
Event: 0.023 Loaded shared library c:\Users\WALSTAR\.antigravity\extensions\redhat.java-1.54.0-win32-x64\jre\21.0.10-win32-x86_64\bin\java.dll
Event: 0.096 Loaded shared library c:\Users\WALSTAR\.antigravity\extensions\redhat.java-1.54.0-win32-x64\jre\21.0.10-win32-x86_64\bin\zip.dll
Event: 0.122 Loaded shared library C:\Users\WALSTAR\.antigravity\extensions\redhat.java-1.54.0-win32-x64\jre\21.0.10-win32-x86_64\bin\instrument.dll
Event: 0.130 Loaded shared library C:\Users\WALSTAR\.antigravity\extensions\redhat.java-1.54.0-win32-x64\jre\21.0.10-win32-x86_64\bin\net.dll
Event: 0.136 Loaded shared library C:\Users\WALSTAR\.antigravity\extensions\redhat.java-1.54.0-win32-x64\jre\21.0.10-win32-x86_64\bin\nio.dll
Event: 0.139 Loaded shared library C:\Users\WALSTAR\.antigravity\extensions\redhat.java-1.54.0-win32-x64\jre\21.0.10-win32-x86_64\bin\zip.dll
Event: 0.163 Loaded shared library C:\Users\WALSTAR\.antigravity\extensions\redhat.java-1.54.0-win32-x64\jre\21.0.10-win32-x86_64\bin\jimage.dll
Event: 0.270 Loaded shared library c:\Users\WALSTAR\.antigravity\extensions\redhat.java-1.54.0-win32-x64\jre\21.0.10-win32-x86_64\bin\verify.dll
Event: 12.189 Loaded shared library C:\Users\WALSTAR\AppData\Roaming\Antigravity\User\globalStorage\redhat.java\1.54.0\config_win\org.eclipse.equinox.launcher\org.eclipse.equinox.launcher.win32.win32.x86_64_1.3.0.v20260203-2149\eclipse_11919.dll
Event: 26.782 Loaded shared library C:\Users\WALSTAR\AppData\Local\Temp\jna-1837046804\jna3758690831544248083.dll
Event: 28.438 Loaded shared library C:\Users\WALSTAR\.antigravity\extensions\redhat.java-1.54.0-win32-x64\jre\21.0.10-win32-x86_64\bin\sunmscapi.dll
Event: 28.592 Loaded shared library C:\Users\WALSTAR\.antigravity\extensions\redhat.java-1.54.0-win32-x64\jre\21.0.10-win32-x86_64\bin\extnet.dll
Event: 49.058 Loaded shared library C:\Users\WALSTAR\.gradle\native\1def1411415f61bf3af743bc5b6707747c0891f09f0c88961ee8f79bc544acac\windows-amd64\native-platform.dll
Event: 62.216 Loaded shared library C:\Users\WALSTAR\.antigravity\extensions\redhat.java-1.54.0-win32-x64\jre\21.0.10-win32-x86_64\bin\management.dll
Event: 62.259 Loaded shared library C:\Users\WALSTAR\.antigravity\extensions\redhat.java-1.54.0-win32-x64\jre\21.0.10-win32-x86_64\bin\management_ext.dll
Event: 120.937 Loaded shared library C:\Users\WALSTAR\.gradle\native\c067742578af261105cb4f569cf0c3c89f3d7b1fecec35dd04571415982c5e48\windows-amd64\native-platform.dll
Event: 192.672 Loaded shared library C:\Users\WALSTAR\.gradle\native\29\windows-amd64\native-platform.dll
Event: 301.906 Loaded shared library C:\Users\WALSTAR\.gradle\native\25\windows-amd64\native-platform.dll

Deoptimization events (20 events):
Event: 1227.403 Thread 0x000001c09c331370 DEOPT PACKING pc=0x000001c0484bdf58 sp=0x0000006557cfec30
Event: 1227.403 Thread 0x000001c09c331370 DEOPT UNPACKING pc=0x000001c0476d3aa2 sp=0x0000006557cfebd8 mode 2
Event: 1644.715 Thread 0x000001c09eb9d870 Uncommon trap: trap_request=0xffffffc6 fr.pc=0x000001c047dd0188 relative=0x00000000000001e8
Event: 1644.715 Thread 0x000001c09eb9d870 Uncommon trap: reason=bimorphic_or_optimized_type_check action=maybe_recompile pc=0x000001c047dd0188 method=java.util.Collections.eq(Ljava/lang/Object;Ljava/lang/Object;)Z @ 18 c2
Event: 1644.715 Thread 0x000001c09eb9d870 DEOPT PACKING pc=0x000001c047dd0188 sp=0x0000006558efde90
Event: 1644.715 Thread 0x000001c09eb9d870 DEOPT UNPACKING pc=0x000001c0476d3aa2 sp=0x0000006558efddd0 mode 2
Event: 1644.716 Thread 0x000001c09eb9d870 Uncommon trap: trap_request=0xffffffc6 fr.pc=0x000001c047dd0188 relative=0x00000000000001e8
Event: 1644.716 Thread 0x000001c09eb9d870 Uncommon trap: reason=bimorphic_or_optimized_type_check action=maybe_recompile pc=0x000001c047dd0188 method=java.util.Collections.eq(Ljava/lang/Object;Ljava/lang/Object;)Z @ 18 c2
Event: 1644.716 Thread 0x000001c09eb9d870 DEOPT PACKING pc=0x000001c047dd0188 sp=0x0000006558efdff0
Event: 1644.716 Thread 0x000001c09eb9d870 DEOPT UNPACKING pc=0x000001c0476d3aa2 sp=0x0000006558efdf30 mode 2
Event: 1653.185 Thread 0x000001c09eb9d870 Uncommon trap: trap_request=0xffffffc6 fr.pc=0x000001c047dd0188 relative=0x00000000000001e8
Event: 1653.185 Thread 0x000001c09eb9d870 Uncommon trap: reason=bimorphic_or_optimized_type_check action=maybe_recompile pc=0x000001c047dd0188 method=java.util.Collections.eq(Ljava/lang/Object;Ljava/lang/Object;)Z @ 18 c2
Event: 1653.185 Thread 0x000001c09eb9d870 DEOPT PACKING pc=0x000001c047dd0188 sp=0x0000006558efde90
Event: 1653.185 Thread 0x000001c09eb9d870 DEOPT UNPACKING pc=0x000001c0476d3aa2 sp=0x0000006558efddd0 mode 2
Event: 1653.185 Thread 0x000001c09eb9d870 Uncommon trap: trap_request=0xffffffc6 fr.pc=0x000001c047dd0188 relative=0x00000000000001e8
Event: 1653.185 Thread 0x000001c09eb9d870 Uncommon trap: reason=bimorphic_or_optimized_type_check action=maybe_recompile pc=0x000001c047dd0188 method=java.util.Collections.eq(Ljava/lang/Object;Ljava/lang/Object;)Z @ 18 c2
Event: 1653.185 Thread 0x000001c09eb9d870 DEOPT PACKING pc=0x000001c047dd0188 sp=0x0000006558efdff0
Event: 1653.185 Thread 0x000001c09eb9d870 DEOPT UNPACKING pc=0x000001c0476d3aa2 sp=0x0000006558efdf30 mode 2
Event: 2019.614 Thread 0x000001c09eb9a3f0 DEOPT PACKING pc=0x000001c0407910c4 sp=0x0000006558ffe910
Event: 2019.614 Thread 0x000001c09eb9a3f0 DEOPT UNPACKING pc=0x000001c0476d4242 sp=0x0000006558ffde10 mode 0

Classes loaded (20 events):
Event: 330.642 Loading class java/io/ObjectOutputStream$BlockDataOutputStream
Event: 330.642 Loading class java/io/ObjectOutputStream$BlockDataOutputStream done
Event: 330.642 Loading class java/io/ObjectOutputStream$HandleTable
Event: 330.642 Loading class java/io/ObjectOutputStream$HandleTable done
Event: 330.642 Loading class java/io/ObjectOutputStream$ReplaceTable
Event: 330.642 Loading class java/io/ObjectOutputStream$ReplaceTable done
Event: 438.350 Loading class sun/reflect/generics/tree/IntSignature
Event: 438.350 Loading class sun/reflect/generics/tree/IntSignature done
Event: 438.436 Loading class java/util/stream/ReduceOps$5
Event: 438.436 Loading class java/util/stream/ReduceOps$5 done
Event: 438.436 Loading class java/util/stream/ReduceOps$CountingSink$OfRef
Event: 438.436 Loading class java/util/stream/ReduceOps$CountingSink
Event: 438.436 Loading class java/util/stream/ReduceOps$CountingSink done
Event: 438.436 Loading class java/util/stream/ReduceOps$CountingSink$OfRef done
Event: 438.688 Loading class java/util/stream/ReduceOps$1
Event: 438.689 Loading class java/util/stream/ReduceOps$1 done
Event: 438.689 Loading class java/util/stream/ReduceOps$1ReducingSink
Event: 438.689 Loading class java/util/stream/ReduceOps$1ReducingSink done
Event: 1644.696 Loading class java/io/SequenceInputStream
Event: 1644.696 Loading class java/io/SequenceInputStream done

Classes unloaded (7 events):
Event: 27.563 Thread 0x000001c0965714a0 Unloading class 0x000001c0551a4000 'java/lang/invoke/LambdaForm$MH+0x000001c0551a4000'
Event: 27.563 Thread 0x000001c0965714a0 Unloading class 0x000001c0551a3c00 'java/lang/invoke/LambdaForm$MH+0x000001c0551a3c00'
Event: 27.563 Thread 0x000001c0965714a0 Unloading class 0x000001c0551a3800 'java/lang/invoke/LambdaForm$MH+0x000001c0551a3800'
Event: 27.563 Thread 0x000001c0965714a0 Unloading class 0x000001c0551a3400 'java/lang/invoke/LambdaForm$MH+0x000001c0551a3400'
Event: 27.563 Thread 0x000001c0965714a0 Unloading class 0x000001c0551a3000 'java/lang/invoke/LambdaForm$BMH+0x000001c0551a3000'
Event: 27.563 Thread 0x000001c0965714a0 Unloading class 0x000001c0551a2c00 'java/lang/invoke/LambdaForm$DMH+0x000001c0551a2c00'
Event: 27.563 Thread 0x000001c0965714a0 Unloading class 0x000001c0551a1800 'java/lang/invoke/LambdaForm$DMH+0x000001c0551a1800'

Classes redefined (0 events):
No events

Internal exceptions (20 events):
Event: 1910.687 Thread 0x000001c09c331370 Exception <a 'sun/nio/fs/WindowsException'{0x00000000d55c4ff0}> (0x00000000d55c4ff0) 
thrown [s\src\hotspot\share\prims\jni.cpp, line 520]
Event: 1910.687 Thread 0x000001c09c331370 Exception <a 'sun/nio/fs/WindowsException'{0x00000000d55c5b00}> (0x00000000d55c5b00) 
thrown [s\src\hotspot\share\prims\jni.cpp, line 520]
Event: 1910.688 Thread 0x000001c09c331370 Exception <a 'sun/nio/fs/WindowsException'{0x00000000d55c7018}> (0x00000000d55c7018) 
thrown [s\src\hotspot\share\prims\jni.cpp, line 520]
Event: 1910.688 Thread 0x000001c09c331370 Exception <a 'sun/nio/fs/WindowsException'{0x00000000d55c78e0}> (0x00000000d55c78e0) 
thrown [s\src\hotspot\share\prims\jni.cpp, line 520]
Event: 1910.688 Thread 0x000001c09c331370 Exception <a 'sun/nio/fs/WindowsException'{0x00000000d55c9048}> (0x00000000d55c9048) 
thrown [s\src\hotspot\share\prims\jni.cpp, line 520]
Event: 1910.688 Thread 0x000001c09c331370 Exception <a 'sun/nio/fs/WindowsException'{0x00000000d55c9910}> (0x00000000d55c9910) 
thrown [s\src\hotspot\share\prims\jni.cpp, line 520]
Event: 1910.688 Thread 0x000001c09c331370 Exception <a 'sun/nio/fs/WindowsException'{0x00000000d55cb088}> (0x00000000d55cb088) 
thrown [s\src\hotspot\share\prims\jni.cpp, line 520]
Event: 1910.688 Thread 0x000001c09c331370 Exception <a 'sun/nio/fs/WindowsException'{0x00000000d55cb950}> (0x00000000d55cb950) 
thrown [s\src\hotspot\share\prims\jni.cpp, line 520]
Event: 1910.688 Thread 0x000001c09c331370 Exception <a 'sun/nio/fs/WindowsException'{0x00000000d55cce68}> (0x00000000d55cce68) 
thrown [s\src\hotspot\share\prims\jni.cpp, line 520]
Event: 1910.688 Thread 0x000001c09c331370 Exception <a 'sun/nio/fs/WindowsException'{0x00000000d55cd9d8}> (0x00000000d55cd9d8) 
thrown [s\src\hotspot\share\prims\jni.cpp, line 520]
Event: 1910.688 Thread 0x000001c09c331370 Exception <a 'sun/nio/fs/WindowsException'{0x00000000d55ceef0}> (0x00000000d55ceef0) 
thrown [s\src\hotspot\share\prims\jni.cpp, line 520]
Event: 1910.688 Thread 0x000001c09c331370 Exception <a 'sun/nio/fs/WindowsException'{0x00000000d55cf7b8}> (0x00000000d55cf7b8) 
thrown [s\src\hotspot\share\prims\jni.cpp, line 520]
Event: 1910.688 Thread 0x000001c09c331370 Exception <a 'sun/nio/fs/WindowsException'{0x00000000d55d0f38}> (0x00000000d55d0f38) 
thrown [s\src\hotspot\share\prims\jni.cpp, line 520]
Event: 1910.688 Thread 0x000001c09c331370 Exception <a 'sun/nio/fs/WindowsException'{0x00000000d55d1800}> (0x00000000d55d1800) 
thrown [s\src\hotspot\share\prims\jni.cpp, line 520]
Event: 1910.688 Thread 0x000001c09c331370 Exception <a 'sun/nio/fs/WindowsException'{0x00000000d55d2ea8}> (0x00000000d55d2ea8) 
thrown [s\src\hotspot\share\prims\jni.cpp, line 520]
Event: 1910.688 Thread 0x000001c09c331370 Exception <a 'sun/nio/fs/WindowsException'{0x00000000d55d3770}> (0x00000000d55d3770) 
thrown [s\src\hotspot\share\prims\jni.cpp, line 520]
Event: 1910.688 Thread 0x000001c09c331370 Exception <a 'sun/nio/fs/WindowsException'{0x00000000d55d6770}> (0x00000000d55d6770) 
thrown [s\src\hotspot\share\prims\jni.cpp, line 520]
Event: 1910.689 Thread 0x000001c09c331370 Exception <a 'sun/nio/fs/WindowsException'{0x00000000d55d7038}> (0x00000000d55d7038) 
thrown [s\src\hotspot\share\prims\jni.cpp, line 520]
Event: 1910.689 Thread 0x000001c09c331370 Exception <a 'sun/nio/fs/WindowsException'{0x00000000d55d8a40}> (0x00000000d55d8a40) 
thrown [s\src\hotspot\share\prims\jni.cpp, line 520]
Event: 1910.689 Thread 0x000001c09c331370 Exception <a 'sun/nio/fs/WindowsException'{0x00000000d55d9308}> (0x00000000d55d9308) 
thrown [s\src\hotspot\share\prims\jni.cpp, line 520]

ZGC Phase Switch (0 events):
No events

VM Operations (20 events):
Event: 3066.298 Executing non-safepoint VM operation: RendezvousGCThreads
Event: 3066.298 Executing non-safepoint VM operation: RendezvousGCThreads done
Event: 3126.513 Executing non-safepoint VM operation: HandshakeAllThreads (HandshakeForDeflation)
Event: 3126.513 Executing non-safepoint VM operation: HandshakeAllThreads (HandshakeForDeflation) done
Event: 3126.513 Executing non-safepoint VM operation: RendezvousGCThreads
Event: 3126.513 Executing non-safepoint VM operation: RendezvousGCThreads done
Event: 3186.724 Executing non-safepoint VM operation: HandshakeAllThreads (HandshakeForDeflation)
Event: 3186.724 Executing non-safepoint VM operation: HandshakeAllThreads (HandshakeForDeflation) done
Event: 3186.724 Executing non-safepoint VM operation: RendezvousGCThreads
Event: 3186.724 Executing non-safepoint VM operation: RendezvousGCThreads done
Event: 3547.487 Executing non-safepoint VM operation: HandshakeAllThreads (HandshakeForDeflation)
Event: 3547.487 Executing non-safepoint VM operation: HandshakeAllThreads (HandshakeForDeflation) done
Event: 3547.487 Executing non-safepoint VM operation: RendezvousGCThreads
Event: 3547.487 Executing non-safepoint VM operation: RendezvousGCThreads done
Event: 3927.541 Executing safepoint VM operation: ParallelGCFailedAllocation (Allocation Failure)
Event: 3927.544 Executing safepoint VM operation: ParallelGCFailedAllocation (Allocation Failure) done
Event: 4028.912 Executing non-safepoint VM operation: HandshakeAllThreads (HandshakeForDeflation)
Event: 4028.912 Executing non-safepoint VM operation: HandshakeAllThreads (HandshakeForDeflation) done
Event: 4028.912 Executing non-safepoint VM operation: RendezvousGCThreads
Event: 4028.912 Executing non-safepoint VM operation: RendezvousGCThreads done

Memory protections (0 events):
No events

Nmethod flushes (20 events):
Event: 59.655 Thread 0x000001c0965714a0 flushing  nmethod 0x000001c0409ea890
Event: 59.655 Thread 0x000001c0965714a0 flushing  nmethod 0x000001c0409eb210
Event: 59.655 Thread 0x000001c0965714a0 flushing  nmethod 0x000001c0409ec110
Event: 59.655 Thread 0x000001c0965714a0 flushing  nmethod 0x000001c0409ed690
Event: 59.655 Thread 0x000001c0965714a0 flushing  nmethod 0x000001c040a02390
Event: 59.655 Thread 0x000001c0965714a0 flushing  nmethod 0x000001c040a02990
Event: 59.655 Thread 0x000001c0965714a0 flushing  nmethod 0x000001c040a03810
Event: 59.655 Thread 0x000001c0965714a0 flushing  nmethod 0x000001c040a05010
Event: 59.655 Thread 0x000001c0965714a0 flushing  nmethod 0x000001c040a26e10
Event: 59.655 Thread 0x000001c0965714a0 flushing  nmethod 0x000001c040a3f090
Event: 59.655 Thread 0x000001c0965714a0 flushing  nmethod 0x000001c040a4db10
Event: 59.655 Thread 0x000001c0965714a0 flushing  nmethod 0x000001c040a62590
Event: 59.655 Thread 0x000001c0965714a0 flushing  nmethod 0x000001c040a62a90
Event: 59.655 Thread 0x000001c0965714a0 flushing  nmethod 0x000001c040a63810
Event: 59.655 Thread 0x000001c0965714a0 flushing  nmethod 0x000001c040a64990
Event: 59.655 Thread 0x000001c0965714a0 flushing  nmethod 0x000001c040a65b90
Event: 59.655 Thread 0x000001c0965714a0 flushing  nmethod 0x000001c040a65f90
Event: 59.655 Thread 0x000001c0965714a0 flushing  nmethod 0x000001c040a67490
Event: 59.655 Thread 0x000001c0965714a0 flushing osr nmethod 0x000001c040a6f110
Event: 59.655 Thread 0x000001c0965714a0 flushing  nmethod 0x000001c040a9cb90

Events (20 events):
Event: 695.177 Thread 0x000001c0966a37b0 Thread exited: 0x000001c0966a37b0
Event: 724.849 Thread 0x000001c0966a2400 Thread exited: 0x000001c0966a2400
Event: 1910.684 Thread 0x000001c09c331370 Thread added: 0x000001c09c333440
Event: 1910.685 Thread 0x000001c09c333440 Thread exited: 0x000001c09c333440
Event: 1910.689 Thread 0x000001c09c331370 Thread added: 0x000001c09c333440
Event: 1910.689 Thread 0x000001c09c333440 Thread added: 0x000001c09c32ffc0
Event: 1910.690 Thread 0x000001c09c333440 Thread added: 0x000001c09c330650
Event: 1910.690 Thread 0x000001c09c333440 Thread added: 0x000001c0966a5880
Event: 1910.690 Thread 0x000001c09c32ffc0 Thread added: 0x000001c0966a2400
Event: 1910.690 Thread 0x000001c09c333440 Thread added: 0x000001c0966a2a90
Event: 1910.691 Thread 0x000001c0966a2400 Thread added: 0x000001c0966a5f10
Event: 1910.691 Thread 0x000001c09c32ffc0 Thread added: 0x000001c0966a65a0
Event: 1910.691 Thread 0x000001c0966a5f10 Thread exited: 0x000001c0966a5f10
Event: 1910.691 Thread 0x000001c0966a2a90 Thread exited: 0x000001c0966a2a90
Event: 1910.691 Thread 0x000001c0966a65a0 Thread exited: 0x000001c0966a65a0
Event: 1910.691 Thread 0x000001c09c333440 Thread exited: 0x000001c09c333440
Event: 1910.691 Thread 0x000001c09c32ffc0 Thread exited: 0x000001c09c32ffc0
Event: 1910.691 Thread 0x000001c0966a5880 Thread exited: 0x000001c0966a5880
Event: 1910.691 Thread 0x000001c09c330650 Thread exited: 0x000001c09c330650
Event: 1910.691 Thread 0x000001c0966a2400 Thread exited: 0x000001c0966a2400


Dynamic libraries:
0x00007ff6446f0000 - 0x00007ff6446fe000 	c:\Users\WALSTAR\.antigravity\extensions\redhat.java-1.54.0-win32-x64\jre\21.0.10-win32-x86_64\bin\java.exe
0x00007ffab8900000 - 0x00007ffab8b67000 	C:\WINDOWS\SYSTEM32\ntdll.dll
0x00007ffab6ed0000 - 0x00007ffab6f99000 	C:\WINDOWS\System32\KERNEL32.DLL
0x00007ffab6010000 - 0x00007ffab6404000 	C:\WINDOWS\System32\KERNELBASE.dll
0x00007ffab6410000 - 0x00007ffab655b000 	C:\WINDOWS\System32\ucrtbase.dll
0x00007ffa88be0000 - 0x00007ffa88bf8000 	c:\Users\WALSTAR\.antigravity\extensions\redhat.java-1.54.0-win32-x64\jre\21.0.10-win32-x86_64\bin\jli.dll
0x00007ffab6850000 - 0x00007ffab6a15000 	C:\WINDOWS\System32\USER32.dll
0x00007ffab5f50000 - 0x00007ffab5f77000 	C:\WINDOWS\System32\win32u.dll
0x00007ffab8890000 - 0x00007ffab88bb000 	C:\WINDOWS\System32\GDI32.dll
0x00007ffab6560000 - 0x00007ffab668a000 	C:\WINDOWS\System32\gdi32full.dll
0x00007ffab5ea0000 - 0x00007ffab5f43000 	C:\WINDOWS\System32\msvcp_win.dll
0x00007ffa88740000 - 0x00007ffa8875e000 	c:\Users\WALSTAR\.antigravity\extensions\redhat.java-1.54.0-win32-x64\jre\21.0.10-win32-x86_64\bin\VCRUNTIME140.dll
0x00007ffa9b260000 - 0x00007ffa9b4f3000 	C:\WINDOWS\WinSxS\amd64_microsoft.windows.common-controls_6595b64144ccf1df_6.0.26100.8115_none_3e075c82e3354f9c\COMCTL32.dll
0x00007ffab7040000 - 0x00007ffab70e9000 	C:\WINDOWS\System32\msvcrt.dll
0x00007ffab6e90000 - 0x00007ffab6ec2000 	C:\WINDOWS\System32\IMM32.DLL
0x00007ffa8a710000 - 0x00007ffa8a71c000 	c:\Users\WALSTAR\.antigravity\extensions\redhat.java-1.54.0-win32-x64\jre\21.0.10-win32-x86_64\bin\vcruntime140_1.dll
0x00007ffa3bd30000 - 0x00007ffa3bdbd000 	c:\Users\WALSTAR\.antigravity\extensions\redhat.java-1.54.0-win32-x64\jre\21.0.10-win32-x86_64\bin\msvcp140.dll
0x00007ff9fd290000 - 0x00007ff9fe031000 	c:\Users\WALSTAR\.antigravity\extensions\redhat.java-1.54.0-win32-x64\jre\21.0.10-win32-x86_64\bin\server\jvm.dll
0x00007ffab6bb0000 - 0x00007ffab6c66000 	C:\WINDOWS\System32\ADVAPI32.dll
0x00007ffab80b0000 - 0x00007ffab8157000 	C:\WINDOWS\System32\sechost.dll
0x00007ffab8770000 - 0x00007ffab8888000 	C:\WINDOWS\System32\RPCRT4.dll
0x00007ffab6fa0000 - 0x00007ffab7020000 	C:\WINDOWS\System32\WS2_32.dll
0x00007ffab5030000 - 0x00007ffab508e000 	C:\WINDOWS\SYSTEM32\POWRPROF.dll
0x00007ffaaeee0000 - 0x00007ffaaef16000 	C:\WINDOWS\SYSTEM32\WINMM.dll
0x00007ffaa22f0000 - 0x00007ffaa22fb000 	C:\WINDOWS\SYSTEM32\VERSION.dll
0x00007ffab5010000 - 0x00007ffab5024000 	C:\WINDOWS\SYSTEM32\UMPDC.dll
0x00007ffab3f60000 - 0x00007ffab3f7b000 	C:\WINDOWS\SYSTEM32\kernel.appcore.dll
0x00007ffa89810000 - 0x00007ffa8981a000 	c:\Users\WALSTAR\.antigravity\extensions\redhat.java-1.54.0-win32-x64\jre\21.0.10-win32-x86_64\bin\jimage.dll
0x00007ffab2e00000 - 0x00007ffab3042000 	C:\WINDOWS\SYSTEM32\DBGHELP.DLL
0x00007ffab7a40000 - 0x00007ffab7dc2000 	C:\WINDOWS\System32\combase.dll
0x00007ffab78b0000 - 0x00007ffab7987000 	C:\WINDOWS\System32\OLEAUT32.dll
0x00007ffaaeab0000 - 0x00007ffaaeaeb000 	C:\WINDOWS\SYSTEM32\dbgcore.DLL
0x00007ffab5340000 - 0x00007ffab53e5000 	C:\WINDOWS\System32\bcryptPrimitives.dll
0x00007ffa89710000 - 0x00007ffa8971f000 	c:\Users\WALSTAR\.antigravity\extensions\redhat.java-1.54.0-win32-x64\jre\21.0.10-win32-x86_64\bin\instrument.dll
0x00007ffa88500000 - 0x00007ffa88520000 	c:\Users\WALSTAR\.antigravity\extensions\redhat.java-1.54.0-win32-x64\jre\21.0.10-win32-x86_64\bin\java.dll
0x00007ffab70f0000 - 0x00007ffab7856000 	C:\WINDOWS\System32\SHELL32.dll
0x00007ffab51d0000 - 0x00007ffab533a000 	C:\WINDOWS\System32\wintypes.dll
0x00007ffab5630000 - 0x00007ffab5e95000 	C:\WINDOWS\System32\windows.storage.dll
0x00007ffab7fb0000 - 0x00007ffab80a7000 	C:\WINDOWS\System32\SHCORE.dll
0x00007ffab6a80000 - 0x00007ffab6ae6000 	C:\WINDOWS\System32\shlwapi.dll
0x00007ffab50f0000 - 0x00007ffab5119000 	C:\WINDOWS\SYSTEM32\profapi.dll
0x00007ffa81870000 - 0x00007ffa81888000 	c:\Users\WALSTAR\.antigravity\extensions\redhat.java-1.54.0-win32-x64\jre\21.0.10-win32-x86_64\bin\zip.dll
0x00007ffa884f0000 - 0x00007ffa88500000 	C:\Users\WALSTAR\.antigravity\extensions\redhat.java-1.54.0-win32-x64\jre\21.0.10-win32-x86_64\bin\net.dll
0x00007ffaaf060000 - 0x00007ffaaf18d000 	C:\WINDOWS\SYSTEM32\WINHTTP.dll
0x00007ffab44d0000 - 0x00007ffab453c000 	C:\WINDOWS\system32\mswsock.dll
0x00007ffa816f0000 - 0x00007ffa81706000 	C:\Users\WALSTAR\.antigravity\extensions\redhat.java-1.54.0-win32-x64\jre\21.0.10-win32-x86_64\bin\nio.dll
0x00007ffa883a0000 - 0x00007ffa883b0000 	c:\Users\WALSTAR\.antigravity\extensions\redhat.java-1.54.0-win32-x64\jre\21.0.10-win32-x86_64\bin\verify.dll
0x00007ffa90bb0000 - 0x00007ffa90bf5000 	C:\Users\WALSTAR\AppData\Roaming\Antigravity\User\globalStorage\redhat.java\1.54.0\config_win\org.eclipse.equinox.launcher\org.eclipse.equinox.launcher.win32.win32.x86_64_1.3.0.v20260203-2149\eclipse_11919.dll
0x00007ffab6cf0000 - 0x00007ffab6e87000 	C:\WINDOWS\System32\ole32.dll
0x00007ffab47b0000 - 0x00007ffab47cb000 	C:\WINDOWS\SYSTEM32\CRYPTSP.dll
0x00007ffab3ec0000 - 0x00007ffab3ef9000 	C:\WINDOWS\system32\rsaenh.dll
0x00007ffab4580000 - 0x00007ffab45b3000 	C:\WINDOWS\SYSTEM32\USERENV.dll
0x00007ffab50c0000 - 0x00007ffab50ea000 	C:\WINDOWS\SYSTEM32\bcrypt.dll
0x00007ffab47d0000 - 0x00007ffab47dc000 	C:\WINDOWS\SYSTEM32\CRYPTBASE.dll
0x00007ffab3910000 - 0x00007ffab3942000 	C:\WINDOWS\SYSTEM32\IPHLPAPI.DLL
0x00007ffab82d0000 - 0x00007ffab82da000 	C:\WINDOWS\System32\NSI.dll
0x00007ffa7e520000 - 0x00007ffa7e569000 	C:\Users\WALSTAR\AppData\Local\Temp\jna-1837046804\jna3758690831544248083.dll
0x00007ffab7a30000 - 0x00007ffab7a38000 	C:\WINDOWS\System32\PSAPI.DLL
0x00007ffaafbb0000 - 0x00007ffaafbcd000 	C:\WINDOWS\SYSTEM32\dhcpcsvc6.DLL
0x00007ffaafb80000 - 0x00007ffaafba5000 	C:\WINDOWS\SYSTEM32\dhcpcsvc.DLL
0x00007ffa62410000 - 0x00007ffa6241e000 	C:\Users\WALSTAR\.antigravity\extensions\redhat.java-1.54.0-win32-x64\jre\21.0.10-win32-x86_64\bin\sunmscapi.dll
0x00007ffab54b0000 - 0x00007ffab5627000 	C:\WINDOWS\System32\CRYPT32.dll
0x00007ffab49d0000 - 0x00007ffab4a00000 	C:\WINDOWS\SYSTEM32\ncrypt.dll
0x00007ffab4980000 - 0x00007ffab49bf000 	C:\WINDOWS\SYSTEM32\NTASN1.dll
0x00007ffab39b0000 - 0x00007ffab3ae2000 	C:\WINDOWS\SYSTEM32\DNSAPI.dll
0x00007ffaaf7a0000 - 0x00007ffaaf7ab000 	C:\Windows\System32\rasadhlp.dll
0x00007ffaafe40000 - 0x00007ffaafec6000 	C:\WINDOWS\System32\fwpuclnt.dll
0x00007ffa42950000 - 0x00007ffa42959000 	C:\Users\WALSTAR\.antigravity\extensions\redhat.java-1.54.0-win32-x64\jre\21.0.10-win32-x86_64\bin\extnet.dll
0x00007ffa8a720000 - 0x00007ffa8a747000 	C:\Users\WALSTAR\.gradle\native\1def1411415f61bf3af743bc5b6707747c0891f09f0c88961ee8f79bc544acac\windows-amd64\native-platform.dll
0x00007ffaa3660000 - 0x00007ffaa366a000 	C:\Users\WALSTAR\.antigravity\extensions\redhat.java-1.54.0-win32-x64\jre\21.0.10-win32-x86_64\bin\management.dll
0x00007ffaa1fc0000 - 0x00007ffaa1fcc000 	C:\Users\WALSTAR\.antigravity\extensions\redhat.java-1.54.0-win32-x64\jre\21.0.10-win32-x86_64\bin\management_ext.dll
0x00007ffa88850000 - 0x00007ffa88858000 	C:\WINDOWS\system32\wshunix.dll
0x00007ffa95660000 - 0x00007ffa95687000 	C:\Users\WALSTAR\.gradle\native\c067742578af261105cb4f569cf0c3c89f3d7b1fecec35dd04571415982c5e48\windows-amd64\native-platform.dll
0x00007ffa77590000 - 0x00007ffa775b6000 	C:\Users\WALSTAR\.gradle\native\29\windows-amd64\native-platform.dll
0x00007ffa8f260000 - 0x00007ffa8f27e000 	C:\Users\WALSTAR\.gradle\native\25\windows-amd64\native-platform.dll

JVMTI agents:
c:\Users\WALSTAR\.antigravity\extensions\redhat.java-1.54.0-win32-x64\lombok\lombok-1.18.39-4050.jar path:c:\Users\WALSTAR\.antigravity\extensions\redhat.java-1.54.0-win32-x64\jre\21.0.10-win32-x86_64\bin\instrument.dll, loaded, initialized, instrumentlib options:none

dbghelp: loaded successfully - version: 4.0.5 - missing functions: none
symbol engine: initialized successfully - sym options: 0x614 - pdb path: .;c:\Users\WALSTAR\.antigravity\extensions\redhat.java-1.54.0-win32-x64\jre\21.0.10-win32-x86_64\bin;C:\WINDOWS\SYSTEM32;C:\WINDOWS\WinSxS\amd64_microsoft.windows.common-controls_6595b64144ccf1df_6.0.26100.8115_none_3e075c82e3354f9c;c:\Users\WALSTAR\.antigravity\extensions\redhat.java-1.54.0-win32-x64\jre\21.0.10-win32-x86_64\bin\server;C:\Users\WALSTAR\AppData\Roaming\Antigravity\User\globalStorage\redhat.java\1.54.0\config_win\org.eclipse.equinox.launcher\org.eclipse.equinox.launcher.win32.win32.x86_64_1.3.0.v20260203-2149;C:\Users\WALSTAR\AppData\Local\Temp\jna-1837046804;C:\Users\WALSTAR\.gradle\native\1def1411415f61bf3af743bc5b6707747c0891f09f0c88961ee8f79bc544acac\windows-amd64;C:\Users\WALSTAR\.gradle\native\c067742578af261105cb4f569cf0c3c89f3d7b1fecec35dd04571415982c5e48\windows-amd64;C:\Users\WALSTAR\.gradle\native\29\windows-amd64;C:\Users\WALSTAR\.gradle\native\25\windows-amd64

VM Arguments:
jvm_args: --add-modules=ALL-SYSTEM --add-opens=java.base/java.util=ALL-UNNAMED --add-opens=java.base/java.lang=ALL-UNNAMED --add-opens=java.base/sun.nio.fs=ALL-UNNAMED -Declipse.application=org.eclipse.jdt.ls.core.id1 -Dosgi.bundles.defaultStartLevel=4 -Declipse.product=org.eclipse.jdt.ls.core.product -Djava.import.generatesMetadataFilesAtProjectRoot=false -DDetectVMInstallationsJob.disabled=true -Dfile.encoding=utf8 -XX:+UseParallelGC -XX:GCTimeRatio=4 -XX:AdaptiveSizePolicyWeight=90 -Dsun.zip.disableMemoryMapping=true -Xmx2G -Xms100m -Xlog:disable -javaagent:c:\Users\WALSTAR\.antigravity\extensions\redhat.java-1.54.0-win32-x64\lombok\lombok-1.18.39-4050.jar -XX:+HeapDumpOnOutOfMemoryError -XX:HeapDumpPath=c:\Users\WALSTAR\AppData\Roaming\Antigravity\User\workspaceStorage\e22b2c0d634aea8cca2cfe9187207b64\redhat.java -Daether.dependencyCollector.impl=bf 
java_command: c:\Users\WALSTAR\.antigravity\extensions\redhat.java-1.54.0-win32-x64\server\plugins\org.eclipse.equinox.launcher_1.7.100.v20251111-0406.jar -configuration c:\Users\WALSTAR\AppData\Roaming\Antigravity\User\globalStorage\redhat.java\1.54.0\config_win -data c:\Users\WALSTAR\AppData\Roaming\Antigravity\User\workspaceStorage\e22b2c0d634aea8cca2cfe9187207b64\redhat.java\jdt_ws --pipe=\\.\pipe\lsp-d3bd3a0976662ba7e0567c9ce224b825-sock
java_class_path (initial): c:\Users\WALSTAR\.antigravity\extensions\redhat.java-1.54.0-win32-x64\server\plugins\org.eclipse.equinox.launcher_1.7.100.v20251111-0406.jar
Launcher Type: SUN_STANDARD

[Global flags]
    uintx AdaptiveSizePolicyWeight                 = 90                                        {product} {command line}
     intx CICompilerCount                          = 4                                         {product} {ergonomic}
    uintx GCTimeRatio                              = 4                                         {product} {command line}
     bool HeapDumpOnOutOfMemoryError               = true                                   {manageable} {command line}
    ccstr HeapDumpPath                             = c:\Users\WALSTAR\AppData\Roaming\Antigravity\User\workspaceStorage\e22b2c0d634aea8cca2cfe9187207b64\redhat.java         {manageable} {command line}
   size_t InitialHeapSize                          = 104857600                                 {product} {command line}
   size_t MaxHeapSize                              = 2147483648                                {product} {command line}
   size_t MaxNewSize                               = 715653120                                 {product} {ergonomic}
   size_t MinHeapDeltaBytes                        = 524288                                    {product} {ergonomic}
   size_t MinHeapSize                              = 104857600                                 {product} {command line}
   size_t NewSize                                  = 34603008                                  {product} {ergonomic}
    uintx NonNMethodCodeHeapSize                   = 5839372                                {pd product} {ergonomic}
    uintx NonProfiledCodeHeapSize                  = 122909434                              {pd product} {ergonomic}
   size_t OldSize                                  = 70254592                                  {product} {ergonomic}
    uintx ProfiledCodeHeapSize                     = 122909434                              {pd product} {ergonomic}
    uintx ReservedCodeCacheSize                    = 251658240                              {pd product} {ergonomic}
     bool SegmentedCodeCache                       = true                                      {product} {ergonomic}
   size_t SoftMaxHeapSize                          = 2147483648                             {manageable} {ergonomic}
     bool UseCompressedOops                        = true                           {product lp64_product} {ergonomic}
     bool UseLargePagesIndividualAllocation        = false                                  {pd product} {ergonomic}
     bool UseParallelGC                            = true                                      {product} {command line}

Logging:
Log output configuration:
 #0: stdout all=off uptime,level,tags foldmultilines=false
 #1: stderr all=off uptime,level,tags foldmultilines=false

Release file:
JAVA_VERSION="21.0.10" 
MODULES="java.base java.compiler java.datatransfer java.xml java.prefs java.desktop java.instrument java.logging java.management java.security.sasl java.naming java.rmi java.management.rmi java.net.http java.scripting java.security.jgss java.transaction.xa java.sql java.sql.rowset java.xml.crypto java.se java.smartcardio jdk.accessibility jdk.internal.jvmstat jdk.attach jdk.charsets jdk.internal.opt jdk.zipfs jdk.compiler jdk.crypto.ec jdk.crypto.cryptoki jdk.crypto.mscapi jdk.dynalink jdk.internal.ed jdk.editpad jdk.hotspot.agent jdk.httpserver jdk.internal.le jdk.internal.vm.ci jdk.internal.vm.compiler jdk.internal.vm.compiler.management jdk.jartool jdk.javadoc jdk.jcmd jdk.management jdk.management.agent jdk.jconsole jdk.jdeps jdk.jdwp.agent jdk.jdi jdk.jfr jdk.jshell jdk.jsobject jdk.jstatd jdk.localedata jdk.management.jfr jdk.naming.dns jdk.naming.rmi jdk.net jdk.nio.mapmode jdk.random jdk.sctp jdk.security.auth jdk.security.jgss jdk.unsupported jdk.unsupported.desktop jdk.xml.dom" 

Environment Variables:
PATH=C:\Program Files\Common Files\Oracle\Java\javapath;C:\Program Files\Microsoft MPI\Bin\;C:\WINDOWS\system32;C:\WINDOWS;C:\WINDOWS\System32\Wbem;C:\WINDOWS\System32\WindowsPowerShell\v1.0\;C:\WINDOWS\System32\OpenSSH\;C:\Program Files\Microsoft SQL Server\Client SDK\ODBC\170\Tools\Binn\;C:\Program Files\dotnet\;C:\Program Files (x86)\Microsoft SQL Server\160\Tools\Binn\;C:\Program Files\Microsoft SQL Server\160\Tools\Binn\;C:\Program Files\Microsoft SQL Server\160\DTS\Binn\;C:\Users\WALSTAR\AppData\Local\Android\Sdk\platforms;C:\Users\WALSTAR\AppData\Local\Android\Sdk\platform-tools;C:\Program Files\Java\jdk-11\bin;C:\Program Files\Java\jdk-17\bin;C:\Program Files\MongoDB\Server\7.0\bin;C:\composer;C:\Program Files (x86)\Microsoft SQL Server\160\DTS\Binn\;C:\Users\WALSTAR\AppData\Local\nvm;C:\Program Files\nodejs;C:\Program Files\nodejs\;D:\xampp\php;C:\Program Files\Microsoft SQL Server\150\Tools\Binn\;D:\composer;C:\Users\WALSTAR\AppData\Local\Android\Sdk\tools;C:\Users\WALSTAR\AppData\Local\Microsoft\WindowsApps;C:\Users\WALSTAR\AppData\Local\Programs\Microsoft VS Code\bin;C:\Users\WALSTAR\AppData\Local\Programs\Git\cmd;D:\flutter\bin;C:\Users\WALSTAR\.dotnet\tools;C:\Program Files\MongoDB\Server\7.0\bin;C:\Users\WALSTAR\AppData\Local\nvm;C:\Program Files\nodejs;C:\Users\WALSTAR\AppData\Roaming\npm;C:\Users\WALSTAR\AppData\Local\Programs\Windsurf\bin;D:\xampp\php;C:\Users\WALSTAR\AppData\Roaming\Composer\vendor\bin;C:\Users\WALSTAR\AppData\Local\Programs\Antigravity\bin
USERNAME=WALSTAR
OS=Windows_NT
PROCESSOR_IDENTIFIER=Intel64 Family 6 Model 154 Stepping 4, GenuineIntel
TMP=C:\Users\WALSTAR\AppData\Local\Temp
TEMP=C:\Users\WALSTAR\AppData\Local\Temp




Periodic native trim disabled

---------------  S Y S T E M  ---------------

OS:
 Windows 11 , 64 bit Build 26100 (10.0.26100.8115)
OS uptime: 0 days 12:10 hours
Hyper-V role detected

CPU: total 12 (initial active 12) (6 cores per cpu, 2 threads per core) family 6 model 154 stepping 4 microcode 0x432, cx8, cmov, fxsr, ht, mmx, 3dnowpref, sse, sse2, sse3, ssse3, sse4.1, sse4.2, popcnt, lzcnt, tsc, tscinvbit, avx, avx2, aes, erms, clmul, bmi1, bmi2, adx, sha, fma, vzeroupper, clflush, clflushopt, clwb, hv, serialize, rdtscp, rdpid, fsrm, f16c, cet_ibt, cet_ss
Processor Information for processor 0
  Max Mhz: 1300, Current Mhz: 1300, Mhz Limit: 1300
Processor Information for processor 1
  Max Mhz: 1300, Current Mhz: 1300, Mhz Limit: 1300
Processor Information for processor 2
  Max Mhz: 1300, Current Mhz: 1300, Mhz Limit: 1300
Processor Information for processor 3
  Max Mhz: 1300, Current Mhz: 1300, Mhz Limit: 1300
Processor Information for processor 4
  Max Mhz: 1300, Current Mhz: 900, Mhz Limit: 897
Processor Information for processor 5
  Max Mhz: 1300, Current Mhz: 900, Mhz Limit: 897
Processor Information for processor 6
  Max Mhz: 1300, Current Mhz: 900, Mhz Limit: 897
Processor Information for processor 7
  Max Mhz: 1300, Current Mhz: 900, Mhz Limit: 897
Processor Information for processor 8
  Max Mhz: 1300, Current Mhz: 900, Mhz Limit: 897
Processor Information for processor 9
  Max Mhz: 1300, Current Mhz: 900, Mhz Limit: 897
Processor Information for processor 10
  Max Mhz: 1300, Current Mhz: 900, Mhz Limit: 897
Processor Information for processor 11
  Max Mhz: 1300, Current Mhz: 900, Mhz Limit: 897

Memory: 4k page, system-wide physical 16092M (2933M free)
TotalPageFile size 21695M (AvailPageFile size 1M)
current process WorkingSet (physical memory assigned to process): 89M, peak: 568M
current process commit charge ("private bytes"): 645M, peak: 662M

vm_info: OpenJDK 64-Bit Server VM (21.0.10+7-LTS) for windows-amd64 JRE (21.0.10+7-LTS), built on 2026-01-20T00:00:00Z by "admin" with MS VC++ 17.12 (VS2022)

END.
