#
# There is insufficient memory for the Java Runtime Environment to continue.
# Native memory allocation (malloc) failed to allocate 50880 bytes. Error detail: Chunk::new
# Possible reasons:
#   The system is out of physical RAM or swap space
#   This process is running with CompressedOops enabled, and the Java Heap may be blocking the growth of the native heap
# Possible solutions:
#   Reduce memory load on the system
#   Increase physical memory or swap space
#   Check if swap backing store is full
#   Decrease Java heap size (-Xmx/-Xms)
#   Decrease number of Java threads
#   Decrease Java thread stack sizes (-Xss)
#   Set larger code cache with -XX:ReservedCodeCacheSize=
#   JVM is running with Unscaled Compressed Oops mode in which the Java heap is
#     placed in the first 4GB address space. The Java Heap base address is the
#     maximum limit for the native heap growth. Please use -XX:HeapBaseMinAddress
#     to set the Java Heap base and to place the Java Heap above 4GB virtual address.
# This output file may be truncated or incomplete.
#
#  Out of Memory Error (arena.cpp:168), pid=7248, tid=4368
#
# JRE version: OpenJDK Runtime Environment Temurin-21.0.10+7 (21.0.10+7) (build 21.0.10+7-LTS)
# Java VM: OpenJDK 64-Bit Server VM Temurin-21.0.10+7 (21.0.10+7-LTS, mixed mode, sharing, tiered, compressed oops, compressed class ptrs, parallel gc, windows-amd64)
# No core dump will be written. Minidumps are not enabled by default on client versions of Windows
#

---------------  S U M M A R Y ------------

Command Line: --add-modules=ALL-SYSTEM --add-opens=java.base/java.util=ALL-UNNAMED --add-opens=java.base/java.lang=ALL-UNNAMED --add-opens=java.base/sun.nio.fs=ALL-UNNAMED -Declipse.application=org.eclipse.jdt.ls.core.id1 -Dosgi.bundles.defaultStartLevel=4 -Declipse.product=org.eclipse.jdt.ls.core.product -Djava.import.generatesMetadataFilesAtProjectRoot=false -DDetectVMInstallationsJob.disabled=true -Dfile.encoding=utf8 -XX:+UseParallelGC -XX:GCTimeRatio=4 -XX:AdaptiveSizePolicyWeight=90 -Dsun.zip.disableMemoryMapping=true -Xmx2G -Xms100m -Xlog:disable -javaagent:c:\Users\WALSTAR\.antigravity\extensions\redhat.java-1.54.0-win32-x64\lombok\lombok-1.18.39-4050.jar c:\Users\WALSTAR\.antigravity\extensions\redhat.java-1.54.0-win32-x64\server\plugins\org.eclipse.equinox.launcher_1.7.100.v20251111-0406.jar -configuration c:\Users\WALSTAR\AppData\Roaming\Antigravity\User\globalStorage\redhat.java\1.54.0\config_ss_win -data c:\Users\WALSTAR\AppData\Roaming\Antigravity\User\workspaceStorage\e22b2c0d634aea8cca2cfe9187207b64\redhat.java\ss_ws --pipe=\\.\pipe\lsp-fca0c2e1a01a4fcf6ef32cda5c81ab6a-sock

Host: 12th Gen Intel(R) Core(TM) i5-1235U, 12 cores, 15G,  Windows 11 , 64 bit Build 26100 (10.0.26100.8115)
Time: Tue May  5 12:25:47 2026 India Standard Time elapsed time: 17.759481 seconds (0d 0h 0m 17s)

---------------  T H R E A D  ---------------

Current thread (0x000001ffc0059d10):  JavaThread "C2 CompilerThread0" daemon [_thread_in_native, id=4368, stack(0x000000fb0a900000,0x000000fb0aa00000) (1024K)]


Current CompileTask:
C2:17759 1812       4       java.lang.StringLatin1::indexOf (121 bytes)

Stack: [0x000000fb0a900000,0x000000fb0aa00000]
Native frames: (J=compiled Java code, j=interpreted, Vv=VM code, C=native code)
V  [jvm.dll+0x6d7a39]
V  [jvm.dll+0x8b4b26]
V  [jvm.dll+0x8b70de]
V  [jvm.dll+0x8b77c3]
V  [jvm.dll+0x284346]
V  [jvm.dll+0xc66ed]
V  [jvm.dll+0xc6c31]
V  [jvm.dll+0x3bec3b]
V  [jvm.dll+0x38b162]
V  [jvm.dll+0x38a5aa]
V  [jvm.dll+0x24c560]
V  [jvm.dll+0x24bb40]
V  [jvm.dll+0x1cb34e]
V  [jvm.dll+0x25b85d]
V  [jvm.dll+0x259dea]
V  [jvm.dll+0x3f857e]
V  [jvm.dll+0x85f59d]
V  [jvm.dll+0x6d626d]
C  [ucrtbase.dll+0x37b0]
C  [KERNEL32.DLL+0x2e8d7]
C  [ntdll.dll+0x8c3fc]


---------------  P R O C E S S  ---------------

Threads class SMR info:
_java_thread_list=0x000002001e9bba80, length=14, elements={
0x000001ffbff9f7a0, 0x000001ffbff40b20, 0x000001ffc0048800, 0x000001ffc004b300,
0x000001ffc004dbe0, 0x000001ffc004fb60, 0x000001ffc0054e90, 0x000001ffc0059d10,
0x0000020018d729f0, 0x0000020018f5fe50, 0x000002001e1c9a00, 0x000002001e6512a0,
0x000002001e983b80, 0x000002001e9844c0
}

Java Threads: ( => current thread )
  0x000001ffbff9f7a0 JavaThread "main"                              [_thread_blocked, id=16748, stack(0x000000fb09f00000,0x000000fb0a000000) (1024K)]
  0x000001ffbff40b20 JavaThread "Reference Handler"          daemon [_thread_blocked, id=22984, stack(0x000000fb0a300000,0x000000fb0a400000) (1024K)]
  0x000001ffc0048800 JavaThread "Finalizer"                  daemon [_thread_blocked, id=22124, stack(0x000000fb0a400000,0x000000fb0a500000) (1024K)]
  0x000001ffc004b300 JavaThread "Signal Dispatcher"          daemon [_thread_blocked, id=14816, stack(0x000000fb0a500000,0x000000fb0a600000) (1024K)]
  0x000001ffc004dbe0 JavaThread "Attach Listener"            daemon [_thread_blocked, id=22500, stack(0x000000fb0a600000,0x000000fb0a700000) (1024K)]
  0x000001ffc004fb60 JavaThread "Service Thread"             daemon [_thread_blocked, id=24140, stack(0x000000fb0a700000,0x000000fb0a800000) (1024K)]
  0x000001ffc0054e90 JavaThread "Monitor Deflation Thread"   daemon [_thread_blocked, id=23108, stack(0x000000fb0a800000,0x000000fb0a900000) (1024K)]
=>0x000001ffc0059d10 JavaThread "C2 CompilerThread0"         daemon [_thread_in_native, id=4368, stack(0x000000fb0a900000,0x000000fb0aa00000) (1024K)]
  0x0000020018d729f0 JavaThread "C1 CompilerThread0"         daemon [_thread_blocked, id=12456, stack(0x000000fb0aa00000,0x000000fb0ab00000) (1024K)]
  0x0000020018f5fe50 JavaThread "Common-Cleaner"             daemon [_thread_blocked, id=17888, stack(0x000000fb0ac00000,0x000000fb0ad00000) (1024K)]
  0x000002001e1c9a00 JavaThread "Notification Thread"        daemon [_thread_blocked, id=23644, stack(0x000000fb0ad00000,0x000000fb0ae00000) (1024K)]
  0x000002001e6512a0 JavaThread "Active Thread: Equinox Container: c5f03010-ce75-46ca-8d48-02d214a3eb73"        [_thread_blocked, id=19460, stack(0x000000fb0b500000,0x000000fb0b600000) (1024K)]
  0x000002001e983b80 JavaThread "Framework Event Dispatcher: Equinox Container: c5f03010-ce75-46ca-8d48-02d214a3eb73" daemon [_thread_blocked, id=20408, stack(0x000000fb0ab00000,0x000000fb0ac00000) (1024K)]
  0x000002001e9844c0 JavaThread "Start Level: Equinox Container: c5f03010-ce75-46ca-8d48-02d214a3eb73" daemon [_thread_in_vm, id=19960, stack(0x000000fb0ae00000,0x000000fb0af00000) (1024K)]
Total: 14

Other Threads:
  0x000001ffc0043a80 VMThread "VM Thread"                           [id=19208, stack(0x000000fb0a200000,0x000000fb0a300000) (1024K)]
  0x000001ffbfe2ca00 WatcherThread "VM Periodic Task Thread"        [id=12548, stack(0x000000fb0a100000,0x000000fb0a200000) (1024K)]
  0x000001ffbffbdee0 WorkerThread "GC Thread#0"                     [id=10776, stack(0x000000fb0a000000,0x000000fb0a100000) (1024K)]
  0x000002001e34a710 WorkerThread "GC Thread#1"                     [id=7688, stack(0x000000fb0af00000,0x000000fb0b000000) (1024K)]
  0x000002001e4e53e0 WorkerThread "GC Thread#2"                     [id=18288, stack(0x000000fb0b000000,0x000000fb0b100000) (1024K)]
  0x000002001e7405f0 WorkerThread "GC Thread#3"                     [id=22260, stack(0x000000fb0b100000,0x000000fb0b200000) (1024K)]
  0x000002001e7409a0 WorkerThread "GC Thread#4"                     [id=10660, stack(0x000000fb0b200000,0x000000fb0b300000) (1024K)]
  0x000002001e926d70 WorkerThread "GC Thread#5"                     [id=7632, stack(0x000000fb0b300000,0x000000fb0b400000) (1024K)]
  0x000002001e927120 WorkerThread "GC Thread#6"                     [id=11984, stack(0x000000fb0b400000,0x000000fb0b500000) (1024K)]
  0x000002001e6e3e50 WorkerThread "GC Thread#7"                     [id=20776, stack(0x000000fb0b600000,0x000000fb0b700000) (1024K)]
Total: 10

Threads with active compile tasks:
C2 CompilerThread0  17899 1812       4       java.lang.StringLatin1::indexOf (121 bytes)
Total: 1

VM state: not at safepoint (normal execution)

VM Mutex/Monitor currently owned by a thread: None

Heap address: 0x0000000080000000, size: 2048 MB, Compressed Oops mode: 32-bit

CDS archive(s) mapped at: [0x000001ffd7000000-0x000001ffd7ba0000-0x000001ffd7ba0000), size 12189696, SharedBaseAddress: 0x000001ffd7000000, ArchiveRelocationMode: 1.
Compressed class space mapped at: 0x000001ffd8000000-0x0000020018000000, reserved size: 1073741824
Narrow klass base: 0x000001ffd7000000, Narrow klass shift: 0, Narrow klass range: 0x100000000

GC Precious Log:
 CardTable entry size: 512
 CPUs: 12 total, 12 available
 Memory: 16092M
 Large Page Support: Disabled
 NUMA Support: Disabled
 Compressed Oops: Enabled (32-bit)
 Alignments: Space 512K, Generation 512K, Heap 2M
 Heap Min Capacity: 100M
 Heap Initial Capacity: 100M
 Heap Max Capacity: 2G
 Pre-touch: Disabled
 Parallel Workers: 10

Heap:
 PSYoungGen      total 29696K, used 6674K [0x00000000d5580000, 0x00000000d7680000, 0x0000000100000000)
  eden space 25600K, 10% used [0x00000000d5580000,0x00000000d5807250,0x00000000d6e80000)
  from space 4096K, 99% used [0x00000000d7280000,0x00000000d767d810,0x00000000d7680000)
  to   space 4096K, 0% used [0x00000000d6e80000,0x00000000d6e80000,0x00000000d7280000)
 ParOldGen       total 68608K, used 1153K [0x0000000080000000, 0x0000000084300000, 0x00000000d5580000)
  object space 68608K, 1% used [0x0000000080000000,0x00000000801206a8,0x0000000084300000)
 Metaspace       used 8524K, committed 8832K, reserved 1114112K
  class space    used 908K, committed 1024K, reserved 1048576K

Card table byte_map: [0x000001ffbf940000,0x000001ffbfd50000] _byte_map_base: 0x000001ffbf540000

Marking Bits: (ParMarkBitMap*) 0x00007ffdd81a3450
 Begin Bits: [0x000001ffd2450000, 0x000001ffd4450000)
 End Bits:   [0x000001ffd4450000, 0x000001ffd6450000)

Polling page: 0x000001ffbde00000

Metaspace:

Usage:
  Non-class:      7.44 MB used.
      Class:    908.24 KB used.
       Both:      8.33 MB used.

Virtual space:
  Non-class space:       64.00 MB reserved,       7.62 MB ( 12%) committed,  1 nodes.
      Class space:        1.00 GB reserved,       1.00 MB ( <1%) committed,  1 nodes.
             Both:        1.06 GB reserved,       8.62 MB ( <1%) committed. 

Chunk freelists:
   Non-Class:  8.36 MB
       Class:  14.82 MB
        Both:  23.17 MB

MaxMetaspaceSize: unlimited
CompressedClassSpaceSize: 1.00 GB
Initial GC threshold: 21.00 MB
Current GC threshold: 21.00 MB
CDS: on
 - commit_granule_bytes: 65536.
 - commit_granule_words: 8192.
 - virtual_space_node_default_size: 8388608.
 - enlarge_chunks_in_place: 1.
 - use_allocation_guard: 0.


Internal statistics:

num_allocs_failed_limit: 0.
num_arena_births: 240.
num_arena_deaths: 0.
num_vsnodes_births: 2.
num_vsnodes_deaths: 0.
num_space_committed: 138.
num_space_uncommitted: 0.
num_chunks_returned_to_freelist: 0.
num_chunks_taken_from_freelist: 472.
num_chunk_merges: 0.
num_chunk_splits: 302.
num_chunks_enlarged: 199.
num_inconsistent_stats: 0.

CodeHeap 'non-profiled nmethods': size=120000Kb used=808Kb max_used=808Kb free=119191Kb
 bounds [0x000001ffcac70000, 0x000001ffcaee0000, 0x000001ffd21a0000]
CodeHeap 'profiled nmethods': size=120000Kb used=3255Kb max_used=3255Kb free=116744Kb
 bounds [0x000001ffc31a0000, 0x000001ffc34d0000, 0x000001ffca6d0000]
CodeHeap 'non-nmethods': size=5760Kb used=1215Kb max_used=1238Kb free=4544Kb
 bounds [0x000001ffca6d0000, 0x000001ffca940000, 0x000001ffcac70000]
CodeCache: size=245760Kb, used=5278Kb, max_used=5301Kb, free=240479Kb
 total_blobs=2324, nmethods=1842, adapters=389, full_count=0
Compilation: enabled, stopped_count=0, restarted_count=0

Compilation events (20 events):
Event: 17.694 Thread 0x0000020018d729f0 nmethod 1802 0x000001ffcad37f90 code [0x000001ffcad38120, 0x000001ffcad381e8]
Event: 17.698 Thread 0x0000020018d729f0 1803       3       java.util.RegularEnumSet::contains (57 bytes)
Event: 17.698 Thread 0x0000020018d729f0 nmethod 1803 0x000001ffc34ba090 code [0x000001ffc34ba260, 0x000001ffc34ba658]
Event: 17.711 Thread 0x0000020018d729f0 1805       1       org.eclipse.osgi.internal.framework.EquinoxBundle::getModule (5 bytes)
Event: 17.711 Thread 0x0000020018d729f0 nmethod 1805 0x000001ffcad38590 code [0x000001ffcad38720, 0x000001ffcad387e8]
Event: 17.711 Thread 0x0000020018d729f0 1806       3       java.lang.Character::codePointAt (51 bytes)
Event: 17.711 Thread 0x0000020018d729f0 nmethod 1806 0x000001ffc34ba790 code [0x000001ffc34ba9a0, 0x000001ffc34bafe0]
Event: 17.717 Thread 0x0000020018d729f0 1807       3       java.lang.Throwable::<init> (39 bytes)
Event: 17.717 Thread 0x0000020018d729f0 nmethod 1807 0x000001ffc34bb190 code [0x000001ffc34bb340, 0x000001ffc34bb608]
Event: 17.734 Thread 0x0000020018d729f0 1808       3       java.net.URLStreamHandler::setURL (159 bytes)
Event: 17.736 Thread 0x0000020018d729f0 nmethod 1808 0x000001ffc34bb710 code [0x000001ffc34bbaa0, 0x000001ffc34bcf10]
Event: 17.749 Thread 0x0000020018d729f0 1809       1       org.eclipse.osgi.storage.BundleInfo::getBundleId (5 bytes)
Event: 17.749 Thread 0x0000020018d729f0 nmethod 1809 0x000001ffcad38890 code [0x000001ffcad38a20, 0x000001ffcad38ae8]
Event: 17.752 Thread 0x0000020018d729f0 1810       3       java.lang.ClassLoader::defineClass (43 bytes)
Event: 17.752 Thread 0x000001ffc0059d10 1812       4       java.lang.StringLatin1::indexOf (121 bytes)
Event: 17.752 Thread 0x0000020018d729f0 nmethod 1810 0x000001ffc34bd810 code [0x000001ffc34bda20, 0x000001ffc34bdf38]
Event: 17.753 Thread 0x0000020018d729f0 1811       3       java.lang.ClassLoader::defineClassSourceLocation (28 bytes)
Event: 17.753 Thread 0x0000020018d729f0 nmethod 1811 0x000001ffc34be190 code [0x000001ffc34be360, 0x000001ffc34be6e0]
Event: 17.753 Thread 0x0000020018d729f0 1813       3       java.lang.invoke.MemberName::changeReferenceKind (46 bytes)
Event: 17.753 Thread 0x0000020018d729f0 nmethod 1813 0x000001ffc34be890 code [0x000001ffc34bea20, 0x000001ffc34beb50]

GC Heap History (2 events):
Event: 1.354 GC heap before
{Heap before GC invocations=1 (full 0):
 PSYoungGen      total 29696K, used 25600K [0x00000000d5580000, 0x00000000d7680000, 0x0000000100000000)
  eden space 25600K, 100% used [0x00000000d5580000,0x00000000d6e80000,0x00000000d6e80000)
  from space 4096K, 0% used [0x00000000d7280000,0x00000000d7280000,0x00000000d7680000)
  to   space 4096K, 0% used [0x00000000d6e80000,0x00000000d6e80000,0x00000000d7280000)
 ParOldGen       total 68608K, used 0K [0x0000000080000000, 0x0000000084300000, 0x00000000d5580000)
  object space 68608K, 0% used [0x0000000080000000,0x0000000080000000,0x0000000084300000)
 Metaspace       used 4331K, committed 4608K, reserved 1114112K
  class space    used 473K, committed 576K, reserved 1048576K
}
Event: 1.364 GC heap after
{Heap after GC invocations=1 (full 0):
 PSYoungGen      total 29696K, used 3312K [0x00000000d5580000, 0x00000000d7680000, 0x0000000100000000)
  eden space 25600K, 0% used [0x00000000d5580000,0x00000000d5580000,0x00000000d6e80000)
  from space 4096K, 80% used [0x00000000d6e80000,0x00000000d71bc148,0x00000000d7280000)
  to   space 4096K, 0% used [0x00000000d7280000,0x00000000d7280000,0x00000000d7680000)
 ParOldGen       total 68608K, used 16K [0x0000000080000000, 0x0000000084300000, 0x00000000d5580000)
  object space 68608K, 0% used [0x0000000080000000,0x0000000080004000,0x0000000084300000)
 Metaspace       used 4331K, committed 4608K, reserved 1114112K
  class space    used 473K, committed 576K, reserved 1048576K
}

Dll operation events (8 events):
Event: 0.182 Loaded shared library c:\Users\WALSTAR\.antigravity\extensions\redhat.java-1.54.0-win32-x64\jre\21.0.10-win32-x86_64\bin\java.dll
Event: 0.284 Loaded shared library c:\Users\WALSTAR\.antigravity\extensions\redhat.java-1.54.0-win32-x64\jre\21.0.10-win32-x86_64\bin\zip.dll
Event: 0.315 Loaded shared library C:\Users\WALSTAR\.antigravity\extensions\redhat.java-1.54.0-win32-x64\jre\21.0.10-win32-x86_64\bin\instrument.dll
Event: 0.324 Loaded shared library C:\Users\WALSTAR\.antigravity\extensions\redhat.java-1.54.0-win32-x64\jre\21.0.10-win32-x86_64\bin\net.dll
Event: 0.328 Loaded shared library C:\Users\WALSTAR\.antigravity\extensions\redhat.java-1.54.0-win32-x64\jre\21.0.10-win32-x86_64\bin\nio.dll
Event: 0.337 Loaded shared library C:\Users\WALSTAR\.antigravity\extensions\redhat.java-1.54.0-win32-x64\jre\21.0.10-win32-x86_64\bin\zip.dll
Event: 0.367 Loaded shared library C:\Users\WALSTAR\.antigravity\extensions\redhat.java-1.54.0-win32-x64\jre\21.0.10-win32-x86_64\bin\jimage.dll
Event: 0.545 Loaded shared library c:\Users\WALSTAR\.antigravity\extensions\redhat.java-1.54.0-win32-x64\jre\21.0.10-win32-x86_64\bin\verify.dll

Deoptimization events (20 events):
Event: 2.031 Thread 0x000001ffbff9f7a0 DEOPT PACKING pc=0x000001ffcad11d90 sp=0x000000fb09ffe0f0
Event: 2.031 Thread 0x000001ffbff9f7a0 DEOPT UNPACKING pc=0x000001ffca723aa2 sp=0x000000fb09ffe0b0 mode 2
Event: 2.111 Thread 0x000001ffbff9f7a0 DEOPT PACKING pc=0x000001ffc32af90b sp=0x000000fb09ffc7f0
Event: 2.111 Thread 0x000001ffbff9f7a0 DEOPT UNPACKING pc=0x000001ffca724242 sp=0x000000fb09ffbc68 mode 0
Event: 2.112 Thread 0x000001ffbff9f7a0 DEOPT PACKING pc=0x000001ffc331b088 sp=0x000000fb09ffc3f0
Event: 2.112 Thread 0x000001ffbff9f7a0 DEOPT UNPACKING pc=0x000001ffca724242 sp=0x000000fb09ffb870 mode 0
Event: 2.112 Thread 0x000001ffbff9f7a0 DEOPT PACKING pc=0x000001ffc3298e86 sp=0x000000fb09ffc2b0
Event: 2.112 Thread 0x000001ffbff9f7a0 DEOPT UNPACKING pc=0x000001ffca724242 sp=0x000000fb09ffb730 mode 0
Event: 2.113 Thread 0x000001ffbff9f7a0 DEOPT PACKING pc=0x000001ffc331b088 sp=0x000000fb09ffc700
Event: 2.113 Thread 0x000001ffbff9f7a0 DEOPT UNPACKING pc=0x000001ffca724242 sp=0x000000fb09ffbb80 mode 0
Event: 2.114 Thread 0x000001ffbff9f7a0 DEOPT PACKING pc=0x000001ffc3298e86 sp=0x000000fb09ffc500
Event: 2.114 Thread 0x000001ffbff9f7a0 DEOPT UNPACKING pc=0x000001ffca724242 sp=0x000000fb09ffb980 mode 0
Event: 2.114 Thread 0x000001ffbff9f7a0 DEOPT PACKING pc=0x000001ffc331b088 sp=0x000000fb09ffc650
Event: 2.114 Thread 0x000001ffbff9f7a0 DEOPT UNPACKING pc=0x000001ffca724242 sp=0x000000fb09ffbad0 mode 0
Event: 2.115 Thread 0x000001ffbff9f7a0 DEOPT PACKING pc=0x000001ffc331b088 sp=0x000000fb09ffc950
Event: 2.115 Thread 0x000001ffbff9f7a0 DEOPT UNPACKING pc=0x000001ffca724242 sp=0x000000fb09ffbdd0 mode 0
Event: 17.752 Thread 0x000002001e9844c0 Uncommon trap: trap_request=0xffffff6e fr.pc=0x000001ffcace5728 relative=0x0000000000000368
Event: 17.752 Thread 0x000002001e9844c0 Uncommon trap: reason=loop_limit_check action=maybe_recompile pc=0x000001ffcace5728 method=java.lang.StringLatin1.indexOf([BI[BII)I @ 37 c2
Event: 17.752 Thread 0x000002001e9844c0 DEOPT PACKING pc=0x000001ffcace5728 sp=0x000000fb0aef91a0
Event: 17.752 Thread 0x000002001e9844c0 DEOPT UNPACKING pc=0x000001ffca723aa2 sp=0x000000fb0aef9100 mode 2

Classes loaded (20 events):
Event: 2.136 Loading class java/util/LinkedList$ListItr
Event: 2.136 Loading class java/util/LinkedList$ListItr done
Event: 2.138 Loading class java/lang/Thread$Builder$OfPlatform
Event: 2.139 Loading class java/lang/Thread$Builder
Event: 2.139 Loading class java/lang/Thread$Builder done
Event: 2.139 Loading class java/lang/Thread$Builder$OfPlatform done
Event: 2.139 Loading class java/lang/Thread$Builder$OfVirtual
Event: 2.139 Loading class java/lang/Thread$Builder$OfVirtual done
Event: 2.153 Loading class sun/nio/fs/WindowsChannelFactory
Event: 2.153 Loading class sun/nio/fs/WindowsChannelFactory done
Event: 2.153 Loading class sun/nio/fs/WindowsChannelFactory$1
Event: 2.153 Loading class sun/nio/fs/WindowsChannelFactory$1 done
Event: 2.153 Loading class sun/nio/fs/WindowsChannelFactory$Flags
Event: 2.153 Loading class sun/nio/fs/WindowsChannelFactory$Flags done
Event: 2.154 Loading class sun/nio/ch/FileChannelImpl$Closer
Event: 2.154 Loading class sun/nio/ch/FileChannelImpl$Closer done
Event: 17.702 Loading class java/util/concurrent/CountDownLatch
Event: 17.702 Loading class java/util/concurrent/CountDownLatch done
Event: 17.702 Loading class java/util/concurrent/CountDownLatch$Sync
Event: 17.702 Loading class java/util/concurrent/CountDownLatch$Sync done

Classes unloaded (0 events):
No events

Classes redefined (0 events):
No events

Internal exceptions (20 events):
Event: 1.280 Thread 0x000001ffbff9f7a0 Exception <a 'java/lang/NoSuchMethodError'{0x00000000d6a724b8}: 'java.lang.ClassLoader java.lang.ClassLoader.getPlatformClassLoader(java.lang.Class)'> (0x00000000d6a724b8) 
thrown [s\src\hotspot\share\interpreter\linkResolver.cpp, line 773]
Event: 1.371 Thread 0x000001ffbff9f7a0 Exception <a 'java/lang/ClassNotFoundException'{0x00000000d5590698}: sun/net/www/protocol/c/Handler> (0x00000000d5590698) 
thrown [s\src\hotspot\share\classfile\systemDictionary.cpp, line 312]
Event: 1.371 Thread 0x000001ffbff9f7a0 Exception <a 'java/lang/ClassNotFoundException'{0x00000000d5591a10}: sun/net/www/protocol/d/Handler> (0x00000000d5591a10) 
thrown [s\src\hotspot\share\classfile\systemDictionary.cpp, line 312]
Event: 1.371 Thread 0x000001ffbff9f7a0 Exception <a 'java/lang/ClassNotFoundException'{0x00000000d5592bb0}: sun/net/www/protocol/c/Handler> (0x00000000d5592bb0) 
thrown [s\src\hotspot\share\classfile\systemDictionary.cpp, line 312]
Event: 1.382 Thread 0x000001ffbff9f7a0 Exception <a 'java/io/FileNotFoundException'{0x00000000d55bb5b8}> (0x00000000d55bb5b8) 
thrown [s\src\hotspot\share\prims\jni.cpp, line 520]
Event: 1.436 Thread 0x000001ffbff9f7a0 Implicit null exception at 0x000001ffcaccc349 to 0x000001ffcaccccb8
Event: 1.436 Thread 0x000001ffbff9f7a0 Implicit null exception at 0x000001ffcacde21a to 0x000001ffcacde420
Event: 1.437 Thread 0x000001ffbff9f7a0 Exception <a 'java/lang/NoSuchMethodError'{0x00000000d56ed1d0}: 'void java.lang.invoke.DirectMethodHandle$Holder.invokeStatic(java.lang.Object, java.lang.Object, java.lang.Object, java.lang.Object)'> (0x00000000d56ed1d0) 
thrown [s\src\hotspot\share\interpreter\linkResolver.cpp, line 773]
Event: 1.439 Thread 0x000001ffbff9f7a0 Implicit null exception at 0x000001ffcacd569a to 0x000001ffcacd58a4
Event: 1.439 Thread 0x000001ffbff9f7a0 Implicit null exception at 0x000001ffcacce53d to 0x000001ffcacce5c1
Event: 1.564 Thread 0x000001ffbff9f7a0 Exception <a 'java/lang/NoSuchMethodError'{0x00000000d59b1290}: 'void java.lang.invoke.DirectMethodHandle$Holder.invokeSpecial(java.lang.Object, java.lang.Object, java.lang.Object)'> (0x00000000d59b1290) 
thrown [s\src\hotspot\share\interpreter\linkResolver.cpp, line 773]
Event: 1.887 Thread 0x000001ffbff9f7a0 Exception <a 'java/lang/NoSuchMethodError'{0x00000000d62cf7c8}: 'int java.lang.invoke.DirectMethodHandle$Holder.invokeVirtual(java.lang.Object, java.lang.Object)'> (0x00000000d62cf7c8) 
thrown [s\src\hotspot\share\interpreter\linkResolver.cpp, line 773]
Event: 1.948 Thread 0x000001ffbff9f7a0 Exception <a 'java/lang/NoSuchMethodError'{0x00000000d6443f00}: 'int java.lang.invoke.DirectMethodHandle$Holder.invokeStaticInit(java.lang.Object, java.lang.Object, java.lang.Object, java.lang.Object)'> (0x00000000d6443f00) 
thrown [s\src\hotspot\share\interpreter\linkResolver.cpp, line 773]
Event: 1.949 Thread 0x000001ffbff9f7a0 Exception <a 'java/lang/IncompatibleClassChangeError'{0x00000000d644c678}: Found class java.lang.Object, but interface was expected> (0x00000000d644c678) 
thrown [s\src\hotspot\share\interpreter\linkResolver.cpp, line 840]
Event: 1.951 Thread 0x000001ffbff9f7a0 Exception <a 'java/lang/NoSuchMethodError'{0x00000000d6452c28}: 'void java.lang.invoke.DirectMethodHandle$Holder.invokeStaticInit(java.lang.Object, java.lang.Object)'> (0x00000000d6452c28) 
thrown [s\src\hotspot\share\interpreter\linkResolver.cpp, line 773]
Event: 1.952 Thread 0x000001ffbff9f7a0 Exception <a 'java/lang/NoSuchMethodError'{0x00000000d645bde0}: 'int java.lang.invoke.DirectMethodHandle$Holder.invokeStaticInit(java.lang.Object, java.lang.Object)'> (0x00000000d645bde0) 
thrown [s\src\hotspot\share\interpreter\linkResolver.cpp, line 773]
Event: 2.009 Thread 0x000001ffbff9f7a0 Exception <a 'java/lang/NoSuchMethodError'{0x00000000d66a3070}: 'java.lang.Object java.lang.invoke.DirectMethodHandle$Holder.newInvokeSpecial(java.lang.Object, int, java.lang.Object)'> (0x00000000d66a3070) 
thrown [s\src\hotspot\share\interpreter\linkResolver.cpp, line 773]
Event: 2.068 Thread 0x000001ffbff9f7a0 Exception <a 'java/lang/ClassNotFoundException'{0x00000000d68bc360}: sun/net/www/protocol/plurl/Handler> (0x00000000d68bc360) 
thrown [s\src\hotspot\share\classfile\systemDictionary.cpp, line 312]
Event: 2.068 Thread 0x000001ffbff9f7a0 Exception <a 'java/lang/ClassNotFoundException'{0x00000000d68bd1e0}: sun/net/www/protocol/plurl/Handler> (0x00000000d68bd1e0) 
thrown [s\src\hotspot\share\classfile\systemDictionary.cpp, line 312]
Event: 17.709 Thread 0x000001ffbff9f7a0 Exception <a 'java/lang/UnsatisfiedLinkError'{0x00000000d6d128d0}: 'void org.eclipse.equinox.launcher.JNIBridge._update_splash()'> (0x00000000d6d128d0) 
thrown [s\src\hotspot\share\prims\nativeLookup.cpp, line 415]

ZGC Phase Switch (0 events):
No events

VM Operations (20 events):
Event: 0.941 Executing non-safepoint VM operation: HandshakeAllThreads (Deoptimize)
Event: 0.941 Executing non-safepoint VM operation: HandshakeAllThreads (Deoptimize) done
Event: 1.335 Executing non-safepoint VM operation: HandshakeAllThreads (Deoptimize)
Event: 1.335 Executing non-safepoint VM operation: HandshakeAllThreads (Deoptimize) done
Event: 1.335 Executing safepoint VM operation: Cleanup
Event: 1.335 Executing safepoint VM operation: Cleanup done
Event: 1.353 Executing safepoint VM operation: ParallelGCFailedAllocation (Allocation Failure)
Event: 1.364 Executing safepoint VM operation: ParallelGCFailedAllocation (Allocation Failure) done
Event: 1.980 Executing non-safepoint VM operation: HandshakeAllThreads (Deoptimize)
Event: 1.980 Executing non-safepoint VM operation: HandshakeAllThreads (Deoptimize) done
Event: 1.993 Executing non-safepoint VM operation: HandshakeAllThreads (Deoptimize)
Event: 1.993 Executing non-safepoint VM operation: HandshakeAllThreads (Deoptimize) done
Event: 2.046 Executing non-safepoint VM operation: HandshakeAllThreads (Deoptimize)
Event: 2.046 Executing non-safepoint VM operation: HandshakeAllThreads (Deoptimize) done
Event: 2.062 Executing non-safepoint VM operation: HandshakeAllThreads (Deoptimize)
Event: 2.062 Executing non-safepoint VM operation: HandshakeAllThreads (Deoptimize) done
Event: 3.062 Executing safepoint VM operation: Cleanup
Event: 3.062 Executing safepoint VM operation: Cleanup done
Event: 4.069 Executing safepoint VM operation: Cleanup
Event: 4.069 Executing safepoint VM operation: Cleanup done

Memory protections (0 events):
No events

Nmethod flushes (0 events):
No events

Events (18 events):
Event: 0.209 Thread 0x000001ffbff9f7a0 Thread added: 0x000001ffbff9f7a0
Event: 0.232 Thread 0x000001ffbff9f7a0 Thread added: 0x000001ffbff40b20
Event: 0.232 Thread 0x000001ffbff9f7a0 Thread added: 0x000001ffc0048800
Event: 0.233 Thread 0x000001ffbff9f7a0 Thread added: 0x000001ffc004b300
Event: 0.233 Thread 0x000001ffbff9f7a0 Thread added: 0x000001ffc004dbe0
Event: 0.233 Thread 0x000001ffbff9f7a0 Thread added: 0x000001ffc004fb60
Event: 0.233 Thread 0x000001ffbff9f7a0 Thread added: 0x000001ffc0054e90
Event: 0.233 Thread 0x000001ffbff9f7a0 Thread added: 0x000001ffc0059d10
Event: 0.237 Thread 0x000001ffbff9f7a0 Thread added: 0x0000020018d729f0
Event: 0.295 Thread 0x0000020018d729f0 Thread added: 0x0000020018ed3940
Event: 0.318 Thread 0x000001ffbff9f7a0 Thread added: 0x0000020018f5fe50
Event: 0.690 Thread 0x000001ffbff9f7a0 Thread added: 0x000002001e1c9a00
Event: 1.085 Thread 0x0000020018d729f0 Thread added: 0x000002001e12f4a0
Event: 1.965 Thread 0x000001ffbff9f7a0 Thread added: 0x000002001e6512a0
Event: 2.340 Thread 0x000002001e12f4a0 Thread exited: 0x000002001e12f4a0
Event: 2.379 Thread 0x0000020018ed3940 Thread exited: 0x0000020018ed3940
Event: 17.672 Thread 0x000001ffbff9f7a0 Thread added: 0x000002001e983b80
Event: 17.694 Thread 0x000001ffbff9f7a0 Thread added: 0x000002001e9844c0


Dynamic libraries:
0x00007ff696f30000 - 0x00007ff696f3e000 	c:\Users\WALSTAR\.antigravity\extensions\redhat.java-1.54.0-win32-x64\jre\21.0.10-win32-x86_64\bin\java.exe
0x00007ffe95e00000 - 0x00007ffe96067000 	C:\WINDOWS\SYSTEM32\ntdll.dll
0x00007ffe947f0000 - 0x00007ffe948b9000 	C:\WINDOWS\System32\KERNEL32.DLL
0x00007ffe92b20000 - 0x00007ffe92f14000 	C:\WINDOWS\System32\KERNELBASE.dll
0x00007ffe92f20000 - 0x00007ffe9306b000 	C:\WINDOWS\System32\ucrtbase.dll
0x00007ffe06910000 - 0x00007ffe06928000 	c:\Users\WALSTAR\.antigravity\extensions\redhat.java-1.54.0-win32-x64\jre\21.0.10-win32-x86_64\bin\jli.dll
0x00007ffe06930000 - 0x00007ffe0694e000 	c:\Users\WALSTAR\.antigravity\extensions\redhat.java-1.54.0-win32-x64\jre\21.0.10-win32-x86_64\bin\VCRUNTIME140.dll
0x00007ffe93cd0000 - 0x00007ffe93e95000 	C:\WINDOWS\System32\USER32.dll
0x00007ffe92760000 - 0x00007ffe92787000 	C:\WINDOWS\System32\win32u.dll
0x00007ffe788c0000 - 0x00007ffe78b53000 	C:\WINDOWS\WinSxS\amd64_microsoft.windows.common-controls_6595b64144ccf1df_6.0.26100.8115_none_3e075c82e3354f9c\COMCTL32.dll
0x00007ffe94270000 - 0x00007ffe9429b000 	C:\WINDOWS\System32\GDI32.dll
0x00007ffe93a60000 - 0x00007ffe93b8a000 	C:\WINDOWS\System32\gdi32full.dll
0x00007ffe92790000 - 0x00007ffe92833000 	C:\WINDOWS\System32\msvcp_win.dll
0x00007ffe948c0000 - 0x00007ffe94969000 	C:\WINDOWS\System32\msvcrt.dll
0x00007ffe947b0000 - 0x00007ffe947e2000 	C:\WINDOWS\System32\IMM32.DLL
0x00007ffe06900000 - 0x00007ffe0690c000 	c:\Users\WALSTAR\.antigravity\extensions\redhat.java-1.54.0-win32-x64\jre\21.0.10-win32-x86_64\bin\vcruntime140_1.dll
0x00007ffe06500000 - 0x00007ffe0658d000 	c:\Users\WALSTAR\.antigravity\extensions\redhat.java-1.54.0-win32-x64\jre\21.0.10-win32-x86_64\bin\msvcp140.dll
0x00007ffdd74e0000 - 0x00007ffdd8281000 	c:\Users\WALSTAR\.antigravity\extensions\redhat.java-1.54.0-win32-x64\jre\21.0.10-win32-x86_64\bin\server\jvm.dll
0x00007ffe93ea0000 - 0x00007ffe93f56000 	C:\WINDOWS\System32\ADVAPI32.dll
0x00007ffe94c90000 - 0x00007ffe94d37000 	C:\WINDOWS\System32\sechost.dll
0x00007ffe940f0000 - 0x00007ffe94208000 	C:\WINDOWS\System32\RPCRT4.dll
0x00007ffe95230000 - 0x00007ffe952b0000 	C:\WINDOWS\System32\WS2_32.dll
0x00007ffe92530000 - 0x00007ffe9258e000 	C:\WINDOWS\SYSTEM32\POWRPROF.dll
0x00007ffe8d2b0000 - 0x00007ffe8d2e6000 	C:\WINDOWS\SYSTEM32\WINMM.dll
0x00007ffe78b60000 - 0x00007ffe78b6b000 	C:\WINDOWS\SYSTEM32\VERSION.dll
0x00007ffe92510000 - 0x00007ffe92524000 	C:\WINDOWS\SYSTEM32\UMPDC.dll
0x00007ffe91460000 - 0x00007ffe9147b000 	C:\WINDOWS\SYSTEM32\kernel.appcore.dll
0x00007ffe068f0000 - 0x00007ffe068fa000 	c:\Users\WALSTAR\.antigravity\extensions\redhat.java-1.54.0-win32-x64\jre\21.0.10-win32-x86_64\bin\jimage.dll
0x00007ffe90670000 - 0x00007ffe908b2000 	C:\WINDOWS\SYSTEM32\DBGHELP.DLL
0x00007ffe943b0000 - 0x00007ffe94732000 	C:\WINDOWS\System32\combase.dll
0x00007ffe94ba0000 - 0x00007ffe94c77000 	C:\WINDOWS\System32\OLEAUT32.dll
0x00007ffe8d270000 - 0x00007ffe8d2ab000 	C:\WINDOWS\SYSTEM32\dbgcore.DLL
0x00007ffe92900000 - 0x00007ffe929a5000 	C:\WINDOWS\System32\bcryptPrimitives.dll
0x00007ffe06690000 - 0x00007ffe0669f000 	c:\Users\WALSTAR\.antigravity\extensions\redhat.java-1.54.0-win32-x64\jre\21.0.10-win32-x86_64\bin\instrument.dll
0x00007ffe068d0000 - 0x00007ffe068f0000 	c:\Users\WALSTAR\.antigravity\extensions\redhat.java-1.54.0-win32-x64\jre\21.0.10-win32-x86_64\bin\java.dll
0x00007ffe95470000 - 0x00007ffe95bd6000 	C:\WINDOWS\System32\SHELL32.dll
0x00007ffe929b0000 - 0x00007ffe92b1a000 	C:\WINDOWS\System32\wintypes.dll
0x00007ffe93070000 - 0x00007ffe938d5000 	C:\WINDOWS\System32\windows.storage.dll
0x00007ffe942b0000 - 0x00007ffe943a7000 	C:\WINDOWS\System32\SHCORE.dll
0x00007ffe94740000 - 0x00007ffe947a6000 	C:\WINDOWS\System32\shlwapi.dll
0x00007ffe925f0000 - 0x00007ffe92619000 	C:\WINDOWS\SYSTEM32\profapi.dll
0x00007ffe068b0000 - 0x00007ffe068c8000 	c:\Users\WALSTAR\.antigravity\extensions\redhat.java-1.54.0-win32-x64\jre\21.0.10-win32-x86_64\bin\zip.dll
0x00007ffe068a0000 - 0x00007ffe068b0000 	C:\Users\WALSTAR\.antigravity\extensions\redhat.java-1.54.0-win32-x64\jre\21.0.10-win32-x86_64\bin\net.dll
0x00007ffe8c790000 - 0x00007ffe8c8bd000 	C:\WINDOWS\SYSTEM32\WINHTTP.dll
0x00007ffe919d0000 - 0x00007ffe91a3c000 	C:\WINDOWS\system32\mswsock.dll
0x00007ffe06880000 - 0x00007ffe06896000 	C:\Users\WALSTAR\.antigravity\extensions\redhat.java-1.54.0-win32-x64\jre\21.0.10-win32-x86_64\bin\nio.dll
0x00007ffe06680000 - 0x00007ffe06690000 	c:\Users\WALSTAR\.antigravity\extensions\redhat.java-1.54.0-win32-x64\jre\21.0.10-win32-x86_64\bin\verify.dll
0x00007ffe1eee0000 - 0x00007ffe1ef25000 	C:\Users\WALSTAR\AppData\Roaming\Antigravity\User\globalStorage\redhat.java\1.54.0\config_ss_win\org.eclipse.equinox.launcher\org.eclipse.equinox.launcher.win32.win32.x86_64_1.3.0.v20260203-2149\eclipse_11919.dll
0x00007ffe94970000 - 0x00007ffe94b07000 	C:\WINDOWS\System32\ole32.dll

JVMTI agents:
c:\Users\WALSTAR\.antigravity\extensions\redhat.java-1.54.0-win32-x64\lombok\lombok-1.18.39-4050.jar path:c:\Users\WALSTAR\.antigravity\extensions\redhat.java-1.54.0-win32-x64\jre\21.0.10-win32-x86_64\bin\instrument.dll, loaded, initialized, instrumentlib options:none

dbghelp: loaded successfully - version: 4.0.5 - missing functions: none
symbol engine: initialized successfully - sym options: 0x614 - pdb path: .;c:\Users\WALSTAR\.antigravity\extensions\redhat.java-1.54.0-win32-x64\jre\21.0.10-win32-x86_64\bin;C:\WINDOWS\SYSTEM32;C:\WINDOWS\WinSxS\amd64_microsoft.windows.common-controls_6595b64144ccf1df_6.0.26100.8115_none_3e075c82e3354f9c;c:\Users\WALSTAR\.antigravity\extensions\redhat.java-1.54.0-win32-x64\jre\21.0.10-win32-x86_64\bin\server;C:\Users\WALSTAR\AppData\Roaming\Antigravity\User\globalStorage\redhat.java\1.54.0\config_ss_win\org.eclipse.equinox.launcher\org.eclipse.equinox.launcher.win32.win32.x86_64_1.3.0.v20260203-2149

VM Arguments:
jvm_args: --add-modules=ALL-SYSTEM --add-opens=java.base/java.util=ALL-UNNAMED --add-opens=java.base/java.lang=ALL-UNNAMED --add-opens=java.base/sun.nio.fs=ALL-UNNAMED -Declipse.application=org.eclipse.jdt.ls.core.id1 -Dosgi.bundles.defaultStartLevel=4 -Declipse.product=org.eclipse.jdt.ls.core.product -Djava.import.generatesMetadataFilesAtProjectRoot=false -DDetectVMInstallationsJob.disabled=true -Dfile.encoding=utf8 -XX:+UseParallelGC -XX:GCTimeRatio=4 -XX:AdaptiveSizePolicyWeight=90 -Dsun.zip.disableMemoryMapping=true -Xmx2G -Xms100m -Xlog:disable -javaagent:c:\Users\WALSTAR\.antigravity\extensions\redhat.java-1.54.0-win32-x64\lombok\lombok-1.18.39-4050.jar 
java_command: c:\Users\WALSTAR\.antigravity\extensions\redhat.java-1.54.0-win32-x64\server\plugins\org.eclipse.equinox.launcher_1.7.100.v20251111-0406.jar -configuration c:\Users\WALSTAR\AppData\Roaming\Antigravity\User\globalStorage\redhat.java\1.54.0\config_ss_win -data c:\Users\WALSTAR\AppData\Roaming\Antigravity\User\workspaceStorage\e22b2c0d634aea8cca2cfe9187207b64\redhat.java\ss_ws --pipe=\\.\pipe\lsp-fca0c2e1a01a4fcf6ef32cda5c81ab6a-sock
java_class_path (initial): c:\Users\WALSTAR\.antigravity\extensions\redhat.java-1.54.0-win32-x64\server\plugins\org.eclipse.equinox.launcher_1.7.100.v20251111-0406.jar
Launcher Type: SUN_STANDARD

[Global flags]
    uintx AdaptiveSizePolicyWeight                 = 90                                        {product} {command line}
     intx CICompilerCount                          = 4                                         {product} {ergonomic}
    uintx GCTimeRatio                              = 4                                         {product} {command line}
   size_t InitialHeapSize                          = 104857600                                 {product} {command line}
   size_t MaxHeapSize                              = 2147483648                                {product} {command line}
   size_t MaxNewSize                               = 715653120                                 {product} {ergonomic}
   size_t MinHeapDeltaBytes                        = 524288                                    {product} {ergonomic}
   size_t MinHeapSize                              = 104857600                                 {product} {command line}
   size_t NewSize                                  = 34603008                                  {product} {ergonomic}
    uintx NonNMethodCodeHeapSize                   = 5839372                                {pd product} {ergonomic}
    uintx NonProfiledCodeHeapSize                  = 122909434                              {pd product} {ergonomic}
   size_t OldSize                                  = 70254592                                  {product} {ergonomic}
    uintx ProfiledCodeHeapSize                     = 122909434                              {pd product} {ergonomic}
    uintx ReservedCodeCacheSize                    = 251658240                              {pd product} {ergonomic}
     bool SegmentedCodeCache                       = true                                      {product} {ergonomic}
   size_t SoftMaxHeapSize                          = 2147483648                             {manageable} {ergonomic}
     bool UseCompressedOops                        = true                           {product lp64_product} {ergonomic}
     bool UseLargePagesIndividualAllocation        = false                                  {pd product} {ergonomic}
     bool UseParallelGC                            = true                                      {product} {command line}

Logging:
Log output configuration:
 #0: stdout all=off uptime,level,tags foldmultilines=false
 #1: stderr all=off uptime,level,tags foldmultilines=false

Release file:
JAVA_VERSION="21.0.10" 
MODULES="java.base java.compiler java.datatransfer java.xml java.prefs java.desktop java.instrument java.logging java.management java.security.sasl java.naming java.rmi java.management.rmi java.net.http java.scripting java.security.jgss java.transaction.xa java.sql java.sql.rowset java.xml.crypto java.se java.smartcardio jdk.accessibility jdk.internal.jvmstat jdk.attach jdk.charsets jdk.internal.opt jdk.zipfs jdk.compiler jdk.crypto.ec jdk.crypto.cryptoki jdk.crypto.mscapi jdk.dynalink jdk.internal.ed jdk.editpad jdk.hotspot.agent jdk.httpserver jdk.internal.le jdk.internal.vm.ci jdk.internal.vm.compiler jdk.internal.vm.compiler.management jdk.jartool jdk.javadoc jdk.jcmd jdk.management jdk.management.agent jdk.jconsole jdk.jdeps jdk.jdwp.agent jdk.jdi jdk.jfr jdk.jshell jdk.jsobject jdk.jstatd jdk.localedata jdk.management.jfr jdk.naming.dns jdk.naming.rmi jdk.net jdk.nio.mapmode jdk.random jdk.sctp jdk.security.auth jdk.security.jgss jdk.unsupported jdk.unsupported.desktop jdk.xml.dom" 

Environment Variables:
PATH=C:\Program Files\Common Files\Oracle\Java\javapath;C:\Program Files\Microsoft MPI\Bin\;C:\WINDOWS\system32;C:\WINDOWS;C:\WINDOWS\System32\Wbem;C:\WINDOWS\System32\WindowsPowerShell\v1.0\;C:\WINDOWS\System32\OpenSSH\;C:\Program Files\Microsoft SQL Server\Client SDK\ODBC\170\Tools\Binn\;C:\Program Files\dotnet\;C:\Program Files (x86)\Microsoft SQL Server\160\Tools\Binn\;C:\Program Files\Microsoft SQL Server\160\Tools\Binn\;C:\Program Files\Microsoft SQL Server\160\DTS\Binn\;C:\Users\WALSTAR\AppData\Local\Android\Sdk\platforms;C:\Users\WALSTAR\AppData\Local\Android\Sdk\platform-tools;C:\Program Files\Java\jdk-11\bin;C:\Program Files\Java\jdk-17\bin;C:\Program Files\MongoDB\Server\7.0\bin;C:\composer;C:\Program Files (x86)\Microsoft SQL Server\160\DTS\Binn\;C:\Users\WALSTAR\AppData\Local\nvm;C:\Program Files\nodejs;C:\Program Files\nodejs\;D:\xampp\php;C:\Program Files\Microsoft SQL Server\150\Tools\Binn\;D:\composer;C:\Users\WALSTAR\AppData\Local\Android\Sdk\tools;C:\Users\WALSTAR\AppData\Local\Microsoft\WindowsApps;C:\Users\WALSTAR\AppData\Local\Programs\Microsoft VS Code\bin;C:\Users\WALSTAR\AppData\Local\Programs\Git\cmd;D:\flutter\bin;C:\Users\WALSTAR\.dotnet\tools;C:\Program Files\MongoDB\Server\7.0\bin;C:\Users\WALSTAR\AppData\Local\nvm;C:\Program Files\nodejs;C:\Users\WALSTAR\AppData\Roaming\npm;C:\Users\WALSTAR\AppData\Local\Programs\Windsurf\bin;D:\xampp\php;C:\Users\WALSTAR\AppData\Roaming\Composer\vendor\bin;C:\Users\WALSTAR\AppData\Local\Programs\Antigravity\bin
USERNAME=WALSTAR
OS=Windows_NT
PROCESSOR_IDENTIFIER=Intel64 Family 6 Model 154 Stepping 4, GenuineIntel
TMP=C:\Users\WALSTAR\AppData\Local\Temp
TEMP=C:\Users\WALSTAR\AppData\Local\Temp




Periodic native trim disabled

---------------  S Y S T E M  ---------------

OS:
 Windows 11 , 64 bit Build 26100 (10.0.26100.8115)
OS uptime: 0 days 3:22 hours
Hyper-V role detected

CPU: total 12 (initial active 12) (6 cores per cpu, 2 threads per core) family 6 model 154 stepping 4 microcode 0x432, cx8, cmov, fxsr, ht, mmx, 3dnowpref, sse, sse2, sse3, ssse3, sse4.1, sse4.2, popcnt, lzcnt, tsc, tscinvbit, avx, avx2, aes, erms, clmul, bmi1, bmi2, adx, sha, fma, vzeroupper, clflush, clflushopt, clwb, hv, serialize, rdtscp, rdpid, fsrm, f16c, cet_ibt, cet_ss
Processor Information for processor 0
  Max Mhz: 1300, Current Mhz: 1300, Mhz Limit: 1300
Processor Information for processor 1
  Max Mhz: 1300, Current Mhz: 1300, Mhz Limit: 1300
Processor Information for processor 2
  Max Mhz: 1300, Current Mhz: 1300, Mhz Limit: 1300
Processor Information for processor 3
  Max Mhz: 1300, Current Mhz: 1300, Mhz Limit: 1300
Processor Information for processor 4
  Max Mhz: 1300, Current Mhz: 900, Mhz Limit: 897
Processor Information for processor 5
  Max Mhz: 1300, Current Mhz: 900, Mhz Limit: 897
Processor Information for processor 6
  Max Mhz: 1300, Current Mhz: 900, Mhz Limit: 897
Processor Information for processor 7
  Max Mhz: 1300, Current Mhz: 900, Mhz Limit: 897
Processor Information for processor 8
  Max Mhz: 1300, Current Mhz: 900, Mhz Limit: 897
Processor Information for processor 9
  Max Mhz: 1300, Current Mhz: 900, Mhz Limit: 897
Processor Information for processor 10
  Max Mhz: 1300, Current Mhz: 900, Mhz Limit: 897
Processor Information for processor 11
  Max Mhz: 1300, Current Mhz: 900, Mhz Limit: 897

Memory: 4k page, system-wide physical 16092M (523M free)
TotalPageFile size 26886M (AvailPageFile size 29M)
current process WorkingSet (physical memory assigned to process): 93M, peak: 93M
current process commit charge ("private bytes"): 243M, peak: 248M

vm_info: OpenJDK 64-Bit Server VM (21.0.10+7-LTS) for windows-amd64 JRE (21.0.10+7-LTS), built on 2026-01-20T00:00:00Z by "admin" with MS VC++ 17.12 (VS2022)

END.
