#
# There is insufficient memory for the Java Runtime Environment to continue.
# Native memory allocation (malloc) failed to allocate 1048576 bytes. Error detail: AllocateHeap
# Possible reasons:
#   The system is out of physical RAM or swap space
#   This process is running with CompressedOops enabled, and the Java Heap may be blocking the growth of the native heap
# Possible solutions:
#   Reduce memory load on the system
#   Increase physical memory or swap space
#   Check if swap backing store is full
#   Decrease Java heap size (-Xmx/-Xms)
#   Decrease number of Java threads
#   Decrease Java thread stack sizes (-Xss)
#   Set larger code cache with -XX:ReservedCodeCacheSize=
#   JVM is running with Unscaled Compressed Oops mode in which the Java heap is
#     placed in the first 4GB address space. The Java Heap base address is the
#     maximum limit for the native heap growth. Please use -XX:HeapBaseMinAddress
#     to set the Java Heap base and to place the Java Heap above 4GB virtual address.
# This output file may be truncated or incomplete.
#
#  Out of Memory Error (allocation.cpp:44), pid=13128, tid=5868
#
# JRE version: OpenJDK Runtime Environment Temurin-21.0.10+7 (21.0.10+7) (build 21.0.10+7-LTS)
# Java VM: OpenJDK 64-Bit Server VM Temurin-21.0.10+7 (21.0.10+7-LTS, mixed mode, sharing, tiered, compressed oops, compressed class ptrs, parallel gc, windows-amd64)
# No core dump will be written. Minidumps are not enabled by default on client versions of Windows
#

---------------  S U M M A R Y ------------

Command Line: --add-modules=ALL-SYSTEM --add-opens=java.base/java.util=ALL-UNNAMED --add-opens=java.base/java.lang=ALL-UNNAMED --add-opens=java.base/sun.nio.fs=ALL-UNNAMED -Declipse.application=org.eclipse.jdt.ls.core.id1 -Dosgi.bundles.defaultStartLevel=4 -Declipse.product=org.eclipse.jdt.ls.core.product -Djava.import.generatesMetadataFilesAtProjectRoot=false -DDetectVMInstallationsJob.disabled=true -Dfile.encoding=utf8 -XX:+UseParallelGC -XX:GCTimeRatio=4 -XX:AdaptiveSizePolicyWeight=90 -Dsun.zip.disableMemoryMapping=true -Xmx2G -Xms100m -Xlog:disable -javaagent:c:\Users\WALSTAR\.antigravity\extensions\redhat.java-1.54.0-win32-x64\lombok\lombok-1.18.39-4050.jar -XX:+HeapDumpOnOutOfMemoryError -XX:HeapDumpPath=c:\Users\WALSTAR\AppData\Roaming\Antigravity\User\workspaceStorage\e22b2c0d634aea8cca2cfe9187207b64\redhat.java -Daether.dependencyCollector.impl=bf c:\Users\WALSTAR\.antigravity\extensions\redhat.java-1.54.0-win32-x64\server\plugins\org.eclipse.equinox.launcher_1.7.100.v20251111-0406.jar -configuration c:\Users\WALSTAR\AppData\Roaming\Antigravity\User\globalStorage\redhat.java\1.54.0\config_win -data c:\Users\WALSTAR\AppData\Roaming\Antigravity\User\workspaceStorage\e22b2c0d634aea8cca2cfe9187207b64\redhat.java\jdt_ws --pipe=\\.\pipe\lsp-cf54cafe0554c7247846bf12b006f835-sock

Host: 12th Gen Intel(R) Core(TM) i5-1235U, 12 cores, 15G,  Windows 11 , 64 bit Build 26100 (10.0.26100.8115)
Time: Tue May  5 16:30:43 2026 India Standard Time elapsed time: 5329.347445 seconds (0d 1h 28m 49s)

---------------  T H R E A D  ---------------

Current thread (0x00000224214ad780):  JavaThread "Attach Listener" daemon [_thread_in_vm, id=5868, stack(0x00000065d8f00000,0x00000065d9000000) (1024K)]

Stack: [0x00000065d8f00000,0x00000065d9000000]
Native frames: (J=compiled Java code, j=interpreted, Vv=VM code, C=native code)
V  [jvm.dll+0x6d7a39]
V  [jvm.dll+0x8b4b26]
V  [jvm.dll+0x8b70de]
V  [jvm.dll+0x8b77c3]
V  [jvm.dll+0x284346]
V  [jvm.dll+0xc1277]
V  [jvm.dll+0x6d82e9]
V  [jvm.dll+0x1334a6]
V  [jvm.dll+0x3f857e]
V  [jvm.dll+0x85f59d]
V  [jvm.dll+0x6d626d]
C  [ucrtbase.dll+0x37b0]
C  [KERNEL32.DLL+0x2e8d7]
C  [ntdll.dll+0x8c3fc]


---------------  P R O C E S S  ---------------

Threads class SMR info:
_java_thread_list=0x0000022412721ff0, length=39, elements={
0x0000022421403b70, 0x00000224214a67e0, 0x00000224214a9860, 0x00000224214ab960,
0x00000224214ad780, 0x00000224214ae1e0, 0x00000224214aec40, 0x00000224214b1a90,
0x000002247a2b4dd0, 0x000002247a431e70, 0x0000022404114400, 0x00000224042ec130,
0x00000224048042d0, 0x000002247a2e4380, 0x000002247a2dd5d0, 0x00000224047afb60,
0x0000022404a66c20, 0x0000022404d51ea0, 0x0000022405069df0, 0x000002240506a480,
0x0000022405069760, 0x0000022405067d20, 0x0000022405068a40, 0x00000224064893f0,
0x0000022406486c90, 0x0000022406487320, 0x00000224064879b0, 0x0000022406488040,
0x000002240648a110, 0x000002240648a7a0, 0x0000022406489a80, 0x000002240648bb50,
0x00000224064886d0, 0x000002240648ae30, 0x000002240648b4c0, 0x000002240648c1e0,
0x000002240648d590, 0x000002240648c870, 0x0000022407f3c910
}

Java Threads: ( => current thread )
  0x0000022421403b70 JavaThread "main"                              [_thread_blocked, id=6792, stack(0x00000065d8800000,0x00000065d8900000) (1024K)]
  0x00000224214a67e0 JavaThread "Reference Handler"          daemon [_thread_blocked, id=13048, stack(0x00000065d8c00000,0x00000065d8d00000) (1024K)]
  0x00000224214a9860 JavaThread "Finalizer"                  daemon [_thread_blocked, id=14152, stack(0x00000065d8d00000,0x00000065d8e00000) (1024K)]
  0x00000224214ab960 JavaThread "Signal Dispatcher"          daemon [_thread_blocked, id=11724, stack(0x00000065d8e00000,0x00000065d8f00000) (1024K)]
=>0x00000224214ad780 JavaThread "Attach Listener"            daemon [_thread_in_vm, id=5868, stack(0x00000065d8f00000,0x00000065d9000000) (1024K)]
  0x00000224214ae1e0 JavaThread "Service Thread"             daemon [_thread_blocked, id=7776, stack(0x00000065d9000000,0x00000065d9100000) (1024K)]
  0x00000224214aec40 JavaThread "Monitor Deflation Thread"   daemon [_thread_blocked, id=8172, stack(0x00000065d9100000,0x00000065d9200000) (1024K)]
  0x00000224214b1a90 JavaThread "C2 CompilerThread0"         daemon [_thread_blocked, id=15332, stack(0x00000065d9200000,0x00000065d9300000) (1024K)]
  0x000002247a2b4dd0 JavaThread "C1 CompilerThread0"         daemon [_thread_blocked, id=4888, stack(0x00000065d9300000,0x00000065d9400000) (1024K)]
  0x000002247a431e70 JavaThread "Common-Cleaner"             daemon [_thread_blocked, id=6348, stack(0x00000065d9500000,0x00000065d9600000) (1024K)]
  0x0000022404114400 JavaThread "Notification Thread"        daemon [_thread_blocked, id=17416, stack(0x00000065d9600000,0x00000065d9700000) (1024K)]
  0x00000224042ec130 JavaThread "Active Thread: Equinox Container: 2c93fb07-b3da-4f81-8440-636df35fe834"        [_thread_blocked, id=9120, stack(0x00000065d9e00000,0x00000065d9f00000) (1024K)]
  0x00000224048042d0 JavaThread "Refresh Thread: Equinox Container: 2c93fb07-b3da-4f81-8440-636df35fe834" daemon [_thread_blocked, id=12228, stack(0x00000065d9f00000,0x00000065da000000) (1024K)]
  0x000002247a2e4380 JavaThread "Framework Event Dispatcher: Equinox Container: 2c93fb07-b3da-4f81-8440-636df35fe834" daemon [_thread_blocked, id=12664, stack(0x00000065da000000,0x00000065da100000) (1024K)]
  0x000002247a2dd5d0 JavaThread "Start Level: Equinox Container: 2c93fb07-b3da-4f81-8440-636df35fe834" daemon [_thread_blocked, id=1568, stack(0x00000065da100000,0x00000065da200000) (1024K)]
  0x00000224047afb60 JavaThread "Bundle File Closer"         daemon [_thread_blocked, id=11460, stack(0x00000065da400000,0x00000065da500000) (1024K)]
  0x0000022404a66c20 JavaThread "SCR Component Actor"        daemon [_thread_blocked, id=20676, stack(0x00000065d9700000,0x00000065d9800000) (1024K)]
  0x0000022404d51ea0 JavaThread "Worker-JM"                         [_thread_blocked, id=20688, stack(0x00000065da700000,0x00000065da800000) (1024K)]
  0x0000022405069df0 JavaThread "JNA Cleaner"                daemon [_thread_blocked, id=21056, stack(0x00000065da600000,0x00000065da700000) (1024K)]
  0x000002240506a480 JavaThread "Worker-0"                          [_thread_blocked, id=21080, stack(0x00000065da500000,0x00000065da600000) (1024K)]
  0x0000022405069760 JavaThread "Worker-1"                          [_thread_blocked, id=21088, stack(0x00000065da800000,0x00000065da900000) (1024K)]
  0x0000022405067d20 JavaThread "Java indexing"              daemon [_thread_blocked, id=21176, stack(0x00000065daa00000,0x00000065dab00000) (1024K)]
  0x0000022405068a40 JavaThread "Thread-1"                   daemon [_thread_in_native, id=21260, stack(0x00000065db200000,0x00000065db300000) (1024K)]
  0x00000224064893f0 JavaThread "Thread-2"                   daemon [_thread_in_native, id=21264, stack(0x00000065db300000,0x00000065db400000) (1024K)]
  0x0000022406486c90 JavaThread "Thread-3"                   daemon [_thread_in_native, id=21268, stack(0x00000065db400000,0x00000065db500000) (1024K)]
  0x0000022406487320 JavaThread "Thread-4"                   daemon [_thread_in_native, id=21272, stack(0x00000065db500000,0x00000065db600000) (1024K)]
  0x00000224064879b0 JavaThread "Thread-5"                   daemon [_thread_in_native, id=21276, stack(0x00000065db600000,0x00000065db700000) (1024K)]
  0x0000022406488040 JavaThread "Thread-6"                   daemon [_thread_in_native, id=21280, stack(0x00000065db700000,0x00000065db800000) (1024K)]
  0x000002240648a110 JavaThread "Thread-7"                   daemon [_thread_in_native, id=21284, stack(0x00000065db800000,0x00000065db900000) (1024K)]
  0x000002240648a7a0 JavaThread "Thread-8"                   daemon [_thread_in_native, id=21288, stack(0x00000065db900000,0x00000065dba00000) (1024K)]
  0x0000022406489a80 JavaThread "Thread-9"                   daemon [_thread_in_native, id=21292, stack(0x00000065dba00000,0x00000065dbb00000) (1024K)]
  0x000002240648bb50 JavaThread "Thread-10"                  daemon [_thread_in_native, id=21296, stack(0x00000065dbb00000,0x00000065dbc00000) (1024K)]
  0x00000224064886d0 JavaThread "Thread-11"                  daemon [_thread_in_native, id=21300, stack(0x00000065dbc00000,0x00000065dbd00000) (1024K)]
  0x000002240648ae30 JavaThread "Thread-12"                  daemon [_thread_in_native, id=21304, stack(0x00000065dbd00000,0x00000065dbe00000) (1024K)]
  0x000002240648b4c0 JavaThread "Thread-13"                  daemon [_thread_in_native, id=21308, stack(0x00000065dbe00000,0x00000065dbf00000) (1024K)]
  0x000002240648c1e0 JavaThread "pool-2-thread-1"                   [_thread_blocked, id=21316, stack(0x00000065dbf00000,0x00000065dc000000) (1024K)]
  0x000002240648d590 JavaThread "WorkspaceEventsHandler"            [_thread_blocked, id=21320, stack(0x00000065dc000000,0x00000065dc100000) (1024K)]
  0x000002240648c870 JavaThread "pool-1-thread-1"                   [_thread_blocked, id=21324, stack(0x00000065dc100000,0x00000065dc200000) (1024K)]
  0x0000022407f3c910 JavaThread "Timer-0"                           [_thread_blocked, id=20896, stack(0x00000065da900000,0x00000065daa00000) (1024K)]
Total: 39

Other Threads:
  0x00000224214a19a0 VMThread "VM Thread"                           [id=4144, stack(0x00000065d8b00000,0x00000065d8c00000) (1024K)]
  0x0000022437d8ca00 WatcherThread "VM Periodic Task Thread"        [id=8484, stack(0x00000065d8a00000,0x00000065d8b00000) (1024K)]
  0x0000022421421fc0 WorkerThread "GC Thread#0"                     [id=3468, stack(0x00000065d8900000,0x00000065d8a00000) (1024K)]
  0x0000022404469820 WorkerThread "GC Thread#1"                     [id=8396, stack(0x00000065d9800000,0x00000065d9900000) (1024K)]
  0x0000022404469bd0 WorkerThread "GC Thread#2"                     [id=19200, stack(0x00000065d9900000,0x00000065d9a00000) (1024K)]
  0x0000022404521630 WorkerThread "GC Thread#3"                     [id=19176, stack(0x00000065d9a00000,0x00000065d9b00000) (1024K)]
  0x00000224045219e0 WorkerThread "GC Thread#4"                     [id=19172, stack(0x00000065d9b00000,0x00000065d9c00000) (1024K)]
  0x0000022404521d90 WorkerThread "GC Thread#5"                     [id=1992, stack(0x00000065d9c00000,0x00000065d9d00000) (1024K)]
  0x0000022404522140 WorkerThread "GC Thread#6"                     [id=17328, stack(0x00000065d9d00000,0x00000065d9e00000) (1024K)]
  0x000002247a278250 WorkerThread "GC Thread#7"                     [id=11028, stack(0x00000065d9400000,0x00000065d9500000) (1024K)]
  0x0000022404eb9010 WorkerThread "GC Thread#8"                     [id=17136, stack(0x00000065da200000,0x00000065da300000) (1024K)]
  0x0000022404eb97d0 WorkerThread "GC Thread#9"                     [id=17680, stack(0x00000065da300000,0x00000065da400000) (1024K)]
Total: 12

Threads with active compile tasks:
Total: 0

VM state: not at safepoint (normal execution)

VM Mutex/Monitor currently owned by a thread: None

Heap address: 0x0000000080000000, size: 2048 MB, Compressed Oops mode: 32-bit

CDS archive(s) mapped at: [0x0000022438000000-0x0000022438ba0000-0x0000022438ba0000), size 12189696, SharedBaseAddress: 0x0000022438000000, ArchiveRelocationMode: 1.
Compressed class space mapped at: 0x0000022439000000-0x0000022479000000, reserved size: 1073741824
Narrow klass base: 0x0000022438000000, Narrow klass shift: 0, Narrow klass range: 0x100000000

GC Precious Log:
 CardTable entry size: 512
 CPUs: 12 total, 12 available
 Memory: 16092M
 Large Page Support: Disabled
 NUMA Support: Disabled
 Compressed Oops: Enabled (32-bit)
 Alignments: Space 512K, Generation 512K, Heap 2M
 Heap Min Capacity: 100M
 Heap Initial Capacity: 100M
 Heap Max Capacity: 2G
 Pre-touch: Disabled
 Parallel Workers: 10

Heap:
 PSYoungGen      total 3584K, used 1682K [0x00000000d5580000, 0x00000000d5a80000, 0x0000000100000000)
  eden space 3072K, 47% used [0x00000000d5580000,0x00000000d56ec810,0x00000000d5880000)
  from space 512K, 43% used [0x00000000d5a00000,0x00000000d5a38000,0x00000000d5a80000)
  to   space 512K, 0% used [0x00000000d5980000,0x00000000d5980000,0x00000000d5a00000)
 ParOldGen       total 202240K, used 202007K [0x0000000080000000, 0x000000008c580000, 0x00000000d5580000)
  object space 202240K, 99% used [0x0000000080000000,0x000000008c545cc0,0x000000008c580000)
 Metaspace       used 81461K, committed 83328K, reserved 1179648K
  class space    used 10341K, committed 11136K, reserved 1048576K

Card table byte_map: [0x0000022420da0000,0x00000224211b0000] _byte_map_base: 0x00000224209a0000

Marking Bits: (ParMarkBitMap*) 0x00007ffc96bb3450
 Begin Bits: [0x00000224338b0000, 0x00000224358b0000)
 End Bits:   [0x00000224358b0000, 0x00000224378b0000)

Polling page: 0x000002241f2b0000

Metaspace:

Usage:
  Non-class:     69.45 MB used.
      Class:     10.10 MB used.
       Both:     79.55 MB used.

Virtual space:
  Non-class space:      128.00 MB reserved,      70.50 MB ( 55%) committed,  2 nodes.
      Class space:        1.00 GB reserved,      10.88 MB (  1%) committed,  1 nodes.
             Both:        1.12 GB reserved,      81.38 MB (  7%) committed. 

Chunk freelists:
   Non-Class:  9.48 MB
       Class:  4.97 MB
        Both:  14.46 MB

MaxMetaspaceSize: unlimited
CompressedClassSpaceSize: 1.00 GB
Initial GC threshold: 21.00 MB
Current GC threshold: 97.31 MB
CDS: on
 - commit_granule_bytes: 65536.
 - commit_granule_words: 8192.
 - virtual_space_node_default_size: 8388608.
 - enlarge_chunks_in_place: 1.
 - use_allocation_guard: 0.


Internal statistics:

num_allocs_failed_limit: 9.
num_arena_births: 1720.
num_arena_deaths: 30.
num_vsnodes_births: 3.
num_vsnodes_deaths: 0.
num_space_committed: 1302.
num_space_uncommitted: 0.
num_chunks_returned_to_freelist: 43.
num_chunks_taken_from_freelist: 5345.
num_chunk_merges: 15.
num_chunk_splits: 3483.
num_chunks_enlarged: 2242.
num_inconsistent_stats: 0.

CodeHeap 'non-profiled nmethods': size=120000Kb used=8660Kb max_used=8660Kb free=111339Kb
 bounds [0x000002242c0d0000, 0x000002242c950000, 0x0000022433600000]
CodeHeap 'profiled nmethods': size=120000Kb used=22409Kb max_used=22409Kb free=97590Kb
 bounds [0x0000022424600000, 0x0000022425bf0000, 0x000002242bb30000]
CodeHeap 'non-nmethods': size=5760Kb used=1416Kb max_used=1471Kb free=4343Kb
 bounds [0x000002242bb30000, 0x000002242bda0000, 0x000002242c0d0000]
CodeCache: size=245760Kb, used=32485Kb, max_used=32540Kb, free=213272Kb
 total_blobs=11747, nmethods=11026, adapters=627, full_count=0
Compilation: enabled, stopped_count=0, restarted_count=0

Compilation events (20 events):
Event: 4016.599 Thread 0x000002247a2b4dd0 11793       3       java.lang.ProcessHandleImpl::<init> (15 bytes)
Event: 4016.600 Thread 0x000002247a2b4dd0 nmethod 11793 0x0000022425bdbf90 code [0x0000022425bdc140, 0x0000022425bdc2b0]
Event: 4546.920 Thread 0x000002247a2b4dd0 11794       3       java.lang.ProcessHandleImpl::get (51 bytes)
Event: 4546.924 Thread 0x000002247a2b4dd0 nmethod 11794 0x0000022425bdc390 code [0x0000022425bdc5a0, 0x0000022425bdcba8]
Event: 4546.924 Thread 0x000002247a2b4dd0 11795       3       java.lang.ProcessHandleImpl::isAlive (44 bytes)
Event: 4546.924 Thread 0x000002247a2b4dd0 nmethod 11795 0x0000022425bdce10 code [0x0000022425bdcfc0, 0x0000022425bdd220]
Event: 4585.340 Thread 0x000002247a2b4dd0 11796   !   3       java.lang.ref.ReferenceQueue::remove (61 bytes)
Event: 4585.342 Thread 0x000002247a2b4dd0 nmethod 11796 0x0000022425bdd310 code [0x0000022425bdd5a0, 0x0000022425bde128]
Event: 4585.342 Thread 0x000002247a2b4dd0 11797       3       java.lang.ref.ReferenceQueue::remove0 (64 bytes)
Event: 4585.343 Thread 0x000002247a2b4dd0 nmethod 11797 0x0000022425bde510 code [0x0000022425bde720, 0x0000022425bdeba0]
Event: 4823.391 Thread 0x000002247a2b4dd0 11798       3       org.eclipse.core.internal.jobs.JobManager::validateRule (133 bytes)
Event: 4823.394 Thread 0x00000224214b1a90 11799       4       org.eclipse.core.internal.resources.MarkerInfo::shareStrings (21 bytes)
Event: 4823.402 Thread 0x000002247a2b4dd0 nmethod 11798 0x0000022425bded10 code [0x0000022425bdf040, 0x0000022425be0408]
Event: 4823.402 Thread 0x000002247a2b4dd0 11800       1       org.eclipse.core.internal.jobs.InternalJob::setResult (6 bytes)
Event: 4823.404 Thread 0x000002247a2b4dd0 nmethod 11800 0x000002242c943690 code [0x000002242c943820, 0x000002242c943908]
Event: 4823.422 Thread 0x00000224214b1a90 nmethod 11799 0x000002242c943990 code [0x000002242c943c00, 0x000002242c9448b0]
Event: 4916.014 Thread 0x000002247a2b4dd0 11801       3       java.util.concurrent.locks.AbstractQueuedSynchronizer$ConditionObject::await (202 bytes)
Event: 4916.025 Thread 0x000002247a2b4dd0 nmethod 11801 0x0000022425be0990 code [0x0000022425be0c80, 0x0000022425be1ab0]
Event: 4975.439 Thread 0x000002247a2b4dd0 11802       3       java.lang.ref.ReferenceQueue::await (15 bytes)
Event: 4975.442 Thread 0x000002247a2b4dd0 nmethod 11802 0x0000022425be2090 code [0x0000022425be2240, 0x0000022425be23e0]

GC Heap History (20 events):
Event: 374.938 GC heap before
{Heap before GC invocations=392 (full 3):
 PSYoungGen      total 4096K, used 4088K [0x00000000d5580000, 0x00000000d5d80000, 0x0000000100000000)
  eden space 3072K, 100% used [0x00000000d5580000,0x00000000d5880000,0x00000000d5880000)
  from space 1024K, 99% used [0x00000000d5b00000,0x00000000d5bfe010,0x00000000d5c00000)
  to   space 2560K, 0% used [0x00000000d5880000,0x00000000d5880000,0x00000000d5b00000)
 ParOldGen       total 197632K, used 197585K [0x0000000080000000, 0x000000008c100000, 0x00000000d5580000)
  object space 197632K, 99% used [0x0000000080000000,0x000000008c0f4490,0x000000008c100000)
 Metaspace       used 81195K, committed 83008K, reserved 1179648K
  class space    used 10321K, committed 11072K, reserved 1048576K
}
Event: 374.940 GC heap after
{Heap after GC invocations=392 (full 3):
 PSYoungGen      total 4096K, used 672K [0x00000000d5580000, 0x00000000d5b80000, 0x0000000100000000)
  eden space 3072K, 0% used [0x00000000d5580000,0x00000000d5580000,0x00000000d5880000)
  from space 1024K, 65% used [0x00000000d5880000,0x00000000d5928000,0x00000000d5980000)
  to   space 1536K, 0% used [0x00000000d5a00000,0x00000000d5a00000,0x00000000d5b80000)
 ParOldGen       total 198656K, used 198455K [0x0000000080000000, 0x000000008c200000, 0x00000000d5580000)
  object space 198656K, 99% used [0x0000000080000000,0x000000008c1cdcb0,0x000000008c200000)
 Metaspace       used 81195K, committed 83008K, reserved 1179648K
  class space    used 10321K, committed 11072K, reserved 1048576K
}
Event: 374.980 GC heap before
{Heap before GC invocations=393 (full 3):
 PSYoungGen      total 4096K, used 3744K [0x00000000d5580000, 0x00000000d5b80000, 0x0000000100000000)
  eden space 3072K, 100% used [0x00000000d5580000,0x00000000d5880000,0x00000000d5880000)
  from space 1024K, 65% used [0x00000000d5880000,0x00000000d5928000,0x00000000d5980000)
  to   space 1536K, 0% used [0x00000000d5a00000,0x00000000d5a00000,0x00000000d5b80000)
 ParOldGen       total 198656K, used 198455K [0x0000000080000000, 0x000000008c200000, 0x00000000d5580000)
  object space 198656K, 99% used [0x0000000080000000,0x000000008c1cdcb0,0x000000008c200000)
 Metaspace       used 81254K, committed 83072K, reserved 1179648K
  class space    used 10322K, committed 11072K, reserved 1048576K
}
Event: 374.982 GC heap after
{Heap after GC invocations=393 (full 3):
 PSYoungGen      total 4608K, used 1344K [0x00000000d5580000, 0x00000000d5b80000, 0x0000000100000000)
  eden space 3072K, 0% used [0x00000000d5580000,0x00000000d5580000,0x00000000d5880000)
  from space 1536K, 87% used [0x00000000d5a00000,0x00000000d5b50000,0x00000000d5b80000)
  to   space 1536K, 0% used [0x00000000d5880000,0x00000000d5880000,0x00000000d5a00000)
 ParOldGen       total 199168K, used 199039K [0x0000000080000000, 0x000000008c280000, 0x00000000d5580000)
  object space 199168K, 99% used [0x0000000080000000,0x000000008c25fcb0,0x000000008c280000)
 Metaspace       used 81254K, committed 83072K, reserved 1179648K
  class space    used 10322K, committed 11072K, reserved 1048576K
}
Event: 374.994 GC heap before
{Heap before GC invocations=394 (full 3):
 PSYoungGen      total 4608K, used 4416K [0x00000000d5580000, 0x00000000d5b80000, 0x0000000100000000)
  eden space 3072K, 100% used [0x00000000d5580000,0x00000000d5880000,0x00000000d5880000)
  from space 1536K, 87% used [0x00000000d5a00000,0x00000000d5b50000,0x00000000d5b80000)
  to   space 1536K, 0% used [0x00000000d5880000,0x00000000d5880000,0x00000000d5a00000)
 ParOldGen       total 199168K, used 199039K [0x0000000080000000, 0x000000008c280000, 0x00000000d5580000)
  object space 199168K, 99% used [0x0000000080000000,0x000000008c25fcb0,0x000000008c280000)
 Metaspace       used 81257K, committed 83072K, reserved 1179648K
  class space    used 10322K, committed 11072K, reserved 1048576K
}
Event: 374.996 GC heap after
{Heap after GC invocations=394 (full 3):
 PSYoungGen      total 4608K, used 1344K [0x00000000d5580000, 0x00000000d5b80000, 0x0000000100000000)
  eden space 3072K, 0% used [0x00000000d5580000,0x00000000d5580000,0x00000000d5880000)
  from space 1536K, 87% used [0x00000000d5880000,0x00000000d59d0010,0x00000000d5a00000)
  to   space 1536K, 0% used [0x00000000d5a00000,0x00000000d5a00000,0x00000000d5b80000)
 ParOldGen       total 200704K, used 200223K [0x0000000080000000, 0x000000008c400000, 0x00000000d5580000)
  object space 200704K, 99% used [0x0000000080000000,0x000000008c387cb0,0x000000008c400000)
 Metaspace       used 81257K, committed 83072K, reserved 1179648K
  class space    used 10322K, committed 11072K, reserved 1048576K
}
Event: 375.024 GC heap before
{Heap before GC invocations=395 (full 3):
 PSYoungGen      total 4608K, used 4416K [0x00000000d5580000, 0x00000000d5b80000, 0x0000000100000000)
  eden space 3072K, 100% used [0x00000000d5580000,0x00000000d5880000,0x00000000d5880000)
  from space 1536K, 87% used [0x00000000d5880000,0x00000000d59d0010,0x00000000d5a00000)
  to   space 1536K, 0% used [0x00000000d5a00000,0x00000000d5a00000,0x00000000d5b80000)
 ParOldGen       total 200704K, used 200223K [0x0000000080000000, 0x000000008c400000, 0x00000000d5580000)
  object space 200704K, 99% used [0x0000000080000000,0x000000008c387cb0,0x000000008c400000)
 Metaspace       used 81299K, committed 83072K, reserved 1179648K
  class space    used 10326K, committed 11072K, reserved 1048576K
}
Event: 375.027 GC heap after
{Heap after GC invocations=395 (full 3):
 PSYoungGen      total 3584K, used 480K [0x00000000d5580000, 0x00000000d5a80000, 0x0000000100000000)
  eden space 3072K, 0% used [0x00000000d5580000,0x00000000d5580000,0x00000000d5880000)
  from space 512K, 93% used [0x00000000d5a00000,0x00000000d5a78000,0x00000000d5a80000)
  to   space 1024K, 0% used [0x00000000d5880000,0x00000000d5880000,0x00000000d5980000)
 ParOldGen       total 201728K, used 201503K [0x0000000080000000, 0x000000008c500000, 0x00000000d5580000)
  object space 201728K, 99% used [0x0000000080000000,0x000000008c4c7cc0,0x000000008c500000)
 Metaspace       used 81299K, committed 83072K, reserved 1179648K
  class space    used 10326K, committed 11072K, reserved 1048576K
}
Event: 665.874 GC heap before
{Heap before GC invocations=396 (full 3):
 PSYoungGen      total 3584K, used 3552K [0x00000000d5580000, 0x00000000d5a80000, 0x0000000100000000)
  eden space 3072K, 100% used [0x00000000d5580000,0x00000000d5880000,0x00000000d5880000)
  from space 512K, 93% used [0x00000000d5a00000,0x00000000d5a78000,0x00000000d5a80000)
  to   space 1024K, 0% used [0x00000000d5880000,0x00000000d5880000,0x00000000d5980000)
 ParOldGen       total 201728K, used 201503K [0x0000000080000000, 0x000000008c500000, 0x00000000d5580000)
  object space 201728K, 99% used [0x0000000080000000,0x000000008c4c7cc0,0x000000008c500000)
 Metaspace       used 81416K, committed 83264K, reserved 1179648K
  class space    used 10341K, committed 11136K, reserved 1048576K
}
Event: 665.876 GC heap after
{Heap after GC invocations=396 (full 3):
 PSYoungGen      total 4096K, used 256K [0x00000000d5580000, 0x00000000d5a80000, 0x0000000100000000)
  eden space 3072K, 0% used [0x00000000d5580000,0x00000000d5580000,0x00000000d5880000)
  from space 1024K, 25% used [0x00000000d5880000,0x00000000d58c0000,0x00000000d5980000)
  to   space 512K, 0% used [0x00000000d5a00000,0x00000000d5a00000,0x00000000d5a80000)
 ParOldGen       total 202240K, used 201815K [0x0000000080000000, 0x000000008c580000, 0x00000000d5580000)
  object space 202240K, 99% used [0x0000000080000000,0x000000008c515cc0,0x000000008c580000)
 Metaspace       used 81416K, committed 83264K, reserved 1179648K
  class space    used 10341K, committed 11136K, reserved 1048576K
}
Event: 1360.812 GC heap before
{Heap before GC invocations=397 (full 3):
 PSYoungGen      total 4096K, used 3328K [0x00000000d5580000, 0x00000000d5a80000, 0x0000000100000000)
  eden space 3072K, 100% used [0x00000000d5580000,0x00000000d5880000,0x00000000d5880000)
  from space 1024K, 25% used [0x00000000d5880000,0x00000000d58c0000,0x00000000d5980000)
  to   space 512K, 0% used [0x00000000d5a00000,0x00000000d5a00000,0x00000000d5a80000)
 ParOldGen       total 202240K, used 201815K [0x0000000080000000, 0x000000008c580000, 0x00000000d5580000)
  object space 202240K, 99% used [0x0000000080000000,0x000000008c515cc0,0x000000008c580000)
 Metaspace       used 81427K, committed 83264K, reserved 1179648K
  class space    used 10341K, committed 11136K, reserved 1048576K
}
Event: 1360.813 GC heap after
{Heap after GC invocations=397 (full 3):
 PSYoungGen      total 3584K, used 256K [0x00000000d5580000, 0x00000000d5a80000, 0x0000000100000000)
  eden space 3072K, 0% used [0x00000000d5580000,0x00000000d5580000,0x00000000d5880000)
  from space 512K, 50% used [0x00000000d5a00000,0x00000000d5a40000,0x00000000d5a80000)
  to   space 512K, 0% used [0x00000000d5980000,0x00000000d5980000,0x00000000d5a00000)
 ParOldGen       total 202240K, used 201895K [0x0000000080000000, 0x000000008c580000, 0x00000000d5580000)
  object space 202240K, 99% used [0x0000000080000000,0x000000008c529cc0,0x000000008c580000)
 Metaspace       used 81427K, committed 83264K, reserved 1179648K
  class space    used 10341K, committed 11136K, reserved 1048576K
}
Event: 1667.442 GC heap before
{Heap before GC invocations=398 (full 3):
 PSYoungGen      total 3584K, used 3328K [0x00000000d5580000, 0x00000000d5a80000, 0x0000000100000000)
  eden space 3072K, 100% used [0x00000000d5580000,0x00000000d5880000,0x00000000d5880000)
  from space 512K, 50% used [0x00000000d5a00000,0x00000000d5a40000,0x00000000d5a80000)
  to   space 512K, 0% used [0x00000000d5980000,0x00000000d5980000,0x00000000d5a00000)
 ParOldGen       total 202240K, used 201895K [0x0000000080000000, 0x000000008c580000, 0x00000000d5580000)
  object space 202240K, 99% used [0x0000000080000000,0x000000008c529cc0,0x000000008c580000)
 Metaspace       used 81432K, committed 83264K, reserved 1179648K
  class space    used 10341K, committed 11136K, reserved 1048576K
}
Event: 1667.443 GC heap after
{Heap after GC invocations=398 (full 3):
 PSYoungGen      total 3584K, used 224K [0x00000000d5580000, 0x00000000d5a80000, 0x0000000100000000)
  eden space 3072K, 0% used [0x00000000d5580000,0x00000000d5580000,0x00000000d5880000)
  from space 512K, 43% used [0x00000000d5980000,0x00000000d59b8000,0x00000000d5a00000)
  to   space 512K, 0% used [0x00000000d5a00000,0x00000000d5a00000,0x00000000d5a80000)
 ParOldGen       total 202240K, used 201951K [0x0000000080000000, 0x000000008c580000, 0x00000000d5580000)
  object space 202240K, 99% used [0x0000000080000000,0x000000008c537cc0,0x000000008c580000)
 Metaspace       used 81432K, committed 83264K, reserved 1179648K
  class space    used 10341K, committed 11136K, reserved 1048576K
}
Event: 2877.012 GC heap before
{Heap before GC invocations=399 (full 3):
 PSYoungGen      total 3584K, used 3296K [0x00000000d5580000, 0x00000000d5a80000, 0x0000000100000000)
  eden space 3072K, 100% used [0x00000000d5580000,0x00000000d5880000,0x00000000d5880000)
  from space 512K, 43% used [0x00000000d5980000,0x00000000d59b8000,0x00000000d5a00000)
  to   space 512K, 0% used [0x00000000d5a00000,0x00000000d5a00000,0x00000000d5a80000)
 ParOldGen       total 202240K, used 201951K [0x0000000080000000, 0x000000008c580000, 0x00000000d5580000)
  object space 202240K, 99% used [0x0000000080000000,0x000000008c537cc0,0x000000008c580000)
 Metaspace       used 81451K, committed 83264K, reserved 1179648K
  class space    used 10341K, committed 11136K, reserved 1048576K
}
Event: 2877.015 GC heap after
{Heap after GC invocations=399 (full 3):
 PSYoungGen      total 3584K, used 160K [0x00000000d5580000, 0x00000000d5a80000, 0x0000000100000000)
  eden space 3072K, 0% used [0x00000000d5580000,0x00000000d5580000,0x00000000d5880000)
  from space 512K, 31% used [0x00000000d5a00000,0x00000000d5a28000,0x00000000d5a80000)
  to   space 512K, 0% used [0x00000000d5980000,0x00000000d5980000,0x00000000d5a00000)
 ParOldGen       total 202240K, used 201975K [0x0000000080000000, 0x000000008c580000, 0x00000000d5580000)
  object space 202240K, 99% used [0x0000000080000000,0x000000008c53dcc0,0x000000008c580000)
 Metaspace       used 81451K, committed 83264K, reserved 1179648K
  class space    used 10341K, committed 11136K, reserved 1048576K
}
Event: 3226.838 GC heap before
{Heap before GC invocations=400 (full 3):
 PSYoungGen      total 3584K, used 3232K [0x00000000d5580000, 0x00000000d5a80000, 0x0000000100000000)
  eden space 3072K, 100% used [0x00000000d5580000,0x00000000d5880000,0x00000000d5880000)
  from space 512K, 31% used [0x00000000d5a00000,0x00000000d5a28000,0x00000000d5a80000)
  to   space 512K, 0% used [0x00000000d5980000,0x00000000d5980000,0x00000000d5a00000)
 ParOldGen       total 202240K, used 201975K [0x0000000080000000, 0x000000008c580000, 0x00000000d5580000)
  object space 202240K, 99% used [0x0000000080000000,0x000000008c53dcc0,0x000000008c580000)
 Metaspace       used 81454K, committed 83264K, reserved 1179648K
  class space    used 10341K, committed 11136K, reserved 1048576K
}
Event: 3226.841 GC heap after
{Heap after GC invocations=400 (full 3):
 PSYoungGen      total 3584K, used 256K [0x00000000d5580000, 0x00000000d5a80000, 0x0000000100000000)
  eden space 3072K, 0% used [0x00000000d5580000,0x00000000d5580000,0x00000000d5880000)
  from space 512K, 50% used [0x00000000d5980000,0x00000000d59c0000,0x00000000d5a00000)
  to   space 512K, 0% used [0x00000000d5a00000,0x00000000d5a00000,0x00000000d5a80000)
 ParOldGen       total 202240K, used 201991K [0x0000000080000000, 0x000000008c580000, 0x00000000d5580000)
  object space 202240K, 99% used [0x0000000080000000,0x000000008c541cc0,0x000000008c580000)
 Metaspace       used 81454K, committed 83264K, reserved 1179648K
  class space    used 10341K, committed 11136K, reserved 1048576K
}
Event: 3831.055 GC heap before
{Heap before GC invocations=401 (full 3):
 PSYoungGen      total 3584K, used 3328K [0x00000000d5580000, 0x00000000d5a80000, 0x0000000100000000)
  eden space 3072K, 100% used [0x00000000d5580000,0x00000000d5880000,0x00000000d5880000)
  from space 512K, 50% used [0x00000000d5980000,0x00000000d59c0000,0x00000000d5a00000)
  to   space 512K, 0% used [0x00000000d5a00000,0x00000000d5a00000,0x00000000d5a80000)
 ParOldGen       total 202240K, used 201991K [0x0000000080000000, 0x000000008c580000, 0x00000000d5580000)
  object space 202240K, 99% used [0x0000000080000000,0x000000008c541cc0,0x000000008c580000)
 Metaspace       used 81454K, committed 83264K, reserved 1179648K
  class space    used 10341K, committed 11136K, reserved 1048576K
}
Event: 3831.056 GC heap after
{Heap after GC invocations=401 (full 3):
 PSYoungGen      total 3584K, used 224K [0x00000000d5580000, 0x00000000d5a80000, 0x0000000100000000)
  eden space 3072K, 0% used [0x00000000d5580000,0x00000000d5580000,0x00000000d5880000)
  from space 512K, 43% used [0x00000000d5a00000,0x00000000d5a38000,0x00000000d5a80000)
  to   space 512K, 0% used [0x00000000d5980000,0x00000000d5980000,0x00000000d5a00000)
 ParOldGen       total 202240K, used 202007K [0x0000000080000000, 0x000000008c580000, 0x00000000d5580000)
  object space 202240K, 99% used [0x0000000080000000,0x000000008c545cc0,0x000000008c580000)
 Metaspace       used 81454K, committed 83264K, reserved 1179648K
  class space    used 10341K, committed 11136K, reserved 1048576K
}

Dll operation events (18 events):
Event: 0.014 Loaded shared library c:\Users\WALSTAR\.antigravity\extensions\redhat.java-1.54.0-win32-x64\jre\21.0.10-win32-x86_64\bin\java.dll
Event: 0.115 Loaded shared library c:\Users\WALSTAR\.antigravity\extensions\redhat.java-1.54.0-win32-x64\jre\21.0.10-win32-x86_64\bin\zip.dll
Event: 0.138 Loaded shared library C:\Users\WALSTAR\.antigravity\extensions\redhat.java-1.54.0-win32-x64\jre\21.0.10-win32-x86_64\bin\instrument.dll
Event: 0.145 Loaded shared library C:\Users\WALSTAR\.antigravity\extensions\redhat.java-1.54.0-win32-x64\jre\21.0.10-win32-x86_64\bin\net.dll
Event: 0.147 Loaded shared library C:\Users\WALSTAR\.antigravity\extensions\redhat.java-1.54.0-win32-x64\jre\21.0.10-win32-x86_64\bin\nio.dll
Event: 0.152 Loaded shared library C:\Users\WALSTAR\.antigravity\extensions\redhat.java-1.54.0-win32-x64\jre\21.0.10-win32-x86_64\bin\zip.dll
Event: 0.173 Loaded shared library C:\Users\WALSTAR\.antigravity\extensions\redhat.java-1.54.0-win32-x64\jre\21.0.10-win32-x86_64\bin\jimage.dll
Event: 0.257 Loaded shared library c:\Users\WALSTAR\.antigravity\extensions\redhat.java-1.54.0-win32-x64\jre\21.0.10-win32-x86_64\bin\verify.dll
Event: 10.346 Loaded shared library C:\Users\WALSTAR\AppData\Roaming\Antigravity\User\globalStorage\redhat.java\1.54.0\config_win\org.eclipse.equinox.launcher\org.eclipse.equinox.launcher.win32.win32.x86_64_1.3.0.v20260203-2149\eclipse_11919.dll
Event: 22.436 Loaded shared library C:\Users\WALSTAR\AppData\Local\Temp\jna-1837046804\jna1519094833301444569.dll
Event: 45.807 Loaded shared library C:\Users\WALSTAR\.gradle\native\1def1411415f61bf3af743bc5b6707747c0891f09f0c88961ee8f79bc544acac\windows-amd64\native-platform.dll
Event: 59.888 Loaded shared library C:\Users\WALSTAR\.antigravity\extensions\redhat.java-1.54.0-win32-x64\jre\21.0.10-win32-x86_64\bin\management.dll
Event: 59.932 Loaded shared library C:\Users\WALSTAR\.antigravity\extensions\redhat.java-1.54.0-win32-x64\jre\21.0.10-win32-x86_64\bin\management_ext.dll
Event: 74.230 Loaded shared library C:\Users\WALSTAR\.antigravity\extensions\redhat.java-1.54.0-win32-x64\jre\21.0.10-win32-x86_64\bin\extnet.dll
Event: 76.041 Loaded shared library C:\Users\WALSTAR\.antigravity\extensions\redhat.java-1.54.0-win32-x64\jre\21.0.10-win32-x86_64\bin\sunmscapi.dll
Event: 183.332 Loaded shared library C:\Users\WALSTAR\.gradle\native\c067742578af261105cb4f569cf0c3c89f3d7b1fecec35dd04571415982c5e48\windows-amd64\native-platform.dll
Event: 271.675 Loaded shared library C:\Users\WALSTAR\.gradle\native\29\windows-amd64\native-platform.dll
Event: 296.057 Loaded shared library C:\Users\WALSTAR\.gradle\native\25\windows-amd64\native-platform.dll

Deoptimization events (20 events):
Event: 665.884 Thread 0x000002240506a480 DEOPT PACKING pc=0x000002242c89933c sp=0x00000065da5fee30
Event: 665.884 Thread 0x000002240506a480 DEOPT UNPACKING pc=0x000002242bb83aa2 sp=0x00000065da5fed80 mode 2
Event: 665.895 Thread 0x000002240506a480 Uncommon trap: trap_request=0xffffff45 fr.pc=0x000002242c897070 relative=0x0000000000000310
Event: 665.895 Thread 0x000002240506a480 Uncommon trap: reason=unstable_if action=reinterpret pc=0x000002242c897070 method=org.eclipse.core.internal.resources.MarkerWriter.snap(Lorg/eclipse/core/internal/resources/ResourceInfo;Lorg/eclipse/core/internal/watson/IPathRequestor;Ljava/io/DataOutputS
Event: 665.895 Thread 0x000002240506a480 DEOPT PACKING pc=0x000002242c897070 sp=0x00000065da5fecb0
Event: 665.895 Thread 0x000002240506a480 DEOPT UNPACKING pc=0x000002242bb83aa2 sp=0x00000065da5feaf0 mode 2
Event: 665.896 Thread 0x000002240506a480 Uncommon trap: trap_request=0xffffff45 fr.pc=0x000002242c8978b0 relative=0x0000000000000090
Event: 665.896 Thread 0x000002240506a480 Uncommon trap: reason=unstable_if action=reinterpret pc=0x000002242c8978b0 method=org.eclipse.core.internal.resources.MarkerWriter.snap(Lorg/eclipse/core/internal/resources/ResourceInfo;Lorg/eclipse/core/internal/watson/IPathRequestor;Ljava/io/DataOutputS
Event: 665.896 Thread 0x000002240506a480 DEOPT PACKING pc=0x000002242c8978b0 sp=0x00000065da5febb0
Event: 665.896 Thread 0x000002240506a480 DEOPT UNPACKING pc=0x000002242bb83aa2 sp=0x00000065da5feb08 mode 2
Event: 1223.216 Thread 0x000002240506a480 Uncommon trap: trap_request=0xffffff45 fr.pc=0x000002242c88cba0 relative=0x0000000000001c80
Event: 1223.216 Thread 0x000002240506a480 Uncommon trap: reason=unstable_if action=reinterpret pc=0x000002242c88cba0 method=org.eclipse.core.internal.utils.StringPool.add(Ljava/lang/String;)Ljava/lang/String; @ 1 c2
Event: 1223.216 Thread 0x000002240506a480 DEOPT PACKING pc=0x000002242c88cba0 sp=0x00000065da5fedd0
Event: 1223.216 Thread 0x000002240506a480 DEOPT UNPACKING pc=0x000002242bb83aa2 sp=0x00000065da5fed28 mode 2
Event: 1223.216 Thread 0x000002240506a480 Uncommon trap: trap_request=0xffffff45 fr.pc=0x000002242c888cf0 relative=0x0000000000001c50
Event: 1223.216 Thread 0x000002240506a480 Uncommon trap: reason=unstable_if action=reinterpret pc=0x000002242c888cf0 method=org.eclipse.core.internal.utils.StringPool.add(Ljava/lang/String;)Ljava/lang/String; @ 1 c2
Event: 1223.216 Thread 0x000002240506a480 DEOPT PACKING pc=0x000002242c888cf0 sp=0x00000065da5fed70
Event: 1223.216 Thread 0x000002240506a480 DEOPT UNPACKING pc=0x000002242bb83aa2 sp=0x00000065da5fed28 mode 2
Event: 3155.821 Thread 0x000002240648c870 DEOPT PACKING pc=0x0000022424c43244 sp=0x00000065dc1feae0
Event: 3155.821 Thread 0x000002240648c870 DEOPT UNPACKING pc=0x000002242bb84242 sp=0x00000065dc1fdfe0 mode 0

Classes loaded (20 events):
Event: 327.335 Loading class java/util/stream/Nodes$ToArrayTask done
Event: 327.335 Loading class java/util/stream/Nodes$ToArrayTask$OfRef done
Event: 327.349 Loading class java/io/ObjectOutputStream$BlockDataOutputStream
Event: 327.350 Loading class java/io/ObjectOutputStream$BlockDataOutputStream done
Event: 327.350 Loading class java/io/ObjectOutputStream$HandleTable
Event: 327.350 Loading class java/io/ObjectOutputStream$HandleTable done
Event: 327.350 Loading class java/io/ObjectOutputStream$ReplaceTable
Event: 327.355 Loading class java/io/ObjectOutputStream$ReplaceTable done
Event: 374.916 Loading class sun/reflect/generics/tree/IntSignature
Event: 374.917 Loading class sun/reflect/generics/tree/IntSignature done
Event: 375.013 Loading class java/util/stream/ReduceOps$5
Event: 375.013 Loading class java/util/stream/ReduceOps$5 done
Event: 375.013 Loading class java/util/stream/ReduceOps$CountingSink$OfRef
Event: 375.013 Loading class java/util/stream/ReduceOps$CountingSink
Event: 375.014 Loading class java/util/stream/ReduceOps$CountingSink done
Event: 375.014 Loading class java/util/stream/ReduceOps$CountingSink$OfRef done
Event: 375.508 Loading class java/util/stream/ReduceOps$1
Event: 375.508 Loading class java/util/stream/ReduceOps$1 done
Event: 375.508 Loading class java/util/stream/ReduceOps$1ReducingSink
Event: 375.509 Loading class java/util/stream/ReduceOps$1ReducingSink done

Classes unloaded (15 events):
Event: 23.492 Thread 0x00000224214a19a0 Unloading class 0x00000224391b0c00 'java/lang/invoke/LambdaForm$MH+0x00000224391b0c00'
Event: 23.492 Thread 0x00000224214a19a0 Unloading class 0x00000224391b0800 'java/lang/invoke/LambdaForm$MH+0x00000224391b0800'
Event: 23.492 Thread 0x00000224214a19a0 Unloading class 0x00000224391b0400 'java/lang/invoke/LambdaForm$MH+0x00000224391b0400'
Event: 23.492 Thread 0x00000224214a19a0 Unloading class 0x00000224391b0000 'java/lang/invoke/LambdaForm$MH+0x00000224391b0000'
Event: 23.492 Thread 0x00000224214a19a0 Unloading class 0x00000224391afc00 'java/lang/invoke/LambdaForm$BMH+0x00000224391afc00'
Event: 23.492 Thread 0x00000224214a19a0 Unloading class 0x00000224391af800 'java/lang/invoke/LambdaForm$DMH+0x00000224391af800'
Event: 23.492 Thread 0x00000224214a19a0 Unloading class 0x00000224391ae400 'java/lang/invoke/LambdaForm$DMH+0x00000224391ae400'
Event: 24.938 Thread 0x00000224214a19a0 Unloading class 0x0000022439340000 'java/lang/invoke/LambdaForm$MH+0x0000022439340000'
Event: 24.938 Thread 0x00000224214a19a0 Unloading class 0x000002243933f800 'java/lang/invoke/LambdaForm$MH+0x000002243933f800'
Event: 24.938 Thread 0x00000224214a19a0 Unloading class 0x000002243933f000 'java/lang/invoke/LambdaForm$DMH+0x000002243933f000'
Event: 24.938 Thread 0x00000224214a19a0 Unloading class 0x000002243933d800 'java/lang/invoke/LambdaForm$MH+0x000002243933d800'
Event: 24.938 Thread 0x00000224214a19a0 Unloading class 0x0000022439333800 'java/lang/invoke/LambdaForm$MH+0x0000022439333800'
Event: 24.938 Thread 0x00000224214a19a0 Unloading class 0x0000022439332c00 'java/lang/invoke/LambdaForm$MH+0x0000022439332c00'
Event: 24.938 Thread 0x00000224214a19a0 Unloading class 0x0000022439332400 'java/lang/invoke/LambdaForm$MH+0x0000022439332400'
Event: 24.938 Thread 0x00000224214a19a0 Unloading class 0x0000022439331400 'java/lang/invoke/LambdaForm$MH+0x0000022439331400'

Classes redefined (0 events):
No events

Internal exceptions (20 events):
Event: 665.878 Thread 0x000002240506a480 Exception <a 'sun/nio/fs/WindowsException'{0x00000000d55b3730}> (0x00000000d55b3730) 
thrown [s\src\hotspot\share\prims\jni.cpp, line 520]
Event: 665.878 Thread 0x000002240506a480 Exception <a 'sun/nio/fs/WindowsException'{0x00000000d55b4eb0}> (0x00000000d55b4eb0) 
thrown [s\src\hotspot\share\prims\jni.cpp, line 520]
Event: 665.878 Thread 0x000002240506a480 Exception <a 'sun/nio/fs/WindowsException'{0x00000000d55b5778}> (0x00000000d55b5778) 
thrown [s\src\hotspot\share\prims\jni.cpp, line 520]
Event: 665.878 Thread 0x000002240506a480 Exception <a 'sun/nio/fs/WindowsException'{0x00000000d55b6ee0}> (0x00000000d55b6ee0) 
thrown [s\src\hotspot\share\prims\jni.cpp, line 520]
Event: 665.878 Thread 0x000002240506a480 Exception <a 'sun/nio/fs/WindowsException'{0x00000000d55b77a8}> (0x00000000d55b77a8) 
thrown [s\src\hotspot\share\prims\jni.cpp, line 520]
Event: 665.878 Thread 0x000002240506a480 Exception <a 'sun/nio/fs/WindowsException'{0x00000000d55b8f30}> (0x00000000d55b8f30) 
thrown [s\src\hotspot\share\prims\jni.cpp, line 520]
Event: 665.878 Thread 0x000002240506a480 Exception <a 'sun/nio/fs/WindowsException'{0x00000000d55b97f8}> (0x00000000d55b97f8) 
thrown [s\src\hotspot\share\prims\jni.cpp, line 520]
Event: 665.878 Thread 0x000002240506a480 Exception <a 'sun/nio/fs/WindowsException'{0x00000000d55baf60}> (0x00000000d55baf60) 
thrown [s\src\hotspot\share\prims\jni.cpp, line 520]
Event: 665.878 Thread 0x000002240506a480 Exception <a 'sun/nio/fs/WindowsException'{0x00000000d55bb828}> (0x00000000d55bb828) 
thrown [s\src\hotspot\share\prims\jni.cpp, line 520]
Event: 665.878 Thread 0x000002240506a480 Exception <a 'sun/nio/fs/WindowsException'{0x00000000d55bcf88}> (0x00000000d55bcf88) 
thrown [s\src\hotspot\share\prims\jni.cpp, line 520]
Event: 665.878 Thread 0x000002240506a480 Exception <a 'sun/nio/fs/WindowsException'{0x00000000d55bd850}> (0x00000000d55bd850) 
thrown [s\src\hotspot\share\prims\jni.cpp, line 520]
Event: 665.879 Thread 0x000002240506a480 Exception <a 'sun/nio/fs/WindowsException'{0x00000000d55beef8}> (0x00000000d55beef8) 
thrown [s\src\hotspot\share\prims\jni.cpp, line 520]
Event: 665.879 Thread 0x000002240506a480 Exception <a 'sun/nio/fs/WindowsException'{0x00000000d55bf7c0}> (0x00000000d55bf7c0) 
thrown [s\src\hotspot\share\prims\jni.cpp, line 520]
Event: 665.879 Thread 0x000002240506a480 Exception <a 'sun/nio/fs/WindowsException'{0x00000000d55c2a30}> (0x00000000d55c2a30) 
thrown [s\src\hotspot\share\prims\jni.cpp, line 520]
Event: 665.879 Thread 0x000002240506a480 Exception <a 'sun/nio/fs/WindowsException'{0x00000000d55c32f8}> (0x00000000d55c32f8) 
thrown [s\src\hotspot\share\prims\jni.cpp, line 520]
Event: 665.879 Thread 0x000002240506a480 Exception <a 'sun/nio/fs/WindowsException'{0x00000000d55c4cb0}> (0x00000000d55c4cb0) 
thrown [s\src\hotspot\share\prims\jni.cpp, line 520]
Event: 665.879 Thread 0x000002240506a480 Exception <a 'sun/nio/fs/WindowsException'{0x00000000d55c5578}> (0x00000000d55c5578) 
thrown [s\src\hotspot\share\prims\jni.cpp, line 520]
Event: 1223.216 Thread 0x000002240506a480 Implicit null exception at 0x000002242c88af70 to 0x000002242c88cb80
Event: 1223.216 Thread 0x000002240506a480 Implicit null exception at 0x000002242c8870ed to 0x000002242c888cdc
Event: 4303.007 Thread 0x000002240648c870 Exception <a 'java/lang/IncompatibleClassChangeError'{0x00000000d5689728}: Found class java.lang.Object, but interface was expected> (0x00000000d5689728) 
thrown [s\src\hotspot\share\interpreter\linkResolver.cpp, line 840]

ZGC Phase Switch (0 events):
No events

VM Operations (20 events):
Event: 4615.956 Executing safepoint VM operation: Cleanup
Event: 4615.956 Executing safepoint VM operation: Cleanup done
Event: 4629.683 Executing non-safepoint VM operation: HandshakeAllThreads (HandshakeForDeflation)
Event: 4629.685 Executing non-safepoint VM operation: HandshakeAllThreads (HandshakeForDeflation) done
Event: 4629.685 Executing non-safepoint VM operation: RendezvousGCThreads
Event: 4629.685 Executing non-safepoint VM operation: RendezvousGCThreads done
Event: 4689.937 Executing non-safepoint VM operation: HandshakeAllThreads (HandshakeForDeflation)
Event: 4689.937 Executing non-safepoint VM operation: HandshakeAllThreads (HandshakeForDeflation) done
Event: 4689.937 Executing non-safepoint VM operation: RendezvousGCThreads
Event: 4689.937 Executing non-safepoint VM operation: RendezvousGCThreads done
Event: 4750.135 Executing non-safepoint VM operation: HandshakeAllThreads (HandshakeForDeflation)
Event: 4750.135 Executing non-safepoint VM operation: HandshakeAllThreads (HandshakeForDeflation) done
Event: 4750.135 Executing non-safepoint VM operation: RendezvousGCThreads
Event: 4750.135 Executing non-safepoint VM operation: RendezvousGCThreads done
Event: 4976.340 Executing safepoint VM operation: Cleanup
Event: 4976.340 Executing safepoint VM operation: Cleanup done
Event: 5110.916 Executing non-safepoint VM operation: HandshakeAllThreads (HandshakeForDeflation)
Event: 5110.917 Executing non-safepoint VM operation: HandshakeAllThreads (HandshakeForDeflation) done
Event: 5110.917 Executing non-safepoint VM operation: RendezvousGCThreads
Event: 5110.917 Executing non-safepoint VM operation: RendezvousGCThreads done

Memory protections (0 events):
No events

Nmethod flushes (20 events):
Event: 60.473 Thread 0x00000224214a19a0 flushing  nmethod 0x0000022424edb710
Event: 60.473 Thread 0x00000224214a19a0 flushing  nmethod 0x0000022424edc090
Event: 60.473 Thread 0x00000224214a19a0 flushing  nmethod 0x0000022424ef1690
Event: 60.473 Thread 0x00000224214a19a0 flushing  nmethod 0x0000022424ef1c90
Event: 60.473 Thread 0x00000224214a19a0 flushing  nmethod 0x0000022424ef2b10
Event: 60.473 Thread 0x00000224214a19a0 flushing  nmethod 0x0000022424ef4610
Event: 60.473 Thread 0x00000224214a19a0 flushing  nmethod 0x0000022424f0bb10
Event: 60.473 Thread 0x00000224214a19a0 flushing  nmethod 0x0000022424f4da90
Event: 60.473 Thread 0x00000224214a19a0 flushing  nmethod 0x0000022424f6d090
Event: 60.473 Thread 0x00000224214a19a0 flushing  nmethod 0x0000022424f6de10
Event: 60.473 Thread 0x00000224214a19a0 flushing  nmethod 0x0000022424f6ef90
Event: 60.473 Thread 0x00000224214a19a0 flushing  nmethod 0x0000022424f70190
Event: 60.473 Thread 0x00000224214a19a0 flushing  nmethod 0x0000022424f70590
Event: 60.473 Thread 0x00000224214a19a0 flushing  nmethod 0x0000022424f72010
Event: 60.473 Thread 0x00000224214a19a0 flushing  nmethod 0x0000022424f73a90
Event: 60.473 Thread 0x00000224214a19a0 flushing  nmethod 0x0000022424f75590
Event: 60.473 Thread 0x00000224214a19a0 flushing osr nmethod 0x0000022424f7bf90
Event: 60.473 Thread 0x00000224214a19a0 flushing  nmethod 0x0000022424f85690
Event: 60.473 Thread 0x00000224214a19a0 flushing  nmethod 0x0000022424f86910
Event: 60.473 Thread 0x00000224214a19a0 flushing  nmethod 0x0000022424f97d10

Events (20 events):
Event: 665.880 Thread 0x000002240578e850 Thread added: 0x000002240578f570
Event: 665.880 Thread 0x000002240578e850 Thread added: 0x000002240578fc00
Event: 665.880 Thread 0x000002240578e850 Thread added: 0x000002240578db30
Event: 665.880 Thread 0x000002240578eee0 Thread added: 0x0000022407f37a50
Event: 665.880 Thread 0x000002240578e850 Thread added: 0x0000022407f39490
Event: 665.880 Thread 0x000002240578fc00 Thread added: 0x0000022407f38770
Event: 665.881 Thread 0x000002240578e850 Thread added: 0x0000022407f380e0
Event: 665.881 Thread 0x0000022407f37a50 Thread added: 0x0000022407f38e00
Event: 665.881 Thread 0x0000022407f38e00 Thread exited: 0x0000022407f38e00
Event: 665.881 Thread 0x0000022407f380e0 Thread exited: 0x0000022407f380e0
Event: 665.881 Thread 0x000002240578e850 Thread exited: 0x000002240578e850
Event: 665.881 Thread 0x0000022407f37a50 Thread exited: 0x0000022407f37a50
Event: 665.881 Thread 0x0000022407f38770 Thread exited: 0x0000022407f38770
Event: 665.881 Thread 0x0000022407f39490 Thread exited: 0x0000022407f39490
Event: 665.881 Thread 0x000002240578fc00 Thread exited: 0x000002240578fc00
Event: 665.881 Thread 0x000002240578f570 Thread exited: 0x000002240578f570
Event: 665.881 Thread 0x000002240578eee0 Thread exited: 0x000002240578eee0
Event: 665.881 Thread 0x000002240578db30 Thread exited: 0x000002240578db30
Event: 679.917 Thread 0x0000022407f366a0 Thread exited: 0x0000022407f366a0
Event: 739.930 Thread 0x0000022407f373c0 Thread exited: 0x0000022407f373c0


Dynamic libraries:
0x00007ff7ef240000 - 0x00007ff7ef24e000 	c:\Users\WALSTAR\.antigravity\extensions\redhat.java-1.54.0-win32-x64\jre\21.0.10-win32-x86_64\bin\java.exe
0x00007ffd12400000 - 0x00007ffd12667000 	C:\WINDOWS\SYSTEM32\ntdll.dll
0x00007ffd10da0000 - 0x00007ffd10e69000 	C:\WINDOWS\System32\KERNEL32.DLL
0x00007ffd0fba0000 - 0x00007ffd0ff94000 	C:\WINDOWS\System32\KERNELBASE.dll
0x00007ffd0f060000 - 0x00007ffd0f1ab000 	C:\WINDOWS\System32\ucrtbase.dll
0x00007ffc96fa0000 - 0x00007ffc96fbe000 	c:\Users\WALSTAR\.antigravity\extensions\redhat.java-1.54.0-win32-x64\jre\21.0.10-win32-x86_64\bin\VCRUNTIME140.dll
0x00007ffc96f80000 - 0x00007ffc96f98000 	c:\Users\WALSTAR\.antigravity\extensions\redhat.java-1.54.0-win32-x64\jre\21.0.10-win32-x86_64\bin\jli.dll
0x00007ffd109f0000 - 0x00007ffd10bb5000 	C:\WINDOWS\System32\USER32.dll
0x00007ffcf43b0000 - 0x00007ffcf4643000 	C:\WINDOWS\WinSxS\amd64_microsoft.windows.common-controls_6595b64144ccf1df_6.0.26100.8115_none_3e075c82e3354f9c\COMCTL32.dll
0x00007ffd11540000 - 0x00007ffd115e9000 	C:\WINDOWS\System32\msvcrt.dll
0x00007ffd115f0000 - 0x00007ffd1161b000 	C:\WINDOWS\System32\GDI32.dll
0x00007ffd0ecd0000 - 0x00007ffd0ecf7000 	C:\WINDOWS\System32\win32u.dll
0x00007ffd10060000 - 0x00007ffd1018a000 	C:\WINDOWS\System32\gdi32full.dll
0x00007ffd0ee70000 - 0x00007ffd0ef13000 	C:\WINDOWS\System32\msvcp_win.dll
0x00007ffd10190000 - 0x00007ffd101c2000 	C:\WINDOWS\System32\IMM32.DLL
0x00007ffc96f70000 - 0x00007ffc96f7c000 	c:\Users\WALSTAR\.antigravity\extensions\redhat.java-1.54.0-win32-x64\jre\21.0.10-win32-x86_64\bin\vcruntime140_1.dll
0x00007ffc96ee0000 - 0x00007ffc96f6d000 	c:\Users\WALSTAR\.antigravity\extensions\redhat.java-1.54.0-win32-x64\jre\21.0.10-win32-x86_64\bin\msvcp140.dll
0x00007ffc95ef0000 - 0x00007ffc96c91000 	c:\Users\WALSTAR\.antigravity\extensions\redhat.java-1.54.0-win32-x64\jre\21.0.10-win32-x86_64\bin\server\jvm.dll
0x00007ffd11220000 - 0x00007ffd112d6000 	C:\WINDOWS\System32\ADVAPI32.dll
0x00007ffd11430000 - 0x00007ffd114d7000 	C:\WINDOWS\System32\sechost.dll
0x00007ffd106b0000 - 0x00007ffd107c8000 	C:\WINDOWS\System32\RPCRT4.dll
0x00007ffd113a0000 - 0x00007ffd11420000 	C:\WINDOWS\System32\WS2_32.dll
0x00007ffd0eb30000 - 0x00007ffd0eb8e000 	C:\WINDOWS\SYSTEM32\POWRPROF.dll
0x00007ffd07200000 - 0x00007ffd07236000 	C:\WINDOWS\SYSTEM32\WINMM.dll
0x00007ffcf9fb0000 - 0x00007ffcf9fbb000 	C:\WINDOWS\SYSTEM32\VERSION.dll
0x00007ffd0eb10000 - 0x00007ffd0eb24000 	C:\WINDOWS\SYSTEM32\UMPDC.dll
0x00007ffd0d9c0000 - 0x00007ffd0d9db000 	C:\WINDOWS\SYSTEM32\kernel.appcore.dll
0x00007ffc95ee0000 - 0x00007ffc95eea000 	c:\Users\WALSTAR\.antigravity\extensions\redhat.java-1.54.0-win32-x64\jre\21.0.10-win32-x86_64\bin\jimage.dll
0x00007ffd0cad0000 - 0x00007ffd0cd12000 	C:\WINDOWS\SYSTEM32\DBGHELP.DLL
0x00007ffd101d0000 - 0x00007ffd10552000 	C:\WINDOWS\System32\combase.dll
0x00007ffd10560000 - 0x00007ffd10637000 	C:\WINDOWS\System32\OLEAUT32.dll
0x00007ffce6fd0000 - 0x00007ffce700b000 	C:\WINDOWS\SYSTEM32\dbgcore.DLL
0x00007ffd0efb0000 - 0x00007ffd0f055000 	C:\WINDOWS\System32\bcryptPrimitives.dll
0x00007ffcd1e00000 - 0x00007ffcd1e0f000 	c:\Users\WALSTAR\.antigravity\extensions\redhat.java-1.54.0-win32-x64\jre\21.0.10-win32-x86_64\bin\instrument.dll
0x00007ffcd1e10000 - 0x00007ffcd1e30000 	c:\Users\WALSTAR\.antigravity\extensions\redhat.java-1.54.0-win32-x64\jre\21.0.10-win32-x86_64\bin\java.dll
0x00007ffd11ab0000 - 0x00007ffd12216000 	C:\WINDOWS\System32\SHELL32.dll
0x00007ffd0ed00000 - 0x00007ffd0ee6a000 	C:\WINDOWS\System32\wintypes.dll
0x00007ffd0f1b0000 - 0x00007ffd0fa15000 	C:\WINDOWS\System32\windows.storage.dll
0x00007ffd10ff0000 - 0x00007ffd110e7000 	C:\WINDOWS\System32\SHCORE.dll
0x00007ffd10640000 - 0x00007ffd106a6000 	C:\WINDOWS\System32\shlwapi.dll
0x00007ffd0ebf0000 - 0x00007ffd0ec19000 	C:\WINDOWS\SYSTEM32\profapi.dll
0x00007ffcd1de0000 - 0x00007ffcd1df8000 	c:\Users\WALSTAR\.antigravity\extensions\redhat.java-1.54.0-win32-x64\jre\21.0.10-win32-x86_64\bin\zip.dll
0x00007ffcd1dd0000 - 0x00007ffcd1de0000 	C:\Users\WALSTAR\.antigravity\extensions\redhat.java-1.54.0-win32-x64\jre\21.0.10-win32-x86_64\bin\net.dll
0x00007ffd05ef0000 - 0x00007ffd0601d000 	C:\WINDOWS\SYSTEM32\WINHTTP.dll
0x00007ffd0dfd0000 - 0x00007ffd0e03c000 	C:\WINDOWS\system32\mswsock.dll
0x00007ffcd1db0000 - 0x00007ffcd1dc6000 	C:\Users\WALSTAR\.antigravity\extensions\redhat.java-1.54.0-win32-x64\jre\21.0.10-win32-x86_64\bin\nio.dll
0x00007ffcd1da0000 - 0x00007ffcd1db0000 	c:\Users\WALSTAR\.antigravity\extensions\redhat.java-1.54.0-win32-x64\jre\21.0.10-win32-x86_64\bin\verify.dll
0x00007ffcffc60000 - 0x00007ffcffca5000 	C:\Users\WALSTAR\AppData\Roaming\Antigravity\User\globalStorage\redhat.java\1.54.0\config_win\org.eclipse.equinox.launcher\org.eclipse.equinox.launcher.win32.win32.x86_64_1.3.0.v20260203-2149\eclipse_11919.dll
0x00007ffd12220000 - 0x00007ffd123b7000 	C:\WINDOWS\System32\ole32.dll
0x00007ffd0e2b0000 - 0x00007ffd0e2cb000 	C:\WINDOWS\SYSTEM32\CRYPTSP.dll
0x00007ffd0d9e0000 - 0x00007ffd0da19000 	C:\WINDOWS\system32\rsaenh.dll
0x00007ffd0e080000 - 0x00007ffd0e0b3000 	C:\WINDOWS\SYSTEM32\USERENV.dll
0x00007ffd0ebc0000 - 0x00007ffd0ebea000 	C:\WINDOWS\SYSTEM32\bcrypt.dll
0x00007ffd0e2d0000 - 0x00007ffd0e2dc000 	C:\WINDOWS\SYSTEM32\CRYPTBASE.dll
0x00007ffd0d460000 - 0x00007ffd0d492000 	C:\WINDOWS\SYSTEM32\IPHLPAPI.DLL
0x00007ffd11390000 - 0x00007ffd1139a000 	C:\WINDOWS\System32\NSI.dll
0x00007ffd00140000 - 0x00007ffd00189000 	C:\Users\WALSTAR\AppData\Local\Temp\jna-1837046804\jna1519094833301444569.dll
0x00007ffd11360000 - 0x00007ffd11368000 	C:\WINDOWS\System32\PSAPI.DLL
0x00007ffd07880000 - 0x00007ffd0789d000 	C:\WINDOWS\SYSTEM32\dhcpcsvc6.DLL
0x00007ffd07240000 - 0x00007ffd07265000 	C:\WINDOWS\SYSTEM32\dhcpcsvc.DLL
0x00007ffd00040000 - 0x00007ffd00067000 	C:\Users\WALSTAR\.gradle\native\1def1411415f61bf3af743bc5b6707747c0891f09f0c88961ee8f79bc544acac\windows-amd64\native-platform.dll
0x00007ffd00130000 - 0x00007ffd0013a000 	C:\Users\WALSTAR\.antigravity\extensions\redhat.java-1.54.0-win32-x64\jre\21.0.10-win32-x86_64\bin\management.dll
0x00007ffcfff40000 - 0x00007ffcfff4c000 	C:\Users\WALSTAR\.antigravity\extensions\redhat.java-1.54.0-win32-x64\jre\21.0.10-win32-x86_64\bin\management_ext.dll
0x00007ffcfff90000 - 0x00007ffcfff99000 	C:\Users\WALSTAR\.antigravity\extensions\redhat.java-1.54.0-win32-x64\jre\21.0.10-win32-x86_64\bin\extnet.dll
0x00007ffcfffa0000 - 0x00007ffcfffae000 	C:\Users\WALSTAR\.antigravity\extensions\redhat.java-1.54.0-win32-x64\jre\21.0.10-win32-x86_64\bin\sunmscapi.dll
0x00007ffd0fa20000 - 0x00007ffd0fb97000 	C:\WINDOWS\System32\CRYPT32.dll
0x00007ffd0e4d0000 - 0x00007ffd0e500000 	C:\WINDOWS\SYSTEM32\ncrypt.dll
0x00007ffd0e480000 - 0x00007ffd0e4bf000 	C:\WINDOWS\SYSTEM32\NTASN1.dll
0x00007ffcd6210000 - 0x00007ffcd6218000 	C:\WINDOWS\system32\wshunix.dll
0x00007ffce4260000 - 0x00007ffce4287000 	C:\Users\WALSTAR\.gradle\native\c067742578af261105cb4f569cf0c3c89f3d7b1fecec35dd04571415982c5e48\windows-amd64\native-platform.dll
0x00007ffcffcd0000 - 0x00007ffcffcf6000 	C:\Users\WALSTAR\.gradle\native\29\windows-amd64\native-platform.dll
0x00007ffcffcb0000 - 0x00007ffcffcce000 	C:\Users\WALSTAR\.gradle\native\25\windows-amd64\native-platform.dll

JVMTI agents:
c:\Users\WALSTAR\.antigravity\extensions\redhat.java-1.54.0-win32-x64\lombok\lombok-1.18.39-4050.jar path:c:\Users\WALSTAR\.antigravity\extensions\redhat.java-1.54.0-win32-x64\jre\21.0.10-win32-x86_64\bin\instrument.dll, loaded, initialized, instrumentlib options:none

dbghelp: loaded successfully - version: 4.0.5 - missing functions: none
symbol engine: initialized successfully - sym options: 0x614 - pdb path: .;c:\Users\WALSTAR\.antigravity\extensions\redhat.java-1.54.0-win32-x64\jre\21.0.10-win32-x86_64\bin;C:\WINDOWS\SYSTEM32;C:\WINDOWS\WinSxS\amd64_microsoft.windows.common-controls_6595b64144ccf1df_6.0.26100.8115_none_3e075c82e3354f9c;c:\Users\WALSTAR\.antigravity\extensions\redhat.java-1.54.0-win32-x64\jre\21.0.10-win32-x86_64\bin\server;C:\Users\WALSTAR\AppData\Roaming\Antigravity\User\globalStorage\redhat.java\1.54.0\config_win\org.eclipse.equinox.launcher\org.eclipse.equinox.launcher.win32.win32.x86_64_1.3.0.v20260203-2149;C:\Users\WALSTAR\AppData\Local\Temp\jna-1837046804;C:\Users\WALSTAR\.gradle\native\1def1411415f61bf3af743bc5b6707747c0891f09f0c88961ee8f79bc544acac\windows-amd64;C:\Users\WALSTAR\.gradle\native\c067742578af261105cb4f569cf0c3c89f3d7b1fecec35dd04571415982c5e48\windows-amd64;C:\Users\WALSTAR\.gradle\native\29\windows-amd64;C:\Users\WALSTAR\.gradle\native\25\windows-amd64

VM Arguments:
jvm_args: --add-modules=ALL-SYSTEM --add-opens=java.base/java.util=ALL-UNNAMED --add-opens=java.base/java.lang=ALL-UNNAMED --add-opens=java.base/sun.nio.fs=ALL-UNNAMED -Declipse.application=org.eclipse.jdt.ls.core.id1 -Dosgi.bundles.defaultStartLevel=4 -Declipse.product=org.eclipse.jdt.ls.core.product -Djava.import.generatesMetadataFilesAtProjectRoot=false -DDetectVMInstallationsJob.disabled=true -Dfile.encoding=utf8 -XX:+UseParallelGC -XX:GCTimeRatio=4 -XX:AdaptiveSizePolicyWeight=90 -Dsun.zip.disableMemoryMapping=true -Xmx2G -Xms100m -Xlog:disable -javaagent:c:\Users\WALSTAR\.antigravity\extensions\redhat.java-1.54.0-win32-x64\lombok\lombok-1.18.39-4050.jar -XX:+HeapDumpOnOutOfMemoryError -XX:HeapDumpPath=c:\Users\WALSTAR\AppData\Roaming\Antigravity\User\workspaceStorage\e22b2c0d634aea8cca2cfe9187207b64\redhat.java -Daether.dependencyCollector.impl=bf 
java_command: c:\Users\WALSTAR\.antigravity\extensions\redhat.java-1.54.0-win32-x64\server\plugins\org.eclipse.equinox.launcher_1.7.100.v20251111-0406.jar -configuration c:\Users\WALSTAR\AppData\Roaming\Antigravity\User\globalStorage\redhat.java\1.54.0\config_win -data c:\Users\WALSTAR\AppData\Roaming\Antigravity\User\workspaceStorage\e22b2c0d634aea8cca2cfe9187207b64\redhat.java\jdt_ws --pipe=\\.\pipe\lsp-cf54cafe0554c7247846bf12b006f835-sock
java_class_path (initial): c:\Users\WALSTAR\.antigravity\extensions\redhat.java-1.54.0-win32-x64\server\plugins\org.eclipse.equinox.launcher_1.7.100.v20251111-0406.jar
Launcher Type: SUN_STANDARD

[Global flags]
    uintx AdaptiveSizePolicyWeight                 = 90                                        {product} {command line}
     intx CICompilerCount                          = 4                                         {product} {ergonomic}
    uintx GCTimeRatio                              = 4                                         {product} {command line}
     bool HeapDumpOnOutOfMemoryError               = true                                   {manageable} {command line}
    ccstr HeapDumpPath                             = c:\Users\WALSTAR\AppData\Roaming\Antigravity\User\workspaceStorage\e22b2c0d634aea8cca2cfe9187207b64\redhat.java         {manageable} {command line}
   size_t InitialHeapSize                          = 104857600                                 {product} {command line}
   size_t MaxHeapSize                              = 2147483648                                {product} {command line}
   size_t MaxNewSize                               = 715653120                                 {product} {ergonomic}
   size_t MinHeapDeltaBytes                        = 524288                                    {product} {ergonomic}
   size_t MinHeapSize                              = 104857600                                 {product} {command line}
   size_t NewSize                                  = 34603008                                  {product} {ergonomic}
    uintx NonNMethodCodeHeapSize                   = 5839372                                {pd product} {ergonomic}
    uintx NonProfiledCodeHeapSize                  = 122909434                              {pd product} {ergonomic}
   size_t OldSize                                  = 70254592                                  {product} {ergonomic}
    uintx ProfiledCodeHeapSize                     = 122909434                              {pd product} {ergonomic}
    uintx ReservedCodeCacheSize                    = 251658240                              {pd product} {ergonomic}
     bool SegmentedCodeCache                       = true                                      {product} {ergonomic}
   size_t SoftMaxHeapSize                          = 2147483648                             {manageable} {ergonomic}
     bool UseCompressedOops                        = true                           {product lp64_product} {ergonomic}
     bool UseLargePagesIndividualAllocation        = false                                  {pd product} {ergonomic}
     bool UseParallelGC                            = true                                      {product} {command line}

Logging:
Log output configuration:
 #0: stdout all=off uptime,level,tags foldmultilines=false
 #1: stderr all=off uptime,level,tags foldmultilines=false

Release file:
JAVA_VERSION="21.0.10" 
MODULES="java.base java.compiler java.datatransfer java.xml java.prefs java.desktop java.instrument java.logging java.management java.security.sasl java.naming java.rmi java.management.rmi java.net.http java.scripting java.security.jgss java.transaction.xa java.sql java.sql.rowset java.xml.crypto java.se java.smartcardio jdk.accessibility jdk.internal.jvmstat jdk.attach jdk.charsets jdk.internal.opt jdk.zipfs jdk.compiler jdk.crypto.ec jdk.crypto.cryptoki jdk.crypto.mscapi jdk.dynalink jdk.internal.ed jdk.editpad jdk.hotspot.agent jdk.httpserver jdk.internal.le jdk.internal.vm.ci jdk.internal.vm.compiler jdk.internal.vm.compiler.management jdk.jartool jdk.javadoc jdk.jcmd jdk.management jdk.management.agent jdk.jconsole jdk.jdeps jdk.jdwp.agent jdk.jdi jdk.jfr jdk.jshell jdk.jsobject jdk.jstatd jdk.localedata jdk.management.jfr jdk.naming.dns jdk.naming.rmi jdk.net jdk.nio.mapmode jdk.random jdk.sctp jdk.security.auth jdk.security.jgss jdk.unsupported jdk.unsupported.desktop jdk.xml.dom" 

Environment Variables:
PATH=C:\Program Files\Common Files\Oracle\Java\javapath;C:\Program Files\Microsoft MPI\Bin\;C:\WINDOWS\system32;C:\WINDOWS;C:\WINDOWS\System32\Wbem;C:\WINDOWS\System32\WindowsPowerShell\v1.0\;C:\WINDOWS\System32\OpenSSH\;C:\Program Files\Microsoft SQL Server\Client SDK\ODBC\170\Tools\Binn\;C:\Program Files\dotnet\;C:\Program Files (x86)\Microsoft SQL Server\160\Tools\Binn\;C:\Program Files\Microsoft SQL Server\160\Tools\Binn\;C:\Program Files\Microsoft SQL Server\160\DTS\Binn\;C:\Users\WALSTAR\AppData\Local\Android\Sdk\platforms;C:\Users\WALSTAR\AppData\Local\Android\Sdk\platform-tools;C:\Program Files\Java\jdk-11\bin;C:\Program Files\Java\jdk-17\bin;C:\Program Files\MongoDB\Server\7.0\bin;C:\composer;C:\Program Files (x86)\Microsoft SQL Server\160\DTS\Binn\;C:\Users\WALSTAR\AppData\Local\nvm;C:\Program Files\nodejs;C:\Program Files\nodejs\;D:\xampp\php;C:\Program Files\Microsoft SQL Server\150\Tools\Binn\;D:\composer;C:\Users\WALSTAR\AppData\Local\Android\Sdk\tools;C:\Users\WALSTAR\AppData\Local\Microsoft\WindowsApps;C:\Users\WALSTAR\AppData\Local\Programs\Microsoft VS Code\bin;C:\Users\WALSTAR\AppData\Local\Programs\Git\cmd;D:\flutter\bin;C:\Users\WALSTAR\.dotnet\tools;C:\Program Files\MongoDB\Server\7.0\bin;C:\Users\WALSTAR\AppData\Local\nvm;C:\Program Files\nodejs;C:\Users\WALSTAR\AppData\Roaming\npm;C:\Users\WALSTAR\AppData\Local\Programs\Windsurf\bin;D:\xampp\php;C:\Users\WALSTAR\AppData\Roaming\Composer\vendor\bin;C:\Users\WALSTAR\AppData\Local\Programs\Antigravity\bin
USERNAME=WALSTAR
OS=Windows_NT
PROCESSOR_IDENTIFIER=Intel64 Family 6 Model 154 Stepping 4, GenuineIntel
TMP=C:\Users\WALSTAR\AppData\Local\Temp
TEMP=C:\Users\WALSTAR\AppData\Local\Temp




Periodic native trim disabled

---------------  S Y S T E M  ---------------

OS:
 Windows 11 , 64 bit Build 26100 (10.0.26100.8115)
OS uptime: 0 days 1:31 hours
Hyper-V role detected

CPU: total 12 (initial active 12) (6 cores per cpu, 2 threads per core) family 6 model 154 stepping 4 microcode 0x432, cx8, cmov, fxsr, ht, mmx, 3dnowpref, sse, sse2, sse3, ssse3, sse4.1, sse4.2, popcnt, lzcnt, tsc, tscinvbit, avx, avx2, aes, erms, clmul, bmi1, bmi2, adx, sha, fma, vzeroupper, clflush, clflushopt, clwb, hv, serialize, rdtscp, rdpid, fsrm, f16c, cet_ibt, cet_ss
Processor Information for processor 0
  Max Mhz: 1300, Current Mhz: 1300, Mhz Limit: 1300
Processor Information for processor 1
  Max Mhz: 1300, Current Mhz: 1300, Mhz Limit: 1300
Processor Information for processor 2
  Max Mhz: 1300, Current Mhz: 1300, Mhz Limit: 1300
Processor Information for processor 3
  Max Mhz: 1300, Current Mhz: 1300, Mhz Limit: 1300
Processor Information for processor 4
  Max Mhz: 1300, Current Mhz: 900, Mhz Limit: 897
Processor Information for processor 5
  Max Mhz: 1300, Current Mhz: 900, Mhz Limit: 897
Processor Information for processor 6
  Max Mhz: 1300, Current Mhz: 900, Mhz Limit: 897
Processor Information for processor 7
  Max Mhz: 1300, Current Mhz: 900, Mhz Limit: 897
Processor Information for processor 8
  Max Mhz: 1300, Current Mhz: 900, Mhz Limit: 897
Processor Information for processor 9
  Max Mhz: 1300, Current Mhz: 900, Mhz Limit: 897
Processor Information for processor 10
  Max Mhz: 1300, Current Mhz: 900, Mhz Limit: 897
Processor Information for processor 11
  Max Mhz: 1300, Current Mhz: 900, Mhz Limit: 897

Memory: 4k page, system-wide physical 16092M (1239M free)
TotalPageFile size 26017M (AvailPageFile size 88M)
current process WorkingSet (physical memory assigned to process): 75M, peak: 516M
current process commit charge ("private bytes"): 565M, peak: 626M

vm_info: OpenJDK 64-Bit Server VM (21.0.10+7-LTS) for windows-amd64 JRE (21.0.10+7-LTS), built on 2026-01-20T00:00:00Z by "admin" with MS VC++ 17.12 (VS2022)

END.
