#
# There is insufficient memory for the Java Runtime Environment to continue.
# Native memory allocation (malloc) failed to allocate 1048576 bytes. Error detail: AllocateHeap
# Possible reasons:
#   The system is out of physical RAM or swap space
#   This process is running with CompressedOops enabled, and the Java Heap may be blocking the growth of the native heap
# Possible solutions:
#   Reduce memory load on the system
#   Increase physical memory or swap space
#   Check if swap backing store is full
#   Decrease Java heap size (-Xmx/-Xms)
#   Decrease number of Java threads
#   Decrease Java thread stack sizes (-Xss)
#   Set larger code cache with -XX:ReservedCodeCacheSize=
#   JVM is running with Unscaled Compressed Oops mode in which the Java heap is
#     placed in the first 4GB address space. The Java Heap base address is the
#     maximum limit for the native heap growth. Please use -XX:HeapBaseMinAddress
#     to set the Java Heap base and to place the Java Heap above 4GB virtual address.
# This output file may be truncated or incomplete.
#
#  Out of Memory Error (allocation.cpp:44), pid=5560, tid=12996
#
# JRE version: OpenJDK Runtime Environment Temurin-21.0.10+7 (21.0.10+7) (build 21.0.10+7-LTS)
# Java VM: OpenJDK 64-Bit Server VM Temurin-21.0.10+7 (21.0.10+7-LTS, mixed mode, sharing, tiered, compressed oops, compressed class ptrs, parallel gc, windows-amd64)
# No core dump will be written. Minidumps are not enabled by default on client versions of Windows
#

---------------  S U M M A R Y ------------

Command Line: --add-modules=ALL-SYSTEM --add-opens=java.base/java.util=ALL-UNNAMED --add-opens=java.base/java.lang=ALL-UNNAMED --add-opens=java.base/sun.nio.fs=ALL-UNNAMED -Declipse.application=org.eclipse.jdt.ls.core.id1 -Dosgi.bundles.defaultStartLevel=4 -Declipse.product=org.eclipse.jdt.ls.core.product -Djava.import.generatesMetadataFilesAtProjectRoot=false -DDetectVMInstallationsJob.disabled=true -Dfile.encoding=utf8 -XX:+UseParallelGC -XX:GCTimeRatio=4 -XX:AdaptiveSizePolicyWeight=90 -Dsun.zip.disableMemoryMapping=true -Xmx2G -Xms100m -Xlog:disable -javaagent:c:\Users\WALSTAR\.antigravity\extensions\redhat.java-1.54.0-win32-x64\lombok\lombok-1.18.39-4050.jar -XX:+HeapDumpOnOutOfMemoryError -XX:HeapDumpPath=c:\Users\WALSTAR\AppData\Roaming\Antigravity\User\workspaceStorage\e22b2c0d634aea8cca2cfe9187207b64\redhat.java -Daether.dependencyCollector.impl=bf c:\Users\WALSTAR\.antigravity\extensions\redhat.java-1.54.0-win32-x64\server\plugins\org.eclipse.equinox.launcher_1.7.100.v20251111-0406.jar -configuration c:\Users\WALSTAR\AppData\Roaming\Antigravity\User\globalStorage\redhat.java\1.54.0\config_win -data c:\Users\WALSTAR\AppData\Roaming\Antigravity\User\workspaceStorage\e22b2c0d634aea8cca2cfe9187207b64\redhat.java\jdt_ws --pipe=\\.\pipe\lsp-392918141c4bad9c6834050b1de7ea43-sock

Host: 12th Gen Intel(R) Core(TM) i5-1235U, 12 cores, 15G,  Windows 11 , 64 bit Build 26100 (10.0.26100.8115)
Time: Mon Apr 27 10:06:46 2026 India Standard Time elapsed time: 3646.461001 seconds (0d 1h 0m 46s)

---------------  T H R E A D  ---------------

Current thread (0x000001fb51da63e0):  JavaThread "Attach Listener" daemon [_thread_in_vm, id=12996, stack(0x000000edddb00000,0x000000edddc00000) (1024K)]

Stack: [0x000000edddb00000,0x000000edddc00000]
Native frames: (J=compiled Java code, j=interpreted, Vv=VM code, C=native code)
V  [jvm.dll+0x6d7a39]
V  [jvm.dll+0x8b4b26]
V  [jvm.dll+0x8b70de]
V  [jvm.dll+0x8b77c3]
V  [jvm.dll+0x284346]
V  [jvm.dll+0xc1277]
V  [jvm.dll+0x6d82e9]
V  [jvm.dll+0x1334a6]
V  [jvm.dll+0x3f857e]
V  [jvm.dll+0x85f59d]
V  [jvm.dll+0x6d626d]
C  [ucrtbase.dll+0x37b0]
C  [KERNEL32.DLL+0x2e8d7]
C  [ntdll.dll+0x8c3fc]


---------------  P R O C E S S  ---------------

Threads class SMR info:
_java_thread_list=0x000001fb7e1ba1b0, length=39, elements={
0x000001fb51cfcf60, 0x000001fb687ae8c0, 0x000001fb51da3cb0, 0x000001fb51da5980,
0x000001fb51da63e0, 0x000001fb51da6e40, 0x000001fb51da7c90, 0x000001fb51da8a20,
0x000001fb69b552f0, 0x000001fb69d02880, 0x000001fb69daa1a0, 0x000001fb6fae4150,
0x000001fb6f11ae60, 0x000001fb69ca99b0, 0x000001fb69bcf2e0, 0x000001fb69e087a0,
0x000001fb6f3e92d0, 0x000001fb6f16c980, 0x000001fb69c16a40, 0x000001fb69c17df0,
0x000001fb69c18480, 0x000001fb7137ebc0, 0x000001fb7137e530, 0x000001fb7137d810,
0x000001fb7137dea0, 0x000001fb7137f250, 0x000001fb7137ff70, 0x000001fb71380600,
0x000001fb71380c90, 0x000001fb713ae2c0, 0x000001fb713afd00, 0x000001fb713b1dd0,
0x000001fb713ae950, 0x000001fb713b0390, 0x000001fb713aefe0, 0x000001fb713b2460,
0x000001fb713b2af0, 0x000001fb713b10b0, 0x000001fb713b58e0
}

Java Threads: ( => current thread )
  0x000001fb51cfcf60 JavaThread "main"                              [_thread_blocked, id=18000, stack(0x000000eddd400000,0x000000eddd500000) (1024K)]
  0x000001fb687ae8c0 JavaThread "Reference Handler"          daemon [_thread_blocked, id=13384, stack(0x000000eddd800000,0x000000eddd900000) (1024K)]
  0x000001fb51da3cb0 JavaThread "Finalizer"                  daemon [_thread_blocked, id=3680, stack(0x000000eddd900000,0x000000eddda00000) (1024K)]
  0x000001fb51da5980 JavaThread "Signal Dispatcher"          daemon [_thread_blocked, id=14056, stack(0x000000eddda00000,0x000000edddb00000) (1024K)]
=>0x000001fb51da63e0 JavaThread "Attach Listener"            daemon [_thread_in_vm, id=12996, stack(0x000000edddb00000,0x000000edddc00000) (1024K)]
  0x000001fb51da6e40 JavaThread "Service Thread"             daemon [_thread_blocked, id=5988, stack(0x000000edddc00000,0x000000edddd00000) (1024K)]
  0x000001fb51da7c90 JavaThread "Monitor Deflation Thread"   daemon [_thread_blocked, id=5508, stack(0x000000edddd00000,0x000000eddde00000) (1024K)]
  0x000001fb51da8a20 JavaThread "C2 CompilerThread0"         daemon [_thread_blocked, id=13784, stack(0x000000eddde00000,0x000000edddf00000) (1024K)]
  0x000001fb69b552f0 JavaThread "C1 CompilerThread0"         daemon [_thread_blocked, id=17032, stack(0x000000edddf00000,0x000000edde000000) (1024K)]
  0x000001fb69d02880 JavaThread "Common-Cleaner"             daemon [_thread_blocked, id=10108, stack(0x000000edde100000,0x000000edde200000) (1024K)]
  0x000001fb69daa1a0 JavaThread "Notification Thread"        daemon [_thread_blocked, id=11072, stack(0x000000edde200000,0x000000edde300000) (1024K)]
  0x000001fb6fae4150 JavaThread "Active Thread: Equinox Container: e0695e3a-57da-46b6-a79f-7c4d99fb5768"        [_thread_blocked, id=15372, stack(0x000000eddea00000,0x000000eddeb00000) (1024K)]
  0x000001fb6f11ae60 JavaThread "Refresh Thread: Equinox Container: e0695e3a-57da-46b6-a79f-7c4d99fb5768" daemon [_thread_blocked, id=18156, stack(0x000000edde300000,0x000000edde400000) (1024K)]
  0x000001fb69ca99b0 JavaThread "Framework Event Dispatcher: Equinox Container: e0695e3a-57da-46b6-a79f-7c4d99fb5768" daemon [_thread_blocked, id=12688, stack(0x000000eddeb00000,0x000000eddec00000) (1024K)]
  0x000001fb69bcf2e0 JavaThread "Start Level: Equinox Container: e0695e3a-57da-46b6-a79f-7c4d99fb5768" daemon [_thread_blocked, id=18100, stack(0x000000eddec00000,0x000000edded00000) (1024K)]
  0x000001fb69e087a0 JavaThread "Bundle File Closer"         daemon [_thread_blocked, id=18680, stack(0x000000eddf100000,0x000000eddf200000) (1024K)]
  0x000001fb6f3e92d0 JavaThread "SCR Component Actor"        daemon [_thread_blocked, id=5564, stack(0x000000edded00000,0x000000eddee00000) (1024K)]
  0x000001fb6f16c980 JavaThread "Worker-JM"                         [_thread_blocked, id=14328, stack(0x000000eddf300000,0x000000eddf400000) (1024K)]
  0x000001fb69c16a40 JavaThread "JNA Cleaner"                daemon [_thread_blocked, id=10864, stack(0x000000eddf200000,0x000000eddf300000) (1024K)]
  0x000001fb69c17df0 JavaThread "Java indexing"              daemon [_thread_blocked, id=8492, stack(0x000000eddf800000,0x000000eddf900000) (1024K)]
  0x000001fb69c18480 JavaThread "Worker-3"                          [_thread_blocked, id=15436, stack(0x000000eddfb00000,0x000000eddfc00000) (1024K)]
  0x000001fb7137ebc0 JavaThread "Thread-1"                   daemon [_thread_in_native, id=17160, stack(0x000000eddfd00000,0x000000eddfe00000) (1024K)]
  0x000001fb7137e530 JavaThread "Thread-2"                   daemon [_thread_in_native, id=18068, stack(0x000000eddfe00000,0x000000eddff00000) (1024K)]
  0x000001fb7137d810 JavaThread "Thread-3"                   daemon [_thread_in_native, id=19204, stack(0x000000eddff00000,0x000000ede0000000) (1024K)]
  0x000001fb7137dea0 JavaThread "Thread-4"                   daemon [_thread_in_native, id=11988, stack(0x000000ede0000000,0x000000ede0100000) (1024K)]
  0x000001fb7137f250 JavaThread "Thread-5"                   daemon [_thread_in_native, id=2620, stack(0x000000ede0100000,0x000000ede0200000) (1024K)]
  0x000001fb7137ff70 JavaThread "Thread-6"                   daemon [_thread_in_native, id=13184, stack(0x000000ede0200000,0x000000ede0300000) (1024K)]
  0x000001fb71380600 JavaThread "Thread-7"                   daemon [_thread_in_native, id=10896, stack(0x000000ede0300000,0x000000ede0400000) (1024K)]
  0x000001fb71380c90 JavaThread "Thread-8"                   daemon [_thread_in_native, id=4076, stack(0x000000ede0400000,0x000000ede0500000) (1024K)]
  0x000001fb713ae2c0 JavaThread "Thread-9"                   daemon [_thread_in_native, id=3920, stack(0x000000ede0500000,0x000000ede0600000) (1024K)]
  0x000001fb713afd00 JavaThread "Thread-10"                  daemon [_thread_in_native, id=12724, stack(0x000000ede0600000,0x000000ede0700000) (1024K)]
  0x000001fb713b1dd0 JavaThread "Thread-11"                  daemon [_thread_in_native, id=6356, stack(0x000000ede0700000,0x000000ede0800000) (1024K)]
  0x000001fb713ae950 JavaThread "Thread-12"                  daemon [_thread_in_native, id=15236, stack(0x000000ede0800000,0x000000ede0900000) (1024K)]
  0x000001fb713b0390 JavaThread "Thread-13"                  daemon [_thread_in_native, id=5812, stack(0x000000ede0900000,0x000000ede0a00000) (1024K)]
  0x000001fb713aefe0 JavaThread "pool-2-thread-1"                   [_thread_blocked, id=11808, stack(0x000000ede0a00000,0x000000ede0b00000) (1024K)]
  0x000001fb713b2460 JavaThread "Worker-5"                          [_thread_blocked, id=10364, stack(0x000000ede0b00000,0x000000ede0c00000) (1024K)]
  0x000001fb713b2af0 JavaThread "WorkspaceEventsHandler"            [_thread_blocked, id=16964, stack(0x000000ede0d00000,0x000000ede0e00000) (1024K)]
  0x000001fb713b10b0 JavaThread "pool-1-thread-1"                   [_thread_blocked, id=8060, stack(0x000000ede0e00000,0x000000ede0f00000) (1024K)]
  0x000001fb713b58e0 JavaThread "Timer-0"                           [_thread_blocked, id=6820, stack(0x000000ede1100000,0x000000ede1200000) (1024K)]
Total: 39

Other Threads:
  0x000001fb687945c0 VMThread "VM Thread"                           [id=18832, stack(0x000000eddd700000,0x000000eddd800000) (1024K)]
  0x000001fb6868ca00 WatcherThread "VM Periodic Task Thread"        [id=19148, stack(0x000000eddd600000,0x000000eddd700000) (1024K)]
  0x000001fb51d1b3b0 WorkerThread "GC Thread#0"                     [id=2024, stack(0x000000eddd500000,0x000000eddd600000) (1024K)]
  0x000001fb6f621f40 WorkerThread "GC Thread#1"                     [id=1540, stack(0x000000edde400000,0x000000edde500000) (1024K)]
  0x000001fb6f11a0b0 WorkerThread "GC Thread#2"                     [id=2664, stack(0x000000edde500000,0x000000edde600000) (1024K)]
  0x000001fb6f11a460 WorkerThread "GC Thread#3"                     [id=2084, stack(0x000000edde600000,0x000000edde700000) (1024K)]
  0x000001fb6f11a810 WorkerThread "GC Thread#4"                     [id=9648, stack(0x000000edde700000,0x000000edde800000) (1024K)]
  0x000001fb6f7c1b30 WorkerThread "GC Thread#5"                     [id=2316, stack(0x000000edde800000,0x000000edde900000) (1024K)]
  0x000001fb6f7c1ee0 WorkerThread "GC Thread#6"                     [id=1508, stack(0x000000edde900000,0x000000eddea00000) (1024K)]
  0x000001fb51db97c0 WorkerThread "GC Thread#7"                     [id=11444, stack(0x000000edde000000,0x000000edde100000) (1024K)]
  0x000001fb6fbf8090 WorkerThread "GC Thread#8"                     [id=11212, stack(0x000000eddee00000,0x000000eddef00000) (1024K)]
  0x000001fb6f16d590 WorkerThread "GC Thread#9"                     [id=7480, stack(0x000000eddef00000,0x000000eddf000000) (1024K)]
Total: 12

Threads with active compile tasks:
Total: 0

VM state: not at safepoint (normal execution)

VM Mutex/Monitor currently owned by a thread: None

Heap address: 0x0000000080000000, size: 2048 MB, Compressed Oops mode: 32-bit

CDS archive(s) mapped at: [0x000001fb00000000-0x000001fb00ba0000-0x000001fb00ba0000), size 12189696, SharedBaseAddress: 0x000001fb00000000, ArchiveRelocationMode: 1.
Compressed class space mapped at: 0x000001fb01000000-0x000001fb41000000, reserved size: 1073741824
Narrow klass base: 0x000001fb00000000, Narrow klass shift: 0, Narrow klass range: 0x100000000

GC Precious Log:
 CardTable entry size: 512
 CPUs: 12 total, 12 available
 Memory: 16092M
 Large Page Support: Disabled
 NUMA Support: Disabled
 Compressed Oops: Enabled (32-bit)
 Alignments: Space 512K, Generation 512K, Heap 2M
 Heap Min Capacity: 100M
 Heap Initial Capacity: 100M
 Heap Max Capacity: 2G
 Pre-touch: Disabled
 Parallel Workers: 10

Heap:
 PSYoungGen      total 12288K, used 3208K [0x00000000d5580000, 0x00000000d6400000, 0x0000000100000000)
  eden space 10240K, 12% used [0x00000000d5580000,0x00000000d56ca320,0x00000000d5f80000)
  from space 2048K, 92% used [0x00000000d6200000,0x00000000d63d8010,0x00000000d6400000)
  to   space 2048K, 0% used [0x00000000d6000000,0x00000000d6000000,0x00000000d6200000)
 ParOldGen       total 168448K, used 168263K [0x0000000080000000, 0x000000008a480000, 0x00000000d5580000)
  object space 168448K, 99% used [0x0000000080000000,0x000000008a451e78,0x000000008a480000)
 Metaspace       used 85421K, committed 87168K, reserved 1179648K
  class space    used 10820K, committed 11648K, reserved 1048576K

Card table byte_map: [0x000001fb516a0000,0x000001fb51ab0000] _byte_map_base: 0x000001fb512a0000

Marking Bits: (ParMarkBitMap*) 0x00007ffee6633450
 Begin Bits: [0x000001fb641b0000, 0x000001fb661b0000)
 End Bits:   [0x000001fb661b0000, 0x000001fb681b0000)

Polling page: 0x000001fb4f970000

Metaspace:

Usage:
  Non-class:     72.85 MB used.
      Class:     10.57 MB used.
       Both:     83.42 MB used.

Virtual space:
  Non-class space:      128.00 MB reserved,      73.75 MB ( 58%) committed,  2 nodes.
      Class space:        1.00 GB reserved,      11.38 MB (  1%) committed,  1 nodes.
             Both:        1.12 GB reserved,      85.12 MB (  7%) committed. 

Chunk freelists:
   Non-Class:  6.13 MB
       Class:  4.61 MB
        Both:  10.74 MB

MaxMetaspaceSize: unlimited
CompressedClassSpaceSize: 1.00 GB
Initial GC threshold: 21.00 MB
Current GC threshold: 97.31 MB
CDS: on
 - commit_granule_bytes: 65536.
 - commit_granule_words: 8192.
 - virtual_space_node_default_size: 8388608.
 - enlarge_chunks_in_place: 1.
 - use_allocation_guard: 0.


Internal statistics:

num_allocs_failed_limit: 9.
num_arena_births: 1674.
num_arena_deaths: 14.
num_vsnodes_births: 3.
num_vsnodes_deaths: 0.
num_space_committed: 1362.
num_space_uncommitted: 0.
num_chunks_returned_to_freelist: 23.
num_chunks_taken_from_freelist: 5365.
num_chunk_merges: 12.
num_chunk_splits: 3472.
num_chunks_enlarged: 2167.
num_inconsistent_stats: 0.

CodeHeap 'non-profiled nmethods': size=120000Kb used=9792Kb max_used=9792Kb free=110207Kb
 bounds [0x000001fb5c9d0000, 0x000001fb5d370000, 0x000001fb63f00000]
CodeHeap 'profiled nmethods': size=120000Kb used=23573Kb max_used=23573Kb free=96426Kb
 bounds [0x000001fb54f00000, 0x000001fb56610000, 0x000001fb5c430000]
CodeHeap 'non-nmethods': size=5760Kb used=1452Kb max_used=1517Kb free=4307Kb
 bounds [0x000001fb5c430000, 0x000001fb5c6a0000, 0x000001fb5c9d0000]
CodeCache: size=245760Kb, used=34817Kb, max_used=34882Kb, free=210940Kb
 total_blobs=12748, nmethods=11986, adapters=667, full_count=0
Compilation: enabled, stopped_count=0, restarted_count=0

Compilation events (20 events):
Event: 2122.956 Thread 0x000001fb51da8a20 12937       4       org.eclipse.core.internal.resources.MarkerAttributeMap::shareStrings (92 bytes)
Event: 2122.976 Thread 0x000001fb51da8a20 nmethod 12937 0x000001fb5d35ca10 code [0x000001fb5d35cca0, 0x000001fb5d35daf0]
Event: 2342.020 Thread 0x000001fb69b552f0 12938       1       org.eclipse.osgi.internal.framework.EquinoxContainer::getStorage (5 bytes)
Event: 2342.021 Thread 0x000001fb69b552f0 nmethod 12938 0x000001fb5d35eb90 code [0x000001fb5d35ed20, 0x000001fb5d35ede8]
Event: 2585.760 Thread 0x000001fb69b552f0 12939       3       org.eclipse.jdt.ls.core.internal.ParentProcessWatcher::run (83 bytes)
Event: 2585.767 Thread 0x000001fb69b552f0 nmethod 12939 0x000001fb56600010 code [0x000001fb566002a0, 0x000001fb56600d30]
Event: 2585.767 Thread 0x000001fb69b552f0 12940       3       org.eclipse.jdt.ls.core.internal.ParentProcessWatcher::parentProcessStillRunning (62 bytes)
Event: 2585.768 Thread 0x000001fb69b552f0 nmethod 12940 0x000001fb56601090 code [0x000001fb566012c0, 0x000001fb566019c8]
Event: 2714.963 Thread 0x000001fb51da8a20 12941       4       java.util.TaskQueue::rescheduleMin (16 bytes)
Event: 2714.966 Thread 0x000001fb51da8a20 nmethod 12941 0x000001fb5d35ee90 code [0x000001fb5d35f020, 0x000001fb5d35f130]
Event: 2945.997 Thread 0x000001fb69b552f0 12942       3       java.lang.ProcessHandleImpl::<init> (15 bytes)
Event: 2945.997 Thread 0x000001fb69b552f0 nmethod 12942 0x000001fb56601c10 code [0x000001fb56601dc0, 0x000001fb56601f30]
Event: 3226.449 Thread 0x000001fb51da8a20 12943   !   4       java.lang.Object::wait (50 bytes)
Event: 3226.482 Thread 0x000001fb51da8a20 nmethod 12943 0x000001fb5d35f290 code [0x000001fb5d35f460, 0x000001fb5d35f620]
Event: 3226.952 Thread 0x000001fb51da8a20 12944       4       org.eclipse.buildship.core.internal.util.progress.RateLimitingProgressMonitor$1::run (55 bytes)
Event: 3226.975 Thread 0x000001fb51da8a20 nmethod 12944 0x000001fb5d35f890 code [0x000001fb5d35fa40, 0x000001fb5d35fbd0]
Event: 3323.025 Thread 0x000001fb69b552f0 12945   !   3       org.eclipse.core.internal.jobs.JobManager::nextJob (291 bytes)
Event: 3323.058 Thread 0x000001fb69b552f0 nmethod 12945 0x000001fb56602010 code [0x000001fb566024a0, 0x000001fb566045a8]
Event: 3512.306 Thread 0x000001fb69b552f0 12946       1       org.eclipse.osgi.internal.location.BasicLocation::isReadOnly (5 bytes)
Event: 3512.307 Thread 0x000001fb69b552f0 nmethod 12946 0x000001fb5d35fd90 code [0x000001fb5d35ff20, 0x000001fb5d35fff0]

GC Heap History (20 events):
Event: 283.801 GC heap before
{Heap before GC invocations=192 (full 3):
 PSYoungGen      total 10752K, used 10624K [0x00000000d5580000, 0x00000000d6480000, 0x0000000100000000)
  eden space 10240K, 100% used [0x00000000d5580000,0x00000000d5f80000,0x00000000d5f80000)
  from space 512K, 75% used [0x00000000d6400000,0x00000000d6460000,0x00000000d6480000)
  to   space 1024K, 0% used [0x00000000d6280000,0x00000000d6280000,0x00000000d6380000)
 ParOldGen       total 159232K, used 158851K [0x0000000080000000, 0x0000000089b80000, 0x00000000d5580000)
  object space 159232K, 99% used [0x0000000080000000,0x0000000089b20ea8,0x0000000089b80000)
 Metaspace       used 81584K, committed 83328K, reserved 1179648K
  class space    used 10228K, committed 11008K, reserved 1048576K
}
Event: 283.802 GC heap after
{Heap after GC invocations=192 (full 3):
 PSYoungGen      total 11264K, used 1009K [0x00000000d5580000, 0x00000000d6480000, 0x0000000100000000)
  eden space 10240K, 0% used [0x00000000d5580000,0x00000000d5580000,0x00000000d5f80000)
  from space 1024K, 98% used [0x00000000d6280000,0x00000000d637c6e8,0x00000000d6380000)
  to   space 1024K, 0% used [0x00000000d6380000,0x00000000d6380000,0x00000000d6480000)
 ParOldGen       total 159744K, used 159566K [0x0000000080000000, 0x0000000089c00000, 0x00000000d5580000)
  object space 159744K, 99% used [0x0000000080000000,0x0000000089bd3b00,0x0000000089c00000)
 Metaspace       used 81584K, committed 83328K, reserved 1179648K
  class space    used 10228K, committed 11008K, reserved 1048576K
}
Event: 287.025 GC heap before
{Heap before GC invocations=193 (full 3):
 PSYoungGen      total 11264K, used 11249K [0x00000000d5580000, 0x00000000d6480000, 0x0000000100000000)
  eden space 10240K, 100% used [0x00000000d5580000,0x00000000d5f80000,0x00000000d5f80000)
  from space 1024K, 98% used [0x00000000d6280000,0x00000000d637c6e8,0x00000000d6380000)
  to   space 1024K, 0% used [0x00000000d6380000,0x00000000d6380000,0x00000000d6480000)
 ParOldGen       total 159744K, used 159566K [0x0000000080000000, 0x0000000089c00000, 0x00000000d5580000)
  object space 159744K, 99% used [0x0000000080000000,0x0000000089bd3b00,0x0000000089c00000)
 Metaspace       used 81948K, committed 83776K, reserved 1179648K
  class space    used 10319K, committed 11136K, reserved 1048576K
}
Event: 287.027 GC heap after
{Heap after GC invocations=193 (full 3):
 PSYoungGen      total 11264K, used 1022K [0x00000000d5580000, 0x00000000d6780000, 0x0000000100000000)
  eden space 10240K, 0% used [0x00000000d5580000,0x00000000d5580000,0x00000000d5f80000)
  from space 1024K, 99% used [0x00000000d6380000,0x00000000d647f988,0x00000000d6480000)
  to   space 4096K, 0% used [0x00000000d5f80000,0x00000000d5f80000,0x00000000d6380000)
 ParOldGen       total 162304K, used 162088K [0x0000000080000000, 0x0000000089e80000, 0x00000000d5580000)
  object space 162304K, 99% used [0x0000000080000000,0x0000000089e4a270,0x0000000089e80000)
 Metaspace       used 81948K, committed 83776K, reserved 1179648K
  class space    used 10319K, committed 11136K, reserved 1048576K
}
Event: 287.091 GC heap before
{Heap before GC invocations=194 (full 3):
 PSYoungGen      total 11264K, used 11262K [0x00000000d5580000, 0x00000000d6780000, 0x0000000100000000)
  eden space 10240K, 100% used [0x00000000d5580000,0x00000000d5f80000,0x00000000d5f80000)
  from space 1024K, 99% used [0x00000000d6380000,0x00000000d647f988,0x00000000d6480000)
  to   space 4096K, 0% used [0x00000000d5f80000,0x00000000d5f80000,0x00000000d6380000)
 ParOldGen       total 162304K, used 162088K [0x0000000080000000, 0x0000000089e80000, 0x00000000d5580000)
  object space 162304K, 99% used [0x0000000080000000,0x0000000089e4a270,0x0000000089e80000)
 Metaspace       used 83063K, committed 84864K, reserved 1179648K
  class space    used 10523K, committed 11328K, reserved 1048576K
}
Event: 287.093 GC heap after
{Heap after GC invocations=194 (full 3):
 PSYoungGen      total 10752K, used 464K [0x00000000d5580000, 0x00000000d6400000, 0x0000000100000000)
  eden space 10240K, 0% used [0x00000000d5580000,0x00000000d5580000,0x00000000d5f80000)
  from space 512K, 90% used [0x00000000d5f80000,0x00000000d5ff4010,0x00000000d6000000)
  to   space 2048K, 0% used [0x00000000d6200000,0x00000000d6200000,0x00000000d6400000)
 ParOldGen       total 163328K, used 163111K [0x0000000080000000, 0x0000000089f80000, 0x00000000d5580000)
  object space 163328K, 99% used [0x0000000080000000,0x0000000089f49da8,0x0000000089f80000)
 Metaspace       used 83063K, committed 84864K, reserved 1179648K
  class space    used 10523K, committed 11328K, reserved 1048576K
}
Event: 287.177 GC heap before
{Heap before GC invocations=195 (full 3):
 PSYoungGen      total 10752K, used 10704K [0x00000000d5580000, 0x00000000d6400000, 0x0000000100000000)
  eden space 10240K, 100% used [0x00000000d5580000,0x00000000d5f80000,0x00000000d5f80000)
  from space 512K, 90% used [0x00000000d5f80000,0x00000000d5ff4010,0x00000000d6000000)
  to   space 2048K, 0% used [0x00000000d6200000,0x00000000d6200000,0x00000000d6400000)
 ParOldGen       total 163328K, used 163111K [0x0000000080000000, 0x0000000089f80000, 0x00000000d5580000)
  object space 163328K, 99% used [0x0000000080000000,0x0000000089f49da8,0x0000000089f80000)
 Metaspace       used 84029K, committed 85824K, reserved 1179648K
  class space    used 10694K, committed 11520K, reserved 1048576K
}
Event: 287.178 GC heap after
{Heap after GC invocations=195 (full 3):
 PSYoungGen      total 10752K, used 448K [0x00000000d5580000, 0x00000000d6280000, 0x0000000100000000)
  eden space 10240K, 0% used [0x00000000d5580000,0x00000000d5580000,0x00000000d5f80000)
  from space 512K, 87% used [0x00000000d6200000,0x00000000d6270000,0x00000000d6280000)
  to   space 1024K, 0% used [0x00000000d6080000,0x00000000d6080000,0x00000000d6180000)
 ParOldGen       total 163840K, used 163399K [0x0000000080000000, 0x000000008a000000, 0x00000000d5580000)
  object space 163840K, 99% used [0x0000000080000000,0x0000000089f91dd8,0x000000008a000000)
 Metaspace       used 84029K, committed 85824K, reserved 1179648K
  class space    used 10694K, committed 11520K, reserved 1048576K
}
Event: 314.777 GC heap before
{Heap before GC invocations=196 (full 3):
 PSYoungGen      total 10752K, used 10688K [0x00000000d5580000, 0x00000000d6280000, 0x0000000100000000)
  eden space 10240K, 100% used [0x00000000d5580000,0x00000000d5f80000,0x00000000d5f80000)
  from space 512K, 87% used [0x00000000d6200000,0x00000000d6270000,0x00000000d6280000)
  to   space 1024K, 0% used [0x00000000d6080000,0x00000000d6080000,0x00000000d6180000)
 ParOldGen       total 163840K, used 163399K [0x0000000080000000, 0x000000008a000000, 0x00000000d5580000)
  object space 163840K, 99% used [0x0000000080000000,0x0000000089f91dd8,0x000000008a000000)
 Metaspace       used 84122K, committed 85888K, reserved 1179648K
  class space    used 10699K, committed 11520K, reserved 1048576K
}
Event: 314.778 GC heap after
{Heap after GC invocations=196 (full 3):
 PSYoungGen      total 11264K, used 288K [0x00000000d5580000, 0x00000000d6280000, 0x0000000100000000)
  eden space 10240K, 0% used [0x00000000d5580000,0x00000000d5580000,0x00000000d5f80000)
  from space 1024K, 28% used [0x00000000d6080000,0x00000000d60c8000,0x00000000d6180000)
  to   space 512K, 0% used [0x00000000d6200000,0x00000000d6200000,0x00000000d6280000)
 ParOldGen       total 163840K, used 163604K [0x0000000080000000, 0x000000008a000000, 0x00000000d5580000)
  object space 163840K, 99% used [0x0000000080000000,0x0000000089fc5130,0x000000008a000000)
 Metaspace       used 84122K, committed 85888K, reserved 1179648K
  class space    used 10699K, committed 11520K, reserved 1048576K
}
Event: 327.036 GC heap before
{Heap before GC invocations=197 (full 3):
 PSYoungGen      total 11264K, used 10528K [0x00000000d5580000, 0x00000000d6280000, 0x0000000100000000)
  eden space 10240K, 100% used [0x00000000d5580000,0x00000000d5f80000,0x00000000d5f80000)
  from space 1024K, 28% used [0x00000000d6080000,0x00000000d60c8000,0x00000000d6180000)
  to   space 512K, 0% used [0x00000000d6200000,0x00000000d6200000,0x00000000d6280000)
 ParOldGen       total 163840K, used 163604K [0x0000000080000000, 0x000000008a000000, 0x00000000d5580000)
  object space 163840K, 99% used [0x0000000080000000,0x0000000089fc5130,0x000000008a000000)
 Metaspace       used 84403K, committed 86144K, reserved 1179648K
  class space    used 10727K, committed 11520K, reserved 1048576K
}
Event: 327.038 GC heap after
{Heap after GC invocations=197 (full 3):
 PSYoungGen      total 10752K, used 512K [0x00000000d5580000, 0x00000000d6280000, 0x0000000100000000)
  eden space 10240K, 0% used [0x00000000d5580000,0x00000000d5580000,0x00000000d5f80000)
  from space 512K, 100% used [0x00000000d6200000,0x00000000d6280000,0x00000000d6280000)
  to   space 1024K, 0% used [0x00000000d6080000,0x00000000d6080000,0x00000000d6180000)
 ParOldGen       total 163840K, used 163796K [0x0000000080000000, 0x000000008a000000, 0x00000000d5580000)
  object space 163840K, 99% used [0x0000000080000000,0x0000000089ff5150,0x000000008a000000)
 Metaspace       used 84403K, committed 86144K, reserved 1179648K
  class space    used 10727K, committed 11520K, reserved 1048576K
}
Event: 330.143 GC heap before
{Heap before GC invocations=198 (full 3):
 PSYoungGen      total 10752K, used 10752K [0x00000000d5580000, 0x00000000d6280000, 0x0000000100000000)
  eden space 10240K, 100% used [0x00000000d5580000,0x00000000d5f80000,0x00000000d5f80000)
  from space 512K, 100% used [0x00000000d6200000,0x00000000d6280000,0x00000000d6280000)
  to   space 1024K, 0% used [0x00000000d6080000,0x00000000d6080000,0x00000000d6180000)
 ParOldGen       total 163840K, used 163796K [0x0000000080000000, 0x000000008a000000, 0x00000000d5580000)
  object space 163840K, 99% used [0x0000000080000000,0x0000000089ff5150,0x000000008a000000)
 Metaspace       used 84658K, committed 86400K, reserved 1179648K
  class space    used 10744K, committed 11520K, reserved 1048576K
}
Event: 330.144 GC heap after
{Heap after GC invocations=198 (full 3):
 PSYoungGen      total 11264K, used 352K [0x00000000d5580000, 0x00000000d6280000, 0x0000000100000000)
  eden space 10240K, 0% used [0x00000000d5580000,0x00000000d5580000,0x00000000d5f80000)
  from space 1024K, 34% used [0x00000000d6080000,0x00000000d60d8000,0x00000000d6180000)
  to   space 512K, 0% used [0x00000000d6200000,0x00000000d6200000,0x00000000d6280000)
 ParOldGen       total 164352K, used 164036K [0x0000000080000000, 0x000000008a080000, 0x00000000d5580000)
  object space 164352K, 99% used [0x0000000080000000,0x000000008a031150,0x000000008a080000)
 Metaspace       used 84658K, committed 86400K, reserved 1179648K
  class space    used 10744K, committed 11520K, reserved 1048576K
}
Event: 378.639 GC heap before
{Heap before GC invocations=199 (full 3):
 PSYoungGen      total 11264K, used 10586K [0x00000000d5580000, 0x00000000d6280000, 0x0000000100000000)
  eden space 10240K, 99% used [0x00000000d5580000,0x00000000d5f7e838,0x00000000d5f80000)
  from space 1024K, 34% used [0x00000000d6080000,0x00000000d60d8000,0x00000000d6180000)
  to   space 512K, 0% used [0x00000000d6200000,0x00000000d6200000,0x00000000d6280000)
 ParOldGen       total 164352K, used 164036K [0x0000000080000000, 0x000000008a080000, 0x00000000d5580000)
  object space 164352K, 99% used [0x0000000080000000,0x000000008a031150,0x000000008a080000)
 Metaspace       used 84733K, committed 86464K, reserved 1179648K
  class space    used 10754K, committed 11520K, reserved 1048576K
}
Event: 378.642 GC heap after
{Heap after GC invocations=199 (full 3):
 PSYoungGen      total 10752K, used 512K [0x00000000d5580000, 0x00000000d6480000, 0x0000000100000000)
  eden space 10240K, 0% used [0x00000000d5580000,0x00000000d5580000,0x00000000d5f80000)
  from space 512K, 100% used [0x00000000d6200000,0x00000000d6280000,0x00000000d6280000)
  to   space 2560K, 0% used [0x00000000d5f80000,0x00000000d5f80000,0x00000000d6200000)
 ParOldGen       total 165888K, used 165633K [0x0000000080000000, 0x000000008a200000, 0x00000000d5580000)
  object space 165888K, 99% used [0x0000000080000000,0x000000008a1c0648,0x000000008a200000)
 Metaspace       used 84733K, committed 86464K, reserved 1179648K
  class space    used 10754K, committed 11520K, reserved 1048576K
}
Event: 378.840 GC heap before
{Heap before GC invocations=200 (full 3):
 PSYoungGen      total 10752K, used 10752K [0x00000000d5580000, 0x00000000d6480000, 0x0000000100000000)
  eden space 10240K, 100% used [0x00000000d5580000,0x00000000d5f80000,0x00000000d5f80000)
  from space 512K, 100% used [0x00000000d6200000,0x00000000d6280000,0x00000000d6280000)
  to   space 2560K, 0% used [0x00000000d5f80000,0x00000000d5f80000,0x00000000d6200000)
 ParOldGen       total 165888K, used 165633K [0x0000000080000000, 0x000000008a200000, 0x00000000d5580000)
  object space 165888K, 99% used [0x0000000080000000,0x000000008a1c0648,0x000000008a200000)
 Metaspace       used 85280K, committed 87040K, reserved 1179648K
  class space    used 10804K, committed 11584K, reserved 1048576K
}
Event: 378.843 GC heap after
{Heap after GC invocations=200 (full 3):
 PSYoungGen      total 12800K, used 2224K [0x00000000d5580000, 0x00000000d6480000, 0x0000000100000000)
  eden space 10240K, 0% used [0x00000000d5580000,0x00000000d5580000,0x00000000d5f80000)
  from space 2560K, 86% used [0x00000000d5f80000,0x00000000d61ac020,0x00000000d6200000)
  to   space 2560K, 0% used [0x00000000d6200000,0x00000000d6200000,0x00000000d6480000)
 ParOldGen       total 166400K, used 166153K [0x0000000080000000, 0x000000008a280000, 0x00000000d5580000)
  object space 166400K, 99% used [0x0000000080000000,0x000000008a242648,0x000000008a280000)
 Metaspace       used 85280K, committed 87040K, reserved 1179648K
  class space    used 10804K, committed 11584K, reserved 1048576K
}
Event: 1925.974 GC heap before
{Heap before GC invocations=201 (full 3):
 PSYoungGen      total 12800K, used 12464K [0x00000000d5580000, 0x00000000d6480000, 0x0000000100000000)
  eden space 10240K, 100% used [0x00000000d5580000,0x00000000d5f80000,0x00000000d5f80000)
  from space 2560K, 86% used [0x00000000d5f80000,0x00000000d61ac020,0x00000000d6200000)
  to   space 2560K, 0% used [0x00000000d6200000,0x00000000d6200000,0x00000000d6480000)
 ParOldGen       total 166400K, used 166153K [0x0000000080000000, 0x000000008a280000, 0x00000000d5580000)
  object space 166400K, 99% used [0x0000000080000000,0x000000008a242648,0x000000008a280000)
 Metaspace       used 85414K, committed 87168K, reserved 1179648K
  class space    used 10820K, committed 11648K, reserved 1048576K
}
Event: 1925.977 GC heap after
{Heap after GC invocations=201 (full 3):
 PSYoungGen      total 12288K, used 1888K [0x00000000d5580000, 0x00000000d6400000, 0x0000000100000000)
  eden space 10240K, 0% used [0x00000000d5580000,0x00000000d5580000,0x00000000d5f80000)
  from space 2048K, 92% used [0x00000000d6200000,0x00000000d63d8010,0x00000000d6400000)
  to   space 2048K, 0% used [0x00000000d6000000,0x00000000d6000000,0x00000000d6200000)
 ParOldGen       total 168448K, used 168263K [0x0000000080000000, 0x000000008a480000, 0x00000000d5580000)
  object space 168448K, 99% used [0x0000000080000000,0x000000008a451e78,0x000000008a480000)
 Metaspace       used 85414K, committed 87168K, reserved 1179648K
  class space    used 10820K, committed 11648K, reserved 1048576K
}

Dll operation events (18 events):
Event: 0.012 Loaded shared library c:\Users\WALSTAR\.antigravity\extensions\redhat.java-1.54.0-win32-x64\jre\21.0.10-win32-x86_64\bin\java.dll
Event: 0.093 Loaded shared library c:\Users\WALSTAR\.antigravity\extensions\redhat.java-1.54.0-win32-x64\jre\21.0.10-win32-x86_64\bin\zip.dll
Event: 0.116 Loaded shared library C:\Users\WALSTAR\.antigravity\extensions\redhat.java-1.54.0-win32-x64\jre\21.0.10-win32-x86_64\bin\instrument.dll
Event: 0.122 Loaded shared library C:\Users\WALSTAR\.antigravity\extensions\redhat.java-1.54.0-win32-x64\jre\21.0.10-win32-x86_64\bin\net.dll
Event: 0.125 Loaded shared library C:\Users\WALSTAR\.antigravity\extensions\redhat.java-1.54.0-win32-x64\jre\21.0.10-win32-x86_64\bin\nio.dll
Event: 0.129 Loaded shared library C:\Users\WALSTAR\.antigravity\extensions\redhat.java-1.54.0-win32-x64\jre\21.0.10-win32-x86_64\bin\zip.dll
Event: 0.151 Loaded shared library C:\Users\WALSTAR\.antigravity\extensions\redhat.java-1.54.0-win32-x64\jre\21.0.10-win32-x86_64\bin\jimage.dll
Event: 0.305 Loaded shared library c:\Users\WALSTAR\.antigravity\extensions\redhat.java-1.54.0-win32-x64\jre\21.0.10-win32-x86_64\bin\verify.dll
Event: 11.454 Loaded shared library C:\Users\WALSTAR\AppData\Roaming\Antigravity\User\globalStorage\redhat.java\1.54.0\config_win\org.eclipse.equinox.launcher\org.eclipse.equinox.launcher.win32.win32.x86_64_1.3.0.v20260203-2149\eclipse_11919.dll
Event: 22.461 Loaded shared library C:\Users\WALSTAR\AppData\Local\Temp\jna-1837046804\jna684329988831108961.dll
Event: 24.381 Loaded shared library C:\Users\WALSTAR\.antigravity\extensions\redhat.java-1.54.0-win32-x64\jre\21.0.10-win32-x86_64\bin\sunmscapi.dll
Event: 26.758 Loaded shared library C:\Users\WALSTAR\.antigravity\extensions\redhat.java-1.54.0-win32-x64\jre\21.0.10-win32-x86_64\bin\extnet.dll
Event: 44.272 Loaded shared library C:\Users\WALSTAR\.gradle\native\1def1411415f61bf3af743bc5b6707747c0891f09f0c88961ee8f79bc544acac\windows-amd64\native-platform.dll
Event: 58.893 Loaded shared library C:\Users\WALSTAR\.antigravity\extensions\redhat.java-1.54.0-win32-x64\jre\21.0.10-win32-x86_64\bin\management.dll
Event: 58.928 Loaded shared library C:\Users\WALSTAR\.antigravity\extensions\redhat.java-1.54.0-win32-x64\jre\21.0.10-win32-x86_64\bin\management_ext.dll
Event: 199.528 Loaded shared library C:\Users\WALSTAR\.gradle\native\c067742578af261105cb4f569cf0c3c89f3d7b1fecec35dd04571415982c5e48\windows-amd64\native-platform.dll
Event: 256.569 Loaded shared library C:\Users\WALSTAR\.gradle\native\29\windows-amd64\native-platform.dll
Event: 277.787 Loaded shared library C:\Users\WALSTAR\.gradle\native\25\windows-amd64\native-platform.dll

Deoptimization events (20 events):
Event: 378.761 Thread 0x000001fb70a4e090 Uncommon trap: trap_request=0xffffff45 fr.pc=0x000001fb5d26bf04 relative=0x0000000000000704
Event: 378.761 Thread 0x000001fb70a4e090 Uncommon trap: reason=unstable_if action=reinterpret pc=0x000001fb5d26bf04 method=java.io.ObjectInputStream$HandleTable.markDependency(II)V @ 54 c2
Event: 378.761 Thread 0x000001fb70a4e090 DEOPT PACKING pc=0x000001fb5d26bf04 sp=0x000000eddd2feb70
Event: 378.761 Thread 0x000001fb70a4e090 DEOPT UNPACKING pc=0x000001fb5c483aa2 sp=0x000000eddd2feac8 mode 2
Event: 378.762 Thread 0x000001fb70a4e090 Uncommon trap: trap_request=0xffffff45 fr.pc=0x000001fb5d2db900 relative=0x0000000000000f40
Event: 378.762 Thread 0x000001fb70a4e090 Uncommon trap: reason=unstable_if action=reinterpret pc=0x000001fb5d2db900 method=java.io.ObjectInputStream$HandleTable.finish(I)V @ 4 c2
Event: 378.762 Thread 0x000001fb70a4e090 DEOPT PACKING pc=0x000001fb5d2db900 sp=0x000000eddd2fec90
Event: 378.762 Thread 0x000001fb70a4e090 DEOPT UNPACKING pc=0x000001fb5c483aa2 sp=0x000000eddd2febb8 mode 2
Event: 657.561 Thread 0x000001fb69c18480 Uncommon trap: trap_request=0xffffff45 fr.pc=0x000001fb5d2fe71c relative=0x0000000000002ddc
Event: 657.561 Thread 0x000001fb69c18480 Uncommon trap: reason=unstable_if action=reinterpret pc=0x000001fb5d2fe71c method=org.eclipse.core.internal.dtree.DataTreeWriter.writeNode(Lorg/eclipse/core/internal/dtree/AbstractDataTreeNode;Lorg/eclipse/core/runtime/IPath;I)V @ 14 c2
Event: 657.561 Thread 0x000001fb69c18480 DEOPT PACKING pc=0x000001fb5d2fe71c sp=0x000000eddfbfee50
Event: 657.561 Thread 0x000001fb69c18480 DEOPT UNPACKING pc=0x000001fb5c483aa2 sp=0x000000eddfbfee60 mode 2
Event: 657.561 Thread 0x000001fb69c18480 Uncommon trap: trap_request=0xffffff45 fr.pc=0x000001fb5d2f44a0 relative=0x0000000000000440
Event: 657.561 Thread 0x000001fb69c18480 Uncommon trap: reason=unstable_if action=reinterpret pc=0x000001fb5d2f44a0 method=org.eclipse.core.internal.watson.ElementTreeWriter$1.writeData(Lorg/eclipse/core/runtime/IPath;Ljava/lang/Object;Ljava/io/DataOutput;)V @ 9 c2
Event: 657.561 Thread 0x000001fb69c18480 DEOPT PACKING pc=0x000001fb5d2f44a0 sp=0x000000eddfbfee00
Event: 657.561 Thread 0x000001fb69c18480 DEOPT UNPACKING pc=0x000001fb5c483aa2 sp=0x000000eddfbfede0 mode 2
Event: 657.563 Thread 0x000001fb69c18480 Uncommon trap: trap_request=0xffffff45 fr.pc=0x000001fb5d2f9e3c relative=0x000000000000077c
Event: 657.563 Thread 0x000001fb69c18480 Uncommon trap: reason=unstable_if action=reinterpret pc=0x000001fb5d2f9e3c method=org.eclipse.core.internal.resources.SaveManager.lambda$11(Lorg/eclipse/core/internal/resources/MarkerManager;Ljava/io/DataOutputStream;[JLjava/io/DataOutputStream;Lorg/eclip
Event: 657.563 Thread 0x000001fb69c18480 DEOPT PACKING pc=0x000001fb5d2f9e3c sp=0x000000eddfbfef30
Event: 657.563 Thread 0x000001fb69c18480 DEOPT UNPACKING pc=0x000001fb5c483aa2 sp=0x000000eddfbfee80 mode 2

Classes loaded (20 events):
Event: 325.613 Loading class java/util/stream/Nodes$ToArrayTask done
Event: 325.613 Loading class java/util/stream/Nodes$ToArrayTask$OfRef done
Event: 325.618 Loading class java/io/ObjectOutputStream$BlockDataOutputStream
Event: 325.619 Loading class java/io/ObjectOutputStream$BlockDataOutputStream done
Event: 325.619 Loading class java/io/ObjectOutputStream$HandleTable
Event: 325.619 Loading class java/io/ObjectOutputStream$HandleTable done
Event: 325.619 Loading class java/io/ObjectOutputStream$ReplaceTable
Event: 325.619 Loading class java/io/ObjectOutputStream$ReplaceTable done
Event: 378.764 Loading class sun/reflect/generics/tree/IntSignature
Event: 378.765 Loading class sun/reflect/generics/tree/IntSignature done
Event: 378.921 Loading class java/util/stream/ReduceOps$5
Event: 378.922 Loading class java/util/stream/ReduceOps$5 done
Event: 378.922 Loading class java/util/stream/ReduceOps$CountingSink$OfRef
Event: 378.923 Loading class java/util/stream/ReduceOps$CountingSink
Event: 378.923 Loading class java/util/stream/ReduceOps$CountingSink done
Event: 378.923 Loading class java/util/stream/ReduceOps$CountingSink$OfRef done
Event: 379.565 Loading class java/util/stream/ReduceOps$1
Event: 379.565 Loading class java/util/stream/ReduceOps$1 done
Event: 379.566 Loading class java/util/stream/ReduceOps$1ReducingSink
Event: 379.566 Loading class java/util/stream/ReduceOps$1ReducingSink done

Classes unloaded (7 events):
Event: 23.214 Thread 0x000001fb687945c0 Unloading class 0x000001fb011aac00 'java/lang/invoke/LambdaForm$MH+0x000001fb011aac00'
Event: 23.214 Thread 0x000001fb687945c0 Unloading class 0x000001fb011aa800 'java/lang/invoke/LambdaForm$MH+0x000001fb011aa800'
Event: 23.214 Thread 0x000001fb687945c0 Unloading class 0x000001fb011aa400 'java/lang/invoke/LambdaForm$MH+0x000001fb011aa400'
Event: 23.214 Thread 0x000001fb687945c0 Unloading class 0x000001fb011aa000 'java/lang/invoke/LambdaForm$MH+0x000001fb011aa000'
Event: 23.214 Thread 0x000001fb687945c0 Unloading class 0x000001fb011a9c00 'java/lang/invoke/LambdaForm$BMH+0x000001fb011a9c00'
Event: 23.214 Thread 0x000001fb687945c0 Unloading class 0x000001fb011a9800 'java/lang/invoke/LambdaForm$DMH+0x000001fb011a9800'
Event: 23.214 Thread 0x000001fb687945c0 Unloading class 0x000001fb011a8400 'java/lang/invoke/LambdaForm$DMH+0x000001fb011a8400'

Classes redefined (0 events):
No events

Internal exceptions (20 events):
Event: 657.537 Thread 0x000001fb69c18480 Exception <a 'sun/nio/fs/WindowsException'{0x00000000d5d91588}> (0x00000000d5d91588) 
thrown [s\src\hotspot\share\prims\jni.cpp, line 520]
Event: 657.539 Thread 0x000001fb69c18480 Exception <a 'sun/nio/fs/WindowsException'{0x00000000d5d92ad0}> (0x00000000d5d92ad0) 
thrown [s\src\hotspot\share\prims\jni.cpp, line 520]
Event: 657.539 Thread 0x000001fb69c18480 Exception <a 'sun/nio/fs/WindowsException'{0x00000000d5d933b0}> (0x00000000d5d933b0) 
thrown [s\src\hotspot\share\prims\jni.cpp, line 520]
Event: 657.540 Thread 0x000001fb69c18480 Exception <a 'sun/nio/fs/WindowsException'{0x00000000d5d948f8}> (0x00000000d5d948f8) 
thrown [s\src\hotspot\share\prims\jni.cpp, line 520]
Event: 657.540 Thread 0x000001fb69c18480 Exception <a 'sun/nio/fs/WindowsException'{0x00000000d5d951d8}> (0x00000000d5d951d8) 
thrown [s\src\hotspot\share\prims\jni.cpp, line 520]
Event: 657.541 Thread 0x000001fb69c18480 Exception <a 'sun/nio/fs/WindowsException'{0x00000000d5d96720}> (0x00000000d5d96720) 
thrown [s\src\hotspot\share\prims\jni.cpp, line 520]
Event: 657.541 Thread 0x000001fb69c18480 Exception <a 'sun/nio/fs/WindowsException'{0x00000000d5d97000}> (0x00000000d5d97000) 
thrown [s\src\hotspot\share\prims\jni.cpp, line 520]
Event: 657.542 Thread 0x000001fb69c18480 Exception <a 'sun/nio/fs/WindowsException'{0x00000000d5d98548}> (0x00000000d5d98548) 
thrown [s\src\hotspot\share\prims\jni.cpp, line 520]
Event: 657.542 Thread 0x000001fb69c18480 Exception <a 'sun/nio/fs/WindowsException'{0x00000000d5d98e28}> (0x00000000d5d98e28) 
thrown [s\src\hotspot\share\prims\jni.cpp, line 520]
Event: 657.543 Thread 0x000001fb69c18480 Exception <a 'sun/nio/fs/WindowsException'{0x00000000d5d9a370}> (0x00000000d5d9a370) 
thrown [s\src\hotspot\share\prims\jni.cpp, line 520]
Event: 657.543 Thread 0x000001fb69c18480 Exception <a 'sun/nio/fs/WindowsException'{0x00000000d5d9af18}> (0x00000000d5d9af18) 
thrown [s\src\hotspot\share\prims\jni.cpp, line 520]
Event: 657.544 Thread 0x000001fb69c18480 Exception <a 'sun/nio/fs/WindowsException'{0x00000000d5d9c460}> (0x00000000d5d9c460) 
thrown [s\src\hotspot\share\prims\jni.cpp, line 520]
Event: 657.545 Thread 0x000001fb69c18480 Exception <a 'sun/nio/fs/WindowsException'{0x00000000d5d9cd40}> (0x00000000d5d9cd40) 
thrown [s\src\hotspot\share\prims\jni.cpp, line 520]
Event: 657.546 Thread 0x000001fb69c18480 Exception <a 'sun/nio/fs/WindowsException'{0x00000000d5d9e1c8}> (0x00000000d5d9e1c8) 
thrown [s\src\hotspot\share\prims\jni.cpp, line 520]
Event: 657.546 Thread 0x000001fb69c18480 Exception <a 'sun/nio/fs/WindowsException'{0x00000000d5d9eaa8}> (0x00000000d5d9eaa8) 
thrown [s\src\hotspot\share\prims\jni.cpp, line 520]
Event: 657.547 Thread 0x000001fb69c18480 Exception <a 'sun/nio/fs/WindowsException'{0x00000000d5da1860}> (0x00000000d5da1860) 
thrown [s\src\hotspot\share\prims\jni.cpp, line 520]
Event: 657.547 Thread 0x000001fb69c18480 Exception <a 'sun/nio/fs/WindowsException'{0x00000000d5da2140}> (0x00000000d5da2140) 
thrown [s\src\hotspot\share\prims\jni.cpp, line 520]
Event: 657.548 Thread 0x000001fb69c18480 Exception <a 'sun/nio/fs/WindowsException'{0x00000000d5da38c8}> (0x00000000d5da38c8) 
thrown [s\src\hotspot\share\prims\jni.cpp, line 520]
Event: 657.548 Thread 0x000001fb69c18480 Exception <a 'sun/nio/fs/WindowsException'{0x00000000d5da41a8}> (0x00000000d5da41a8) 
thrown [s\src\hotspot\share\prims\jni.cpp, line 520]
Event: 2799.613 Thread 0x000001fb713b10b0 Exception <a 'java/lang/IncompatibleClassChangeError'{0x00000000d56819d8}: Found class java.lang.Object, but interface was expected> (0x00000000d56819d8) 
thrown [s\src\hotspot\share\interpreter\linkResolver.cpp, line 840]

ZGC Phase Switch (0 events):
No events

VM Operations (20 events):
Event: 2946.790 Executing non-safepoint VM operation: HandshakeAllThreads (HandshakeForDeflation)
Event: 2946.790 Executing non-safepoint VM operation: HandshakeAllThreads (HandshakeForDeflation) done
Event: 2946.790 Executing non-safepoint VM operation: RendezvousGCThreads
Event: 2946.790 Executing non-safepoint VM operation: RendezvousGCThreads done
Event: 3006.885 Executing non-safepoint VM operation: HandshakeAllThreads (HandshakeForDeflation)
Event: 3006.975 Executing non-safepoint VM operation: HandshakeAllThreads (HandshakeForDeflation) done
Event: 3006.975 Executing non-safepoint VM operation: RendezvousGCThreads
Event: 3006.975 Executing non-safepoint VM operation: RendezvousGCThreads done
Event: 3067.012 Executing non-safepoint VM operation: HandshakeAllThreads (HandshakeForDeflation)
Event: 3067.012 Executing non-safepoint VM operation: HandshakeAllThreads (HandshakeForDeflation) done
Event: 3067.012 Executing non-safepoint VM operation: RendezvousGCThreads
Event: 3067.012 Executing non-safepoint VM operation: RendezvousGCThreads done
Event: 3127.186 Executing non-safepoint VM operation: HandshakeAllThreads (HandshakeForDeflation)
Event: 3127.186 Executing non-safepoint VM operation: HandshakeAllThreads (HandshakeForDeflation) done
Event: 3127.186 Executing non-safepoint VM operation: RendezvousGCThreads
Event: 3127.186 Executing non-safepoint VM operation: RendezvousGCThreads done
Event: 3427.400 Executing non-safepoint VM operation: HandshakeAllThreads (HandshakeForDeflation)
Event: 3427.400 Executing non-safepoint VM operation: HandshakeAllThreads (HandshakeForDeflation) done
Event: 3427.400 Executing non-safepoint VM operation: RendezvousGCThreads
Event: 3427.400 Executing non-safepoint VM operation: RendezvousGCThreads done

Memory protections (0 events):
No events

Nmethod flushes (20 events):
Event: 44.413 Thread 0x000001fb687945c0 flushing  nmethod 0x000001fb55993310
Event: 44.413 Thread 0x000001fb687945c0 flushing  nmethod 0x000001fb55995390
Event: 44.413 Thread 0x000001fb687945c0 flushing  nmethod 0x000001fb55997890
Event: 44.413 Thread 0x000001fb687945c0 flushing  nmethod 0x000001fb55999810
Event: 44.413 Thread 0x000001fb687945c0 flushing  nmethod 0x000001fb55999c10
Event: 44.413 Thread 0x000001fb687945c0 flushing  nmethod 0x000001fb5599b110
Event: 44.413 Thread 0x000001fb687945c0 flushing  nmethod 0x000001fb5599f690
Event: 44.413 Thread 0x000001fb687945c0 flushing  nmethod 0x000001fb559a4690
Event: 44.413 Thread 0x000001fb687945c0 flushing  nmethod 0x000001fb559aae90
Event: 44.413 Thread 0x000001fb687945c0 flushing  nmethod 0x000001fb559abe10
Event: 44.413 Thread 0x000001fb687945c0 flushing  nmethod 0x000001fb559b8a10
Event: 44.413 Thread 0x000001fb687945c0 flushing  nmethod 0x000001fb559c3390
Event: 44.413 Thread 0x000001fb687945c0 flushing  nmethod 0x000001fb559c7990
Event: 44.413 Thread 0x000001fb687945c0 flushing  nmethod 0x000001fb559c8010
Event: 44.413 Thread 0x000001fb687945c0 flushing  nmethod 0x000001fb559c8790
Event: 44.413 Thread 0x000001fb687945c0 flushing  nmethod 0x000001fb559cff90
Event: 44.413 Thread 0x000001fb687945c0 flushing  nmethod 0x000001fb559d2410
Event: 44.413 Thread 0x000001fb687945c0 flushing  nmethod 0x000001fb559e8890
Event: 44.413 Thread 0x000001fb687945c0 flushing  nmethod 0x000001fb559e9190
Event: 44.413 Thread 0x000001fb687945c0 flushing  nmethod 0x000001fb559e9e10

Events (20 events):
Event: 657.522 Thread 0x000001fb69c18480 Thread added: 0x000001fb70a50160
Event: 657.523 Thread 0x000001fb70a50160 Thread exited: 0x000001fb70a50160
Event: 657.550 Thread 0x000001fb69c18480 Thread added: 0x000001fb70a4f440
Event: 657.551 Thread 0x000001fb70a4f440 Thread added: 0x000001fb70a4e090
Event: 657.551 Thread 0x000001fb70a4f440 Thread added: 0x000001fb70a51510
Event: 657.552 Thread 0x000001fb70a4e090 Thread added: 0x000001fb70a50160
Event: 657.552 Thread 0x000001fb70a4f440 Thread added: 0x000001fb70a52f50
Event: 657.552 Thread 0x000001fb70a4e090 Thread added: 0x000001fb70a4fad0
Event: 657.552 Thread 0x000001fb70a51510 Thread added: 0x000001fb70a54990
Event: 657.553 Thread 0x000001fb70a4f440 Thread added: 0x000001fb70a53c70
Event: 657.554 Thread 0x000001fb70a53c70 Thread exited: 0x000001fb70a53c70
Event: 657.554 Thread 0x000001fb70a4f440 Thread exited: 0x000001fb70a4f440
Event: 657.554 Thread 0x000001fb70a52f50 Thread exited: 0x000001fb70a52f50
Event: 657.554 Thread 0x000001fb70a4e090 Thread exited: 0x000001fb70a4e090
Event: 657.554 Thread 0x000001fb70a50160 Thread exited: 0x000001fb70a50160
Event: 657.554 Thread 0x000001fb70a51510 Thread exited: 0x000001fb70a51510
Event: 657.554 Thread 0x000001fb70a54990 Thread exited: 0x000001fb70a54990
Event: 657.554 Thread 0x000001fb70a4fad0 Thread exited: 0x000001fb70a4fad0
Event: 660.818 Thread 0x000001fb70a4edb0 Thread exited: 0x000001fb70a4edb0
Event: 720.821 Thread 0x000001fb70a51ba0 Thread exited: 0x000001fb70a51ba0


Dynamic libraries:
0x00007ff6d4db0000 - 0x00007ff6d4dbe000 	c:\Users\WALSTAR\.antigravity\extensions\redhat.java-1.54.0-win32-x64\jre\21.0.10-win32-x86_64\bin\java.exe
0x00007fff86f80000 - 0x00007fff871e7000 	C:\WINDOWS\SYSTEM32\ntdll.dll
0x00007fff85960000 - 0x00007fff85a29000 	C:\WINDOWS\System32\KERNEL32.DLL
0x00007fff839c0000 - 0x00007fff83db4000 	C:\WINDOWS\System32\KERNELBASE.dll
0x00007fff83e70000 - 0x00007fff83fbb000 	C:\WINDOWS\System32\ucrtbase.dll
0x00007fff2d4d0000 - 0x00007fff2d4e8000 	c:\Users\WALSTAR\.antigravity\extensions\redhat.java-1.54.0-win32-x64\jre\21.0.10-win32-x86_64\bin\jli.dll
0x00007fff85790000 - 0x00007fff85955000 	C:\WINDOWS\System32\USER32.dll
0x00007fff83850000 - 0x00007fff83877000 	C:\WINDOWS\System32\win32u.dll
0x00007fff374f0000 - 0x00007fff3750e000 	c:\Users\WALSTAR\.antigravity\extensions\redhat.java-1.54.0-win32-x64\jre\21.0.10-win32-x86_64\bin\VCRUNTIME140.dll
0x00007fff853c0000 - 0x00007fff853eb000 	C:\WINDOWS\System32\GDI32.dll
0x00007fff84080000 - 0x00007fff841aa000 	C:\WINDOWS\System32\gdi32full.dll
0x00007fff83dc0000 - 0x00007fff83e63000 	C:\WINDOWS\System32\msvcp_win.dll
0x00007fff682c0000 - 0x00007fff68553000 	C:\WINDOWS\WinSxS\amd64_microsoft.windows.common-controls_6595b64144ccf1df_6.0.26100.8115_none_3e075c82e3354f9c\COMCTL32.dll
0x00007fff85c20000 - 0x00007fff85cc9000 	C:\WINDOWS\System32\msvcrt.dll
0x00007fff85cd0000 - 0x00007fff85d02000 	C:\WINDOWS\System32\IMM32.DLL
0x00007fff63f10000 - 0x00007fff63f1c000 	c:\Users\WALSTAR\.antigravity\extensions\redhat.java-1.54.0-win32-x64\jre\21.0.10-win32-x86_64\bin\vcruntime140_1.dll
0x00007ffefb910000 - 0x00007ffefb99d000 	c:\Users\WALSTAR\.antigravity\extensions\redhat.java-1.54.0-win32-x64\jre\21.0.10-win32-x86_64\bin\msvcp140.dll
0x00007ffee5970000 - 0x00007ffee6711000 	c:\Users\WALSTAR\.antigravity\extensions\redhat.java-1.54.0-win32-x64\jre\21.0.10-win32-x86_64\bin\server\jvm.dll
0x00007fff84db0000 - 0x00007fff84e66000 	C:\WINDOWS\System32\ADVAPI32.dll
0x00007fff84f80000 - 0x00007fff85027000 	C:\WINDOWS\System32\sechost.dll
0x00007fff86480000 - 0x00007fff86598000 	C:\WINDOWS\System32\RPCRT4.dll
0x00007fff84d10000 - 0x00007fff84d90000 	C:\WINDOWS\System32\WS2_32.dll
0x00007fff836b0000 - 0x00007fff8370e000 	C:\WINDOWS\SYSTEM32\POWRPROF.dll
0x00007fff7d770000 - 0x00007fff7d7a6000 	C:\WINDOWS\SYSTEM32\WINMM.dll
0x00007fff6aea0000 - 0x00007fff6aeab000 	C:\WINDOWS\SYSTEM32\VERSION.dll
0x00007fff83690000 - 0x00007fff836a4000 	C:\WINDOWS\SYSTEM32\UMPDC.dll
0x00007fff825e0000 - 0x00007fff825fb000 	C:\WINDOWS\SYSTEM32\kernel.appcore.dll
0x00007fff56d60000 - 0x00007fff56d6a000 	c:\Users\WALSTAR\.antigravity\extensions\redhat.java-1.54.0-win32-x64\jre\21.0.10-win32-x86_64\bin\jimage.dll
0x00007fff81630000 - 0x00007fff81872000 	C:\WINDOWS\SYSTEM32\DBGHELP.DLL
0x00007fff85030000 - 0x00007fff853b2000 	C:\WINDOWS\System32\combase.dll
0x00007fff85b40000 - 0x00007fff85c17000 	C:\WINDOWS\System32\OLEAUT32.dll
0x00007fff7d690000 - 0x00007fff7d6cb000 	C:\WINDOWS\SYSTEM32\dbgcore.DLL
0x00007fff83880000 - 0x00007fff83925000 	C:\WINDOWS\System32\bcryptPrimitives.dll
0x00007fff56110000 - 0x00007fff5611f000 	c:\Users\WALSTAR\.antigravity\extensions\redhat.java-1.54.0-win32-x64\jre\21.0.10-win32-x86_64\bin\instrument.dll
0x00007fff2d260000 - 0x00007fff2d280000 	c:\Users\WALSTAR\.antigravity\extensions\redhat.java-1.54.0-win32-x64\jre\21.0.10-win32-x86_64\bin\java.dll
0x00007fff86700000 - 0x00007fff86e66000 	C:\WINDOWS\System32\SHELL32.dll
0x00007fff841b0000 - 0x00007fff8431a000 	C:\WINDOWS\System32\wintypes.dll
0x00007fff84320000 - 0x00007fff84b85000 	C:\WINDOWS\System32\windows.storage.dll
0x00007fff85a30000 - 0x00007fff85b27000 	C:\WINDOWS\System32\SHCORE.dll
0x00007fff86eb0000 - 0x00007fff86f16000 	C:\WINDOWS\System32\shlwapi.dll
0x00007fff83770000 - 0x00007fff83799000 	C:\WINDOWS\SYSTEM32\profapi.dll
0x00007fff14870000 - 0x00007fff14888000 	c:\Users\WALSTAR\.antigravity\extensions\redhat.java-1.54.0-win32-x64\jre\21.0.10-win32-x86_64\bin\zip.dll
0x00007fff567e0000 - 0x00007fff567f0000 	C:\Users\WALSTAR\.antigravity\extensions\redhat.java-1.54.0-win32-x64\jre\21.0.10-win32-x86_64\bin\net.dll
0x00007fff7b190000 - 0x00007fff7b2bd000 	C:\WINDOWS\SYSTEM32\WINHTTP.dll
0x00007fff82b50000 - 0x00007fff82bbc000 	C:\WINDOWS\system32\mswsock.dll
0x00007ffefb8f0000 - 0x00007ffefb906000 	C:\Users\WALSTAR\.antigravity\extensions\redhat.java-1.54.0-win32-x64\jre\21.0.10-win32-x86_64\bin\nio.dll
0x00007fff539f0000 - 0x00007fff53a00000 	c:\Users\WALSTAR\.antigravity\extensions\redhat.java-1.54.0-win32-x64\jre\21.0.10-win32-x86_64\bin\verify.dll
0x00007fff2d420000 - 0x00007fff2d465000 	C:\Users\WALSTAR\AppData\Roaming\Antigravity\User\globalStorage\redhat.java\1.54.0\config_win\org.eclipse.equinox.launcher\org.eclipse.equinox.launcher.win32.win32.x86_64_1.3.0.v20260203-2149\eclipse_11919.dll
0x00007fff855f0000 - 0x00007fff85787000 	C:\WINDOWS\System32\ole32.dll
0x00007fff82e30000 - 0x00007fff82e4b000 	C:\WINDOWS\SYSTEM32\CRYPTSP.dll
0x00007fff82540000 - 0x00007fff82579000 	C:\WINDOWS\system32\rsaenh.dll
0x00007fff82c00000 - 0x00007fff82c33000 	C:\WINDOWS\SYSTEM32\USERENV.dll
0x00007fff83740000 - 0x00007fff8376a000 	C:\WINDOWS\SYSTEM32\bcrypt.dll
0x00007fff82e50000 - 0x00007fff82e5c000 	C:\WINDOWS\SYSTEM32\CRYPTBASE.dll
0x00007fff81fa0000 - 0x00007fff81fd2000 	C:\WINDOWS\SYSTEM32\IPHLPAPI.DLL
0x00007fff84da0000 - 0x00007fff84daa000 	C:\WINDOWS\System32\NSI.dll
0x00007fff14890000 - 0x00007fff148d9000 	C:\Users\WALSTAR\AppData\Local\Temp\jna-1837046804\jna684329988831108961.dll
0x00007fff84e70000 - 0x00007fff84e78000 	C:\WINDOWS\System32\PSAPI.DLL
0x00007fff7e400000 - 0x00007fff7e41d000 	C:\WINDOWS\SYSTEM32\dhcpcsvc6.DLL
0x00007fff7e3d0000 - 0x00007fff7e3f5000 	C:\WINDOWS\SYSTEM32\dhcpcsvc.DLL
0x00007fff53a20000 - 0x00007fff53a2e000 	C:\Users\WALSTAR\.antigravity\extensions\redhat.java-1.54.0-win32-x64\jre\21.0.10-win32-x86_64\bin\sunmscapi.dll
0x00007fff84b90000 - 0x00007fff84d07000 	C:\WINDOWS\System32\CRYPT32.dll
0x00007fff83050000 - 0x00007fff83080000 	C:\WINDOWS\SYSTEM32\ncrypt.dll
0x00007fff83000000 - 0x00007fff8303f000 	C:\WINDOWS\SYSTEM32\NTASN1.dll
0x00007fff82030000 - 0x00007fff82162000 	C:\WINDOWS\SYSTEM32\DNSAPI.dll
0x00007fff7b180000 - 0x00007fff7b18b000 	C:\Windows\System32\rasadhlp.dll
0x00007fff7e530000 - 0x00007fff7e5b6000 	C:\WINDOWS\System32\fwpuclnt.dll
0x00007fff53a10000 - 0x00007fff53a19000 	C:\Users\WALSTAR\.antigravity\extensions\redhat.java-1.54.0-win32-x64\jre\21.0.10-win32-x86_64\bin\extnet.dll
0x00007fff2d4f0000 - 0x00007fff2d517000 	C:\Users\WALSTAR\.gradle\native\1def1411415f61bf3af743bc5b6707747c0891f09f0c88961ee8f79bc544acac\windows-amd64\native-platform.dll
0x00007fff2d3c0000 - 0x00007fff2d3ca000 	C:\Users\WALSTAR\.antigravity\extensions\redhat.java-1.54.0-win32-x64\jre\21.0.10-win32-x86_64\bin\management.dll
0x00007fff2d3b0000 - 0x00007fff2d3bc000 	C:\Users\WALSTAR\.antigravity\extensions\redhat.java-1.54.0-win32-x64\jre\21.0.10-win32-x86_64\bin\management_ext.dll
0x00007fff56c10000 - 0x00007fff56c18000 	C:\WINDOWS\system32\wshunix.dll
0x00007fff56640000 - 0x00007fff56667000 	C:\Users\WALSTAR\.gradle\native\c067742578af261105cb4f569cf0c3c89f3d7b1fecec35dd04571415982c5e48\windows-amd64\native-platform.dll
0x00007fff567b0000 - 0x00007fff567d6000 	C:\Users\WALSTAR\.gradle\native\29\windows-amd64\native-platform.dll
0x00007fff63f20000 - 0x00007fff63f3e000 	C:\Users\WALSTAR\.gradle\native\25\windows-amd64\native-platform.dll

JVMTI agents:
c:\Users\WALSTAR\.antigravity\extensions\redhat.java-1.54.0-win32-x64\lombok\lombok-1.18.39-4050.jar path:c:\Users\WALSTAR\.antigravity\extensions\redhat.java-1.54.0-win32-x64\jre\21.0.10-win32-x86_64\bin\instrument.dll, loaded, initialized, instrumentlib options:none

dbghelp: loaded successfully - version: 4.0.5 - missing functions: none
symbol engine: initialized successfully - sym options: 0x614 - pdb path: .;c:\Users\WALSTAR\.antigravity\extensions\redhat.java-1.54.0-win32-x64\jre\21.0.10-win32-x86_64\bin;C:\WINDOWS\SYSTEM32;C:\WINDOWS\WinSxS\amd64_microsoft.windows.common-controls_6595b64144ccf1df_6.0.26100.8115_none_3e075c82e3354f9c;c:\Users\WALSTAR\.antigravity\extensions\redhat.java-1.54.0-win32-x64\jre\21.0.10-win32-x86_64\bin\server;C:\Users\WALSTAR\AppData\Roaming\Antigravity\User\globalStorage\redhat.java\1.54.0\config_win\org.eclipse.equinox.launcher\org.eclipse.equinox.launcher.win32.win32.x86_64_1.3.0.v20260203-2149;C:\Users\WALSTAR\AppData\Local\Temp\jna-1837046804;C:\Users\WALSTAR\.gradle\native\1def1411415f61bf3af743bc5b6707747c0891f09f0c88961ee8f79bc544acac\windows-amd64;C:\Users\WALSTAR\.gradle\native\c067742578af261105cb4f569cf0c3c89f3d7b1fecec35dd04571415982c5e48\windows-amd64;C:\Users\WALSTAR\.gradle\native\29\windows-amd64;C:\Users\WALSTAR\.gradle\native\25\windows-amd64

VM Arguments:
jvm_args: --add-modules=ALL-SYSTEM --add-opens=java.base/java.util=ALL-UNNAMED --add-opens=java.base/java.lang=ALL-UNNAMED --add-opens=java.base/sun.nio.fs=ALL-UNNAMED -Declipse.application=org.eclipse.jdt.ls.core.id1 -Dosgi.bundles.defaultStartLevel=4 -Declipse.product=org.eclipse.jdt.ls.core.product -Djava.import.generatesMetadataFilesAtProjectRoot=false -DDetectVMInstallationsJob.disabled=true -Dfile.encoding=utf8 -XX:+UseParallelGC -XX:GCTimeRatio=4 -XX:AdaptiveSizePolicyWeight=90 -Dsun.zip.disableMemoryMapping=true -Xmx2G -Xms100m -Xlog:disable -javaagent:c:\Users\WALSTAR\.antigravity\extensions\redhat.java-1.54.0-win32-x64\lombok\lombok-1.18.39-4050.jar -XX:+HeapDumpOnOutOfMemoryError -XX:HeapDumpPath=c:\Users\WALSTAR\AppData\Roaming\Antigravity\User\workspaceStorage\e22b2c0d634aea8cca2cfe9187207b64\redhat.java -Daether.dependencyCollector.impl=bf 
java_command: c:\Users\WALSTAR\.antigravity\extensions\redhat.java-1.54.0-win32-x64\server\plugins\org.eclipse.equinox.launcher_1.7.100.v20251111-0406.jar -configuration c:\Users\WALSTAR\AppData\Roaming\Antigravity\User\globalStorage\redhat.java\1.54.0\config_win -data c:\Users\WALSTAR\AppData\Roaming\Antigravity\User\workspaceStorage\e22b2c0d634aea8cca2cfe9187207b64\redhat.java\jdt_ws --pipe=\\.\pipe\lsp-392918141c4bad9c6834050b1de7ea43-sock
java_class_path (initial): c:\Users\WALSTAR\.antigravity\extensions\redhat.java-1.54.0-win32-x64\server\plugins\org.eclipse.equinox.launcher_1.7.100.v20251111-0406.jar
Launcher Type: SUN_STANDARD

[Global flags]
    uintx AdaptiveSizePolicyWeight                 = 90                                        {product} {command line}
     intx CICompilerCount                          = 4                                         {product} {ergonomic}
    uintx GCTimeRatio                              = 4                                         {product} {command line}
     bool HeapDumpOnOutOfMemoryError               = true                                   {manageable} {command line}
    ccstr HeapDumpPath                             = c:\Users\WALSTAR\AppData\Roaming\Antigravity\User\workspaceStorage\e22b2c0d634aea8cca2cfe9187207b64\redhat.java         {manageable} {command line}
   size_t InitialHeapSize                          = 104857600                                 {product} {command line}
   size_t MaxHeapSize                              = 2147483648                                {product} {command line}
   size_t MaxNewSize                               = 715653120                                 {product} {ergonomic}
   size_t MinHeapDeltaBytes                        = 524288                                    {product} {ergonomic}
   size_t MinHeapSize                              = 104857600                                 {product} {command line}
   size_t NewSize                                  = 34603008                                  {product} {ergonomic}
    uintx NonNMethodCodeHeapSize                   = 5839372                                {pd product} {ergonomic}
    uintx NonProfiledCodeHeapSize                  = 122909434                              {pd product} {ergonomic}
   size_t OldSize                                  = 70254592                                  {product} {ergonomic}
    uintx ProfiledCodeHeapSize                     = 122909434                              {pd product} {ergonomic}
    uintx ReservedCodeCacheSize                    = 251658240                              {pd product} {ergonomic}
     bool SegmentedCodeCache                       = true                                      {product} {ergonomic}
   size_t SoftMaxHeapSize                          = 2147483648                             {manageable} {ergonomic}
     bool UseCompressedOops                        = true                           {product lp64_product} {ergonomic}
     bool UseLargePagesIndividualAllocation        = false                                  {pd product} {ergonomic}
     bool UseParallelGC                            = true                                      {product} {command line}

Logging:
Log output configuration:
 #0: stdout all=off uptime,level,tags foldmultilines=false
 #1: stderr all=off uptime,level,tags foldmultilines=false

Release file:
JAVA_VERSION="21.0.10" 
MODULES="java.base java.compiler java.datatransfer java.xml java.prefs java.desktop java.instrument java.logging java.management java.security.sasl java.naming java.rmi java.management.rmi java.net.http java.scripting java.security.jgss java.transaction.xa java.sql java.sql.rowset java.xml.crypto java.se java.smartcardio jdk.accessibility jdk.internal.jvmstat jdk.attach jdk.charsets jdk.internal.opt jdk.zipfs jdk.compiler jdk.crypto.ec jdk.crypto.cryptoki jdk.crypto.mscapi jdk.dynalink jdk.internal.ed jdk.editpad jdk.hotspot.agent jdk.httpserver jdk.internal.le jdk.internal.vm.ci jdk.internal.vm.compiler jdk.internal.vm.compiler.management jdk.jartool jdk.javadoc jdk.jcmd jdk.management jdk.management.agent jdk.jconsole jdk.jdeps jdk.jdwp.agent jdk.jdi jdk.jfr jdk.jshell jdk.jsobject jdk.jstatd jdk.localedata jdk.management.jfr jdk.naming.dns jdk.naming.rmi jdk.net jdk.nio.mapmode jdk.random jdk.sctp jdk.security.auth jdk.security.jgss jdk.unsupported jdk.unsupported.desktop jdk.xml.dom" 

Environment Variables:
PATH=C:\Program Files\Common Files\Oracle\Java\javapath;C:\Program Files\Microsoft MPI\Bin\;C:\WINDOWS\system32;C:\WINDOWS;C:\WINDOWS\System32\Wbem;C:\WINDOWS\System32\WindowsPowerShell\v1.0\;C:\WINDOWS\System32\OpenSSH\;C:\Program Files\Microsoft SQL Server\Client SDK\ODBC\170\Tools\Binn\;C:\Program Files\dotnet\;C:\Program Files\Azure Data Studio\bin;C:\Program Files (x86)\Microsoft SQL Server\160\Tools\Binn\;C:\Program Files\Microsoft SQL Server\160\Tools\Binn\;C:\Program Files\Microsoft SQL Server\160\DTS\Binn\;C:\Users\WALSTAR\AppData\Local\Android\Sdk\platforms;C:\Users\WALSTAR\AppData\Local\Android\Sdk\platform-tools;C:\Program Files\Java\jdk-11\bin;C:\Program Files\Java\jdk-17\bin;C:\Program Files\MongoDB\Server\7.0\bin;C:\composer;C:\Program Files (x86)\Microsoft SQL Server\160\DTS\Binn\;C:\Users\WALSTAR\AppData\Local\nvm;C:\Program Files\nodejs;C:\Program Files\nodejs\;D:\xampp\php;C:\Program Files\Microsoft SQL Server\150\Tools\Binn\;D:\composer;C:\Users\WALSTAR\AppData\Local\Android\Sdk\tools;C:\Users\WALSTAR\AppData\Local\Microsoft\WindowsApps;C:\Users\WALSTAR\AppData\Local\Programs\Microsoft VS Code\bin;C:\Users\WALSTAR\AppData\Local\Programs\Git\cmd;D:\flutter\bin;C:\Users\WALSTAR\.dotnet\tools;C:\Program Files\MongoDB\Server\7.0\bin;C:\Users\WALSTAR\AppData\Local\nvm;C:\Program Files\nodejs;C:\Users\WALSTAR\AppData\Roaming\npm;C:\Users\WALSTAR\AppData\Local\Programs\Windsurf\bin;D:\xampp\php;C:\Users\WALSTAR\AppData\Roaming\Composer\vendor\bin;C:\Users\WALSTAR\AppData\Local\Programs\Antigravity\bin
USERNAME=WALSTAR
OS=Windows_NT
PROCESSOR_IDENTIFIER=Intel64 Family 6 Model 154 Stepping 4, GenuineIntel
TMP=C:\Users\WALSTAR\AppData\Local\Temp
TEMP=C:\Users\WALSTAR\AppData\Local\Temp




Periodic native trim disabled

---------------  S Y S T E M  ---------------

OS:
 Windows 11 , 64 bit Build 26100 (10.0.26100.8115)
OS uptime: 0 days 1:05 hours
Hyper-V role detected

CPU: total 12 (initial active 12) (6 cores per cpu, 2 threads per core) family 6 model 154 stepping 4 microcode 0x432, cx8, cmov, fxsr, ht, mmx, 3dnowpref, sse, sse2, sse3, ssse3, sse4.1, sse4.2, popcnt, lzcnt, tsc, tscinvbit, avx, avx2, aes, erms, clmul, bmi1, bmi2, adx, sha, fma, vzeroupper, clflush, clflushopt, clwb, hv, serialize, rdtscp, rdpid, fsrm, f16c, cet_ibt, cet_ss
Processor Information for processor 0
  Max Mhz: 1300, Current Mhz: 1300, Mhz Limit: 1300
Processor Information for processor 1
  Max Mhz: 1300, Current Mhz: 1300, Mhz Limit: 1300
Processor Information for processor 2
  Max Mhz: 1300, Current Mhz: 1300, Mhz Limit: 1300
Processor Information for processor 3
  Max Mhz: 1300, Current Mhz: 1300, Mhz Limit: 1300
Processor Information for processor 4
  Max Mhz: 1300, Current Mhz: 900, Mhz Limit: 897
Processor Information for processor 5
  Max Mhz: 1300, Current Mhz: 900, Mhz Limit: 897
Processor Information for processor 6
  Max Mhz: 1300, Current Mhz: 900, Mhz Limit: 897
Processor Information for processor 7
  Max Mhz: 1300, Current Mhz: 900, Mhz Limit: 897
Processor Information for processor 8
  Max Mhz: 1300, Current Mhz: 900, Mhz Limit: 897
Processor Information for processor 9
  Max Mhz: 1300, Current Mhz: 900, Mhz Limit: 897
Processor Information for processor 10
  Max Mhz: 1300, Current Mhz: 900, Mhz Limit: 897
Processor Information for processor 11
  Max Mhz: 1300, Current Mhz: 900, Mhz Limit: 897

Memory: 4k page, system-wide physical 16092M (2461M free)
TotalPageFile size 25801M (AvailPageFile size 93M)
current process WorkingSet (physical memory assigned to process): 52M, peak: 471M
current process commit charge ("private bytes"): 541M, peak: 567M

vm_info: OpenJDK 64-Bit Server VM (21.0.10+7-LTS) for windows-amd64 JRE (21.0.10+7-LTS), built on 2026-01-20T00:00:00Z by "admin" with MS VC++ 17.12 (VS2022)

END.
