#
# There is insufficient memory for the Java Runtime Environment to continue.
# Native memory allocation (malloc) failed to allocate 1850736 bytes. Error detail: Chunk::new
# Possible reasons:
#   The system is out of physical RAM or swap space
#   This process is running with CompressedOops enabled, and the Java Heap may be blocking the growth of the native heap
# Possible solutions:
#   Reduce memory load on the system
#   Increase physical memory or swap space
#   Check if swap backing store is full
#   Decrease Java heap size (-Xmx/-Xms)
#   Decrease number of Java threads
#   Decrease Java thread stack sizes (-Xss)
#   Set larger code cache with -XX:ReservedCodeCacheSize=
#   JVM is running with Unscaled Compressed Oops mode in which the Java heap is
#     placed in the first 4GB address space. The Java Heap base address is the
#     maximum limit for the native heap growth. Please use -XX:HeapBaseMinAddress
#     to set the Java Heap base and to place the Java Heap above 4GB virtual address.
# This output file may be truncated or incomplete.
#
#  Out of Memory Error (arena.cpp:168), pid=2036, tid=14972
#
# JRE version: OpenJDK Runtime Environment Temurin-21.0.10+7 (21.0.10+7) (build 21.0.10+7-LTS)
# Java VM: OpenJDK 64-Bit Server VM Temurin-21.0.10+7 (21.0.10+7-LTS, mixed mode, sharing, tiered, compressed oops, compressed class ptrs, parallel gc, windows-amd64)
# No core dump will be written. Minidumps are not enabled by default on client versions of Windows
#

---------------  S U M M A R Y ------------

Command Line: --add-modules=ALL-SYSTEM --add-opens=java.base/java.util=ALL-UNNAMED --add-opens=java.base/java.lang=ALL-UNNAMED --add-opens=java.base/sun.nio.fs=ALL-UNNAMED -Declipse.application=org.eclipse.jdt.ls.core.id1 -Dosgi.bundles.defaultStartLevel=4 -Declipse.product=org.eclipse.jdt.ls.core.product -Djava.import.generatesMetadataFilesAtProjectRoot=false -DDetectVMInstallationsJob.disabled=true -Dfile.encoding=utf8 -XX:+UseParallelGC -XX:GCTimeRatio=4 -XX:AdaptiveSizePolicyWeight=90 -Dsun.zip.disableMemoryMapping=true -Xmx2G -Xms100m -Xlog:disable -javaagent:c:\Users\WALSTAR\.antigravity\extensions\redhat.java-1.54.0-win32-x64\lombok\lombok-1.18.39-4050.jar -XX:+HeapDumpOnOutOfMemoryError -XX:HeapDumpPath=c:\Users\WALSTAR\AppData\Roaming\Antigravity\User\workspaceStorage\e22b2c0d634aea8cca2cfe9187207b64\redhat.java -Daether.dependencyCollector.impl=bf c:\Users\WALSTAR\.antigravity\extensions\redhat.java-1.54.0-win32-x64\server\plugins\org.eclipse.equinox.launcher_1.7.100.v20251111-0406.jar -configuration c:\Users\WALSTAR\AppData\Roaming\Antigravity\User\globalStorage\redhat.java\1.54.0\config_win -data c:\Users\WALSTAR\AppData\Roaming\Antigravity\User\workspaceStorage\e22b2c0d634aea8cca2cfe9187207b64\redhat.java\jdt_ws --pipe=\\.\pipe\lsp-b4cb5445da970b33cf83e4ce2c106671-sock

Host: 12th Gen Intel(R) Core(TM) i5-1235U, 12 cores, 15G,  Windows 11 , 64 bit Build 26100 (10.0.26100.8115)
Time: Tue May  5 17:35:58 2026 India Standard Time elapsed time: 38.861418 seconds (0d 0h 0m 38s)

---------------  T H R E A D  ---------------

Current thread (0x00000165877b97d0):  JavaThread "C2 CompilerThread1" daemon [_thread_in_native, id=14972, stack(0x0000003342700000,0x0000003342800000) (1024K)]


Current CompileTask:
C2:38861 9850       4       java.lang.invoke.MemberName::getInvocationType (56 bytes)

Stack: [0x0000003342700000,0x0000003342800000]
Native frames: (J=compiled Java code, j=interpreted, Vv=VM code, C=native code)
V  [jvm.dll+0x6d7a39]
V  [jvm.dll+0x8b4b26]
V  [jvm.dll+0x8b70de]
V  [jvm.dll+0x8b77c3]
V  [jvm.dll+0x284346]
V  [jvm.dll+0xc66ed]
V  [jvm.dll+0xc6c31]
V  [jvm.dll+0x3bec01]
V  [jvm.dll+0x38b162]
V  [jvm.dll+0x38a5aa]
V  [jvm.dll+0x24c560]
V  [jvm.dll+0x24bb40]
V  [jvm.dll+0x1cb34e]
V  [jvm.dll+0x25b85d]
V  [jvm.dll+0x259dea]
V  [jvm.dll+0x3f857e]
V  [jvm.dll+0x85f59d]
V  [jvm.dll+0x6d626d]
C  [ucrtbase.dll+0x37b0]
C  [KERNEL32.DLL+0x2e8d7]
C  [ntdll.dll+0x8c3fc]


---------------  P R O C E S S  ---------------

Threads class SMR info:
_java_thread_list=0x000001658653bcd0, length=56, elements={
0x000001659fdab5a0, 0x00000165a22343c0, 0x00000165b8c3c9e0, 0x00000165a223f5f0,
0x00000165a2240310, 0x00000165a223e240, 0x00000165a223dbb0, 0x00000165a2246650,
0x00000165a224b970, 0x00000165a223e8d0, 0x00000165a223ce90, 0x00000165a223d520,
0x00000165a223ef60, 0x00000165a223fc80, 0x00000165847cd770, 0x00000165847d1280,
0x00000165847cf1b0, 0x00000165847d0560, 0x00000165847cf840, 0x00000165847ce490,
0x00000165847cfed0, 0x00000165847d0bf0, 0x00000165847cde00, 0x00000165847d1910,
0x00000165847d1fa0, 0x00000165847d2630, 0x00000165847d2cc0, 0x00000165847d3350,
0x00000165847d4d90, 0x00000165847d4070, 0x00000165847d4700, 0x00000165847d39e0,
0x00000165869fc280, 0x00000165869fe350, 0x00000165869fdcc0, 0x00000165869fd630,
0x00000165869fc910, 0x00000165869fcfa0, 0x00000165869fe9e0, 0x00000165869ff070,
0x0000016586a024f0, 0x00000165869ffd90, 0x0000016586a01e60, 0x0000016586a02b80,
0x0000016586a00ab0, 0x00000165869ff700, 0x0000016586a03210, 0x0000016586a01140,
0x0000016586a00420, 0x0000016586a017d0, 0x0000016585b28380, 0x0000016585b28a10,
0x0000016585b262b0, 0x0000016585b290a0, 0x0000016585b29730, 0x00000165877b97d0
}

Java Threads: ( => current thread )
  0x000001659fdab5a0 JavaThread "main"                              [_thread_blocked, id=2864, stack(0x0000003342900000,0x0000003342a00000) (1024K)]
  0x00000165a22343c0 JavaThread "Reference Handler"          daemon [_thread_blocked, id=9724, stack(0x0000003342d00000,0x0000003342e00000) (1024K)]
  0x00000165b8c3c9e0 JavaThread "Finalizer"                  daemon [_thread_blocked, id=21336, stack(0x0000003342e00000,0x0000003342f00000) (1024K)]
  0x00000165a223f5f0 JavaThread "Signal Dispatcher"          daemon [_thread_blocked, id=13972, stack(0x0000003342f00000,0x0000003343000000) (1024K)]
  0x00000165a2240310 JavaThread "Attach Listener"            daemon [_thread_blocked, id=20064, stack(0x0000003343000000,0x0000003343100000) (1024K)]
  0x00000165a223e240 JavaThread "Service Thread"             daemon [_thread_blocked, id=12536, stack(0x0000003343100000,0x0000003343200000) (1024K)]
  0x00000165a223dbb0 JavaThread "Monitor Deflation Thread"   daemon [_thread_blocked, id=22552, stack(0x0000003343200000,0x0000003343300000) (1024K)]
  0x00000165a2246650 JavaThread "C2 CompilerThread0"         daemon [_thread_in_native, id=23468, stack(0x0000003343300000,0x0000003343400000) (1024K)]
  0x00000165a224b970 JavaThread "C1 CompilerThread0"         daemon [_thread_blocked, id=4888, stack(0x0000003343400000,0x0000003343500000) (1024K)]
  0x00000165a223e8d0 JavaThread "Common-Cleaner"             daemon [_thread_blocked, id=23904, stack(0x0000003343600000,0x0000003343700000) (1024K)]
  0x00000165a223ce90 JavaThread "Notification Thread"        daemon [_thread_blocked, id=12124, stack(0x0000003343700000,0x0000003343800000) (1024K)]
  0x00000165a223d520 JavaThread "Active Thread: Equinox Container: f3e89701-d56c-49f5-8327-1c4f1f767dc3"        [_thread_blocked, id=19276, stack(0x0000003343f00000,0x0000003344000000) (1024K)]
  0x00000165a223ef60 JavaThread "Refresh Thread: Equinox Container: f3e89701-d56c-49f5-8327-1c4f1f767dc3" daemon [_thread_blocked, id=21300, stack(0x0000003344100000,0x0000003344200000) (1024K)]
  0x00000165a223fc80 JavaThread "Framework Event Dispatcher: Equinox Container: f3e89701-d56c-49f5-8327-1c4f1f767dc3" daemon [_thread_blocked, id=24452, stack(0x0000003344200000,0x0000003344300000) (1024K)]
  0x00000165847cd770 JavaThread "Start Level: Equinox Container: f3e89701-d56c-49f5-8327-1c4f1f767dc3" daemon [_thread_blocked, id=16288, stack(0x0000003344300000,0x0000003344400000) (1024K)]
  0x00000165847d1280 JavaThread "Bundle File Closer"         daemon [_thread_blocked, id=14588, stack(0x0000003344600000,0x0000003344700000) (1024K)]
  0x00000165847cf1b0 JavaThread "SCR Component Actor"        daemon [_thread_blocked, id=18544, stack(0x0000003343500000,0x0000003343600000) (1024K)]
  0x00000165847d0560 JavaThread "Worker-JM"                         [_thread_blocked, id=14024, stack(0x0000003344800000,0x0000003344900000) (1024K)]
  0x00000165847cf840 JavaThread "JNA Cleaner"                daemon [_thread_blocked, id=11848, stack(0x0000003344700000,0x0000003344800000) (1024K)]
  0x00000165847ce490 JavaThread "Worker-0"                          [_thread_blocked, id=15184, stack(0x0000003344900000,0x0000003344a00000) (1024K)]
  0x00000165847cfed0 JavaThread "Worker-1"                          [_thread_blocked, id=3128, stack(0x0000003344a00000,0x0000003344b00000) (1024K)]
  0x00000165847d0bf0 JavaThread "Java indexing"              daemon [_thread_blocked, id=17312, stack(0x0000003344c00000,0x0000003344d00000) (1024K)]
  0x00000165847cde00 JavaThread "Worker-2: Initialize workspace"        [_thread_blocked, id=14108, stack(0x0000003344f00000,0x0000003345000000) (1024K)]
  0x00000165847d1910 JavaThread "Worker-3"                          [_thread_blocked, id=6344, stack(0x0000003345000000,0x0000003345100000) (1024K)]
  0x00000165847d1fa0 JavaThread "Worker-4"                          [_thread_blocked, id=21820, stack(0x0000003345100000,0x0000003345200000) (1024K)]
  0x00000165847d2630 JavaThread "Worker-5"                          [_thread_blocked, id=3064, stack(0x0000003345200000,0x0000003345300000) (1024K)]
  0x00000165847d2cc0 JavaThread "Thread-1"                   daemon [_thread_in_native, id=17300, stack(0x0000003345300000,0x0000003345400000) (1024K)]
  0x00000165847d3350 JavaThread "Thread-2"                   daemon [_thread_in_native, id=20912, stack(0x0000003345400000,0x0000003345500000) (1024K)]
  0x00000165847d4d90 JavaThread "Thread-3"                   daemon [_thread_in_native, id=23920, stack(0x0000003345500000,0x0000003345600000) (1024K)]
  0x00000165847d4070 JavaThread "Thread-4"                   daemon [_thread_in_native, id=4728, stack(0x0000003345600000,0x0000003345700000) (1024K)]
  0x00000165847d4700 JavaThread "Thread-5"                   daemon [_thread_in_native, id=16824, stack(0x0000003345700000,0x0000003345800000) (1024K)]
  0x00000165847d39e0 JavaThread "Thread-6"                   daemon [_thread_in_native, id=17636, stack(0x0000003345800000,0x0000003345900000) (1024K)]
  0x00000165869fc280 JavaThread "Thread-7"                   daemon [_thread_in_native, id=17472, stack(0x0000003345900000,0x0000003345a00000) (1024K)]
  0x00000165869fe350 JavaThread "Thread-8"                   daemon [_thread_in_native, id=21432, stack(0x0000003345a00000,0x0000003345b00000) (1024K)]
  0x00000165869fdcc0 JavaThread "Thread-9"                   daemon [_thread_in_native, id=12892, stack(0x0000003345b00000,0x0000003345c00000) (1024K)]
  0x00000165869fd630 JavaThread "Thread-10"                  daemon [_thread_in_native, id=18604, stack(0x0000003345c00000,0x0000003345d00000) (1024K)]
  0x00000165869fc910 JavaThread "Thread-11"                  daemon [_thread_in_native, id=18928, stack(0x0000003345d00000,0x0000003345e00000) (1024K)]
  0x00000165869fcfa0 JavaThread "Thread-12"                  daemon [_thread_in_native, id=18584, stack(0x0000003345e00000,0x0000003345f00000) (1024K)]
  0x00000165869fe9e0 JavaThread "Thread-13"                  daemon [_thread_in_native, id=19136, stack(0x0000003345f00000,0x0000003346000000) (1024K)]
  0x00000165869ff070 JavaThread "pool-2-thread-1"                   [_thread_blocked, id=18612, stack(0x0000003346000000,0x0000003346100000) (1024K)]
  0x0000016586a024f0 JavaThread "WorkspaceEventsHandler"            [_thread_blocked, id=21448, stack(0x0000003346100000,0x0000003346200000) (1024K)]
  0x00000165869ffd90 JavaThread "pool-1-thread-1"                   [_thread_blocked, id=16020, stack(0x0000003346200000,0x0000003346300000) (1024K)]
  0x0000016586a01e60 JavaThread "ForkJoinPool.commonPool-worker-1" daemon [_thread_blocked, id=17260, stack(0x0000003346300000,0x0000003346400000) (1024K)]
  0x0000016586a02b80 JavaThread "ForkJoinPool.commonPool-worker-2" daemon [_thread_blocked, id=10736, stack(0x0000003346400000,0x0000003346500000) (1024K)]
  0x0000016586a00ab0 JavaThread "ForkJoinPool.commonPool-worker-3" daemon [_thread_blocked, id=2032, stack(0x0000003346500000,0x0000003346600000) (1024K)]
  0x00000165869ff700 JavaThread "ForkJoinPool.commonPool-worker-4" daemon [_thread_blocked, id=18924, stack(0x0000003346600000,0x0000003346700000) (1024K)]
  0x0000016586a03210 JavaThread "ForkJoinPool.commonPool-worker-5" daemon [_thread_blocked, id=2200, stack(0x0000003346700000,0x0000003346800000) (1024K)]
  0x0000016586a01140 JavaThread "ForkJoinPool.commonPool-worker-6" daemon [_thread_blocked, id=20300, stack(0x0000003346800000,0x0000003346900000) (1024K)]
  0x0000016586a00420 JavaThread "ForkJoinPool.commonPool-worker-7" daemon [_thread_blocked, id=23708, stack(0x0000003346900000,0x0000003346a00000) (1024K)]
  0x0000016586a017d0 JavaThread "ForkJoinPool.commonPool-worker-8" daemon [_thread_blocked, id=4132, stack(0x0000003346a00000,0x0000003346b00000) (1024K)]
  0x0000016585b28380 JavaThread "ForkJoinPool.commonPool-worker-10" daemon [_thread_blocked, id=7564, stack(0x0000003346b00000,0x0000003346c00000) (1024K)]
  0x0000016585b28a10 JavaThread "ForkJoinPool.commonPool-worker-9" daemon [_thread_blocked, id=16544, stack(0x0000003346c00000,0x0000003346d00000) (1024K)]
  0x0000016585b262b0 JavaThread "ForkJoinPool.commonPool-worker-11" daemon [_thread_blocked, id=23612, stack(0x0000003346d00000,0x0000003346e00000) (1024K)]
  0x0000016585b290a0 JavaThread "Timer-0"                           [_thread_blocked, id=21804, stack(0x0000003343800000,0x0000003343900000) (1024K)]
  0x0000016585b29730 JavaThread "Connection worker"                 [_thread_in_vm, id=22888, stack(0x0000003346e00000,0x0000003346f00000) (1024K)]
=>0x00000165877b97d0 JavaThread "C2 CompilerThread1"         daemon [_thread_in_native, id=14972, stack(0x0000003342700000,0x0000003342800000) (1024K)]
Total: 56

Other Threads:
  0x00000165a222f830 VMThread "VM Thread"                           [id=17264, stack(0x0000003342c00000,0x0000003342d00000) (1024K)]
  0x00000165b8b1ca00 WatcherThread "VM Periodic Task Thread"        [id=23832, stack(0x0000003342b00000,0x0000003342c00000) (1024K)]
  0x00000165a21ab9a0 WorkerThread "GC Thread#0"                     [id=6208, stack(0x0000003342a00000,0x0000003342b00000) (1024K)]
  0x0000016584465240 WorkerThread "GC Thread#1"                     [id=21752, stack(0x0000003343900000,0x0000003343a00000) (1024K)]
  0x00000165844e0ae0 WorkerThread "GC Thread#2"                     [id=13208, stack(0x0000003343a00000,0x0000003343b00000) (1024K)]
  0x00000165844e0e90 WorkerThread "GC Thread#3"                     [id=17984, stack(0x0000003343b00000,0x0000003343c00000) (1024K)]
  0x0000016584469810 WorkerThread "GC Thread#4"                     [id=24488, stack(0x0000003343c00000,0x0000003343d00000) (1024K)]
  0x0000016584469bc0 WorkerThread "GC Thread#5"                     [id=15792, stack(0x0000003343d00000,0x0000003343e00000) (1024K)]
  0x000001658446a370 WorkerThread "GC Thread#6"                     [id=5852, stack(0x0000003343e00000,0x0000003343f00000) (1024K)]
  0x00000165843f4860 WorkerThread "GC Thread#7"                     [id=11424, stack(0x0000003344000000,0x0000003344100000) (1024K)]
  0x00000165843f4c10 WorkerThread "GC Thread#8"                     [id=16640, stack(0x0000003344400000,0x0000003344500000) (1024K)]
  0x00000165843f39a0 WorkerThread "GC Thread#9"                     [id=3876, stack(0x0000003344500000,0x0000003344600000) (1024K)]
Total: 12

Threads with active compile tasks:
C2 CompilerThread0  38886 9849       4       java.lang.invoke.MethodType::insertParameterTypes (121 bytes)
C2 CompilerThread1  38886 9850       4       java.lang.invoke.MemberName::getInvocationType (56 bytes)
Total: 2

VM state: not at safepoint (normal execution)

VM Mutex/Monitor currently owned by a thread: None

Heap address: 0x0000000080000000, size: 2048 MB, Compressed Oops mode: 32-bit

CDS archive(s) mapped at: [0x00000165b9000000-0x00000165b9ba0000-0x00000165b9ba0000), size 12189696, SharedBaseAddress: 0x00000165b9000000, ArchiveRelocationMode: 1.
Compressed class space mapped at: 0x00000165ba000000-0x00000165fa000000, reserved size: 1073741824
Narrow klass base: 0x00000165b9000000, Narrow klass shift: 0, Narrow klass range: 0x100000000

GC Precious Log:
 CardTable entry size: 512
 CPUs: 12 total, 12 available
 Memory: 16092M
 Large Page Support: Disabled
 NUMA Support: Disabled
 Compressed Oops: Enabled (32-bit)
 Alignments: Space 512K, Generation 512K, Heap 2M
 Heap Min Capacity: 100M
 Heap Initial Capacity: 100M
 Heap Max Capacity: 2G
 Pre-touch: Disabled
 Parallel Workers: 10

Heap:
 PSYoungGen      total 3584K, used 1937K [0x00000000d5580000, 0x00000000d5c80000, 0x0000000100000000)
  eden space 3072K, 52% used [0x00000000d5580000,0x00000000d5714770,0x00000000d5880000)
  from space 512K, 62% used [0x00000000d5b80000,0x00000000d5bd0000,0x00000000d5c00000)
  to   space 512K, 0% used [0x00000000d5c00000,0x00000000d5c00000,0x00000000d5c80000)
 ParOldGen       total 165888K, used 165583K [0x0000000080000000, 0x000000008a200000, 0x00000000d5580000)
  object space 165888K, 99% used [0x0000000080000000,0x000000008a1b3e68,0x000000008a200000)
 Metaspace       used 68529K, committed 70208K, reserved 1114112K
  class space    used 8318K, committed 9088K, reserved 1048576K

Card table byte_map: [0x00000165a1b30000,0x00000165a1f40000] _byte_map_base: 0x00000165a1730000

Marking Bits: (ParMarkBitMap*) 0x00007ffc96bb3450
 Begin Bits: [0x00000165b4640000, 0x00000165b6640000)
 End Bits:   [0x00000165b6640000, 0x00000165b8640000)

Polling page: 0x00000165a0050000

Metaspace:

Usage:
  Non-class:     58.80 MB used.
      Class:      8.12 MB used.
       Both:     66.93 MB used.

Virtual space:
  Non-class space:       64.00 MB reserved,      59.69 MB ( 93%) committed,  1 nodes.
      Class space:        1.00 GB reserved,       8.88 MB ( <1%) committed,  1 nodes.
             Both:        1.06 GB reserved,      68.56 MB (  6%) committed. 

Chunk freelists:
   Non-Class:  4.34 MB
       Class:  7.11 MB
        Both:  11.45 MB

MaxMetaspaceSize: unlimited
CompressedClassSpaceSize: 1.00 GB
Initial GC threshold: 21.00 MB
Current GC threshold: 97.31 MB
CDS: on
 - commit_granule_bytes: 65536.
 - commit_granule_words: 8192.
 - virtual_space_node_default_size: 8388608.
 - enlarge_chunks_in_place: 1.
 - use_allocation_guard: 0.


Internal statistics:

num_allocs_failed_limit: 11.
num_arena_births: 1426.
num_arena_deaths: 26.
num_vsnodes_births: 2.
num_vsnodes_deaths: 0.
num_space_committed: 1097.
num_space_uncommitted: 0.
num_chunks_returned_to_freelist: 41.
num_chunks_taken_from_freelist: 4507.
num_chunk_merges: 16.
num_chunk_splits: 2886.
num_chunks_enlarged: 1791.
num_inconsistent_stats: 0.

CodeHeap 'non-profiled nmethods': size=120000Kb used=6922Kb max_used=6922Kb free=113077Kb
 bounds [0x00000165ace60000, 0x00000165ad530000, 0x00000165b4390000]
CodeHeap 'profiled nmethods': size=120000Kb used=18249Kb max_used=18249Kb free=101750Kb
 bounds [0x00000165a5390000, 0x00000165a6570000, 0x00000165ac8c0000]
CodeHeap 'non-nmethods': size=5760Kb used=1408Kb max_used=1474Kb free=4351Kb
 bounds [0x00000165ac8c0000, 0x00000165acb30000, 0x00000165ace60000]
CodeCache: size=245760Kb, used=26579Kb, max_used=26645Kb, free=219178Kb
 total_blobs=9783, nmethods=9066, adapters=623, full_count=0
Compilation: enabled, stopped_count=0, restarted_count=0

Compilation events (20 events):
Event: 38.700 Thread 0x00000165a224b970 9858       3       com.google.common.base.Preconditions::checkPositionIndexes (29 bytes)
Event: 38.700 Thread 0x00000165a224b970 nmethod 9858 0x00000165a6557690 code [0x00000165a6557860, 0x00000165a6557af0]
Event: 38.704 Thread 0x00000165a224b970 9860       3       java.lang.invoke.LambdaFormBuffer::replaceParameterByCopy (38 bytes)
Event: 38.704 Thread 0x00000165a224b970 nmethod 9860 0x00000165a6557c10 code [0x00000165a6557de0, 0x00000165a6557fc8]
Event: 38.704 Thread 0x00000165a224b970 9861       3       java.lang.invoke.LambdaFormBuffer::noteDuplicate (115 bytes)
Event: 38.705 Thread 0x00000165a224b970 nmethod 9861 0x00000165a6558110 code [0x00000165a6558320, 0x00000165a6558aa0]
Event: 38.709 Thread 0x00000165a224b970 9862       3       java.lang.invoke.LambdaFormBuffer::resultIndex (41 bytes)
Event: 38.709 Thread 0x00000165a224b970 nmethod 9862 0x00000165a6558e10 code [0x00000165a6558fc0, 0x00000165a6559280]
Event: 38.711 Thread 0x00000165a224b970 9863       3       java.lang.invoke.InvokerBytecodeGenerator::emitIconstInsn (75 bytes)
Event: 38.712 Thread 0x00000165a224b970 nmethod 9863 0x00000165a6559390 code [0x00000165a65595c0, 0x00000165a6559e28]
Event: 38.764 Thread 0x00000165a224b970 9864       3       java.lang.invoke.MethodHandles$Lookup::findVirtual (91 bytes)
Event: 38.767 Thread 0x00000165a224b970 nmethod 9864 0x00000165a655a090 code [0x00000165a655a340, 0x00000165a655aeb0]
Event: 38.767 Thread 0x00000165a224b970 9865       3       java.lang.invoke.LambdaFormBuffer::lambdaForm (37 bytes)
Event: 38.768 Thread 0x00000165a224b970 nmethod 9865 0x00000165a655b390 code [0x00000165a655b580, 0x00000165a655b960]
Event: 38.768 Thread 0x00000165a224b970 9866       3       sun.invoke.util.Wrapper::findWrapperType (102 bytes)
Event: 38.768 Thread 0x00000165a224b970 nmethod 9866 0x00000165a655bb10 code [0x00000165a655bd40, 0x00000165a655c270]
Event: 38.768 Thread 0x00000165a224b970 9867       3       java.lang.invoke.InvokerBytecodeGenerator::emitIconstInsn (9 bytes)
Event: 38.768 Thread 0x00000165a224b970 nmethod 9867 0x00000165a655c310 code [0x00000165a655c4c0, 0x00000165a655c5f8]
Event: 38.795 Thread 0x00000165a224b970 9868       1       org.gradle.internal.service.DefaultServiceRegistry$SingletonService::getServiceType (5 bytes)
Event: 38.795 Thread 0x00000165a224b970 nmethod 9868 0x00000165ad521f90 code [0x00000165ad522120, 0x00000165ad5221e8]

GC Heap History (20 events):
Event: 38.349 GC heap before
{Heap before GC invocations=468 (full 3):
 PSYoungGen      total 3584K, used 3168K [0x00000000d5580000, 0x00000000d5c80000, 0x0000000100000000)
  eden space 3072K, 100% used [0x00000000d5580000,0x00000000d5880000,0x00000000d5880000)
  from space 512K, 18% used [0x00000000d5c00000,0x00000000d5c18000,0x00000000d5c80000)
  to   space 1536K, 0% used [0x00000000d5980000,0x00000000d5980000,0x00000000d5b00000)
 ParOldGen       total 164352K, used 164122K [0x0000000080000000, 0x000000008a080000, 0x00000000d5580000)
  object space 164352K, 99% used [0x0000000080000000,0x000000008a046ae0,0x000000008a080000)
 Metaspace       used 65506K, committed 67136K, reserved 1114112K
  class space    used 7788K, committed 8512K, reserved 1048576K
}
Event: 38.350 GC heap after
{Heap after GC invocations=468 (full 3):
 PSYoungGen      total 4608K, used 320K [0x00000000d5580000, 0x00000000d5c80000, 0x0000000100000000)
  eden space 3072K, 0% used [0x00000000d5580000,0x00000000d5580000,0x00000000d5880000)
  from space 1536K, 20% used [0x00000000d5980000,0x00000000d59d0000,0x00000000d5b00000)
  to   space 512K, 0% used [0x00000000d5c00000,0x00000000d5c00000,0x00000000d5c80000)
 ParOldGen       total 164352K, used 164122K [0x0000000080000000, 0x000000008a080000, 0x00000000d5580000)
  object space 164352K, 99% used [0x0000000080000000,0x000000008a046ae0,0x000000008a080000)
 Metaspace       used 65506K, committed 67136K, reserved 1114112K
  class space    used 7788K, committed 8512K, reserved 1048576K
}
Event: 38.382 GC heap before
{Heap before GC invocations=469 (full 3):
 PSYoungGen      total 4608K, used 3392K [0x00000000d5580000, 0x00000000d5c80000, 0x0000000100000000)
  eden space 3072K, 100% used [0x00000000d5580000,0x00000000d5880000,0x00000000d5880000)
  from space 1536K, 20% used [0x00000000d5980000,0x00000000d59d0000,0x00000000d5b00000)
  to   space 512K, 0% used [0x00000000d5c00000,0x00000000d5c00000,0x00000000d5c80000)
 ParOldGen       total 164352K, used 164122K [0x0000000080000000, 0x000000008a080000, 0x00000000d5580000)
  object space 164352K, 99% used [0x0000000080000000,0x000000008a046ae0,0x000000008a080000)
 Metaspace       used 65582K, committed 67200K, reserved 1114112K
  class space    used 7813K, committed 8512K, reserved 1048576K
}
Event: 38.383 GC heap after
{Heap after GC invocations=469 (full 3):
 PSYoungGen      total 3584K, used 320K [0x00000000d5580000, 0x00000000d5c80000, 0x0000000100000000)
  eden space 3072K, 0% used [0x00000000d5580000,0x00000000d5580000,0x00000000d5880000)
  from space 512K, 62% used [0x00000000d5c00000,0x00000000d5c50000,0x00000000d5c80000)
  to   space 512K, 0% used [0x00000000d5b80000,0x00000000d5b80000,0x00000000d5c00000)
 ParOldGen       total 164352K, used 164250K [0x0000000080000000, 0x000000008a080000, 0x00000000d5580000)
  object space 164352K, 99% used [0x0000000080000000,0x000000008a066ae0,0x000000008a080000)
 Metaspace       used 65582K, committed 67200K, reserved 1114112K
  class space    used 7813K, committed 8512K, reserved 1048576K
}
Event: 38.427 GC heap before
{Heap before GC invocations=470 (full 3):
 PSYoungGen      total 3584K, used 3392K [0x00000000d5580000, 0x00000000d5c80000, 0x0000000100000000)
  eden space 3072K, 100% used [0x00000000d5580000,0x00000000d5880000,0x00000000d5880000)
  from space 512K, 62% used [0x00000000d5c00000,0x00000000d5c50000,0x00000000d5c80000)
  to   space 512K, 0% used [0x00000000d5b80000,0x00000000d5b80000,0x00000000d5c00000)
 ParOldGen       total 164352K, used 164250K [0x0000000080000000, 0x000000008a080000, 0x00000000d5580000)
  object space 164352K, 99% used [0x0000000080000000,0x000000008a066ae0,0x000000008a080000)
 Metaspace       used 65777K, committed 67392K, reserved 1114112K
  class space    used 7860K, committed 8576K, reserved 1048576K
}
Event: 38.428 GC heap after
{Heap after GC invocations=470 (full 3):
 PSYoungGen      total 3584K, used 352K [0x00000000d5580000, 0x00000000d5c80000, 0x0000000100000000)
  eden space 3072K, 0% used [0x00000000d5580000,0x00000000d5580000,0x00000000d5880000)
  from space 512K, 68% used [0x00000000d5b80000,0x00000000d5bd8000,0x00000000d5c00000)
  to   space 512K, 0% used [0x00000000d5c00000,0x00000000d5c00000,0x00000000d5c80000)
 ParOldGen       total 164864K, used 164394K [0x0000000080000000, 0x000000008a100000, 0x00000000d5580000)
  object space 164864K, 99% used [0x0000000080000000,0x000000008a08aaf0,0x000000008a100000)
 Metaspace       used 65777K, committed 67392K, reserved 1114112K
  class space    used 7860K, committed 8576K, reserved 1048576K
}
Event: 38.468 GC heap before
{Heap before GC invocations=471 (full 3):
 PSYoungGen      total 3584K, used 3424K [0x00000000d5580000, 0x00000000d5c80000, 0x0000000100000000)
  eden space 3072K, 100% used [0x00000000d5580000,0x00000000d5880000,0x00000000d5880000)
  from space 512K, 68% used [0x00000000d5b80000,0x00000000d5bd8000,0x00000000d5c00000)
  to   space 512K, 0% used [0x00000000d5c00000,0x00000000d5c00000,0x00000000d5c80000)
 ParOldGen       total 164864K, used 164394K [0x0000000080000000, 0x000000008a100000, 0x00000000d5580000)
  object space 164864K, 99% used [0x0000000080000000,0x000000008a08aaf0,0x000000008a100000)
 Metaspace       used 66014K, committed 67648K, reserved 1114112K
  class space    used 7905K, committed 8640K, reserved 1048576K
}
Event: 38.469 GC heap after
{Heap after GC invocations=471 (full 3):
 PSYoungGen      total 3584K, used 384K [0x00000000d5580000, 0x00000000d5c80000, 0x0000000100000000)
  eden space 3072K, 0% used [0x00000000d5580000,0x00000000d5580000,0x00000000d5880000)
  from space 512K, 75% used [0x00000000d5c00000,0x00000000d5c60000,0x00000000d5c80000)
  to   space 512K, 0% used [0x00000000d5b80000,0x00000000d5b80000,0x00000000d5c00000)
 ParOldGen       total 164864K, used 164618K [0x0000000080000000, 0x000000008a100000, 0x00000000d5580000)
  object space 164864K, 99% used [0x0000000080000000,0x000000008a0c2af0,0x000000008a100000)
 Metaspace       used 66014K, committed 67648K, reserved 1114112K
  class space    used 7905K, committed 8640K, reserved 1048576K
}
Event: 38.507 GC heap before
{Heap before GC invocations=472 (full 3):
 PSYoungGen      total 3584K, used 3456K [0x00000000d5580000, 0x00000000d5c80000, 0x0000000100000000)
  eden space 3072K, 100% used [0x00000000d5580000,0x00000000d5880000,0x00000000d5880000)
  from space 512K, 75% used [0x00000000d5c00000,0x00000000d5c60000,0x00000000d5c80000)
  to   space 512K, 0% used [0x00000000d5b80000,0x00000000d5b80000,0x00000000d5c00000)
 ParOldGen       total 164864K, used 164618K [0x0000000080000000, 0x000000008a100000, 0x00000000d5580000)
  object space 164864K, 99% used [0x0000000080000000,0x000000008a0c2af0,0x000000008a100000)
 Metaspace       used 66329K, committed 67904K, reserved 1114112K
  class space    used 7958K, committed 8640K, reserved 1048576K
}
Event: 38.509 GC heap after
{Heap after GC invocations=472 (full 3):
 PSYoungGen      total 3584K, used 336K [0x00000000d5580000, 0x00000000d5c80000, 0x0000000100000000)
  eden space 3072K, 0% used [0x00000000d5580000,0x00000000d5580000,0x00000000d5880000)
  from space 512K, 65% used [0x00000000d5b80000,0x00000000d5bd4010,0x00000000d5c00000)
  to   space 512K, 0% used [0x00000000d5c00000,0x00000000d5c00000,0x00000000d5c80000)
 ParOldGen       total 164864K, used 164810K [0x0000000080000000, 0x000000008a100000, 0x00000000d5580000)
  object space 164864K, 99% used [0x0000000080000000,0x000000008a0f2af0,0x000000008a100000)
 Metaspace       used 66329K, committed 67904K, reserved 1114112K
  class space    used 7958K, committed 8640K, reserved 1048576K
}
Event: 38.557 GC heap before
{Heap before GC invocations=473 (full 3):
 PSYoungGen      total 3584K, used 3408K [0x00000000d5580000, 0x00000000d5c80000, 0x0000000100000000)
  eden space 3072K, 100% used [0x00000000d5580000,0x00000000d5880000,0x00000000d5880000)
  from space 512K, 65% used [0x00000000d5b80000,0x00000000d5bd4010,0x00000000d5c00000)
  to   space 512K, 0% used [0x00000000d5c00000,0x00000000d5c00000,0x00000000d5c80000)
 ParOldGen       total 164864K, used 164810K [0x0000000080000000, 0x000000008a100000, 0x00000000d5580000)
  object space 164864K, 99% used [0x0000000080000000,0x000000008a0f2af0,0x000000008a100000)
 Metaspace       used 66701K, committed 68288K, reserved 1114112K
  class space    used 8015K, committed 8704K, reserved 1048576K
}
Event: 38.558 GC heap after
{Heap after GC invocations=473 (full 3):
 PSYoungGen      total 3584K, used 320K [0x00000000d5580000, 0x00000000d5c80000, 0x0000000100000000)
  eden space 3072K, 0% used [0x00000000d5580000,0x00000000d5580000,0x00000000d5880000)
  from space 512K, 62% used [0x00000000d5c00000,0x00000000d5c50000,0x00000000d5c80000)
  to   space 512K, 0% used [0x00000000d5b80000,0x00000000d5b80000,0x00000000d5c00000)
 ParOldGen       total 165376K, used 164978K [0x0000000080000000, 0x000000008a180000, 0x00000000d5580000)
  object space 165376K, 99% used [0x0000000080000000,0x000000008a11cb10,0x000000008a180000)
 Metaspace       used 66701K, committed 68288K, reserved 1114112K
  class space    used 8015K, committed 8704K, reserved 1048576K
}
Event: 38.609 GC heap before
{Heap before GC invocations=474 (full 3):
 PSYoungGen      total 3584K, used 3392K [0x00000000d5580000, 0x00000000d5c80000, 0x0000000100000000)
  eden space 3072K, 100% used [0x00000000d5580000,0x00000000d5880000,0x00000000d5880000)
  from space 512K, 62% used [0x00000000d5c00000,0x00000000d5c50000,0x00000000d5c80000)
  to   space 512K, 0% used [0x00000000d5b80000,0x00000000d5b80000,0x00000000d5c00000)
 ParOldGen       total 165376K, used 164978K [0x0000000080000000, 0x000000008a180000, 0x00000000d5580000)
  object space 165376K, 99% used [0x0000000080000000,0x000000008a11cb10,0x000000008a180000)
 Metaspace       used 67069K, committed 68672K, reserved 1114112K
  class space    used 8077K, committed 8768K, reserved 1048576K
}
Event: 38.610 GC heap after
{Heap after GC invocations=474 (full 3):
 PSYoungGen      total 3584K, used 320K [0x00000000d5580000, 0x00000000d5c80000, 0x0000000100000000)
  eden space 3072K, 0% used [0x00000000d5580000,0x00000000d5580000,0x00000000d5880000)
  from space 512K, 62% used [0x00000000d5b80000,0x00000000d5bd0000,0x00000000d5c00000)
  to   space 512K, 0% used [0x00000000d5c00000,0x00000000d5c00000,0x00000000d5c80000)
 ParOldGen       total 165376K, used 165079K [0x0000000080000000, 0x000000008a180000, 0x00000000d5580000)
  object space 165376K, 99% used [0x0000000080000000,0x000000008a135e68,0x000000008a180000)
 Metaspace       used 67069K, committed 68672K, reserved 1114112K
  class space    used 8077K, committed 8768K, reserved 1048576K
}
Event: 38.658 GC heap before
{Heap before GC invocations=475 (full 3):
 PSYoungGen      total 3584K, used 3392K [0x00000000d5580000, 0x00000000d5c80000, 0x0000000100000000)
  eden space 3072K, 100% used [0x00000000d5580000,0x00000000d5880000,0x00000000d5880000)
  from space 512K, 62% used [0x00000000d5b80000,0x00000000d5bd0000,0x00000000d5c00000)
  to   space 512K, 0% used [0x00000000d5c00000,0x00000000d5c00000,0x00000000d5c80000)
 ParOldGen       total 165376K, used 165079K [0x0000000080000000, 0x000000008a180000, 0x00000000d5580000)
  object space 165376K, 99% used [0x0000000080000000,0x000000008a135e68,0x000000008a180000)
 Metaspace       used 67442K, committed 69056K, reserved 1114112K
  class space    used 8134K, committed 8832K, reserved 1048576K
}
Event: 38.660 GC heap after
{Heap after GC invocations=475 (full 3):
 PSYoungGen      total 3584K, used 320K [0x00000000d5580000, 0x00000000d5c80000, 0x0000000100000000)
  eden space 3072K, 0% used [0x00000000d5580000,0x00000000d5580000,0x00000000d5880000)
  from space 512K, 62% used [0x00000000d5c00000,0x00000000d5c50000,0x00000000d5c80000)
  to   space 512K, 0% used [0x00000000d5b80000,0x00000000d5b80000,0x00000000d5c00000)
 ParOldGen       total 165376K, used 165199K [0x0000000080000000, 0x000000008a180000, 0x00000000d5580000)
  object space 165376K, 99% used [0x0000000080000000,0x000000008a153e68,0x000000008a180000)
 Metaspace       used 67442K, committed 69056K, reserved 1114112K
  class space    used 8134K, committed 8832K, reserved 1048576K
}
Event: 38.721 GC heap before
{Heap before GC invocations=476 (full 3):
 PSYoungGen      total 3584K, used 3392K [0x00000000d5580000, 0x00000000d5c80000, 0x0000000100000000)
  eden space 3072K, 100% used [0x00000000d5580000,0x00000000d5880000,0x00000000d5880000)
  from space 512K, 62% used [0x00000000d5c00000,0x00000000d5c50000,0x00000000d5c80000)
  to   space 512K, 0% used [0x00000000d5b80000,0x00000000d5b80000,0x00000000d5c00000)
 ParOldGen       total 165376K, used 165199K [0x0000000080000000, 0x000000008a180000, 0x00000000d5580000)
  object space 165376K, 99% used [0x0000000080000000,0x000000008a153e68,0x000000008a180000)
 Metaspace       used 67776K, committed 69376K, reserved 1114112K
  class space    used 8187K, committed 8896K, reserved 1048576K
}
Event: 38.722 GC heap after
{Heap after GC invocations=476 (full 3):
 PSYoungGen      total 3584K, used 320K [0x00000000d5580000, 0x00000000d5c80000, 0x0000000100000000)
  eden space 3072K, 0% used [0x00000000d5580000,0x00000000d5580000,0x00000000d5880000)
  from space 512K, 62% used [0x00000000d5b80000,0x00000000d5bd0000,0x00000000d5c00000)
  to   space 512K, 0% used [0x00000000d5c00000,0x00000000d5c00000,0x00000000d5c80000)
 ParOldGen       total 165376K, used 165319K [0x0000000080000000, 0x000000008a180000, 0x00000000d5580000)
  object space 165376K, 99% used [0x0000000080000000,0x000000008a171e68,0x000000008a180000)
 Metaspace       used 67776K, committed 69376K, reserved 1114112K
  class space    used 8187K, committed 8896K, reserved 1048576K
}
Event: 38.775 GC heap before
{Heap before GC invocations=477 (full 3):
 PSYoungGen      total 3584K, used 3391K [0x00000000d5580000, 0x00000000d5c80000, 0x0000000100000000)
  eden space 3072K, 99% used [0x00000000d5580000,0x00000000d587ffc0,0x00000000d5880000)
  from space 512K, 62% used [0x00000000d5b80000,0x00000000d5bd0000,0x00000000d5c00000)
  to   space 512K, 0% used [0x00000000d5c00000,0x00000000d5c00000,0x00000000d5c80000)
 ParOldGen       total 165376K, used 165319K [0x0000000080000000, 0x000000008a180000, 0x00000000d5580000)
  object space 165376K, 99% used [0x0000000080000000,0x000000008a171e68,0x000000008a180000)
 Metaspace       used 68073K, committed 69696K, reserved 1114112K
  class space    used 8238K, committed 8960K, reserved 1048576K
}
Event: 38.776 GC heap after
{Heap after GC invocations=477 (full 3):
 PSYoungGen      total 3584K, used 256K [0x00000000d5580000, 0x00000000d5c80000, 0x0000000100000000)
  eden space 3072K, 0% used [0x00000000d5580000,0x00000000d5580000,0x00000000d5880000)
  from space 512K, 50% used [0x00000000d5c00000,0x00000000d5c40000,0x00000000d5c80000)
  to   space 512K, 0% used [0x00000000d5b80000,0x00000000d5b80000,0x00000000d5c00000)
 ParOldGen       total 165888K, used 165487K [0x0000000080000000, 0x000000008a200000, 0x00000000d5580000)
  object space 165888K, 99% used [0x0000000080000000,0x000000008a19be68,0x000000008a200000)
 Metaspace       used 68073K, committed 69696K, reserved 1114112K
  class space    used 8238K, committed 8960K, reserved 1048576K
}

Dll operation events (16 events):
Event: 0.015 Loaded shared library c:\Users\WALSTAR\.antigravity\extensions\redhat.java-1.54.0-win32-x64\jre\21.0.10-win32-x86_64\bin\java.dll
Event: 0.108 Loaded shared library c:\Users\WALSTAR\.antigravity\extensions\redhat.java-1.54.0-win32-x64\jre\21.0.10-win32-x86_64\bin\zip.dll
Event: 0.165 Loaded shared library C:\Users\WALSTAR\.antigravity\extensions\redhat.java-1.54.0-win32-x64\jre\21.0.10-win32-x86_64\bin\instrument.dll
Event: 0.174 Loaded shared library C:\Users\WALSTAR\.antigravity\extensions\redhat.java-1.54.0-win32-x64\jre\21.0.10-win32-x86_64\bin\net.dll
Event: 0.177 Loaded shared library C:\Users\WALSTAR\.antigravity\extensions\redhat.java-1.54.0-win32-x64\jre\21.0.10-win32-x86_64\bin\nio.dll
Event: 0.182 Loaded shared library C:\Users\WALSTAR\.antigravity\extensions\redhat.java-1.54.0-win32-x64\jre\21.0.10-win32-x86_64\bin\zip.dll
Event: 0.208 Loaded shared library C:\Users\WALSTAR\.antigravity\extensions\redhat.java-1.54.0-win32-x64\jre\21.0.10-win32-x86_64\bin\jimage.dll
Event: 0.309 Loaded shared library c:\Users\WALSTAR\.antigravity\extensions\redhat.java-1.54.0-win32-x64\jre\21.0.10-win32-x86_64\bin\verify.dll
Event: 1.805 Loaded shared library C:\Users\WALSTAR\AppData\Roaming\Antigravity\User\globalStorage\redhat.java\1.54.0\config_win\org.eclipse.equinox.launcher\org.eclipse.equinox.launcher.win32.win32.x86_64_1.3.0.v20260203-2149\eclipse_11919.dll
Event: 5.653 Loaded shared library C:\Users\WALSTAR\AppData\Local\Temp\jna-1837046804\jna7340405539431318333.dll
Event: 12.607 Loaded shared library C:\Users\WALSTAR\.gradle\native\1def1411415f61bf3af743bc5b6707747c0891f09f0c88961ee8f79bc544acac\windows-amd64\native-platform.dll
Event: 13.469 Loaded shared library C:\Users\WALSTAR\.antigravity\extensions\redhat.java-1.54.0-win32-x64\jre\21.0.10-win32-x86_64\bin\management.dll
Event: 13.473 Loaded shared library C:\Users\WALSTAR\.antigravity\extensions\redhat.java-1.54.0-win32-x64\jre\21.0.10-win32-x86_64\bin\management_ext.dll
Event: 16.610 Loaded shared library C:\Users\WALSTAR\.antigravity\extensions\redhat.java-1.54.0-win32-x64\jre\21.0.10-win32-x86_64\bin\extnet.dll
Event: 18.957 Loaded shared library C:\Users\WALSTAR\.antigravity\extensions\redhat.java-1.54.0-win32-x64\jre\21.0.10-win32-x86_64\bin\sunmscapi.dll
Event: 37.570 Loaded shared library C:\Users\WALSTAR\.gradle\native\c067742578af261105cb4f569cf0c3c89f3d7b1fecec35dd04571415982c5e48\windows-amd64\native-platform.dll

Deoptimization events (20 events):
Event: 37.743 Thread 0x0000016585b29730 DEOPT PACKING pc=0x00000165ad48a6c8 sp=0x0000003346efd430
Event: 37.743 Thread 0x0000016585b29730 DEOPT UNPACKING pc=0x00000165ac913aa2 sp=0x0000003346efd350 mode 2
Event: 37.779 Thread 0x0000016585b29730 Uncommon trap: trap_request=0xffffffbe fr.pc=0x00000165ad4e4178 relative=0x0000000000000298
Event: 37.779 Thread 0x0000016585b29730 Uncommon trap: reason=profile_predicate action=maybe_recompile pc=0x00000165ad4e4178 method=java.util.regex.Pattern$BnM.optimize(Ljava/util/regex/Pattern$Node;)Ljava/util/regex/Pattern$Node; @ 67 c2
Event: 37.779 Thread 0x0000016585b29730 DEOPT PACKING pc=0x00000165ad4e4178 sp=0x0000003346efd380
Event: 37.779 Thread 0x0000016585b29730 DEOPT UNPACKING pc=0x00000165ac913aa2 sp=0x0000003346efd308 mode 2
Event: 37.783 Thread 0x0000016585b29730 Uncommon trap: trap_request=0xffffffbe fr.pc=0x00000165ad4e4178 relative=0x0000000000000298
Event: 37.783 Thread 0x0000016585b29730 Uncommon trap: reason=profile_predicate action=maybe_recompile pc=0x00000165ad4e4178 method=java.util.regex.Pattern$BnM.optimize(Ljava/util/regex/Pattern$Node;)Ljava/util/regex/Pattern$Node; @ 67 c2
Event: 37.783 Thread 0x0000016585b29730 DEOPT PACKING pc=0x00000165ad4e4178 sp=0x0000003346efd130
Event: 37.783 Thread 0x0000016585b29730 DEOPT UNPACKING pc=0x00000165ac913aa2 sp=0x0000003346efd0b8 mode 2
Event: 37.835 Thread 0x0000016585b29730 Uncommon trap: trap_request=0xffffff6e fr.pc=0x00000165ad4fdb00 relative=0x00000000000006a0
Event: 37.835 Thread 0x0000016585b29730 Uncommon trap: reason=loop_limit_check action=maybe_recompile pc=0x00000165ad4fdb00 method=java.util.regex.Pattern$BnM.optimize(Ljava/util/regex/Pattern$Node;)Ljava/util/regex/Pattern$Node; @ 78 c2
Event: 37.835 Thread 0x0000016585b29730 DEOPT PACKING pc=0x00000165ad4fdb00 sp=0x0000003346efd360
Event: 37.835 Thread 0x0000016585b29730 DEOPT UNPACKING pc=0x00000165ac913aa2 sp=0x0000003346efd310 mode 2
Event: 37.873 Thread 0x0000016585b29730 Uncommon trap: trap_request=0xffffffcc fr.pc=0x00000165ad5030ec relative=0x000000000000194c
Event: 37.873 Thread 0x0000016585b29730 Uncommon trap: reason=intrinsic_or_type_checked_inlining action=make_not_entrant pc=0x00000165ad5030ec method=java.util.ArrayList$SubList.toArray([Ljava/lang/Object;)[Ljava/lang/Object; @ 58 c2
Event: 37.873 Thread 0x0000016585b29730 DEOPT PACKING pc=0x00000165ad5030ec sp=0x0000003346efd2d0
Event: 37.873 Thread 0x0000016585b29730 DEOPT UNPACKING pc=0x00000165ac913aa2 sp=0x0000003346efd1f8 mode 2
Event: 38.156 Thread 0x0000016585b29730 DEOPT PACKING pc=0x00000165a61a0c7c sp=0x0000003346efd3a0
Event: 38.156 Thread 0x0000016585b29730 DEOPT UNPACKING pc=0x00000165ac914242 sp=0x0000003346efc860 mode 0

Classes loaded (20 events):
Event: 37.097 Loading class java/io/ObjectStreamClass$1
Event: 37.098 Loading class java/io/ObjectStreamClass$1 done
Event: 37.098 Loading class java/io/ObjectStreamClass$MemberSignature
Event: 37.098 Loading class java/io/ObjectStreamClass$MemberSignature done
Event: 37.098 Loading class java/io/ObjectStreamClass$3
Event: 37.098 Loading class java/io/ObjectStreamClass$3 done
Event: 37.098 Loading class java/io/ObjectStreamClass$4
Event: 37.098 Loading class java/io/ObjectStreamClass$4 done
Event: 37.099 Loading class java/io/ObjectStreamClass$5
Event: 37.099 Loading class java/io/ObjectStreamClass$5 done
Event: 37.106 Loading class java/net/Proxy
Event: 37.106 Loading class java/net/Proxy done
Event: 37.122 Loading class java/util/concurrent/ConcurrentLinkedQueue$Itr
Event: 37.122 Loading class java/util/concurrent/ConcurrentLinkedQueue$Itr done
Event: 37.137 Loading class java/io/ObjectStreamClass$ExceptionInfo
Event: 37.137 Loading class java/io/ObjectStreamClass$ExceptionInfo done
Event: 37.151 Loading class java/lang/Throwable$PrintStreamOrWriter
Event: 37.151 Loading class java/lang/Throwable$PrintStreamOrWriter done
Event: 38.708 Loading class java/nio/file/AtomicMoveNotSupportedException
Event: 38.708 Loading class java/nio/file/AtomicMoveNotSupportedException done

Classes unloaded (13 events):
Event: 6.477 Thread 0x00000165a222f830 Unloading class 0x00000165ba1ab800 'java/lang/invoke/LambdaForm$MH+0x00000165ba1ab800'
Event: 6.477 Thread 0x00000165a222f830 Unloading class 0x00000165ba1ab400 'java/lang/invoke/LambdaForm$MH+0x00000165ba1ab400'
Event: 6.477 Thread 0x00000165a222f830 Unloading class 0x00000165ba1ab000 'java/lang/invoke/LambdaForm$MH+0x00000165ba1ab000'
Event: 6.477 Thread 0x00000165a222f830 Unloading class 0x00000165ba1aac00 'java/lang/invoke/LambdaForm$MH+0x00000165ba1aac00'
Event: 6.477 Thread 0x00000165a222f830 Unloading class 0x00000165ba1aa800 'java/lang/invoke/LambdaForm$BMH+0x00000165ba1aa800'
Event: 6.477 Thread 0x00000165a222f830 Unloading class 0x00000165ba1aa400 'java/lang/invoke/LambdaForm$DMH+0x00000165ba1aa400'
Event: 6.477 Thread 0x00000165a222f830 Unloading class 0x00000165ba1a9000 'java/lang/invoke/LambdaForm$DMH+0x00000165ba1a9000'
Event: 7.961 Thread 0x00000165a222f830 Unloading class 0x00000165ba392400 'java/lang/invoke/LambdaForm$MH+0x00000165ba392400'
Event: 7.961 Thread 0x00000165a222f830 Unloading class 0x00000165ba391800 'java/lang/invoke/LambdaForm$MH+0x00000165ba391800'
Event: 7.961 Thread 0x00000165a222f830 Unloading class 0x00000165ba391400 'java/lang/invoke/LambdaForm$MH+0x00000165ba391400'
Event: 7.961 Thread 0x00000165a222f830 Unloading class 0x00000165ba390c00 'java/lang/invoke/LambdaForm$MH+0x00000165ba390c00'
Event: 7.961 Thread 0x00000165a222f830 Unloading class 0x00000165ba390400 'java/lang/invoke/LambdaForm$DMH+0x00000165ba390400'
Event: 7.961 Thread 0x00000165a222f830 Unloading class 0x00000165ba38f800 'java/lang/invoke/LambdaForm$MH+0x00000165ba38f800'

Classes redefined (0 events):
No events

Internal exceptions (20 events):
Event: 15.657 Thread 0x00000165847cde00 Implicit null exception at 0x00000165ad403606 to 0x00000165ad403710
Event: 15.657 Thread 0x00000165847cde00 Implicit null exception at 0x00000165ad428027 to 0x00000165ad428a08
Event: 15.658 Thread 0x00000165847cde00 Implicit null exception at 0x00000165ad257986 to 0x00000165ad257ab1
Event: 16.524 Thread 0x00000165847cde00 Exception <a 'java/lang/NoSuchMethodError'{0x00000000d56c9220}: 'java.lang.Object java.lang.invoke.DirectMethodHandle$Holder.invokeSpecial(java.lang.Object, java.lang.Object, int, long)'> (0x00000000d56c9220) 
thrown [s\src\hotspot\share\interpreter\linkResolver.cpp, line 773]
Event: 16.672 Thread 0x0000016585b29730 Exception <a 'java/lang/NoSuchMethodError'{0x00000000d5640b50}: 'java.lang.Object java.lang.invoke.DirectMethodHandle$Holder.invokeVirtual(java.lang.Object, java.lang.Object, java.lang.Object, java.lang.Object, java.lang.Object, java.lang.Object, java.lang.Object, java.lang.Object, java.lang.Object)'> (0x00000000d5640b50) 
thrown [s\src\hotspot\share\interpreter\linkResolver.cpp, line 773]
Event: 16.718 Thread 0x0000016585b29730 Exception <a 'java/lang/NoSuchMethodError'{0x00000000d578be00}: 'long java.lang.invoke.DirectMethodHandle$Holder.invokeVirtual(java.lang.Object, java.lang.Object)'> (0x00000000d578be00) 
thrown [s\src\hotspot\share\interpreter\linkResolver.cpp, line 773]
Event: 16.718 Thread 0x0000016585b29730 Exception <a 'java/lang/NoSuchMethodError'{0x00000000d578f200}: 'long java.lang.invoke.DelegatingMethodHandle$Holder.reinvoke_L(java.lang.Object, java.lang.Object)'> (0x00000000d578f200) 
thrown [s\src\hotspot\share\interpreter\linkResolver.cpp, line 773]
Event: 16.918 Thread 0x0000016585b2aae0 Exception <a 'java/lang/NoSuchMethodError'{0x00000000d5594d50}: 'void java.lang.invoke.DirectMethodHandle$Holder.invokeStatic(java.lang.Object, long)'> (0x00000000d5594d50) 
thrown [s\src\hotspot\share\interpreter\linkResolver.cpp, line 773]
Event: 18.990 Thread 0x0000016585b29730 Exception <a 'java/lang/NoSuchMethodError'{0x00000000d563af30}: 'void java.lang.invoke.DirectMethodHandle$Holder.invokeInterface(java.lang.Object, java.lang.Object, java.lang.Object, java.lang.Object)'> (0x00000000d563af30) 
thrown [s\src\hotspot\share\interpreter\linkResolver.cpp, line 773]
Event: 37.098 Thread 0x0000016585b29730 Exception <a 'java/lang/NoSuchMethodError'{0x00000000d5749468}: static Lorg/gradle/tooling/internal/provider/serialization/ClassLoaderDetails;.<clinit>()V> (0x00000000d5749468) 
thrown [s\src\hotspot\share\prims\jni.cpp, line 1111]
Event: 37.101 Thread 0x0000016585b29730 Exception <a 'java/lang/NoSuchMethodError'{0x00000000d5771210}: static Lorg/gradle/internal/classloader/ClassLoaderSpec;.<clinit>()V> (0x00000000d5771210) 
thrown [s\src\hotspot\share\prims\jni.cpp, line 1111]
Event: 37.102 Thread 0x0000016585b29730 Exception <a 'java/lang/NoSuchMethodError'{0x00000000d5780dc0}: static Lorg/gradle/tooling/internal/provider/serialization/WellKnownClassLoaderRegistry$KnownClassLoaderSpec;.<clinit>()V> (0x00000000d5780dc0) 
thrown [s\src\hotspot\share\prims\jni.cpp, line 1111]
Event: 37.104 Thread 0x0000016585b29730 Exception <a 'java/lang/NoSuchMethodError'{0x00000000d57a1378}: static Lorg/gradle/internal/classloader/ClassLoaderSpec;.<clinit>()V> (0x00000000d57a1378) 
thrown [s\src\hotspot\share\prims\jni.cpp, line 1111]
Event: 37.105 Thread 0x0000016585b29730 Exception <a 'java/lang/NoSuchMethodError'{0x00000000d57b2570}: static Lorg/gradle/internal/classloader/VisitableURLClassLoader$Spec;.<clinit>()V> (0x00000000d57b2570) 
thrown [s\src\hotspot\share\prims\jni.cpp, line 1111]
Event: 37.137 Thread 0x0000016585b29730 Exception <a 'java/lang/NoSuchMethodError'{0x00000000d55d5ff0}: static [B.<clinit>()V> (0x00000000d55d5ff0) 
thrown [s\src\hotspot\share\prims\jni.cpp, line 1111]
Event: 37.157 Thread 0x0000016585b29730 Exception <a 'java/lang/NoSuchMethodError'{0x00000000d569f0e8}: static [Ljava/lang/StackTraceElement;.<clinit>()V> (0x00000000d569f0e8) 
thrown [s\src\hotspot\share\prims\jni.cpp, line 1111]
Event: 37.223 Thread 0x0000016585b29730 Exception <a 'java/lang/NoSuchMethodError'{0x00000000d56f7228}: static Lorg/gradle/api/GradleException;.<clinit>()V> (0x00000000d56f7228) 
thrown [s\src\hotspot\share\prims\jni.cpp, line 1111]
Event: 37.224 Thread 0x0000016585b29730 Exception <a 'java/lang/NoSuchMethodError'{0x00000000d56f85d8}: static Lorg/gradle/internal/exceptions/ContextAwareException;.<clinit>()V> (0x00000000d56f85d8) 
thrown [s\src\hotspot\share\prims\jni.cpp, line 1111]
Event: 37.224 Thread 0x0000016585b29730 Exception <a 'java/lang/NoSuchMethodError'{0x00000000d56f99d0}: static Lorg/gradle/internal/exceptions/LocationAwareException;.<clinit>()V> (0x00000000d56f99d0) 
thrown [s\src\hotspot\share\prims\jni.cpp, line 1111]
Event: 38.606 Thread 0x0000016585b29730 Exception <a 'java/lang/NoClassDefFoundError'{0x00000000d585c258}: org/slf4j/impl/StaticMarkerBinder> (0x00000000d585c258) 
thrown [s\src\hotspot\share\classfile\systemDictionary.cpp, line 301]

ZGC Phase Switch (0 events):
No events

VM Operations (20 events):
Event: 38.349 Executing safepoint VM operation: ParallelGCFailedAllocation (Allocation Failure)
Event: 38.350 Executing safepoint VM operation: ParallelGCFailedAllocation (Allocation Failure) done
Event: 38.382 Executing safepoint VM operation: ParallelGCFailedAllocation (Allocation Failure)
Event: 38.383 Executing safepoint VM operation: ParallelGCFailedAllocation (Allocation Failure) done
Event: 38.427 Executing safepoint VM operation: ParallelGCFailedAllocation (Allocation Failure)
Event: 38.428 Executing safepoint VM operation: ParallelGCFailedAllocation (Allocation Failure) done
Event: 38.468 Executing safepoint VM operation: ParallelGCFailedAllocation (Allocation Failure)
Event: 38.469 Executing safepoint VM operation: ParallelGCFailedAllocation (Allocation Failure) done
Event: 38.507 Executing safepoint VM operation: ParallelGCFailedAllocation (Allocation Failure)
Event: 38.509 Executing safepoint VM operation: ParallelGCFailedAllocation (Allocation Failure) done
Event: 38.557 Executing safepoint VM operation: ParallelGCFailedAllocation (Allocation Failure)
Event: 38.558 Executing safepoint VM operation: ParallelGCFailedAllocation (Allocation Failure) done
Event: 38.609 Executing safepoint VM operation: ParallelGCFailedAllocation (Allocation Failure)
Event: 38.610 Executing safepoint VM operation: ParallelGCFailedAllocation (Allocation Failure) done
Event: 38.658 Executing safepoint VM operation: ParallelGCFailedAllocation (Allocation Failure)
Event: 38.660 Executing safepoint VM operation: ParallelGCFailedAllocation (Allocation Failure) done
Event: 38.721 Executing safepoint VM operation: ParallelGCFailedAllocation (Allocation Failure)
Event: 38.722 Executing safepoint VM operation: ParallelGCFailedAllocation (Allocation Failure) done
Event: 38.775 Executing safepoint VM operation: ParallelGCFailedAllocation (Allocation Failure)
Event: 38.776 Executing safepoint VM operation: ParallelGCFailedAllocation (Allocation Failure) done

Memory protections (0 events):
No events

Nmethod flushes (20 events):
Event: 14.183 Thread 0x00000165a222f830 flushing  nmethod 0x00000165a5caf510
Event: 14.183 Thread 0x00000165a222f830 flushing  nmethod 0x00000165a5cb0690
Event: 14.183 Thread 0x00000165a222f830 flushing  nmethod 0x00000165a5cb1890
Event: 14.183 Thread 0x00000165a222f830 flushing  nmethod 0x00000165a5cb1f90
Event: 14.183 Thread 0x00000165a222f830 flushing  nmethod 0x00000165a5cb8c10
Event: 14.183 Thread 0x00000165a222f830 flushing  nmethod 0x00000165a5cb9010
Event: 14.183 Thread 0x00000165a222f830 flushing  nmethod 0x00000165a5cb9d90
Event: 14.183 Thread 0x00000165a222f830 flushing  nmethod 0x00000165a5cbd690
Event: 14.183 Thread 0x00000165a222f830 flushing  nmethod 0x00000165a5cbdf90
Event: 14.183 Thread 0x00000165a222f830 flushing  nmethod 0x00000165a5cbe310
Event: 14.183 Thread 0x00000165a222f830 flushing osr nmethod 0x00000165a5cc6f90
Event: 14.183 Thread 0x00000165a222f830 flushing  nmethod 0x00000165a5cc9490
Event: 14.183 Thread 0x00000165a222f830 flushing  nmethod 0x00000165a5ccb090
Event: 14.183 Thread 0x00000165a222f830 flushing  nmethod 0x00000165a5cccb90
Event: 14.183 Thread 0x00000165a222f830 flushing  nmethod 0x00000165a5ccdc10
Event: 14.183 Thread 0x00000165a222f830 flushing  nmethod 0x00000165a5cde010
Event: 14.183 Thread 0x00000165a222f830 flushing  nmethod 0x00000165a5ce9a90
Event: 14.183 Thread 0x00000165a222f830 flushing  nmethod 0x00000165a5ce9e10
Event: 14.183 Thread 0x00000165a222f830 flushing  nmethod 0x00000165a5cea310
Event: 14.183 Thread 0x00000165a222f830 flushing  nmethod 0x00000165a5ceab90

Events (20 events):
Event: 16.408 Thread 0x00000165a224b970 Thread added: 0x00000165877b7c90
Event: 16.536 Thread 0x00000165847cde00 Thread added: 0x0000016585b29730
Event: 16.732 Thread 0x0000016585b29730 Thread added: 0x0000016585b26fd0
Event: 16.906 Thread 0x0000016585b29730 Thread added: 0x0000016585b2aae0
Event: 16.923 Thread 0x0000016585b2aae0 Thread added: 0x0000016585b27660
Event: 16.923 Thread 0x0000016585b27660 Thread exited: 0x0000016585b27660
Event: 16.924 Thread 0x0000016585b2aae0 Thread added: 0x0000016585b27660
Event: 18.033 Thread 0x00000165877b7c90 Thread exited: 0x00000165877b7c90
Event: 18.840 Thread 0x0000016585b2aae0 Thread exited: 0x0000016585b2aae0
Event: 18.840 Thread 0x0000016585b27660 Thread exited: 0x0000016585b27660
Event: 31.544 Thread 0x00000165a224b970 Thread added: 0x00000165877b7c90
Event: 31.562 Thread 0x00000165a2246650 Thread added: 0x00000165877b8360
Event: 31.935 Thread 0x00000165877b7c90 Thread exited: 0x00000165877b7c90
Event: 31.935 Thread 0x00000165877b8360 Thread exited: 0x00000165877b8360
Event: 37.123 Thread 0x0000016585b26fd0 Thread exited: 0x0000016585b26fd0
Event: 37.135 Thread 0x00000165a224b970 Thread added: 0x00000165877b7c90
Event: 37.233 Thread 0x0000016585b29730 Thread exited: 0x0000016585b29730
Event: 37.244 Thread 0x00000165847cde00 Thread added: 0x0000016585b29730
Event: 37.492 Thread 0x00000165877b7c90 Thread exited: 0x00000165877b7c90
Event: 37.701 Thread 0x00000165a224b970 Thread added: 0x00000165877b97d0


Dynamic libraries:
0x00007ff7ef240000 - 0x00007ff7ef24e000 	c:\Users\WALSTAR\.antigravity\extensions\redhat.java-1.54.0-win32-x64\jre\21.0.10-win32-x86_64\bin\java.exe
0x00007ffd12400000 - 0x00007ffd12667000 	C:\WINDOWS\SYSTEM32\ntdll.dll
0x00007ffd10da0000 - 0x00007ffd10e69000 	C:\WINDOWS\System32\KERNEL32.DLL
0x00007ffd0fba0000 - 0x00007ffd0ff94000 	C:\WINDOWS\System32\KERNELBASE.dll
0x00007ffd0f060000 - 0x00007ffd0f1ab000 	C:\WINDOWS\System32\ucrtbase.dll
0x00007ffc96f80000 - 0x00007ffc96f98000 	c:\Users\WALSTAR\.antigravity\extensions\redhat.java-1.54.0-win32-x64\jre\21.0.10-win32-x86_64\bin\jli.dll
0x00007ffd109f0000 - 0x00007ffd10bb5000 	C:\WINDOWS\System32\USER32.dll
0x00007ffd0ecd0000 - 0x00007ffd0ecf7000 	C:\WINDOWS\System32\win32u.dll
0x00007ffcf43b0000 - 0x00007ffcf4643000 	C:\WINDOWS\WinSxS\amd64_microsoft.windows.common-controls_6595b64144ccf1df_6.0.26100.8115_none_3e075c82e3354f9c\COMCTL32.dll
0x00007ffd11540000 - 0x00007ffd115e9000 	C:\WINDOWS\System32\msvcrt.dll
0x00007ffd115f0000 - 0x00007ffd1161b000 	C:\WINDOWS\System32\GDI32.dll
0x00007ffd10060000 - 0x00007ffd1018a000 	C:\WINDOWS\System32\gdi32full.dll
0x00007ffd0ee70000 - 0x00007ffd0ef13000 	C:\WINDOWS\System32\msvcp_win.dll
0x00007ffc96fa0000 - 0x00007ffc96fbe000 	c:\Users\WALSTAR\.antigravity\extensions\redhat.java-1.54.0-win32-x64\jre\21.0.10-win32-x86_64\bin\VCRUNTIME140.dll
0x00007ffd10190000 - 0x00007ffd101c2000 	C:\WINDOWS\System32\IMM32.DLL
0x00007ffc96f70000 - 0x00007ffc96f7c000 	c:\Users\WALSTAR\.antigravity\extensions\redhat.java-1.54.0-win32-x64\jre\21.0.10-win32-x86_64\bin\vcruntime140_1.dll
0x00007ffc96ee0000 - 0x00007ffc96f6d000 	c:\Users\WALSTAR\.antigravity\extensions\redhat.java-1.54.0-win32-x64\jre\21.0.10-win32-x86_64\bin\msvcp140.dll
0x00007ffc95ef0000 - 0x00007ffc96c91000 	c:\Users\WALSTAR\.antigravity\extensions\redhat.java-1.54.0-win32-x64\jre\21.0.10-win32-x86_64\bin\server\jvm.dll
0x00007ffd11220000 - 0x00007ffd112d6000 	C:\WINDOWS\System32\ADVAPI32.dll
0x00007ffd11430000 - 0x00007ffd114d7000 	C:\WINDOWS\System32\sechost.dll
0x00007ffd106b0000 - 0x00007ffd107c8000 	C:\WINDOWS\System32\RPCRT4.dll
0x00007ffd113a0000 - 0x00007ffd11420000 	C:\WINDOWS\System32\WS2_32.dll
0x00007ffd07200000 - 0x00007ffd07236000 	C:\WINDOWS\SYSTEM32\WINMM.dll
0x00007ffd0eb30000 - 0x00007ffd0eb8e000 	C:\WINDOWS\SYSTEM32\POWRPROF.dll
0x00007ffcf9fb0000 - 0x00007ffcf9fbb000 	C:\WINDOWS\SYSTEM32\VERSION.dll
0x00007ffd0eb10000 - 0x00007ffd0eb24000 	C:\WINDOWS\SYSTEM32\UMPDC.dll
0x00007ffd0d9c0000 - 0x00007ffd0d9db000 	C:\WINDOWS\SYSTEM32\kernel.appcore.dll
0x00007ffc95ee0000 - 0x00007ffc95eea000 	c:\Users\WALSTAR\.antigravity\extensions\redhat.java-1.54.0-win32-x64\jre\21.0.10-win32-x86_64\bin\jimage.dll
0x00007ffd0cad0000 - 0x00007ffd0cd12000 	C:\WINDOWS\SYSTEM32\DBGHELP.DLL
0x00007ffd101d0000 - 0x00007ffd10552000 	C:\WINDOWS\System32\combase.dll
0x00007ffd10560000 - 0x00007ffd10637000 	C:\WINDOWS\System32\OLEAUT32.dll
0x00007ffce6fd0000 - 0x00007ffce700b000 	C:\WINDOWS\SYSTEM32\dbgcore.DLL
0x00007ffd0efb0000 - 0x00007ffd0f055000 	C:\WINDOWS\System32\bcryptPrimitives.dll
0x00007ffcd1e00000 - 0x00007ffcd1e0f000 	c:\Users\WALSTAR\.antigravity\extensions\redhat.java-1.54.0-win32-x64\jre\21.0.10-win32-x86_64\bin\instrument.dll
0x00007ffcd1e10000 - 0x00007ffcd1e30000 	c:\Users\WALSTAR\.antigravity\extensions\redhat.java-1.54.0-win32-x64\jre\21.0.10-win32-x86_64\bin\java.dll
0x00007ffd11ab0000 - 0x00007ffd12216000 	C:\WINDOWS\System32\SHELL32.dll
0x00007ffd0ed00000 - 0x00007ffd0ee6a000 	C:\WINDOWS\System32\wintypes.dll
0x00007ffd0f1b0000 - 0x00007ffd0fa15000 	C:\WINDOWS\System32\windows.storage.dll
0x00007ffd10ff0000 - 0x00007ffd110e7000 	C:\WINDOWS\System32\SHCORE.dll
0x00007ffd10640000 - 0x00007ffd106a6000 	C:\WINDOWS\System32\shlwapi.dll
0x00007ffd0ebf0000 - 0x00007ffd0ec19000 	C:\WINDOWS\SYSTEM32\profapi.dll
0x00007ffcd1de0000 - 0x00007ffcd1df8000 	c:\Users\WALSTAR\.antigravity\extensions\redhat.java-1.54.0-win32-x64\jre\21.0.10-win32-x86_64\bin\zip.dll
0x00007ffcd1dd0000 - 0x00007ffcd1de0000 	C:\Users\WALSTAR\.antigravity\extensions\redhat.java-1.54.0-win32-x64\jre\21.0.10-win32-x86_64\bin\net.dll
0x00007ffd05ef0000 - 0x00007ffd0601d000 	C:\WINDOWS\SYSTEM32\WINHTTP.dll
0x00007ffd0dfd0000 - 0x00007ffd0e03c000 	C:\WINDOWS\system32\mswsock.dll
0x00007ffcd1db0000 - 0x00007ffcd1dc6000 	C:\Users\WALSTAR\.antigravity\extensions\redhat.java-1.54.0-win32-x64\jre\21.0.10-win32-x86_64\bin\nio.dll
0x00007ffcd1da0000 - 0x00007ffcd1db0000 	c:\Users\WALSTAR\.antigravity\extensions\redhat.java-1.54.0-win32-x64\jre\21.0.10-win32-x86_64\bin\verify.dll
0x00007ffce3ba0000 - 0x00007ffce3be5000 	C:\Users\WALSTAR\AppData\Roaming\Antigravity\User\globalStorage\redhat.java\1.54.0\config_win\org.eclipse.equinox.launcher\org.eclipse.equinox.launcher.win32.win32.x86_64_1.3.0.v20260203-2149\eclipse_11919.dll
0x00007ffd12220000 - 0x00007ffd123b7000 	C:\WINDOWS\System32\ole32.dll
0x00007ffd0e2b0000 - 0x00007ffd0e2cb000 	C:\WINDOWS\SYSTEM32\CRYPTSP.dll
0x00007ffd0d9e0000 - 0x00007ffd0da19000 	C:\WINDOWS\system32\rsaenh.dll
0x00007ffd0e080000 - 0x00007ffd0e0b3000 	C:\WINDOWS\SYSTEM32\USERENV.dll
0x00007ffd0ebc0000 - 0x00007ffd0ebea000 	C:\WINDOWS\SYSTEM32\bcrypt.dll
0x00007ffd0e2d0000 - 0x00007ffd0e2dc000 	C:\WINDOWS\SYSTEM32\CRYPTBASE.dll
0x00007ffd0d460000 - 0x00007ffd0d492000 	C:\WINDOWS\SYSTEM32\IPHLPAPI.DLL
0x00007ffd11390000 - 0x00007ffd1139a000 	C:\WINDOWS\System32\NSI.dll
0x00007ffce3b00000 - 0x00007ffce3b49000 	C:\Users\WALSTAR\AppData\Local\Temp\jna-1837046804\jna7340405539431318333.dll
0x00007ffd11360000 - 0x00007ffd11368000 	C:\WINDOWS\System32\PSAPI.DLL
0x00007ffd07880000 - 0x00007ffd0789d000 	C:\WINDOWS\SYSTEM32\dhcpcsvc6.DLL
0x00007ffd07240000 - 0x00007ffd07265000 	C:\WINDOWS\SYSTEM32\dhcpcsvc.DLL
0x00007ffd00040000 - 0x00007ffd00067000 	C:\Users\WALSTAR\.gradle\native\1def1411415f61bf3af743bc5b6707747c0891f09f0c88961ee8f79bc544acac\windows-amd64\native-platform.dll
0x00007ffd00130000 - 0x00007ffd0013a000 	C:\Users\WALSTAR\.antigravity\extensions\redhat.java-1.54.0-win32-x64\jre\21.0.10-win32-x86_64\bin\management.dll
0x00007ffcfff40000 - 0x00007ffcfff4c000 	C:\Users\WALSTAR\.antigravity\extensions\redhat.java-1.54.0-win32-x64\jre\21.0.10-win32-x86_64\bin\management_ext.dll
0x00007ffcfff90000 - 0x00007ffcfff99000 	C:\Users\WALSTAR\.antigravity\extensions\redhat.java-1.54.0-win32-x64\jre\21.0.10-win32-x86_64\bin\extnet.dll
0x00007ffcfffa0000 - 0x00007ffcfffae000 	C:\Users\WALSTAR\.antigravity\extensions\redhat.java-1.54.0-win32-x64\jre\21.0.10-win32-x86_64\bin\sunmscapi.dll
0x00007ffd0fa20000 - 0x00007ffd0fb97000 	C:\WINDOWS\System32\CRYPT32.dll
0x00007ffd0e4d0000 - 0x00007ffd0e500000 	C:\WINDOWS\SYSTEM32\ncrypt.dll
0x00007ffd0e480000 - 0x00007ffd0e4bf000 	C:\WINDOWS\SYSTEM32\NTASN1.dll
0x00007ffcd6210000 - 0x00007ffcd6218000 	C:\WINDOWS\system32\wshunix.dll
0x00007ffce4260000 - 0x00007ffce4287000 	C:\Users\WALSTAR\.gradle\native\c067742578af261105cb4f569cf0c3c89f3d7b1fecec35dd04571415982c5e48\windows-amd64\native-platform.dll

JVMTI agents:
c:\Users\WALSTAR\.antigravity\extensions\redhat.java-1.54.0-win32-x64\lombok\lombok-1.18.39-4050.jar path:c:\Users\WALSTAR\.antigravity\extensions\redhat.java-1.54.0-win32-x64\jre\21.0.10-win32-x86_64\bin\instrument.dll, loaded, initialized, instrumentlib options:none

dbghelp: loaded successfully - version: 4.0.5 - missing functions: none
symbol engine: initialized successfully - sym options: 0x614 - pdb path: .;c:\Users\WALSTAR\.antigravity\extensions\redhat.java-1.54.0-win32-x64\jre\21.0.10-win32-x86_64\bin;C:\WINDOWS\SYSTEM32;C:\WINDOWS\WinSxS\amd64_microsoft.windows.common-controls_6595b64144ccf1df_6.0.26100.8115_none_3e075c82e3354f9c;c:\Users\WALSTAR\.antigravity\extensions\redhat.java-1.54.0-win32-x64\jre\21.0.10-win32-x86_64\bin\server;C:\Users\WALSTAR\AppData\Roaming\Antigravity\User\globalStorage\redhat.java\1.54.0\config_win\org.eclipse.equinox.launcher\org.eclipse.equinox.launcher.win32.win32.x86_64_1.3.0.v20260203-2149;C:\Users\WALSTAR\AppData\Local\Temp\jna-1837046804;C:\Users\WALSTAR\.gradle\native\1def1411415f61bf3af743bc5b6707747c0891f09f0c88961ee8f79bc544acac\windows-amd64;C:\Users\WALSTAR\.gradle\native\c067742578af261105cb4f569cf0c3c89f3d7b1fecec35dd04571415982c5e48\windows-amd64

VM Arguments:
jvm_args: --add-modules=ALL-SYSTEM --add-opens=java.base/java.util=ALL-UNNAMED --add-opens=java.base/java.lang=ALL-UNNAMED --add-opens=java.base/sun.nio.fs=ALL-UNNAMED -Declipse.application=org.eclipse.jdt.ls.core.id1 -Dosgi.bundles.defaultStartLevel=4 -Declipse.product=org.eclipse.jdt.ls.core.product -Djava.import.generatesMetadataFilesAtProjectRoot=false -DDetectVMInstallationsJob.disabled=true -Dfile.encoding=utf8 -XX:+UseParallelGC -XX:GCTimeRatio=4 -XX:AdaptiveSizePolicyWeight=90 -Dsun.zip.disableMemoryMapping=true -Xmx2G -Xms100m -Xlog:disable -javaagent:c:\Users\WALSTAR\.antigravity\extensions\redhat.java-1.54.0-win32-x64\lombok\lombok-1.18.39-4050.jar -XX:+HeapDumpOnOutOfMemoryError -XX:HeapDumpPath=c:\Users\WALSTAR\AppData\Roaming\Antigravity\User\workspaceStorage\e22b2c0d634aea8cca2cfe9187207b64\redhat.java -Daether.dependencyCollector.impl=bf 
java_command: c:\Users\WALSTAR\.antigravity\extensions\redhat.java-1.54.0-win32-x64\server\plugins\org.eclipse.equinox.launcher_1.7.100.v20251111-0406.jar -configuration c:\Users\WALSTAR\AppData\Roaming\Antigravity\User\globalStorage\redhat.java\1.54.0\config_win -data c:\Users\WALSTAR\AppData\Roaming\Antigravity\User\workspaceStorage\e22b2c0d634aea8cca2cfe9187207b64\redhat.java\jdt_ws --pipe=\\.\pipe\lsp-b4cb5445da970b33cf83e4ce2c106671-sock
java_class_path (initial): c:\Users\WALSTAR\.antigravity\extensions\redhat.java-1.54.0-win32-x64\server\plugins\org.eclipse.equinox.launcher_1.7.100.v20251111-0406.jar
Launcher Type: SUN_STANDARD

[Global flags]
    uintx AdaptiveSizePolicyWeight                 = 90                                        {product} {command line}
     intx CICompilerCount                          = 4                                         {product} {ergonomic}
    uintx GCTimeRatio                              = 4                                         {product} {command line}
     bool HeapDumpOnOutOfMemoryError               = true                                   {manageable} {command line}
    ccstr HeapDumpPath                             = c:\Users\WALSTAR\AppData\Roaming\Antigravity\User\workspaceStorage\e22b2c0d634aea8cca2cfe9187207b64\redhat.java         {manageable} {command line}
   size_t InitialHeapSize                          = 104857600                                 {product} {command line}
   size_t MaxHeapSize                              = 2147483648                                {product} {command line}
   size_t MaxNewSize                               = 715653120                                 {product} {ergonomic}
   size_t MinHeapDeltaBytes                        = 524288                                    {product} {ergonomic}
   size_t MinHeapSize                              = 104857600                                 {product} {command line}
   size_t NewSize                                  = 34603008                                  {product} {ergonomic}
    uintx NonNMethodCodeHeapSize                   = 5839372                                {pd product} {ergonomic}
    uintx NonProfiledCodeHeapSize                  = 122909434                              {pd product} {ergonomic}
   size_t OldSize                                  = 70254592                                  {product} {ergonomic}
    uintx ProfiledCodeHeapSize                     = 122909434                              {pd product} {ergonomic}
    uintx ReservedCodeCacheSize                    = 251658240                              {pd product} {ergonomic}
     bool SegmentedCodeCache                       = true                                      {product} {ergonomic}
   size_t SoftMaxHeapSize                          = 2147483648                             {manageable} {ergonomic}
     bool UseCompressedOops                        = true                           {product lp64_product} {ergonomic}
     bool UseLargePagesIndividualAllocation        = false                                  {pd product} {ergonomic}
     bool UseParallelGC                            = true                                      {product} {command line}

Logging:
Log output configuration:
 #0: stdout all=off uptime,level,tags foldmultilines=false
 #1: stderr all=off uptime,level,tags foldmultilines=false

Release file:
JAVA_VERSION="21.0.10" 
MODULES="java.base java.compiler java.datatransfer java.xml java.prefs java.desktop java.instrument java.logging java.management java.security.sasl java.naming java.rmi java.management.rmi java.net.http java.scripting java.security.jgss java.transaction.xa java.sql java.sql.rowset java.xml.crypto java.se java.smartcardio jdk.accessibility jdk.internal.jvmstat jdk.attach jdk.charsets jdk.internal.opt jdk.zipfs jdk.compiler jdk.crypto.ec jdk.crypto.cryptoki jdk.crypto.mscapi jdk.dynalink jdk.internal.ed jdk.editpad jdk.hotspot.agent jdk.httpserver jdk.internal.le jdk.internal.vm.ci jdk.internal.vm.compiler jdk.internal.vm.compiler.management jdk.jartool jdk.javadoc jdk.jcmd jdk.management jdk.management.agent jdk.jconsole jdk.jdeps jdk.jdwp.agent jdk.jdi jdk.jfr jdk.jshell jdk.jsobject jdk.jstatd jdk.localedata jdk.management.jfr jdk.naming.dns jdk.naming.rmi jdk.net jdk.nio.mapmode jdk.random jdk.sctp jdk.security.auth jdk.security.jgss jdk.unsupported jdk.unsupported.desktop jdk.xml.dom" 

Environment Variables:
PATH=C:\Program Files\Common Files\Oracle\Java\javapath;C:\Program Files\Microsoft MPI\Bin\;C:\WINDOWS\system32;C:\WINDOWS;C:\WINDOWS\System32\Wbem;C:\WINDOWS\System32\WindowsPowerShell\v1.0\;C:\WINDOWS\System32\OpenSSH\;C:\Program Files\Microsoft SQL Server\Client SDK\ODBC\170\Tools\Binn\;C:\Program Files\dotnet\;C:\Program Files (x86)\Microsoft SQL Server\160\Tools\Binn\;C:\Program Files\Microsoft SQL Server\160\Tools\Binn\;C:\Program Files\Microsoft SQL Server\160\DTS\Binn\;C:\Users\WALSTAR\AppData\Local\Android\Sdk\platforms;C:\Users\WALSTAR\AppData\Local\Android\Sdk\platform-tools;C:\Program Files\Java\jdk-11\bin;C:\Program Files\Java\jdk-17\bin;C:\Program Files\MongoDB\Server\7.0\bin;C:\composer;C:\Program Files (x86)\Microsoft SQL Server\160\DTS\Binn\;C:\Users\WALSTAR\AppData\Local\nvm;C:\Program Files\nodejs;C:\Program Files\nodejs\;D:\xampp\php;C:\Program Files\Microsoft SQL Server\150\Tools\Binn\;D:\composer;C:\Users\WALSTAR\AppData\Local\Android\Sdk\tools;C:\Users\WALSTAR\AppData\Local\Microsoft\WindowsApps;C:\Users\WALSTAR\AppData\Local\Programs\Microsoft VS Code\bin;C:\Users\WALSTAR\AppData\Local\Programs\Git\cmd;D:\flutter\bin;C:\Users\WALSTAR\.dotnet\tools;C:\Program Files\MongoDB\Server\7.0\bin;C:\Users\WALSTAR\AppData\Local\nvm;C:\Program Files\nodejs;C:\Users\WALSTAR\AppData\Roaming\npm;C:\Users\WALSTAR\AppData\Local\Programs\Windsurf\bin;D:\xampp\php;C:\Users\WALSTAR\AppData\Roaming\Composer\vendor\bin;C:\Users\WALSTAR\AppData\Local\Programs\Antigravity\bin
USERNAME=WALSTAR
OS=Windows_NT
PROCESSOR_IDENTIFIER=Intel64 Family 6 Model 154 Stepping 4, GenuineIntel
TMP=C:\Users\WALSTAR\AppData\Local\Temp
TEMP=C:\Users\WALSTAR\AppData\Local\Temp




Periodic native trim disabled

---------------  S Y S T E M  ---------------

OS:
 Windows 11 , 64 bit Build 26100 (10.0.26100.8115)
OS uptime: 0 days 2:36 hours
Hyper-V role detected

CPU: total 12 (initial active 12) (6 cores per cpu, 2 threads per core) family 6 model 154 stepping 4 microcode 0x432, cx8, cmov, fxsr, ht, mmx, 3dnowpref, sse, sse2, sse3, ssse3, sse4.1, sse4.2, popcnt, lzcnt, tsc, tscinvbit, avx, avx2, aes, erms, clmul, bmi1, bmi2, adx, sha, fma, vzeroupper, clflush, clflushopt, clwb, hv, serialize, rdtscp, rdpid, fsrm, f16c, cet_ibt, cet_ss
Processor Information for processor 0
  Max Mhz: 1300, Current Mhz: 1300, Mhz Limit: 1300
Processor Information for processor 1
  Max Mhz: 1300, Current Mhz: 1300, Mhz Limit: 1300
Processor Information for processor 2
  Max Mhz: 1300, Current Mhz: 1300, Mhz Limit: 1300
Processor Information for processor 3
  Max Mhz: 1300, Current Mhz: 1300, Mhz Limit: 1300
Processor Information for processor 4
  Max Mhz: 1300, Current Mhz: 900, Mhz Limit: 897
Processor Information for processor 5
  Max Mhz: 1300, Current Mhz: 900, Mhz Limit: 897
Processor Information for processor 6
  Max Mhz: 1300, Current Mhz: 900, Mhz Limit: 897
Processor Information for processor 7
  Max Mhz: 1300, Current Mhz: 900, Mhz Limit: 897
Processor Information for processor 8
  Max Mhz: 1300, Current Mhz: 900, Mhz Limit: 897
Processor Information for processor 9
  Max Mhz: 1300, Current Mhz: 900, Mhz Limit: 897
Processor Information for processor 10
  Max Mhz: 1300, Current Mhz: 900, Mhz Limit: 897
Processor Information for processor 11
  Max Mhz: 1300, Current Mhz: 900, Mhz Limit: 897

Memory: 4k page, system-wide physical 16092M (1440M free)
TotalPageFile size 25965M (AvailPageFile size 0M)
current process WorkingSet (physical memory assigned to process): 405M, peak: 405M
current process commit charge ("private bytes"): 492M, peak: 492M

vm_info: OpenJDK 64-Bit Server VM (21.0.10+7-LTS) for windows-amd64 JRE (21.0.10+7-LTS), built on 2026-01-20T00:00:00Z by "admin" with MS VC++ 17.12 (VS2022)

END.
