#
# There is insufficient memory for the Java Runtime Environment to continue.
# Native memory allocation (mmap) failed to map 65536 bytes. Error detail: Failed to commit metaspace.
# Possible reasons:
#   The system is out of physical RAM or swap space
#   This process is running with CompressedOops enabled, and the Java Heap may be blocking the growth of the native heap
# Possible solutions:
#   Reduce memory load on the system
#   Increase physical memory or swap space
#   Check if swap backing store is full
#   Decrease Java heap size (-Xmx/-Xms)
#   Decrease number of Java threads
#   Decrease Java thread stack sizes (-Xss)
#   Set larger code cache with -XX:ReservedCodeCacheSize=
#   JVM is running with Unscaled Compressed Oops mode in which the Java heap is
#     placed in the first 4GB address space. The Java Heap base address is the
#     maximum limit for the native heap growth. Please use -XX:HeapBaseMinAddress
#     to set the Java Heap base and to place the Java Heap above 4GB virtual address.
# This output file may be truncated or incomplete.
#
#  Out of Memory Error (virtualSpaceNode.cpp:113), pid=3640, tid=1316
#
# JRE version: OpenJDK Runtime Environment Temurin-21.0.10+7 (21.0.10+7) (build 21.0.10+7-LTS)
# Java VM: OpenJDK 64-Bit Server VM Temurin-21.0.10+7 (21.0.10+7-LTS, mixed mode, sharing, tiered, compressed oops, compressed class ptrs, parallel gc, windows-amd64)
# No core dump will be written. Minidumps are not enabled by default on client versions of Windows
#

---------------  S U M M A R Y ------------

Command Line: --add-modules=ALL-SYSTEM --add-opens=java.base/java.util=ALL-UNNAMED --add-opens=java.base/java.lang=ALL-UNNAMED --add-opens=java.base/sun.nio.fs=ALL-UNNAMED -Declipse.application=org.eclipse.jdt.ls.core.id1 -Dosgi.bundles.defaultStartLevel=4 -Declipse.product=org.eclipse.jdt.ls.core.product -Djava.import.generatesMetadataFilesAtProjectRoot=false -DDetectVMInstallationsJob.disabled=true -Dfile.encoding=utf8 -XX:+UseParallelGC -XX:GCTimeRatio=4 -XX:AdaptiveSizePolicyWeight=90 -Dsun.zip.disableMemoryMapping=true -Xmx2G -Xms100m -Xlog:disable -javaagent:c:\Users\WALSTAR\.antigravity\extensions\redhat.java-1.54.0-win32-x64\lombok\lombok-1.18.39-4050.jar c:\Users\WALSTAR\.antigravity\extensions\redhat.java-1.54.0-win32-x64\server\plugins\org.eclipse.equinox.launcher_1.7.100.v20251111-0406.jar -configuration c:\Users\WALSTAR\AppData\Roaming\Antigravity\User\globalStorage\redhat.java\1.54.0\config_ss_win -data c:\Users\WALSTAR\AppData\Roaming\Antigravity\User\workspaceStorage\586bd49d07d7058e779cc15e5fa4d95a\redhat.java\ss_ws --pipe=\\.\pipe\lsp-1e955a8e45b87b8e103579919d9df7da-sock

Host: 12th Gen Intel(R) Core(TM) i5-1235U, 12 cores, 15G,  Windows 11 , 64 bit Build 26100 (10.0.26100.8115)
Time: Wed Apr 22 11:32:01 2026 India Standard Time elapsed time: 0.862133 seconds (0d 0h 0m 0s)

---------------  T H R E A D  ---------------

Current thread (0x0000024251e3e5b0):  JavaThread "main"             [_thread_in_vm, id=1316, stack(0x000000b6fac00000,0x000000b6fad00000) (1024K)]

Stack: [0x000000b6fac00000,0x000000b6fad00000]
Native frames: (J=compiled Java code, j=interpreted, Vv=VM code, C=native code)
V  [jvm.dll+0x6d7a39]
V  [jvm.dll+0x8b4b26]
V  [jvm.dll+0x8b70de]
V  [jvm.dll+0x8b77c3]
V  [jvm.dll+0x284346]
V  [jvm.dll+0x8b086e]
V  [jvm.dll+0x679444]
V  [jvm.dll+0x1e82bb]
V  [jvm.dll+0x1e807e]
V  [jvm.dll+0x67bd42]
V  [jvm.dll+0x67bb72]
V  [jvm.dll+0x679e1e]
V  [jvm.dll+0x26f697]
V  [jvm.dll+0x21514d]
V  [jvm.dll+0x219f68]
V  [jvm.dll+0x20f62e]
V  [jvm.dll+0x5b644f]
V  [jvm.dll+0x82ead6]
V  [jvm.dll+0x478db8]
V  [jvm.dll+0x47ebe8]
C  [java.dll+0x17ec]

Java frames: (J=compiled Java code, j=interpreted, Vv=VM code)
j  java.lang.ClassLoader.defineClass1(Ljava/lang/ClassLoader;Ljava/lang/String;[BIILjava/security/ProtectionDomain;Ljava/lang/String;)Ljava/lang/Class;+0 java.base@21.0.10
j  java.lang.ClassLoader.defineClass(Ljava/lang/String;[BIILjava/security/ProtectionDomain;)Ljava/lang/Class;+27 java.base@21.0.10
j  java.security.SecureClassLoader.defineClass(Ljava/lang/String;[BIILjava/security/CodeSource;)Ljava/lang/Class;+12 java.base@21.0.10
j  java.net.URLClassLoader.defineClass(Ljava/lang/String;Ljdk/internal/loader/Resource;)Ljava/lang/Class;+220 java.base@21.0.10
j  java.net.URLClassLoader$1.run()Ljava/lang/Class;+43 java.base@21.0.10
j  java.net.URLClassLoader$1.run()Ljava/lang/Object;+1 java.base@21.0.10
j  java.security.AccessController.executePrivileged(Ljava/security/PrivilegedExceptionAction;Ljava/security/AccessControlContext;Ljava/lang/Class;)Ljava/lang/Object;+29 java.base@21.0.10
j  java.security.AccessController.doPrivileged(Ljava/security/PrivilegedExceptionAction;Ljava/security/AccessControlContext;)Ljava/lang/Object;+13 java.base@21.0.10
j  java.net.URLClassLoader.findClass(Ljava/lang/String;)Ljava/lang/Class;+13 java.base@21.0.10
j  java.lang.ClassLoader.loadClass(Ljava/lang/String;Z)Ljava/lang/Class;+69 java.base@21.0.10
J 1008 c1 java.lang.ClassLoader.loadClass(Ljava/lang/String;)Ljava/lang/Class; java.base@21.0.10 (7 bytes) @ 0x00000242551cbb54 [0x00000242551cba40+0x0000000000000114]
v  ~StubRoutines::call_stub 0x000002425c57100d
j  org.eclipse.osgi.internal.framework.EquinoxContainer.<init>(Ljava/util/Map;Lorg/osgi/framework/connect/ModuleConnector;)V+74
j  org.eclipse.osgi.launch.Equinox.<init>(Ljava/util/Map;Lorg/osgi/framework/connect/ModuleConnector;)V+10
j  org.eclipse.osgi.launch.Equinox.<init>(Ljava/util/Map;)V+3
j  org.eclipse.core.runtime.adaptor.EclipseStarter.startup([Ljava/lang/String;Ljava/lang/Runnable;)Lorg/osgi/framework/BundleContext;+28
j  org.eclipse.core.runtime.adaptor.EclipseStarter.run([Ljava/lang/String;Ljava/lang/Runnable;)Ljava/lang/Object;+21
j  java.lang.invoke.DirectMethodHandle$Holder.invokeStatic(Ljava/lang/Object;Ljava/lang/Object;Ljava/lang/Object;)Ljava/lang/Object;+11 java.base@21.0.10
j  java.lang.invoke.LambdaForm$MH+0x000002420108a800.invoke(Ljava/lang/Object;Ljava/lang/Object;Ljava/lang/Object;Ljava/lang/Object;)Ljava/lang/Object;+54 java.base@21.0.10
j  java.lang.invoke.LambdaForm$MH+0x0000024201002c00.invokeExact_MT(Ljava/lang/Object;Ljava/lang/Object;Ljava/lang/Object;Ljava/lang/Object;Ljava/lang/Object;)Ljava/lang/Object;+22 java.base@21.0.10
j  jdk.internal.reflect.DirectMethodHandleAccessor.invokeImpl(Ljava/lang/Object;[Ljava/lang/Object;)Ljava/lang/Object;+72 java.base@21.0.10
j  jdk.internal.reflect.DirectMethodHandleAccessor.invoke(Ljava/lang/Object;[Ljava/lang/Object;)Ljava/lang/Object;+23 java.base@21.0.10
j  java.lang.reflect.Method.invoke(Ljava/lang/Object;[Ljava/lang/Object;)Ljava/lang/Object;+102 java.base@21.0.10
j  org.eclipse.equinox.launcher.Main.invokeFramework([Ljava/lang/String;[Ljava/net/URL;)V+155
j  org.eclipse.equinox.launcher.Main.basicRun([Ljava/lang/String;)V+191
j  org.eclipse.equinox.launcher.Main.run([Ljava/lang/String;)I+4
j  org.eclipse.equinox.launcher.Main.main([Ljava/lang/String;)V+10
v  ~StubRoutines::call_stub 0x000002425c57100d

Compiled method (c1) 882 1008       3       java.lang.ClassLoader::loadClass (7 bytes)
 total in heap  [0x00000242551cb890,0x00000242551cbc80] = 1008
 relocation     [0x00000242551cb9f0,0x00000242551cba30] = 64
 main code      [0x00000242551cba40,0x00000242551cbbd0] = 400
 stub code      [0x00000242551cbbd0,0x00000242551cbc18] = 72
 metadata       [0x00000242551cbc18,0x00000242551cbc20] = 8
 scopes data    [0x00000242551cbc20,0x00000242551cbc38] = 24
 scopes pcs     [0x00000242551cbc38,0x00000242551cbc78] = 64
 dependencies   [0x00000242551cbc78,0x00000242551cbc80] = 8

[Constant Pool (empty)]

[MachCode]
[Entry Point]
  # {method} {0x00000242000143f0} 'loadClass' '(Ljava/lang/String;)Ljava/lang/Class;' in 'java/lang/ClassLoader'
  # this:     rdx:rdx   = 'java/lang/ClassLoader'
  # parm0:    r8:r8     = 'java/lang/String'
  #           [sp+0x40]  (sp of caller)
  0x00000242551cba40: 448b 5208 | 49bb 0000 | 0000 4202 | 0000 4d03 | d34c 3bd0 

  0x00000242551cba54: ;   {runtime_call ic_miss_stub}
  0x00000242551cba54: 0f85 262a | 3f07 660f | 1f44 0000 
[Verified Entry Point]
  0x00000242551cba60: 8984 2400 | 80ff ff55 | 4883 ec30 | 4181 7f20 | 0100 0000 

  0x00000242551cba74: ;   {runtime_call StubRoutines (final stubs)}
  0x00000242551cba74: 7405 e865 

  0x00000242551cba78: ;   {metadata(method data for {method} {0x00000242000143f0} 'loadClass' '(Ljava/lang/String;)Ljava/lang/Class;' in 'java/lang/ClassLoader')}
  0x00000242551cba78: cf3d 0749 | b9e0 762a | 6b42 0200 | 0041 8bb1 | cc00 0000 | 83c6 0241 | 89b1 cc00 | 0000 81e6 
  0x00000242551cba98: fe07 0000 | 85f6 0f84 | cb00 0000 

  0x00000242551cbaa4: ;   {metadata(method data for {method} {0x00000242000143f0} 'loadClass' '(Ljava/lang/String;)Ljava/lang/Class;' in 'java/lang/ClassLoader')}
  0x00000242551cbaa4: 4c8b ca48 | bee0 762a | 6b42 0200 | 0045 8b49 | 0849 ba00 | 0000 0042 | 0200 004d | 03ca 4c3b 
  0x00000242551cbac4: 8e20 0100 | 0075 0d48 | 8386 2801 | 0000 01e9 | 6000 0000 | 4c3b 8e30 | 0100 0075 | 0d48 8386 
  0x00000242551cbae4: 3801 0000 | 01e9 4a00 | 0000 4883 | be20 0100 | 0000 7517 | 4c89 8e20 | 0100 0048 | c786 2801 
  0x00000242551cbb04: 0000 0100 | 0000 e929 | 0000 0048 | 83be 3001 | 0000 0075 | 174c 898e | 3001 0000 | 48c7 8638 
  0x00000242551cbb24: 0100 0001 | 0000 00e9 | 0800 0000 | 4883 8610 | 0100 0001 | 41b9 0000 | 0000 0f1f | 8000 0000 
  0x00000242551cbb44: 0048 b8ff | ffff ffff 

  0x00000242551cbb4c: ;   {virtual_call}
  0x00000242551cbb4c: ffff ffe8 

  0x00000242551cbb50: ; ImmutableOopMap {}
                      ;*invokevirtual loadClass {reexecute=0 rethrow=0 return_oop=0}
                      ; - java.lang.ClassLoader::loadClass@3
  0x00000242551cbb50: 8c18 3f07 

  0x00000242551cbb54: ;   {other}
  0x00000242551cbb54: 0f1f 8400 | c402 0000 | 4883 c430 

  0x00000242551cbb60: ;   {poll_return}
  0x00000242551cbb60: 5d49 3ba7 | 5004 0000 | 0f87 2200 

  0x00000242551cbb6c: ;   {metadata({method} {0x00000242000143f0} 'loadClass' '(Ljava/lang/String;)Ljava/lang/Class;' in 'java/lang/ClassLoader')}
  0x00000242551cbb6c: 0000 c349 | bae8 4301 | 0042 0200 | 004c 8954 | 2408 48c7 | 0424 ffff 

  0x00000242551cbb84: ;   {runtime_call counter_overflow Runtime1 stub}
  0x00000242551cbb84: ffff e875 

  0x00000242551cbb88: ; ImmutableOopMap {rdx=Oop r8=Oop }
                      ;*synchronization entry
                      ; - java.lang.ClassLoader::loadClass@-1
  0x00000242551cbb88: 924a 07e9 | 14ff ffff 

  0x00000242551cbb90: ;   {internal_word}
  0x00000242551cbb90: 49ba 61bb | 1c55 4202 | 0000 4d89 | 9768 0400 

  0x00000242551cbba0: ;   {runtime_call SafepointBlob}
  0x00000242551cbba0: 00e9 5a8f | 3f07 498b | 8700 0500 | 0049 c787 | 0005 0000 | 0000 0000 | 49c7 8708 | 0500 0000 
  0x00000242551cbbc0: 0000 0048 | 83c4 305d 

  0x00000242551cbbc8: ;   {runtime_call unwind_exception Runtime1 stub}
  0x00000242551cbbc8: e933 284a | 07f4 f4f4 
[Stub Code]
  0x00000242551cbbd0: ;   {no_reloc}
  0x00000242551cbbd0: 0f1f 4400 

  0x00000242551cbbd4: ;   {static_stub}
  0x00000242551cbbd4: 0048 bb00 | 0000 0000 

  0x00000242551cbbdc: ;   {runtime_call nmethod}
  0x00000242551cbbdc: 0000 00e9 | fbff ffff 
[Exception Handler]
  0x00000242551cbbe4: ;   {runtime_call handle_exception_from_callee Runtime1 stub}
  0x00000242551cbbe4: e817 5f4a 

  0x00000242551cbbe8: ;   {external_word}
  0x00000242551cbbe8: 0748 b940 | 53ba 0ef9 | 7f00 0048 

  0x00000242551cbbf4: ;   {runtime_call}
  0x00000242551cbbf4: 83e4 f048 | b8b0 c37c | 0ef9 7f00 | 00ff d0f4 
[Deopt Handler Code]
  0x00000242551cbc04: ;   {section_word}
  0x00000242551cbc04: 49ba 04bc | 1c55 4202 | 0000 4152 

  0x00000242551cbc10: ;   {runtime_call DeoptimizationBlob}
  0x00000242551cbc10: e98b 813f | 07f4 f4f4 
[/MachCode]


---------------  P R O C E S S  ---------------

Threads class SMR info:
_java_thread_list=0x0000024269f4e210, length=12, elements={
0x0000024251e3e5b0, 0x0000024251dee750, 0x0000024251ee3350, 0x0000024251ee7760,
0x0000024251ee8420, 0x0000024251ee9ea0, 0x0000024251eed610, 0x0000024251ef3650,
0x0000024269b923a0, 0x0000024269d5edc0, 0x0000024269de1650, 0x0000024269ead300
}

Java Threads: ( => current thread )
=>0x0000024251e3e5b0 JavaThread "main"                              [_thread_in_vm, id=1316, stack(0x000000b6fac00000,0x000000b6fad00000) (1024K)]
  0x0000024251dee750 JavaThread "Reference Handler"          daemon [_thread_blocked, id=6296, stack(0x000000b6fb000000,0x000000b6fb100000) (1024K)]
  0x0000024251ee3350 JavaThread "Finalizer"                  daemon [_thread_blocked, id=8040, stack(0x000000b6fb100000,0x000000b6fb200000) (1024K)]
  0x0000024251ee7760 JavaThread "Signal Dispatcher"          daemon [_thread_blocked, id=20012, stack(0x000000b6fb200000,0x000000b6fb300000) (1024K)]
  0x0000024251ee8420 JavaThread "Attach Listener"            daemon [_thread_blocked, id=20792, stack(0x000000b6fb300000,0x000000b6fb400000) (1024K)]
  0x0000024251ee9ea0 JavaThread "Service Thread"             daemon [_thread_blocked, id=7036, stack(0x000000b6fb400000,0x000000b6fb500000) (1024K)]
  0x0000024251eed610 JavaThread "Monitor Deflation Thread"   daemon [_thread_blocked, id=16236, stack(0x000000b6fb500000,0x000000b6fb600000) (1024K)]
  0x0000024251ef3650 JavaThread "C2 CompilerThread0"         daemon [_thread_blocked, id=18476, stack(0x000000b6fb600000,0x000000b6fb700000) (1024K)]
  0x0000024269b923a0 JavaThread "C1 CompilerThread0"         daemon [_thread_blocked, id=2872, stack(0x000000b6fb700000,0x000000b6fb800000) (1024K)]
  0x0000024269d5edc0 JavaThread "C2 CompilerThread1"         daemon [_thread_blocked, id=6812, stack(0x000000b6fb800000,0x000000b6fb900000) (1024K)]
  0x0000024269de1650 JavaThread "Common-Cleaner"             daemon [_thread_blocked, id=12664, stack(0x000000b6fb900000,0x000000b6fba00000) (1024K)]
  0x0000024269ead300 JavaThread "Notification Thread"        daemon [_thread_blocked, id=21972, stack(0x000000b6fba00000,0x000000b6fbb00000) (1024K)]
Total: 12

Other Threads:
  0x0000024251dd4940 VMThread "VM Thread"                           [id=6328, stack(0x000000b6faf00000,0x000000b6fb000000) (1024K)]
  0x0000024251ccca00 WatcherThread "VM Periodic Task Thread"        [id=22732, stack(0x000000b6fae00000,0x000000b6faf00000) (1024K)]
  0x0000024251e5c450 WorkerThread "GC Thread#0"                     [id=20280, stack(0x000000b6fad00000,0x000000b6fae00000) (1024K)]
Total: 3

Threads with active compile tasks:
Total: 0

VM state: not at safepoint (normal execution)

VM Mutex/Monitor currently owned by a thread:  ([mutex/lock_event])
[0x00007ff90ee5c4e0] Metaspace_lock - owner thread: 0x0000024251e3e5b0

Heap address: 0x0000000080000000, size: 2048 MB, Compressed Oops mode: 32-bit

CDS archive(s) mapped at: [0x0000024200000000-0x0000024200ba0000-0x0000024200ba0000), size 12189696, SharedBaseAddress: 0x0000024200000000, ArchiveRelocationMode: 1.
Compressed class space mapped at: 0x0000024201000000-0x0000024241000000, reserved size: 1073741824
Narrow klass base: 0x0000024200000000, Narrow klass shift: 0, Narrow klass range: 0x100000000

GC Precious Log:
 CardTable entry size: 512
 CPUs: 12 total, 12 available
 Memory: 16092M
 Large Page Support: Disabled
 NUMA Support: Disabled
 Compressed Oops: Enabled (32-bit)
 Alignments: Space 512K, Generation 512K, Heap 2M
 Heap Min Capacity: 100M
 Heap Initial Capacity: 100M
 Heap Max Capacity: 2G
 Pre-touch: Disabled
 Parallel Workers: 10

Heap:
 PSYoungGen      total 29696K, used 22038K [0x00000000d5580000, 0x00000000d7680000, 0x0000000100000000)
  eden space 25600K, 86% used [0x00000000d5580000,0x00000000d6b05820,0x00000000d6e80000)
  from space 4096K, 0% used [0x00000000d7280000,0x00000000d7280000,0x00000000d7680000)
  to   space 4096K, 0% used [0x00000000d6e80000,0x00000000d6e80000,0x00000000d7280000)
 ParOldGen       total 68608K, used 0K [0x0000000080000000, 0x0000000084300000, 0x00000000d5580000)
  object space 68608K, 0% used [0x0000000080000000,0x0000000080000000,0x0000000084300000)
 Metaspace       used 4063K, committed 4288K, reserved 1114112K
  class space    used 449K, committed 576K, reserved 1048576K

Card table byte_map: [0x00000242517e0000,0x0000024251bf0000] _byte_map_base: 0x00000242513e0000

Marking Bits: (ParMarkBitMap*) 0x00007ff90ee63450
 Begin Bits: [0x00000242642f0000, 0x00000242662f0000)
 End Bits:   [0x00000242662f0000, 0x00000242682f0000)

Polling page: 0x000002424fc80000

Metaspace:

Usage:
  Non-class:      3.53 MB used.
      Class:    449.02 KB used.
       Both:      3.97 MB used.

Virtual space:
  Non-class space:       64.00 MB reserved,       3.62 MB (  6%) committed,  1 nodes.
      Class space:        1.00 GB reserved,     576.00 KB ( <1%) committed,  1 nodes.
             Both:        1.06 GB reserved,       4.19 MB ( <1%) committed. 

Chunk freelists:
   Non-Class:  11.23 MB
       Class:  15.44 MB
        Both:  26.68 MB

MaxMetaspaceSize: unlimited
CompressedClassSpaceSize: 1.00 GB
Initial GC threshold: 21.00 MB
Current GC threshold: 21.00 MB
CDS: on
 - commit_granule_bytes: 65536.
 - commit_granule_words: 8192.
 - virtual_space_node_default_size: 8388608.
 - enlarge_chunks_in_place: 1.
 - use_allocation_guard: 0.


Internal statistics:

num_allocs_failed_limit: 0.
num_arena_births: 184.
num_arena_deaths: 0.
num_vsnodes_births: 2.
num_vsnodes_deaths: 0.
num_space_committed: 67.
num_space_uncommitted: 0.
num_chunks_returned_to_freelist: 0.
num_chunks_taken_from_freelist: 246.
num_chunk_merges: 0.
num_chunk_splits: 157.
num_chunks_enlarged: 88.
num_inconsistent_stats: 0.

CodeHeap 'non-profiled nmethods': size=120000Kb used=388Kb max_used=388Kb free=119611Kb
 bounds [0x000002425cb10000, 0x000002425cd80000, 0x0000024264040000]
CodeHeap 'profiled nmethods': size=120000Kb used=1646Kb max_used=1646Kb free=118353Kb
 bounds [0x0000024255040000, 0x00000242552b0000, 0x000002425c570000]
CodeHeap 'non-nmethods': size=5760Kb used=1191Kb max_used=1219Kb free=4568Kb
 bounds [0x000002425c570000, 0x000002425c7e0000, 0x000002425cb10000]
CodeCache: size=245760Kb, used=3225Kb, max_used=3253Kb, free=242532Kb
 total_blobs=1489, nmethods=1038, adapters=358, full_count=0
Compilation: enabled, stopped_count=0, restarted_count=0

Compilation events (20 events):
Event: 0.855 Thread 0x0000024269b923a0 nmethod 1028 0x00000242551d5790 code [0x00000242551d5a60, 0x00000242551d67e0]
Event: 0.855 Thread 0x0000024269b923a0 1029       3       java.util.zip.InflaterInputStream::ensureOpen (18 bytes)
Event: 0.855 Thread 0x0000024269b923a0 nmethod 1029 0x00000242551d6e10 code [0x00000242551d6fc0, 0x00000242551d71c8]
Event: 0.855 Thread 0x0000024269b923a0 1030       3       java.lang.invoke.Invokers::checkExactType (17 bytes)
Event: 0.855 Thread 0x0000024269b923a0 nmethod 1030 0x00000242551d7290 code [0x00000242551d7440, 0x00000242551d7630]
Event: 0.855 Thread 0x0000024269b923a0 1031       3       java.util.concurrent.ConcurrentHashMap::get (162 bytes)
Event: 0.856 Thread 0x0000024269b923a0 nmethod 1031 0x00000242551d7710 code [0x00000242551d7980, 0x00000242551d83c0]
Event: 0.856 Thread 0x0000024269b923a0 1032       3       jdk.internal.misc.Unsafe::putIntUnaligned (14 bytes)
Event: 0.856 Thread 0x0000024269b923a0 nmethod 1032 0x00000242551d8690 code [0x00000242551d8840, 0x00000242551d8a80]
Event: 0.856 Thread 0x0000024269b923a0 1033       3       java.nio.DirectLongBufferU::ix (10 bytes)
Event: 0.856 Thread 0x0000024269b923a0 nmethod 1033 0x00000242551d8b90 code [0x00000242551d8d20, 0x00000242551d8e40]
Event: 0.857 Thread 0x0000024269d5edc0 nmethod 1027 0x000002425cb70210 code [0x000002425cb703c0, 0x000002425cb70698]
Event: 0.859 Thread 0x0000024269d5edc0 1035       4       java.lang.String::startsWith (123 bytes)
Event: 0.859 Thread 0x0000024269b923a0 1036       3       sun.security.x509.X509CertImpl::getEncodedInternal (20 bytes)
Event: 0.860 Thread 0x0000024269b923a0 nmethod 1036 0x00000242551d8f10 code [0x00000242551d9100, 0x00000242551d96b0]
Event: 0.860 Thread 0x0000024269b923a0 1037   !   3       java.security.cert.Certificate::equals (38 bytes)
Event: 0.860 Thread 0x0000024269b923a0 nmethod 1037 0x00000242551d9810 code [0x00000242551d9a80, 0x00000242551da8b8]
Event: 0.860 Thread 0x0000024269b923a0 1038       1       java.security.CodeSource::getLocation (5 bytes)
Event: 0.861 Thread 0x0000024269b923a0 nmethod 1038 0x000002425cb70910 code [0x000002425cb70aa0, 0x000002425cb70b68]
Event: 0.861 Thread 0x0000024269b923a0 1039       3       java.net.URL::isBuiltinStreamHandler (32 bytes)

GC Heap History (0 events):
No events

Dll operation events (8 events):
Event: 0.060 Loaded shared library c:\Users\WALSTAR\.antigravity\extensions\redhat.java-1.54.0-win32-x64\jre\21.0.10-win32-x86_64\bin\java.dll
Event: 0.111 Loaded shared library c:\Users\WALSTAR\.antigravity\extensions\redhat.java-1.54.0-win32-x64\jre\21.0.10-win32-x86_64\bin\zip.dll
Event: 0.130 Loaded shared library C:\Users\WALSTAR\.antigravity\extensions\redhat.java-1.54.0-win32-x64\jre\21.0.10-win32-x86_64\bin\instrument.dll
Event: 0.137 Loaded shared library C:\Users\WALSTAR\.antigravity\extensions\redhat.java-1.54.0-win32-x64\jre\21.0.10-win32-x86_64\bin\net.dll
Event: 0.142 Loaded shared library C:\Users\WALSTAR\.antigravity\extensions\redhat.java-1.54.0-win32-x64\jre\21.0.10-win32-x86_64\bin\nio.dll
Event: 0.146 Loaded shared library C:\Users\WALSTAR\.antigravity\extensions\redhat.java-1.54.0-win32-x64\jre\21.0.10-win32-x86_64\bin\zip.dll
Event: 0.167 Loaded shared library C:\Users\WALSTAR\.antigravity\extensions\redhat.java-1.54.0-win32-x64\jre\21.0.10-win32-x86_64\bin\jimage.dll
Event: 0.323 Loaded shared library c:\Users\WALSTAR\.antigravity\extensions\redhat.java-1.54.0-win32-x64\jre\21.0.10-win32-x86_64\bin\verify.dll

Deoptimization events (20 events):
Event: 0.798 Thread 0x0000024251e3e5b0 DEOPT PACKING pc=0x000002425514ae7b sp=0x000000b6facfe930
Event: 0.798 Thread 0x0000024251e3e5b0 DEOPT UNPACKING pc=0x000002425c5c4242 sp=0x000000b6facfdda8 mode 0
Event: 0.798 Thread 0x0000024251e3e5b0 DEOPT PACKING pc=0x000002425514acdd sp=0x000000b6facfe930
Event: 0.798 Thread 0x0000024251e3e5b0 DEOPT UNPACKING pc=0x000002425c5c4242 sp=0x000000b6facfdda8 mode 0
Event: 0.798 Thread 0x0000024251e3e5b0 DEOPT PACKING pc=0x000002425514acdd sp=0x000000b6facfe930
Event: 0.799 Thread 0x0000024251e3e5b0 DEOPT UNPACKING pc=0x000002425c5c4242 sp=0x000000b6facfdda8 mode 0
Event: 0.799 Thread 0x0000024251e3e5b0 DEOPT PACKING pc=0x000002425514acdd sp=0x000000b6facfe930
Event: 0.799 Thread 0x0000024251e3e5b0 DEOPT UNPACKING pc=0x000002425c5c4242 sp=0x000000b6facfdda8 mode 0
Event: 0.799 Thread 0x0000024251e3e5b0 DEOPT PACKING pc=0x000002425514acdd sp=0x000000b6facfe930
Event: 0.799 Thread 0x0000024251e3e5b0 DEOPT UNPACKING pc=0x000002425c5c4242 sp=0x000000b6facfdda8 mode 0
Event: 0.799 Thread 0x0000024251e3e5b0 DEOPT PACKING pc=0x000002425514ae7b sp=0x000000b6facfe930
Event: 0.799 Thread 0x0000024251e3e5b0 DEOPT UNPACKING pc=0x000002425c5c4242 sp=0x000000b6facfdda8 mode 0
Event: 0.799 Thread 0x0000024251e3e5b0 DEOPT PACKING pc=0x000002425514ae7b sp=0x000000b6facfe930
Event: 0.799 Thread 0x0000024251e3e5b0 DEOPT UNPACKING pc=0x000002425c5c4242 sp=0x000000b6facfdda8 mode 0
Event: 0.800 Thread 0x0000024251e3e5b0 DEOPT PACKING pc=0x000002425514ae7b sp=0x000000b6facfe930
Event: 0.800 Thread 0x0000024251e3e5b0 DEOPT UNPACKING pc=0x000002425c5c4242 sp=0x000000b6facfdda8 mode 0
Event: 0.848 Thread 0x0000024251e3e5b0 Uncommon trap: trap_request=0xffffff45 fr.pc=0x000002425cb4d47c relative=0x00000000000002bc
Event: 0.848 Thread 0x0000024251e3e5b0 Uncommon trap: reason=unstable_if action=reinterpret pc=0x000002425cb4d47c method=java.util.concurrent.ConcurrentHashMap.get(Ljava/lang/Object;)Ljava/lang/Object; @ 76 c2
Event: 0.848 Thread 0x0000024251e3e5b0 DEOPT PACKING pc=0x000002425cb4d47c sp=0x000000b6facfde30
Event: 0.848 Thread 0x0000024251e3e5b0 DEOPT UNPACKING pc=0x000002425c5c3aa2 sp=0x000000b6facfdda8 mode 2

Classes loaded (20 events):
Event: 0.837 Loading class java/lang/PublicMethods
Event: 0.837 Loading class java/lang/PublicMethods done
Event: 0.838 Loading class java/util/LinkedHashMap$LinkedValueIterator
Event: 0.838 Loading class java/util/LinkedHashMap$LinkedValueIterator done
Event: 0.841 Loading class java/lang/reflect/Proxy$ProxyBuilder$ProxyClassContext
Event: 0.841 Loading class java/lang/reflect/Proxy$ProxyBuilder$ProxyClassContext done
Event: 0.842 Loading class java/lang/reflect/ProxyGenerator
Event: 0.843 Loading class java/lang/reflect/ProxyGenerator done
Event: 0.843 Loading class java/lang/reflect/ProxyGenerator$ProxyMethod
Event: 0.843 Loading class java/lang/reflect/ProxyGenerator$ProxyMethod done
Event: 0.845 Loading class java/lang/reflect/ProxyGenerator$PrimitiveTypeInfo
Event: 0.845 Loading class java/lang/reflect/ProxyGenerator$PrimitiveTypeInfo done
Event: 0.845 Loading class jdk/internal/org/objectweb/asm/Edge
Event: 0.845 Loading class jdk/internal/org/objectweb/asm/Edge done
Event: 0.847 Loading class java/lang/reflect/Proxy$ProxyBuilder$1
Event: 0.847 Loading class java/lang/reflect/Proxy$ProxyBuilder$1 done
Event: 0.847 Loading class java/lang/annotation/Target
Event: 0.847 Loading class java/lang/annotation/Target done
Event: 0.857 Loading class java/util/NoSuchElementException
Event: 0.857 Loading class java/util/NoSuchElementException done

Classes unloaded (0 events):
No events

Classes redefined (0 events):
No events

Internal exceptions (20 events):
Event: 0.229 Thread 0x0000024251e3e5b0 Exception <a 'java/lang/NoSuchMethodError'{0x00000000d59fa948}: 'int java.lang.invoke.DirectMethodHandle$Holder.invokeSpecial(java.lang.Object, java.lang.Object, java.lang.Object)'> (0x00000000d59fa948) 
thrown [s\src\hotspot\share\interpreter\linkResolver.cpp, line 773]
Event: 0.232 Thread 0x0000024251e3e5b0 Exception <a 'java/lang/NoSuchMethodError'{0x00000000d5a06608}: 'java.lang.Object java.lang.invoke.DirectMethodHandle$Holder.invokeStatic(java.lang.Object, java.lang.Object, int)'> (0x00000000d5a06608) 
thrown [s\src\hotspot\share\interpreter\linkResolver.cpp, line 773]
Event: 0.233 Thread 0x0000024251e3e5b0 Exception <a 'java/lang/NoSuchMethodError'{0x00000000d5a0af58}: 'void java.lang.invoke.DirectMethodHandle$Holder.invokeStatic(java.lang.Object, java.lang.Object, int, java.lang.Object)'> (0x00000000d5a0af58) 
thrown [s\src\hotspot\share\interpreter\linkResolver.cpp, line 773]
Event: 0.233 Thread 0x0000024251e3e5b0 Exception <a 'java/lang/NoSuchMethodError'{0x00000000d5a0eae8}: 'void java.lang.invoke.DirectMethodHandle$Holder.invokeSpecial(java.lang.Object, java.lang.Object, java.lang.Object, int, java.lang.Object)'> (0x00000000d5a0eae8) 
thrown [s\src\hotspot\share\interpreter\linkResolver.cpp, line 773]
Event: 0.234 Thread 0x0000024251e3e5b0 Exception <a 'java/lang/NoSuchMethodError'{0x00000000d5a121a0}: 'void java.lang.invoke.DelegatingMethodHandle$Holder.delegate(java.lang.Object, java.lang.Object, int, java.lang.Object)'> (0x00000000d5a121a0) 
thrown [s\src\hotspot\share\interpreter\linkResolver.cpp, line 773]
Event: 0.348 Thread 0x0000024251e3e5b0 Exception <a 'java/lang/NoSuchMethodError'{0x00000000d5bd2f68}: 'void java.lang.invoke.DelegatingMethodHandle$Holder.reinvoke_L(java.lang.Object, java.lang.Object, java.lang.Object, int)'> (0x00000000d5bd2f68) 
thrown [s\src\hotspot\share\interpreter\linkResolver.cpp, line 773]
Event: 0.479 Thread 0x0000024251e3e5b0 Exception <a 'java/lang/NoSuchMethodError'{0x00000000d6060798}: 'void java.lang.invoke.DirectMethodHandle$Holder.invokeVirtual(java.lang.Object, java.lang.Object)'> (0x00000000d6060798) 
thrown [s\src\hotspot\share\interpreter\linkResolver.cpp, line 773]
Event: 0.583 Thread 0x0000024251e3e5b0 Exception <a 'java/lang/NoSuchMethodError'{0x00000000d6446820}: 'void java.lang.invoke.DirectMethodHandle$Holder.invokeStatic(java.lang.Object, java.lang.Object)'> (0x00000000d6446820) 
thrown [s\src\hotspot\share\interpreter\linkResolver.cpp, line 773]
Event: 0.588 Thread 0x0000024251e3e5b0 Exception <a 'java/lang/ClassNotFoundException'{0x00000000d646e928}: sun/net/www/protocol/c/Handler> (0x00000000d646e928) 
thrown [s\src\hotspot\share\classfile\systemDictionary.cpp, line 312]
Event: 0.618 Thread 0x0000024251e3e5b0 Exception <a 'java/io/FileNotFoundException'{0x00000000d64cb8f8}> (0x00000000d64cb8f8) 
thrown [s\src\hotspot\share\prims\jni.cpp, line 520]
Event: 0.618 Thread 0x0000024251e3e5b0 Exception <a 'java/io/FileNotFoundException'{0x00000000d64ccc70}> (0x00000000d64ccc70) 
thrown [s\src\hotspot\share\prims\jni.cpp, line 520]
Event: 0.619 Thread 0x0000024251e3e5b0 Exception <a 'java/io/FileNotFoundException'{0x00000000d64cd938}> (0x00000000d64cd938) 
thrown [s\src\hotspot\share\prims\jni.cpp, line 520]
Event: 0.619 Thread 0x0000024251e3e5b0 Exception <a 'java/io/FileNotFoundException'{0x00000000d64ce4b8}> (0x00000000d64ce4b8) 
thrown [s\src\hotspot\share\prims\jni.cpp, line 520]
Event: 0.621 Thread 0x0000024251e3e5b0 Implicit null exception at 0x000002425cb3daa4 to 0x000002425cb3e048
Event: 0.623 Thread 0x0000024251e3e5b0 Exception <a 'java/io/FileNotFoundException'{0x00000000d6506980}> (0x00000000d6506980) 
thrown [s\src\hotspot\share\prims\jni.cpp, line 520]
Event: 0.635 Thread 0x0000024251e3e5b0 Exception <a 'java/lang/NoSuchMethodError'{0x00000000d6540110}: 'java.lang.Object java.lang.invoke.DirectMethodHandle$Holder.invokeInterface(java.lang.Object, java.lang.Object)'> (0x00000000d6540110) 
thrown [s\src\hotspot\share\interpreter\linkResolver.cpp, line 773]
Event: 0.639 Thread 0x0000024251e3e5b0 Exception <a 'java/lang/NoSuchMethodError'{0x00000000d65536e0}: 'java.lang.Object java.lang.invoke.Invokers$Holder.invokeExact_MT(java.lang.Object, java.lang.Object, java.lang.Object, java.lang.Object, java.lang.Object, java.lang.Object)'> (0x00000000d65536e0) 
thrown [s\src\hotspot\share\interpreter\linkResolver.cpp, line 773]
Event: 0.644 Thread 0x0000024251e3e5b0 Exception <a 'java/lang/NoSuchMethodError'{0x00000000d656a7b8}: 'int java.lang.invoke.DirectMethodHandle$Holder.invokeStatic(java.lang.Object, java.lang.Object, java.lang.Object, java.lang.Object, java.lang.Object)'> (0x00000000d656a7b8) 
thrown [s\src\hotspot\share\interpreter\linkResolver.cpp, line 773]
Event: 0.691 Thread 0x0000024251e3e5b0 Exception <a 'java/lang/NoSuchMethodError'{0x00000000d65fe220}: 'java.lang.Object java.lang.invoke.DirectMethodHandle$Holder.invokeInterface(java.lang.Object, java.lang.Object, int)'> (0x00000000d65fe220) 
thrown [s\src\hotspot\share\interpreter\linkResolver.cpp, line 773]
Event: 0.849 Thread 0x0000024251e3e5b0 Exception <a 'java/lang/NoSuchMethodError'{0x00000000d6a65fe8}: 'java.lang.ClassLoader java.lang.ClassLoader.getPlatformClassLoader(java.lang.Class)'> (0x00000000d6a65fe8) 
thrown [s\src\hotspot\share\interpreter\linkResolver.cpp, line 773]

ZGC Phase Switch (0 events):
No events

VM Operations (8 events):
Event: 0.110 Executing non-safepoint VM operation: HandshakeAllThreads (Deoptimize)
Event: 0.110 Executing non-safepoint VM operation: HandshakeAllThreads (Deoptimize) done
Event: 0.181 Executing non-safepoint VM operation: HandshakeAllThreads (Deoptimize)
Event: 0.181 Executing non-safepoint VM operation: HandshakeAllThreads (Deoptimize) done
Event: 0.565 Executing non-safepoint VM operation: HandshakeAllThreads (Deoptimize)
Event: 0.565 Executing non-safepoint VM operation: HandshakeAllThreads (Deoptimize) done
Event: 0.580 Executing non-safepoint VM operation: HandshakeAllThreads (Deoptimize)
Event: 0.580 Executing non-safepoint VM operation: HandshakeAllThreads (Deoptimize) done

Memory protections (0 events):
No events

Nmethod flushes (0 events):
No events

Events (14 events):
Event: 0.073 Thread 0x0000024251e3e5b0 Thread added: 0x0000024251e3e5b0
Event: 0.087 Thread 0x0000024251e3e5b0 Thread added: 0x0000024251dee750
Event: 0.087 Thread 0x0000024251e3e5b0 Thread added: 0x0000024251ee3350
Event: 0.088 Thread 0x0000024251e3e5b0 Thread added: 0x0000024251ee7760
Event: 0.088 Thread 0x0000024251e3e5b0 Thread added: 0x0000024251ee8420
Event: 0.088 Thread 0x0000024251e3e5b0 Thread added: 0x0000024251ee9ea0
Event: 0.088 Thread 0x0000024251e3e5b0 Thread added: 0x0000024251eed610
Event: 0.088 Thread 0x0000024251e3e5b0 Thread added: 0x0000024251ef3650
Event: 0.088 Thread 0x0000024251e3e5b0 Thread added: 0x0000024269b923a0
Event: 0.121 Thread 0x0000024269b923a0 Thread added: 0x0000024269d5edc0
Event: 0.132 Thread 0x0000024251e3e5b0 Thread added: 0x0000024269de1650
Event: 0.405 Thread 0x0000024251e3e5b0 Thread added: 0x0000024269ead300
Event: 0.549 Thread 0x0000024269b923a0 Thread added: 0x000002426f164440
Event: 0.756 Thread 0x000002426f164440 Thread exited: 0x000002426f164440


Dynamic libraries:
0x00007ff7352e0000 - 0x00007ff7352ee000 	c:\Users\WALSTAR\.antigravity\extensions\redhat.java-1.54.0-win32-x64\jre\21.0.10-win32-x86_64\bin\java.exe
0x00007ff9b6d80000 - 0x00007ff9b6fe7000 	C:\WINDOWS\SYSTEM32\ntdll.dll
0x00007ff9b61e0000 - 0x00007ff9b62a9000 	C:\WINDOWS\System32\KERNEL32.DLL
0x00007ff9b41a0000 - 0x00007ff9b4594000 	C:\WINDOWS\System32\KERNELBASE.dll
0x00007ff9b45a0000 - 0x00007ff9b46eb000 	C:\WINDOWS\System32\ucrtbase.dll
0x00007ff986790000 - 0x00007ff9867a8000 	c:\Users\WALSTAR\.antigravity\extensions\redhat.java-1.54.0-win32-x64\jre\21.0.10-win32-x86_64\bin\jli.dll
0x00007ff9b5ff0000 - 0x00007ff9b61b5000 	C:\WINDOWS\System32\USER32.dll
0x00007ff9b3650000 - 0x00007ff9b3677000 	C:\WINDOWS\System32\win32u.dll
0x00007ff98b640000 - 0x00007ff98b65e000 	c:\Users\WALSTAR\.antigravity\extensions\redhat.java-1.54.0-win32-x64\jre\21.0.10-win32-x86_64\bin\VCRUNTIME140.dll
0x00007ff9b6d10000 - 0x00007ff9b6d3b000 	C:\WINDOWS\System32\GDI32.dll
0x00007ff9b47b0000 - 0x00007ff9b48da000 	C:\WINDOWS\System32\gdi32full.dll
0x00007ff9b48e0000 - 0x00007ff9b4983000 	C:\WINDOWS\System32\msvcp_win.dll
0x00007ff997f40000 - 0x00007ff9981d3000 	C:\WINDOWS\WinSxS\amd64_microsoft.windows.common-controls_6595b64144ccf1df_6.0.26100.8115_none_3e075c82e3354f9c\COMCTL32.dll
0x00007ff9b4d10000 - 0x00007ff9b4db9000 	C:\WINDOWS\System32\msvcrt.dll
0x00007ff9b5350000 - 0x00007ff9b5382000 	C:\WINDOWS\System32\IMM32.DLL
0x00007ff9a4f40000 - 0x00007ff9a4f4c000 	c:\Users\WALSTAR\.antigravity\extensions\redhat.java-1.54.0-win32-x64\jre\21.0.10-win32-x86_64\bin\vcruntime140_1.dll
0x00007ff967280000 - 0x00007ff96730d000 	c:\Users\WALSTAR\.antigravity\extensions\redhat.java-1.54.0-win32-x64\jre\21.0.10-win32-x86_64\bin\msvcp140.dll
0x00007ff90e1a0000 - 0x00007ff90ef41000 	c:\Users\WALSTAR\.antigravity\extensions\redhat.java-1.54.0-win32-x64\jre\21.0.10-win32-x86_64\bin\server\jvm.dll
0x00007ff9b57a0000 - 0x00007ff9b5856000 	C:\WINDOWS\System32\ADVAPI32.dll
0x00007ff9b62b0000 - 0x00007ff9b6357000 	C:\WINDOWS\System32\sechost.dll
0x00007ff9b5390000 - 0x00007ff9b54a8000 	C:\WINDOWS\System32\RPCRT4.dll
0x00007ff9b5bf0000 - 0x00007ff9b5c70000 	C:\WINDOWS\System32\WS2_32.dll
0x00007ff9b34b0000 - 0x00007ff9b350e000 	C:\WINDOWS\SYSTEM32\POWRPROF.dll
0x00007ff9ae0e0000 - 0x00007ff9ae116000 	C:\WINDOWS\SYSTEM32\WINMM.dll
0x00007ff999680000 - 0x00007ff99968b000 	C:\WINDOWS\SYSTEM32\VERSION.dll
0x00007ff9b3490000 - 0x00007ff9b34a4000 	C:\WINDOWS\SYSTEM32\UMPDC.dll
0x00007ff9b23e0000 - 0x00007ff9b23fb000 	C:\WINDOWS\SYSTEM32\kernel.appcore.dll
0x00007ff9a4a20000 - 0x00007ff9a4a2a000 	c:\Users\WALSTAR\.antigravity\extensions\redhat.java-1.54.0-win32-x64\jre\21.0.10-win32-x86_64\bin\jimage.dll
0x00007ff9b1270000 - 0x00007ff9b14b2000 	C:\WINDOWS\SYSTEM32\DBGHELP.DLL
0x00007ff9b5860000 - 0x00007ff9b5be2000 	C:\WINDOWS\System32\combase.dll
0x00007ff9b5c80000 - 0x00007ff9b5d57000 	C:\WINDOWS\System32\OLEAUT32.dll
0x00007ff9ae0a0000 - 0x00007ff9ae0db000 	C:\WINDOWS\SYSTEM32\dbgcore.DLL
0x00007ff9b3880000 - 0x00007ff9b3925000 	C:\WINDOWS\System32\bcryptPrimitives.dll
0x00007ff9a4430000 - 0x00007ff9a443f000 	c:\Users\WALSTAR\.antigravity\extensions\redhat.java-1.54.0-win32-x64\jre\21.0.10-win32-x86_64\bin\instrument.dll
0x00007ff97f570000 - 0x00007ff97f590000 	c:\Users\WALSTAR\.antigravity\extensions\redhat.java-1.54.0-win32-x64\jre\21.0.10-win32-x86_64\bin\java.dll
0x00007ff9b64d0000 - 0x00007ff9b6c36000 	C:\WINDOWS\System32\SHELL32.dll
0x00007ff9b3710000 - 0x00007ff9b387a000 	C:\WINDOWS\System32\wintypes.dll
0x00007ff9b3930000 - 0x00007ff9b4195000 	C:\WINDOWS\System32\windows.storage.dll
0x00007ff9b5250000 - 0x00007ff9b5347000 	C:\WINDOWS\System32\SHCORE.dll
0x00007ff9b6360000 - 0x00007ff9b63c6000 	C:\WINDOWS\System32\shlwapi.dll
0x00007ff9b3570000 - 0x00007ff9b3599000 	C:\WINDOWS\SYSTEM32\profapi.dll
0x00007ff97d020000 - 0x00007ff97d038000 	c:\Users\WALSTAR\.antigravity\extensions\redhat.java-1.54.0-win32-x64\jre\21.0.10-win32-x86_64\bin\zip.dll
0x00007ff9a4260000 - 0x00007ff9a4270000 	C:\Users\WALSTAR\.antigravity\extensions\redhat.java-1.54.0-win32-x64\jre\21.0.10-win32-x86_64\bin\net.dll
0x00007ff9ace00000 - 0x00007ff9acf2d000 	C:\WINDOWS\SYSTEM32\WINHTTP.dll
0x00007ff9b2950000 - 0x00007ff9b29bc000 	C:\WINDOWS\system32\mswsock.dll
0x00007ff97d000000 - 0x00007ff97d016000 	C:\Users\WALSTAR\.antigravity\extensions\redhat.java-1.54.0-win32-x64\jre\21.0.10-win32-x86_64\bin\nio.dll
0x00007ff99aac0000 - 0x00007ff99aad0000 	c:\Users\WALSTAR\.antigravity\extensions\redhat.java-1.54.0-win32-x64\jre\21.0.10-win32-x86_64\bin\verify.dll

JVMTI agents:
c:\Users\WALSTAR\.antigravity\extensions\redhat.java-1.54.0-win32-x64\lombok\lombok-1.18.39-4050.jar path:c:\Users\WALSTAR\.antigravity\extensions\redhat.java-1.54.0-win32-x64\jre\21.0.10-win32-x86_64\bin\instrument.dll, loaded, initialized, instrumentlib options:none

dbghelp: loaded successfully - version: 4.0.5 - missing functions: none
symbol engine: initialized successfully - sym options: 0x614 - pdb path: .;c:\Users\WALSTAR\.antigravity\extensions\redhat.java-1.54.0-win32-x64\jre\21.0.10-win32-x86_64\bin;C:\WINDOWS\SYSTEM32;C:\WINDOWS\WinSxS\amd64_microsoft.windows.common-controls_6595b64144ccf1df_6.0.26100.8115_none_3e075c82e3354f9c;c:\Users\WALSTAR\.antigravity\extensions\redhat.java-1.54.0-win32-x64\jre\21.0.10-win32-x86_64\bin\server

VM Arguments:
jvm_args: --add-modules=ALL-SYSTEM --add-opens=java.base/java.util=ALL-UNNAMED --add-opens=java.base/java.lang=ALL-UNNAMED --add-opens=java.base/sun.nio.fs=ALL-UNNAMED -Declipse.application=org.eclipse.jdt.ls.core.id1 -Dosgi.bundles.defaultStartLevel=4 -Declipse.product=org.eclipse.jdt.ls.core.product -Djava.import.generatesMetadataFilesAtProjectRoot=false -DDetectVMInstallationsJob.disabled=true -Dfile.encoding=utf8 -XX:+UseParallelGC -XX:GCTimeRatio=4 -XX:AdaptiveSizePolicyWeight=90 -Dsun.zip.disableMemoryMapping=true -Xmx2G -Xms100m -Xlog:disable -javaagent:c:\Users\WALSTAR\.antigravity\extensions\redhat.java-1.54.0-win32-x64\lombok\lombok-1.18.39-4050.jar 
java_command: c:\Users\WALSTAR\.antigravity\extensions\redhat.java-1.54.0-win32-x64\server\plugins\org.eclipse.equinox.launcher_1.7.100.v20251111-0406.jar -configuration c:\Users\WALSTAR\AppData\Roaming\Antigravity\User\globalStorage\redhat.java\1.54.0\config_ss_win -data c:\Users\WALSTAR\AppData\Roaming\Antigravity\User\workspaceStorage\586bd49d07d7058e779cc15e5fa4d95a\redhat.java\ss_ws --pipe=\\.\pipe\lsp-1e955a8e45b87b8e103579919d9df7da-sock
java_class_path (initial): c:\Users\WALSTAR\.antigravity\extensions\redhat.java-1.54.0-win32-x64\server\plugins\org.eclipse.equinox.launcher_1.7.100.v20251111-0406.jar
Launcher Type: SUN_STANDARD

[Global flags]
    uintx AdaptiveSizePolicyWeight                 = 90                                        {product} {command line}
     intx CICompilerCount                          = 4                                         {product} {ergonomic}
    uintx GCTimeRatio                              = 4                                         {product} {command line}
   size_t InitialHeapSize                          = 104857600                                 {product} {command line}
   size_t MaxHeapSize                              = 2147483648                                {product} {command line}
   size_t MaxNewSize                               = 715653120                                 {product} {ergonomic}
   size_t MinHeapDeltaBytes                        = 524288                                    {product} {ergonomic}
   size_t MinHeapSize                              = 104857600                                 {product} {command line}
   size_t NewSize                                  = 34603008                                  {product} {ergonomic}
    uintx NonNMethodCodeHeapSize                   = 5839372                                {pd product} {ergonomic}
    uintx NonProfiledCodeHeapSize                  = 122909434                              {pd product} {ergonomic}
   size_t OldSize                                  = 70254592                                  {product} {ergonomic}
    uintx ProfiledCodeHeapSize                     = 122909434                              {pd product} {ergonomic}
    uintx ReservedCodeCacheSize                    = 251658240                              {pd product} {ergonomic}
     bool SegmentedCodeCache                       = true                                      {product} {ergonomic}
   size_t SoftMaxHeapSize                          = 2147483648                             {manageable} {ergonomic}
     bool UseCompressedOops                        = true                           {product lp64_product} {ergonomic}
     bool UseLargePagesIndividualAllocation        = false                                  {pd product} {ergonomic}
     bool UseParallelGC                            = true                                      {product} {command line}

Logging:
Log output configuration:
 #0: stdout all=off uptime,level,tags foldmultilines=false
 #1: stderr all=off uptime,level,tags foldmultilines=false

Release file:
JAVA_VERSION="21.0.10" 
MODULES="java.base java.compiler java.datatransfer java.xml java.prefs java.desktop java.instrument java.logging java.management java.security.sasl java.naming java.rmi java.management.rmi java.net.http java.scripting java.security.jgss java.transaction.xa java.sql java.sql.rowset java.xml.crypto java.se java.smartcardio jdk.accessibility jdk.internal.jvmstat jdk.attach jdk.charsets jdk.internal.opt jdk.zipfs jdk.compiler jdk.crypto.ec jdk.crypto.cryptoki jdk.crypto.mscapi jdk.dynalink jdk.internal.ed jdk.editpad jdk.hotspot.agent jdk.httpserver jdk.internal.le jdk.internal.vm.ci jdk.internal.vm.compiler jdk.internal.vm.compiler.management jdk.jartool jdk.javadoc jdk.jcmd jdk.management jdk.management.agent jdk.jconsole jdk.jdeps jdk.jdwp.agent jdk.jdi jdk.jfr jdk.jshell jdk.jsobject jdk.jstatd jdk.localedata jdk.management.jfr jdk.naming.dns jdk.naming.rmi jdk.net jdk.nio.mapmode jdk.random jdk.sctp jdk.security.auth jdk.security.jgss jdk.unsupported jdk.unsupported.desktop jdk.xml.dom" 

Environment Variables:
PATH=C:\Program Files\Common Files\Oracle\Java\javapath;C:\Program Files\Microsoft MPI\Bin\;C:\WINDOWS\system32;C:\WINDOWS;C:\WINDOWS\System32\Wbem;C:\WINDOWS\System32\WindowsPowerShell\v1.0\;C:\WINDOWS\System32\OpenSSH\;C:\Program Files\Microsoft SQL Server\Client SDK\ODBC\170\Tools\Binn\;C:\Program Files\dotnet\;C:\Program Files\Azure Data Studio\bin;C:\Program Files (x86)\Microsoft SQL Server\160\Tools\Binn\;C:\Program Files\Microsoft SQL Server\160\Tools\Binn\;C:\Program Files\Microsoft SQL Server\160\DTS\Binn\;C:\Users\WALSTAR\AppData\Local\Android\Sdk\platforms;C:\Users\WALSTAR\AppData\Local\Android\Sdk\platform-tools;C:\Program Files\Java\jdk-11\bin;C:\Program Files\Java\jdk-17\bin;C:\Program Files\MongoDB\Server\7.0\bin;C:\composer;C:\Program Files (x86)\Microsoft SQL Server\160\DTS\Binn\;C:\Users\WALSTAR\AppData\Local\nvm;C:\Program Files\nodejs;C:\Program Files\nodejs\;D:\xampp\php;C:\Program Files\Microsoft SQL Server\150\Tools\Binn\;D:\composer;C:\Users\WALSTAR\AppData\Local\Android\Sdk\tools;C:\Users\WALSTAR\AppData\Local\Microsoft\WindowsApps;C:\Users\WALSTAR\AppData\Local\Programs\Microsoft VS Code\bin;C:\Users\WALSTAR\AppData\Local\Programs\Git\cmd;D:\flutter\bin;C:\Users\WALSTAR\.dotnet\tools;C:\Program Files\MongoDB\Server\7.0\bin;C:\Users\WALSTAR\AppData\Local\Programs\cursor\resources\app\bin;C:\Users\WALSTAR\AppData\Local\nvm;C:\Program Files\nodejs;C:\Users\WALSTAR\AppData\Roaming\npm;C:\Users\WALSTAR\AppData\Local\Programs\Windsurf\bin;D:\xampp\php;C:\Users\WALSTAR\AppData\Roaming\Composer\vendor\bin;C:\Users\WALSTAR\AppData\Local\Programs\Antigravity\bin
USERNAME=WALSTAR
OS=Windows_NT
PROCESSOR_IDENTIFIER=Intel64 Family 6 Model 154 Stepping 4, GenuineIntel
TMP=C:\Users\WALSTAR\AppData\Local\Temp
TEMP=C:\Users\WALSTAR\AppData\Local\Temp




Periodic native trim disabled

---------------  S Y S T E M  ---------------

OS:
 Windows 11 , 64 bit Build 26100 (10.0.26100.8115)
OS uptime: 0 days 2:33 hours
Hyper-V role detected

CPU: total 12 (initial active 12) (6 cores per cpu, 2 threads per core) family 6 model 154 stepping 4 microcode 0x432, cx8, cmov, fxsr, ht, mmx, 3dnowpref, sse, sse2, sse3, ssse3, sse4.1, sse4.2, popcnt, lzcnt, tsc, tscinvbit, avx, avx2, aes, erms, clmul, bmi1, bmi2, adx, sha, fma, vzeroupper, clflush, clflushopt, clwb, hv, serialize, rdtscp, rdpid, fsrm, f16c, cet_ibt, cet_ss
Processor Information for processor 0
  Max Mhz: 1300, Current Mhz: 1300, Mhz Limit: 1300
Processor Information for processor 1
  Max Mhz: 1300, Current Mhz: 1300, Mhz Limit: 1300
Processor Information for processor 2
  Max Mhz: 1300, Current Mhz: 1300, Mhz Limit: 1300
Processor Information for processor 3
  Max Mhz: 1300, Current Mhz: 1300, Mhz Limit: 1300
Processor Information for processor 4
  Max Mhz: 1300, Current Mhz: 900, Mhz Limit: 897
Processor Information for processor 5
  Max Mhz: 1300, Current Mhz: 900, Mhz Limit: 897
Processor Information for processor 6
  Max Mhz: 1300, Current Mhz: 900, Mhz Limit: 897
Processor Information for processor 7
  Max Mhz: 1300, Current Mhz: 900, Mhz Limit: 897
Processor Information for processor 8
  Max Mhz: 1300, Current Mhz: 900, Mhz Limit: 897
Processor Information for processor 9
  Max Mhz: 1300, Current Mhz: 900, Mhz Limit: 897
Processor Information for processor 10
  Max Mhz: 1300, Current Mhz: 900, Mhz Limit: 897
Processor Information for processor 11
  Max Mhz: 1300, Current Mhz: 900, Mhz Limit: 897

Memory: 4k page, system-wide physical 16092M (1689M free)
TotalPageFile size 27935M (AvailPageFile size 2M)
current process WorkingSet (physical memory assigned to process): 73M, peak: 73M
current process commit charge ("private bytes"): 240M, peak: 241M

vm_info: OpenJDK 64-Bit Server VM (21.0.10+7-LTS) for windows-amd64 JRE (21.0.10+7-LTS), built on 2026-01-20T00:00:00Z by "admin" with MS VC++ 17.12 (VS2022)

END.
