#
# There is insufficient memory for the Java Runtime Environment to continue.
# Native memory allocation (mmap) failed to map 1048576 bytes. Error detail: G1 virtual space
# Possible reasons:
#   The system is out of physical RAM or swap space
#   This process is running with CompressedOops enabled, and the Java Heap may be blocking the growth of the native heap
# Possible solutions:
#   Reduce memory load on the system
#   Increase physical memory or swap space
#   Check if swap backing store is full
#   Decrease Java heap size (-Xmx/-Xms)
#   Decrease number of Java threads
#   Decrease Java thread stack sizes (-Xss)
#   Set larger code cache with -XX:ReservedCodeCacheSize=
#   JVM is running with Unscaled Compressed Oops mode in which the Java heap is
#     placed in the first 4GB address space. The Java Heap base address is the
#     maximum limit for the native heap growth. Please use -XX:HeapBaseMinAddress
#     to set the Java Heap base and to place the Java Heap above 4GB virtual address.
# This output file may be truncated or incomplete.
#
#  Out of Memory Error (os_windows.cpp:3714), pid=5480, tid=21588
#
# JRE version: OpenJDK Runtime Environment Temurin-21.0.10+7 (21.0.10+7) (build 21.0.10+7-LTS)
# Java VM: OpenJDK 64-Bit Server VM Temurin-21.0.10+7 (21.0.10+7-LTS, mixed mode, sharing, tiered, compressed oops, compressed class ptrs, g1 gc, windows-amd64)
# No core dump will be written. Minidumps are not enabled by default on client versions of Windows
#

---------------  S U M M A R Y ------------

Command Line: --add-opens=java.base/java.lang=ALL-UNNAMED --add-opens=java.base/java.lang.invoke=ALL-UNNAMED --add-opens=java.base/java.util=ALL-UNNAMED --add-opens=java.prefs/java.util.prefs=ALL-UNNAMED --add-exports=jdk.compiler/com.sun.tools.javac.api=ALL-UNNAMED --add-exports=jdk.compiler/com.sun.tools.javac.util=ALL-UNNAMED --add-opens=java.base/java.util=ALL-UNNAMED --add-opens=java.prefs/java.util.prefs=ALL-UNNAMED --add-opens=java.base/java.nio.charset=ALL-UNNAMED --add-opens=java.base/java.net=ALL-UNNAMED --add-opens=java.base/java.util.concurrent=ALL-UNNAMED --add-opens=java.base/java.util.concurrent.atomic=ALL-UNNAMED --add-opens=java.xml/javax.xml.namespace=ALL-UNNAMED -XX:+HeapDumpOnOutOfMemoryError --add-exports=jdk.compiler/com.sun.tools.javac.api=ALL-UNNAMED --add-exports=jdk.compiler/com.sun.tools.javac.file=ALL-UNNAMED --add-exports=jdk.compiler/com.sun.tools.javac.parser=ALL-UNNAMED --add-exports=jdk.compiler/com.sun.tools.javac.tree=ALL-UNNAMED --add-exports=jdk.compiler/com.sun.tools.javac.util=ALL-UNNAMED -Xmx2048m -Dfile.encoding=UTF-8A -Duser.country=US -Duser.language=en -Duser.variant -javaagent:C:\Users\WALSTAR\.gradle\wrapper\dists\gradle-9.0.0-bin\d6wjpkvcgsg3oed0qlfss3wgl\gradle-9.0.0\lib\agents\gradle-instrumentation-agent-9.0.0.jar org.gradle.launcher.daemon.bootstrap.GradleDaemon 9.0.0

Host: 12th Gen Intel(R) Core(TM) i5-1235U, 12 cores, 15G,  Windows 11 , 64 bit Build 26100 (10.0.26100.8115)
Time: Tue Apr 21 14:57:29 2026 India Standard Time elapsed time: 38.464903 seconds (0d 0h 0m 38s)

---------------  T H R E A D  ---------------

Current thread (0x00000185f8a56540):  WorkerThread "GC Thread#1"    [id=21588, stack(0x00000009adb00000,0x00000009adc00000) (1024K)]

Stack: [0x00000009adb00000,0x00000009adc00000]
Native frames: (J=compiled Java code, j=interpreted, Vv=VM code, C=native code)
V  [jvm.dll+0x6d7a39]
V  [jvm.dll+0x8b4b26]
V  [jvm.dll+0x8b70de]
V  [jvm.dll+0x8b77c3]
V  [jvm.dll+0x284346]
V  [jvm.dll+0x6d4355]
V  [jvm.dll+0x6c808a]
V  [jvm.dll+0x35edb8]
V  [jvm.dll+0x3669f6]
V  [jvm.dll+0x3b77ff]
V  [jvm.dll+0x3b7e94]
V  [jvm.dll+0x3b7f5f]
V  [jvm.dll+0x33454c]
V  [jvm.dll+0x3342a5]
V  [jvm.dll+0x322eb6]
V  [jvm.dll+0x323cca]
V  [jvm.dll+0x3240b2]
V  [jvm.dll+0x323b2d]
V  [jvm.dll+0x360bf6]
V  [jvm.dll+0x360f6a]
V  [jvm.dll+0x362053]
V  [jvm.dll+0x361ccb]
V  [jvm.dll+0x375e09]
V  [jvm.dll+0x3764ba]
V  [jvm.dll+0x3765a7]
V  [jvm.dll+0x37745b]
V  [jvm.dll+0x8e2b41]
V  [jvm.dll+0x85f59d]
V  [jvm.dll+0x6d626d]
C  [ucrtbase.dll+0x37b0]
C  [KERNEL32.DLL+0x2e8d7]
C  [ntdll.dll+0x8c3fc]


---------------  P R O C E S S  ---------------

Threads class SMR info:
_java_thread_list=0x00000185d2c1b5b0, length=79, elements={
0x00000185ed8c9be0, 0x00000185f87a8250, 0x00000185f87a8cb0, 0x00000185f87ade70,
0x00000185f87aeb30, 0x00000185f87af6c0, 0x00000185f87b14e0, 0x00000185f87bcad0,
0x00000185f87bdd60, 0x00000185f8b4bbd0, 0x00000185f8acde10, 0x00000185fd453350,
0x00000185fde84700, 0x00000185fe7b9e40, 0x00000185fe8916d0, 0x00000185fe8e2040,
0x00000185fe8c7540, 0x00000185fe888790, 0x00000185fe885310, 0x00000185fe887a70,
0x00000185fe8859a0, 0x00000185fe8866c0, 0x00000185fe888100, 0x00000185fe886d50,
0x00000185ff429d40, 0x00000185ff4275e0, 0x00000185ff428300, 0x00000185ff42a3d0,
0x00000185ff427c70, 0x00000185ff426f50, 0x00000185ff42aa60, 0x00000185ff42b0f0,
0x00000185ff42b780, 0x00000185ff42be10, 0x00000185ff42c4a0, 0x00000185ff42d1c0,
0x00000185ff42d850, 0x00000185d36c5e00, 0x00000185d36c3010, 0x00000185d36c43c0,
0x00000185d36c36a0, 0x00000185d36c50e0, 0x00000185d36c5770, 0x00000185d36c3d30,
0x00000185d36c2980, 0x00000185d36c6490, 0x00000185d36c7ed0, 0x00000185d36c6b20,
0x00000185d36c71b0, 0x00000185d36c7840, 0x00000185d36c4a50, 0x00000185d36c8560,
0x00000185d36c8bf0, 0x00000185d36c9280, 0x00000185d36c9910, 0x00000185d36c9fa0,
0x00000185d061db40, 0x00000185d061eef0, 0x00000185d06202a0, 0x00000185d061ce20,
0x00000185d0620930, 0x00000185d061fc10, 0x00000185d061d4b0, 0x00000185d0621650,
0x00000185d0620fc0, 0x00000185d0621ce0, 0x00000185d061e860, 0x00000185d0622370,
0x00000185d0623db0, 0x00000185d302f860, 0x00000185d30312a0, 0x00000185d3030c10,
0x00000185d3030580, 0x00000185d302e4b0, 0x00000185d302f1d0, 0x00000185d302eb40,
0x00000185d3031930, 0x00000185d0d7b810, 0x00000185ff428990
}

Java Threads: ( => current thread )
  0x00000185ed8c9be0 JavaThread "main"                              [_thread_blocked, id=23560, stack(0x00000009ac700000,0x00000009ac800000) (1024K)]
  0x00000185f87a8250 JavaThread "Reference Handler"          daemon [_thread_blocked, id=23384, stack(0x00000009acf00000,0x00000009ad000000) (1024K)]
  0x00000185f87a8cb0 JavaThread "Finalizer"                  daemon [_thread_blocked, id=8956, stack(0x00000009ad000000,0x00000009ad100000) (1024K)]
  0x00000185f87ade70 JavaThread "Signal Dispatcher"          daemon [_thread_blocked, id=15824, stack(0x00000009ad100000,0x00000009ad200000) (1024K)]
  0x00000185f87aeb30 JavaThread "Attach Listener"            daemon [_thread_blocked, id=23548, stack(0x00000009ad200000,0x00000009ad300000) (1024K)]
  0x00000185f87af6c0 JavaThread "Service Thread"             daemon [_thread_blocked, id=24476, stack(0x00000009ad300000,0x00000009ad400000) (1024K)]
  0x00000185f87b14e0 JavaThread "Monitor Deflation Thread"   daemon [_thread_blocked, id=14352, stack(0x00000009ad400000,0x00000009ad500000) (1024K)]
  0x00000185f87bcad0 JavaThread "C2 CompilerThread0"         daemon [_thread_blocked, id=12860, stack(0x00000009ad500000,0x00000009ad600000) (1024K)]
  0x00000185f87bdd60 JavaThread "C1 CompilerThread0"         daemon [_thread_blocked, id=4760, stack(0x00000009ad600000,0x00000009ad700000) (1024K)]
  0x00000185f8b4bbd0 JavaThread "Common-Cleaner"             daemon [_thread_blocked, id=23420, stack(0x00000009ad800000,0x00000009ad900000) (1024K)]
  0x00000185f8acde10 JavaThread "Notification Thread"        daemon [_thread_blocked, id=10236, stack(0x00000009ad900000,0x00000009ada00000) (1024K)]
  0x00000185fd453350 JavaThread "Daemon health stats"               [_thread_blocked, id=16852, stack(0x00000009ae200000,0x00000009ae300000) (1024K)]
  0x00000185fde84700 JavaThread "Incoming local TCP Connector on port 51114"        [_thread_in_native, id=22536, stack(0x00000009ae300000,0x00000009ae400000) (1024K)]
  0x00000185fe7b9e40 JavaThread "Daemon periodic checks"            [_thread_blocked, id=16004, stack(0x00000009ae400000,0x00000009ae500000) (1024K)]
  0x00000185fe8916d0 JavaThread "Daemon"                            [_thread_blocked, id=8332, stack(0x00000009ae500000,0x00000009ae600000) (1024K)]
  0x00000185fe8e2040 JavaThread "Handler for socket connection from /127.0.0.1:51114 to /127.0.0.1:51115"        [_thread_in_native, id=22828, stack(0x00000009ae600000,0x00000009ae700000) (1024K)]
  0x00000185fe8c7540 JavaThread "Cancel handler"                    [_thread_blocked, id=21608, stack(0x00000009ae700000,0x00000009ae800000) (1024K)]
  0x00000185fe888790 JavaThread "Daemon worker"                     [_thread_blocked, id=20640, stack(0x00000009ae800000,0x00000009ae900000) (1024K)]
  0x00000185fe885310 JavaThread "Asynchronous log dispatcher for DefaultDaemonConnection: socket connection from /127.0.0.1:51114 to /127.0.0.1:51115"        [_thread_blocked, id=24016, stack(0x00000009ae900000,0x00000009aea00000) (1024K)]
  0x00000185fe887a70 JavaThread "Stdin handler"                     [_thread_blocked, id=3088, stack(0x00000009aea00000,0x00000009aeb00000) (1024K)]
  0x00000185fe8859a0 JavaThread "Daemon client event forwarder"        [_thread_blocked, id=19732, stack(0x00000009aeb00000,0x00000009aec00000) (1024K)]
  0x00000185fe8866c0 JavaThread "Cache worker for journal cache (C:\Users\WALSTAR\.gradle\caches\journal-1)"        [_thread_blocked, id=22260, stack(0x00000009aec00000,0x00000009aed00000) (1024K)]
  0x00000185fe888100 JavaThread "File lock request listener"        [_thread_in_native, id=6748, stack(0x00000009aed00000,0x00000009aee00000) (1024K)]
  0x00000185fe886d50 JavaThread "Cache worker for file hash cache (C:\Users\WALSTAR\.gradle\caches\9.0.0\fileHashes)"        [_thread_blocked, id=23008, stack(0x00000009aee00000,0x00000009aef00000) (1024K)]
  0x00000185ff429d40 JavaThread "Cache worker for file hash cache (D:\native-new\node_modules\react-native-reanimated\android\.gradle\9.0.0\fileHashes)"        [_thread_blocked, id=22980, stack(0x00000009af300000,0x00000009af400000) (1024K)]
  0x00000185ff4275e0 JavaThread "Cache worker for Build Output Cleanup Cache (D:\native-new\node_modules\react-native-reanimated\android\.gradle\buildOutputCleanup)"        [_thread_blocked, id=15900, stack(0x00000009af400000,0x00000009af500000) (1024K)]
  0x00000185ff428300 JavaThread "File watcher server"        daemon [_thread_in_native, id=1004, stack(0x00000009ada00000,0x00000009adb00000) (1024K)]
  0x00000185ff42a3d0 JavaThread "File watcher consumer"      daemon [_thread_blocked, id=24216, stack(0x00000009af500000,0x00000009af600000) (1024K)]
  0x00000185ff427c70 JavaThread "Cache worker for checksums cache (D:\native-new\node_modules\react-native-reanimated\android\.gradle\9.0.0\checksums)"        [_thread_blocked, id=12736, stack(0x00000009ad700000,0x00000009ad800000) (1024K)]
  0x00000185ff426f50 JavaThread "Cache worker for file content cache (C:\Users\WALSTAR\.gradle\caches\9.0.0\fileContent)"        [_thread_blocked, id=14012, stack(0x00000009af600000,0x00000009af700000) (1024K)]
  0x00000185ff42aa60 JavaThread "Cache worker for cache directory md-supplier (C:\Users\WALSTAR\.gradle\caches\9.0.0\md-supplier)"        [_thread_blocked, id=9856, stack(0x00000009af700000,0x00000009af800000) (1024K)]
  0x00000185ff42b0f0 JavaThread "Cache worker for cache directory md-rule (C:\Users\WALSTAR\.gradle\caches\9.0.0\md-rule)"        [_thread_blocked, id=23864, stack(0x00000009af800000,0x00000009af900000) (1024K)]
  0x00000185ff42b780 JavaThread "jar transforms"                    [_thread_blocked, id=19236, stack(0x00000009af900000,0x00000009afa00000) (1024K)]
  0x00000185ff42be10 JavaThread "jar transforms Thread 2"           [_thread_blocked, id=9236, stack(0x00000009afc00000,0x00000009afd00000) (1024K)]
  0x00000185ff42c4a0 JavaThread "jar transforms Thread 3"           [_thread_blocked, id=19812, stack(0x00000009afd00000,0x00000009afe00000) (1024K)]
  0x00000185ff42d1c0 JavaThread "Unconstrained build operations"        [_thread_blocked, id=10200, stack(0x00000009afa00000,0x00000009afb00000) (1024K)]
  0x00000185ff42d850 JavaThread "Unconstrained build operations Thread 2"        [_thread_blocked, id=18408, stack(0x00000009afb00000,0x00000009afc00000) (1024K)]
  0x00000185d36c5e00 JavaThread "Unconstrained build operations Thread 3"        [_thread_blocked, id=20060, stack(0x00000009afe00000,0x00000009aff00000) (1024K)]
  0x00000185d36c3010 JavaThread "Unconstrained build operations Thread 4"        [_thread_blocked, id=20576, stack(0x00000009aff00000,0x00000009b0000000) (1024K)]
  0x00000185d36c43c0 JavaThread "Unconstrained build operations Thread 5"        [_thread_blocked, id=10796, stack(0x00000009b0000000,0x00000009b0100000) (1024K)]
  0x00000185d36c36a0 JavaThread "Unconstrained build operations Thread 6"        [_thread_blocked, id=4192, stack(0x00000009b0100000,0x00000009b0200000) (1024K)]
  0x00000185d36c50e0 JavaThread "Unconstrained build operations Thread 7"        [_thread_blocked, id=22308, stack(0x00000009b0200000,0x00000009b0300000) (1024K)]
  0x00000185d36c5770 JavaThread "Unconstrained build operations Thread 8"        [_thread_blocked, id=23580, stack(0x00000009b0300000,0x00000009b0400000) (1024K)]
  0x00000185d36c3d30 JavaThread "Unconstrained build operations Thread 9"        [_thread_blocked, id=4624, stack(0x00000009b0400000,0x00000009b0500000) (1024K)]
  0x00000185d36c2980 JavaThread "Unconstrained build operations Thread 10"        [_thread_blocked, id=4384, stack(0x00000009b0500000,0x00000009b0600000) (1024K)]
  0x00000185d36c6490 JavaThread "Unconstrained build operations Thread 11"        [_thread_blocked, id=14528, stack(0x00000009b0600000,0x00000009b0700000) (1024K)]
  0x00000185d36c7ed0 JavaThread "Unconstrained build operations Thread 12"        [_thread_blocked, id=2924, stack(0x00000009b0800000,0x00000009b0900000) (1024K)]
  0x00000185d36c6b20 JavaThread "Unconstrained build operations Thread 13"        [_thread_blocked, id=8620, stack(0x00000009b0900000,0x00000009b0a00000) (1024K)]
  0x00000185d36c71b0 JavaThread "Unconstrained build operations Thread 14"        [_thread_blocked, id=4236, stack(0x00000009b0a00000,0x00000009b0b00000) (1024K)]
  0x00000185d36c7840 JavaThread "Unconstrained build operations Thread 15"        [_thread_blocked, id=22212, stack(0x00000009b0b00000,0x00000009b0c00000) (1024K)]
  0x00000185d36c4a50 JavaThread "Unconstrained build operations Thread 16"        [_thread_blocked, id=15600, stack(0x00000009b0c00000,0x00000009b0d00000) (1024K)]
  0x00000185d36c8560 JavaThread "Unconstrained build operations Thread 17"        [_thread_blocked, id=10860, stack(0x00000009b0d00000,0x00000009b0e00000) (1024K)]
  0x00000185d36c8bf0 JavaThread "Unconstrained build operations Thread 18"        [_thread_blocked, id=11624, stack(0x00000009b0e00000,0x00000009b0f00000) (1024K)]
  0x00000185d36c9280 JavaThread "Unconstrained build operations Thread 19"        [_thread_blocked, id=16984, stack(0x00000009b0f00000,0x00000009b1000000) (1024K)]
  0x00000185d36c9910 JavaThread "Unconstrained build operations Thread 20"        [_thread_blocked, id=21740, stack(0x00000009b1000000,0x00000009b1100000) (1024K)]
  0x00000185d36c9fa0 JavaThread "Unconstrained build operations Thread 21"        [_thread_blocked, id=16552, stack(0x00000009b1100000,0x00000009b1200000) (1024K)]
  0x00000185d061db40 JavaThread "Unconstrained build operations Thread 22"        [_thread_blocked, id=9544, stack(0x00000009b1200000,0x00000009b1300000) (1024K)]
  0x00000185d061eef0 JavaThread "Unconstrained build operations Thread 23"        [_thread_blocked, id=2684, stack(0x00000009b1300000,0x00000009b1400000) (1024K)]
  0x00000185d06202a0 JavaThread "Unconstrained build operations Thread 24"        [_thread_blocked, id=14656, stack(0x00000009b1400000,0x00000009b1500000) (1024K)]
  0x00000185d061ce20 JavaThread "Unconstrained build operations Thread 25"        [_thread_blocked, id=11040, stack(0x00000009b1500000,0x00000009b1600000) (1024K)]
  0x00000185d0620930 JavaThread "Unconstrained build operations Thread 26"        [_thread_blocked, id=24252, stack(0x00000009b1600000,0x00000009b1700000) (1024K)]
  0x00000185d061fc10 JavaThread "Unconstrained build operations Thread 27"        [_thread_blocked, id=2272, stack(0x00000009b1700000,0x00000009b1800000) (1024K)]
  0x00000185d061d4b0 JavaThread "Unconstrained build operations Thread 28"        [_thread_blocked, id=22628, stack(0x00000009b1800000,0x00000009b1900000) (1024K)]
  0x00000185d0621650 JavaThread "Unconstrained build operations Thread 29"        [_thread_blocked, id=22368, stack(0x00000009b1900000,0x00000009b1a00000) (1024K)]
  0x00000185d0620fc0 JavaThread "Unconstrained build operations Thread 30"        [_thread_blocked, id=9144, stack(0x00000009b1a00000,0x00000009b1b00000) (1024K)]
  0x00000185d0621ce0 JavaThread "Unconstrained build operations Thread 31"        [_thread_blocked, id=5996, stack(0x00000009b1b00000,0x00000009b1c00000) (1024K)]
  0x00000185d061e860 JavaThread "Unconstrained build operations Thread 32"        [_thread_blocked, id=6920, stack(0x00000009b1c00000,0x00000009b1d00000) (1024K)]
  0x00000185d0622370 JavaThread "Unconstrained build operations Thread 33"        [_thread_blocked, id=16324, stack(0x00000009b1d00000,0x00000009b1e00000) (1024K)]
  0x00000185d0623db0 JavaThread "jar transforms Thread 4"           [_thread_blocked, id=13416, stack(0x00000009b0700000,0x00000009b0800000) (1024K)]
  0x00000185d302f860 JavaThread "Exec process"                      [_thread_blocked, id=14236, stack(0x00000009b1f00000,0x00000009b2000000) (1024K)]
  0x00000185d30312a0 JavaThread "Exec process Thread 2"             [_thread_blocked, id=9224, stack(0x00000009b2000000,0x00000009b2100000) (1024K)]
  0x00000185d3030c10 JavaThread "Exec process Thread 3"             [_thread_blocked, id=22836, stack(0x00000009b2100000,0x00000009b2200000) (1024K)]
  0x00000185d3030580 JavaThread "Problems report writer"            [_thread_blocked, id=11764, stack(0x00000009b1e00000,0x00000009b1f00000) (1024K)]
  0x00000185d302e4b0 JavaThread "jar transforms Thread 5"           [_thread_blocked, id=14832, stack(0x00000009b2300000,0x00000009b2400000) (1024K)]
  0x00000185d302f1d0 JavaThread "jar transforms Thread 6"           [_thread_blocked, id=5136, stack(0x00000009b2200000,0x00000009b2300000) (1024K)]
  0x00000185d302eb40 JavaThread "build event listener"              [_thread_blocked, id=2748, stack(0x00000009b2400000,0x00000009b2500000) (1024K)]
  0x00000185d3031930 JavaThread "Memory manager"                    [_thread_blocked, id=16204, stack(0x00000009b2700000,0x00000009b2800000) (1024K)]
  0x00000185d0d7b810 JavaThread "C2 CompilerThread1"         daemon [_thread_blocked, id=18480, stack(0x00000009b2500000,0x00000009b2600000) (1024K)]
  0x00000185ff428990 JavaThread "Keep-Alive-Timer"           daemon [_thread_blocked, id=21856, stack(0x00000009b2800000,0x00000009b2900000) (1024K)]
Total: 79

Other Threads:
  0x00000185f878be60 VMThread "VM Thread"                           [id=21404, stack(0x00000009ace00000,0x00000009acf00000) (1024K)]
  0x00000185f877cc40 WatcherThread "VM Periodic Task Thread"        [id=23380, stack(0x00000009acd00000,0x00000009ace00000) (1024K)]
  0x00000185ed98e010 WorkerThread "GC Thread#0"                     [id=2148, stack(0x00000009ac800000,0x00000009ac900000) (1024K)]
=>0x00000185f8a56540 WorkerThread "GC Thread#1"                     [id=21588, stack(0x00000009adb00000,0x00000009adc00000) (1024K)]
  0x00000185fd03ec70 WorkerThread "GC Thread#2"                     [id=21556, stack(0x00000009adc00000,0x00000009add00000) (1024K)]
  0x00000185f8a71bb0 WorkerThread "GC Thread#3"                     [id=17472, stack(0x00000009add00000,0x00000009ade00000) (1024K)]
  0x00000185f8a71f60 WorkerThread "GC Thread#4"                     [id=17964, stack(0x00000009ade00000,0x00000009adf00000) (1024K)]
  0x00000185fd40d950 WorkerThread "GC Thread#5"                     [id=23756, stack(0x00000009adf00000,0x00000009ae000000) (1024K)]
  0x00000185fdbbee80 WorkerThread "GC Thread#6"                     [id=22600, stack(0x00000009ae000000,0x00000009ae100000) (1024K)]
  0x00000185fdbbf230 WorkerThread "GC Thread#7"                     [id=8264, stack(0x00000009ae100000,0x00000009ae200000) (1024K)]
  0x00000185fe79fdf0 WorkerThread "GC Thread#8"                     [id=17468, stack(0x00000009aef00000,0x00000009af000000) (1024K)]
  0x00000185ff13d2e0 WorkerThread "GC Thread#9"                     [id=3352, stack(0x00000009af000000,0x00000009af100000) (1024K)]
  0x00000185efd4bd80 ConcurrentGCThread "G1 Main Marker"            [id=24452, stack(0x00000009ac900000,0x00000009aca00000) (1024K)]
  0x00000185efd4e630 WorkerThread "G1 Conc#0"                       [id=21728, stack(0x00000009aca00000,0x00000009acb00000) (1024K)]
  0x00000185ff13a6a0 WorkerThread "G1 Conc#1"                       [id=13796, stack(0x00000009af100000,0x00000009af200000) (1024K)]
  0x00000185ff13ae00 WorkerThread "G1 Conc#2"                       [id=24464, stack(0x00000009af200000,0x00000009af300000) (1024K)]
  0x00000185f86caea0 ConcurrentGCThread "G1 Refine#0"               [id=6384, stack(0x00000009acb00000,0x00000009acc00000) (1024K)]
  0x00000185f86cc6e0 ConcurrentGCThread "G1 Service"                [id=13064, stack(0x00000009acc00000,0x00000009acd00000) (1024K)]
Total: 18

Threads with active compile tasks:
C2 CompilerThread0  38502 14120   !   4       com.sun.org.apache.xerces.internal.impl.XMLDocumentFragmentScannerImpl$FragmentContentDriver::next (2331 bytes)
C2 CompilerThread1  38502 14124       4       com.sun.org.apache.xerces.internal.impl.XMLEntityScanner::scanQName (580 bytes)
Total: 2

VM state: at safepoint (normal execution)

VM Mutex/Monitor currently owned by a thread:  ([mutex/lock_event])
[0x00007ffeb862bfe0] FreeList_lock - owner thread: 0x00000185f8a56540
[0x00007ffeb862e560] Threads_lock - owner thread: 0x00000185f878be60
[0x00007ffeb862e660] Heap_lock - owner thread: 0x00000185fe888790

Heap address: 0x0000000080000000, size: 2048 MB, Compressed Oops mode: 32-bit

CDS archive(s) mapped at: [0x000001858f000000-0x000001858fba0000-0x000001858fba0000), size 12189696, SharedBaseAddress: 0x000001858f000000, ArchiveRelocationMode: 1.
Compressed class space mapped at: 0x0000018590000000-0x00000185d0000000, reserved size: 1073741824
Narrow klass base: 0x000001858f000000, Narrow klass shift: 0, Narrow klass range: 0x100000000

GC Precious Log:
 CardTable entry size: 512
 Card Set container configuration: InlinePtr #cards 5 size 8 Array Of Cards #cards 12 size 40 Howl #buckets 4 coarsen threshold 1843 Howl Bitmap #cards 512 size 80 coarsen threshold 460 Card regions per heap region 1 cards per card region 2048
 CPUs: 12 total, 12 available
 Memory: 16092M
 Large Page Support: Disabled
 NUMA Support: Disabled
 Compressed Oops: Enabled (32-bit)
 Heap Region Size: 1M
 Heap Min Capacity: 8M
 Heap Initial Capacity: 252M
 Heap Max Capacity: 2G
 Pre-touch: Disabled
 Parallel Workers: 10
 Concurrent Workers: 3
 Concurrent Refinement Workers: 10
 Periodic GC: Disabled

Heap:
 garbage-first heap   total 167936K, used 153951K [0x0000000080000000, 0x0000000100000000)
  region size 1024K, 55 young (56320K), 6 survivors (6144K)
 Metaspace       used 90731K, committed 93120K, reserved 1179648K
  class space    used 12904K, committed 14080K, reserved 1048576K

Heap Regions: E=young(eden), S=young(survivor), O=old, HS=humongous(starts), HC=humongous(continues), CS=collection set, F=free, TAMS=top-at-mark-start, PB=parsable bottom
|   0|0x0000000080000000, 0x0000000080100000, 0x0000000080100000|100%|HS|  |TAMS 0x0000000080000000| PB 0x0000000080000000| Complete 
|   1|0x0000000080100000, 0x0000000080200000, 0x0000000080200000|100%|HC|  |TAMS 0x0000000080100000| PB 0x0000000080100000| Complete 
|   2|0x0000000080200000, 0x0000000080300000, 0x0000000080300000|100%|HC|  |TAMS 0x0000000080200000| PB 0x0000000080200000| Complete 
|   3|0x0000000080300000, 0x0000000080400000, 0x0000000080400000|100%| O|  |TAMS 0x0000000080300000| PB 0x0000000080300000| Untracked 
|   4|0x0000000080400000, 0x0000000080500000, 0x0000000080500000|100%| O|  |TAMS 0x0000000080400000| PB 0x0000000080400000| Untracked 
|   5|0x0000000080500000, 0x0000000080600000, 0x0000000080600000|100%| O|  |TAMS 0x0000000080500000| PB 0x0000000080500000| Untracked 
|   6|0x0000000080600000, 0x0000000080700000, 0x0000000080700000|100%|HS|  |TAMS 0x0000000080600000| PB 0x0000000080600000| Complete 
|   7|0x0000000080700000, 0x0000000080800000, 0x0000000080800000|100%| O|  |TAMS 0x0000000080700000| PB 0x0000000080700000| Untracked 
|   8|0x0000000080800000, 0x0000000080900000, 0x0000000080900000|100%| O|  |TAMS 0x0000000080800000| PB 0x0000000080800000| Untracked 
|   9|0x0000000080900000, 0x0000000080a00000, 0x0000000080a00000|100%| O|  |TAMS 0x0000000080900000| PB 0x0000000080900000| Untracked 
|  10|0x0000000080a00000, 0x0000000080b00000, 0x0000000080b00000|100%| O|  |TAMS 0x0000000080a00000| PB 0x0000000080a00000| Untracked 
|  11|0x0000000080b00000, 0x0000000080c00000, 0x0000000080c00000|100%| O|  |TAMS 0x0000000080b00000| PB 0x0000000080b00000| Untracked 
|  12|0x0000000080c00000, 0x0000000080d00000, 0x0000000080d00000|100%| O|  |TAMS 0x0000000080c00000| PB 0x0000000080c00000| Untracked 
|  13|0x0000000080d00000, 0x0000000080e00000, 0x0000000080e00000|100%| O|  |TAMS 0x0000000080d00000| PB 0x0000000080d00000| Untracked 
|  14|0x0000000080e00000, 0x0000000080f00000, 0x0000000080f00000|100%| O|  |TAMS 0x0000000080e00000| PB 0x0000000080e00000| Untracked 
|  15|0x0000000080f00000, 0x0000000081000000, 0x0000000081000000|100%| O|  |TAMS 0x0000000080f00000| PB 0x0000000080f00000| Untracked 
|  16|0x0000000081000000, 0x0000000081100000, 0x0000000081100000|100%| O|  |TAMS 0x0000000081000000| PB 0x0000000081000000| Untracked 
|  17|0x0000000081100000, 0x0000000081200000, 0x0000000081200000|100%| O|  |TAMS 0x0000000081100000| PB 0x0000000081100000| Untracked 
|  18|0x0000000081200000, 0x0000000081300000, 0x0000000081300000|100%| O|  |TAMS 0x0000000081200000| PB 0x0000000081200000| Untracked 
|  19|0x0000000081300000, 0x0000000081400000, 0x0000000081400000|100%| O|  |TAMS 0x0000000081300000| PB 0x0000000081300000| Untracked 
|  20|0x0000000081400000, 0x0000000081500000, 0x0000000081500000|100%| O|  |TAMS 0x0000000081400000| PB 0x0000000081400000| Untracked 
|  21|0x0000000081500000, 0x0000000081600000, 0x0000000081600000|100%| O|  |TAMS 0x0000000081500000| PB 0x0000000081500000| Untracked 
|  22|0x0000000081600000, 0x0000000081700000, 0x0000000081700000|100%| O|  |TAMS 0x0000000081600000| PB 0x0000000081600000| Untracked 
|  23|0x0000000081700000, 0x0000000081800000, 0x0000000081800000|100%| O|  |TAMS 0x0000000081700000| PB 0x0000000081700000| Untracked 
|  24|0x0000000081800000, 0x0000000081900000, 0x0000000081900000|100%| O|  |TAMS 0x0000000081800000| PB 0x0000000081800000| Untracked 
|  25|0x0000000081900000, 0x0000000081a00000, 0x0000000081a00000|100%| O|  |TAMS 0x0000000081900000| PB 0x0000000081900000| Untracked 
|  26|0x0000000081a00000, 0x0000000081b00000, 0x0000000081b00000|100%| O|  |TAMS 0x0000000081a00000| PB 0x0000000081a00000| Untracked 
|  27|0x0000000081b00000, 0x0000000081c00000, 0x0000000081c00000|100%| O|  |TAMS 0x0000000081b00000| PB 0x0000000081b00000| Untracked 
|  28|0x0000000081c00000, 0x0000000081d00000, 0x0000000081d00000|100%| O|  |TAMS 0x0000000081c00000| PB 0x0000000081c00000| Untracked 
|  29|0x0000000081d00000, 0x0000000081e00000, 0x0000000081e00000|100%| O|  |TAMS 0x0000000081d00000| PB 0x0000000081d00000| Untracked 
|  30|0x0000000081e00000, 0x0000000081f00000, 0x0000000081f00000|100%| O|  |TAMS 0x0000000081e00000| PB 0x0000000081e00000| Untracked 
|  31|0x0000000081f00000, 0x0000000082000000, 0x0000000082000000|100%| O|  |TAMS 0x0000000081f00000| PB 0x0000000081f00000| Untracked 
|  32|0x0000000082000000, 0x0000000082100000, 0x0000000082100000|100%| O|  |TAMS 0x0000000082000000| PB 0x0000000082000000| Untracked 
|  33|0x0000000082100000, 0x0000000082200000, 0x0000000082200000|100%| O|  |TAMS 0x0000000082100000| PB 0x0000000082100000| Untracked 
|  34|0x0000000082200000, 0x0000000082300000, 0x0000000082300000|100%| O|  |TAMS 0x0000000082200000| PB 0x0000000082200000| Untracked 
|  35|0x0000000082300000, 0x0000000082400000, 0x0000000082400000|100%| O|  |TAMS 0x0000000082300000| PB 0x0000000082300000| Untracked 
|  36|0x0000000082400000, 0x0000000082500000, 0x0000000082500000|100%| O|  |TAMS 0x0000000082400000| PB 0x0000000082400000| Untracked 
|  37|0x0000000082500000, 0x0000000082600000, 0x0000000082600000|100%| O|  |TAMS 0x0000000082500000| PB 0x0000000082500000| Untracked 
|  38|0x0000000082600000, 0x0000000082700000, 0x0000000082700000|100%| O|CS|TAMS 0x0000000082600000| PB 0x0000000082600000| Complete 
|  39|0x0000000082700000, 0x0000000082800000, 0x0000000082800000|100%|HS|  |TAMS 0x0000000082700000| PB 0x0000000082700000| Complete 
|  40|0x0000000082800000, 0x0000000082900000, 0x0000000082900000|100%| O|  |TAMS 0x0000000082800000| PB 0x0000000082800000| Untracked 
|  41|0x0000000082900000, 0x0000000082a00000, 0x0000000082a00000|100%|HS|  |TAMS 0x0000000082900000| PB 0x0000000082900000| Complete 
|  42|0x0000000082a00000, 0x0000000082b00000, 0x0000000082b00000|100%|HS|  |TAMS 0x0000000082a00000| PB 0x0000000082a00000| Complete 
|  43|0x0000000082b00000, 0x0000000082c00000, 0x0000000082c00000|100%| O|  |TAMS 0x0000000082b00000| PB 0x0000000082b00000| Untracked 
|  44|0x0000000082c00000, 0x0000000082d00000, 0x0000000082d00000|100%| O|  |TAMS 0x0000000082c00000| PB 0x0000000082c00000| Untracked 
|  45|0x0000000082d00000, 0x0000000082e00000, 0x0000000082e00000|100%| O|  |TAMS 0x0000000082d00000| PB 0x0000000082d00000| Untracked 
|  46|0x0000000082e00000, 0x0000000082f00000, 0x0000000082f00000|100%| O|  |TAMS 0x0000000082e00000| PB 0x0000000082e00000| Untracked 
|  47|0x0000000082f00000, 0x0000000083000000, 0x0000000083000000|100%| O|  |TAMS 0x0000000082f00000| PB 0x0000000082f00000| Untracked 
|  48|0x0000000083000000, 0x0000000083100000, 0x0000000083100000|100%| O|  |TAMS 0x0000000083000000| PB 0x0000000083000000| Untracked 
|  49|0x0000000083100000, 0x0000000083200000, 0x0000000083200000|100%| O|CS|TAMS 0x0000000083100000| PB 0x0000000083100000| Complete 
|  50|0x0000000083200000, 0x0000000083300000, 0x0000000083300000|100%|HS|  |TAMS 0x0000000083200000| PB 0x0000000083200000| Complete 
|  51|0x0000000083300000, 0x0000000083400000, 0x0000000083400000|100%|HS|  |TAMS 0x0000000083300000| PB 0x0000000083300000| Complete 
|  52|0x0000000083400000, 0x0000000083500000, 0x0000000083500000|100%| O|  |TAMS 0x0000000083400000| PB 0x0000000083400000| Untracked 
|  53|0x0000000083500000, 0x0000000083600000, 0x0000000083600000|100%| O|  |TAMS 0x0000000083500000| PB 0x0000000083500000| Untracked 
|  54|0x0000000083600000, 0x0000000083700000, 0x0000000083700000|100%| O|  |TAMS 0x0000000083600000| PB 0x0000000083600000| Untracked 
|  55|0x0000000083700000, 0x0000000083800000, 0x0000000083800000|100%| O|  |TAMS 0x0000000083700000| PB 0x0000000083700000| Untracked 
|  56|0x0000000083800000, 0x0000000083900000, 0x0000000083900000|100%| O|  |TAMS 0x0000000083800000| PB 0x0000000083800000| Untracked 
|  57|0x0000000083900000, 0x0000000083a00000, 0x0000000083a00000|100%| O|  |TAMS 0x0000000083900000| PB 0x0000000083900000| Untracked 
|  58|0x0000000083a00000, 0x0000000083b00000, 0x0000000083b00000|100%| O|  |TAMS 0x0000000083a00000| PB 0x0000000083a00000| Untracked 
|  59|0x0000000083b00000, 0x0000000083c00000, 0x0000000083c00000|100%| O|  |TAMS 0x0000000083b00000| PB 0x0000000083b00000| Untracked 
|  60|0x0000000083c00000, 0x0000000083d00000, 0x0000000083d00000|100%| O|  |TAMS 0x0000000083c00000| PB 0x0000000083c00000| Untracked 
|  61|0x0000000083d00000, 0x0000000083e00000, 0x0000000083e00000|100%| O|  |TAMS 0x0000000083d00000| PB 0x0000000083d00000| Untracked 
|  62|0x0000000083e00000, 0x0000000083f00000, 0x0000000083f00000|100%| O|  |TAMS 0x0000000083e00000| PB 0x0000000083e00000| Untracked 
|  63|0x0000000083f00000, 0x0000000084000000, 0x0000000084000000|100%| O|  |TAMS 0x0000000083f00000| PB 0x0000000083f00000| Untracked 
|  64|0x0000000084000000, 0x0000000084100000, 0x0000000084100000|100%| O|  |TAMS 0x0000000084000000| PB 0x0000000084000000| Untracked 
|  65|0x0000000084100000, 0x0000000084200000, 0x0000000084200000|100%| O|  |TAMS 0x0000000084100000| PB 0x0000000084100000| Untracked 
|  66|0x0000000084200000, 0x0000000084300000, 0x0000000084300000|100%| O|  |TAMS 0x0000000084200000| PB 0x0000000084200000| Untracked 
|  67|0x0000000084300000, 0x0000000084400000, 0x0000000084400000|100%| O|  |TAMS 0x0000000084300000| PB 0x0000000084300000| Untracked 
|  68|0x0000000084400000, 0x0000000084500000, 0x0000000084500000|100%| O|  |TAMS 0x0000000084400000| PB 0x0000000084400000| Untracked 
|  69|0x0000000084500000, 0x0000000084600000, 0x0000000084600000|100%| O|  |TAMS 0x0000000084500000| PB 0x0000000084500000| Untracked 
|  70|0x0000000084600000, 0x0000000084700000, 0x0000000084700000|100%| O|  |TAMS 0x0000000084600000| PB 0x0000000084600000| Untracked 
|  71|0x0000000084700000, 0x0000000084800000, 0x0000000084800000|100%| O|  |TAMS 0x0000000084700000| PB 0x0000000084700000| Untracked 
|  72|0x0000000084800000, 0x0000000084900000, 0x0000000084900000|100%| O|CS|TAMS 0x0000000084800000| PB 0x0000000084800000| Complete 
|  73|0x0000000084900000, 0x0000000084a00000, 0x0000000084a00000|100%| O|  |TAMS 0x0000000084900000| PB 0x0000000084900000| Untracked 
|  74|0x0000000084a00000, 0x0000000084b00000, 0x0000000084b00000|100%| O|  |TAMS 0x0000000084a00000| PB 0x0000000084a00000| Untracked 
|  75|0x0000000084b00000, 0x0000000084c00000, 0x0000000084c00000|100%| O|  |TAMS 0x0000000084b00000| PB 0x0000000084b00000| Untracked 
|  76|0x0000000084c00000, 0x0000000084d00000, 0x0000000084d00000|100%| O|  |TAMS 0x0000000084c00000| PB 0x0000000084c00000| Untracked 
|  77|0x0000000084d00000, 0x0000000084e00000, 0x0000000084e00000|100%| O|  |TAMS 0x0000000084d00000| PB 0x0000000084d00000| Untracked 
|  78|0x0000000084e00000, 0x0000000084f00000, 0x0000000084f00000|100%| O|  |TAMS 0x0000000084e00000| PB 0x0000000084e00000| Untracked 
|  79|0x0000000084f00000, 0x0000000085000000, 0x0000000085000000|100%| O|  |TAMS 0x0000000084f00000| PB 0x0000000084f00000| Untracked 
|  80|0x0000000085000000, 0x0000000085100000, 0x0000000085100000|100%| O|CS|TAMS 0x0000000085000000| PB 0x0000000085000000| Complete 
|  81|0x0000000085100000, 0x0000000085200000, 0x0000000085200000|100%| O|  |TAMS 0x0000000085100000| PB 0x0000000085100000| Untracked 
|  82|0x0000000085200000, 0x0000000085300000, 0x0000000085300000|100%| O|  |TAMS 0x0000000085200000| PB 0x0000000085200000| Untracked 
|  83|0x0000000085300000, 0x0000000085400000, 0x0000000085400000|100%| O|  |TAMS 0x0000000085300000| PB 0x0000000085300000| Untracked 
|  84|0x0000000085400000, 0x0000000085500000, 0x0000000085500000|100%| O|  |TAMS 0x0000000085400000| PB 0x0000000085400000| Untracked 
|  85|0x0000000085500000, 0x0000000085600000, 0x0000000085600000|100%| O|  |TAMS 0x0000000085500000| PB 0x0000000085500000| Untracked 
|  86|0x0000000085600000, 0x0000000085700000, 0x0000000085700000|100%| O|  |TAMS 0x0000000085600000| PB 0x0000000085600000| Untracked 
|  87|0x0000000085700000, 0x0000000085800000, 0x0000000085800000|100%| O|  |TAMS 0x0000000085700000| PB 0x0000000085700000| Untracked 
|  88|0x0000000085800000, 0x0000000085900000, 0x0000000085900000|100%| O|  |TAMS 0x0000000085800000| PB 0x0000000085800000| Untracked 
|  89|0x0000000085900000, 0x0000000085a00000, 0x0000000085a00000|100%| O|  |TAMS 0x0000000085900000| PB 0x0000000085900000| Untracked 
|  90|0x0000000085a00000, 0x0000000085b00000, 0x0000000085b00000|100%| O|  |TAMS 0x0000000085a00000| PB 0x0000000085a00000| Untracked 
|  91|0x0000000085b00000, 0x0000000085b25a28, 0x0000000085c00000| 14%| S|  |TAMS 0x0000000085b00000| PB 0x0000000085b00000| Complete 
|  92|0x0000000085c00000, 0x0000000085d00000, 0x0000000085d00000|100%| S|  |TAMS 0x0000000085c00000| PB 0x0000000085c00000| Complete 
|  93|0x0000000085d00000, 0x0000000085e00000, 0x0000000085e00000|100%| S|  |TAMS 0x0000000085d00000| PB 0x0000000085d00000| Complete 
|  94|0x0000000085e00000, 0x0000000085f00000, 0x0000000085f00000|100%| S|  |TAMS 0x0000000085e00000| PB 0x0000000085e00000| Complete 
|  95|0x0000000085f00000, 0x0000000086000000, 0x0000000086000000|100%| S|  |TAMS 0x0000000085f00000| PB 0x0000000085f00000| Complete 
|  96|0x0000000086000000, 0x0000000086100000, 0x0000000086100000|100%| S|  |TAMS 0x0000000086000000| PB 0x0000000086000000| Complete 
|  97|0x0000000086100000, 0x0000000086200000, 0x0000000086200000|100%| E|CS|TAMS 0x0000000086100000| PB 0x0000000086100000| Complete 
|  98|0x0000000086200000, 0x0000000086300000, 0x0000000086300000|100%| E|CS|TAMS 0x0000000086200000| PB 0x0000000086200000| Complete 
|  99|0x0000000086300000, 0x0000000086400000, 0x0000000086400000|100%| E|CS|TAMS 0x0000000086300000| PB 0x0000000086300000| Complete 
| 100|0x0000000086400000, 0x0000000086500000, 0x0000000086500000|100%| E|CS|TAMS 0x0000000086400000| PB 0x0000000086400000| Complete 
| 101|0x0000000086500000, 0x0000000086600000, 0x0000000086600000|100%| E|CS|TAMS 0x0000000086500000| PB 0x0000000086500000| Complete 
| 102|0x0000000086600000, 0x0000000086700000, 0x0000000086700000|100%| E|CS|TAMS 0x0000000086600000| PB 0x0000000086600000| Complete 
| 103|0x0000000086700000, 0x0000000086800000, 0x0000000086800000|100%| E|CS|TAMS 0x0000000086700000| PB 0x0000000086700000| Complete 
| 104|0x0000000086800000, 0x0000000086900000, 0x0000000086900000|100%| E|CS|TAMS 0x0000000086800000| PB 0x0000000086800000| Complete 
| 105|0x0000000086900000, 0x0000000086a00000, 0x0000000086a00000|100%| E|CS|TAMS 0x0000000086900000| PB 0x0000000086900000| Complete 
| 106|0x0000000086a00000, 0x0000000086b00000, 0x0000000086b00000|100%| E|CS|TAMS 0x0000000086a00000| PB 0x0000000086a00000| Complete 
| 107|0x0000000086b00000, 0x0000000086c00000, 0x0000000086c00000|100%| E|CS|TAMS 0x0000000086b00000| PB 0x0000000086b00000| Complete 
| 108|0x0000000086c00000, 0x0000000086d00000, 0x0000000086d00000|100%| E|CS|TAMS 0x0000000086c00000| PB 0x0000000086c00000| Complete 
| 109|0x0000000086d00000, 0x0000000086e00000, 0x0000000086e00000|100%| E|CS|TAMS 0x0000000086d00000| PB 0x0000000086d00000| Complete 
| 110|0x0000000086e00000, 0x0000000086f00000, 0x0000000086f00000|100%| E|CS|TAMS 0x0000000086e00000| PB 0x0000000086e00000| Complete 
| 111|0x0000000086f00000, 0x0000000087000000, 0x0000000087000000|100%| E|CS|TAMS 0x0000000086f00000| PB 0x0000000086f00000| Complete 
| 112|0x0000000087000000, 0x0000000087100000, 0x0000000087100000|100%| E|CS|TAMS 0x0000000087000000| PB 0x0000000087000000| Complete 
| 113|0x0000000087100000, 0x0000000087200000, 0x0000000087200000|100%| E|CS|TAMS 0x0000000087100000| PB 0x0000000087100000| Complete 
| 114|0x0000000087200000, 0x0000000087300000, 0x0000000087300000|100%| E|CS|TAMS 0x0000000087200000| PB 0x0000000087200000| Complete 
| 115|0x0000000087300000, 0x0000000087400000, 0x0000000087400000|100%| E|CS|TAMS 0x0000000087300000| PB 0x0000000087300000| Complete 
| 116|0x0000000087400000, 0x0000000087500000, 0x0000000087500000|100%| E|CS|TAMS 0x0000000087400000| PB 0x0000000087400000| Complete 
| 117|0x0000000087500000, 0x0000000087600000, 0x0000000087600000|100%| E|CS|TAMS 0x0000000087500000| PB 0x0000000087500000| Complete 
| 118|0x0000000087600000, 0x0000000087700000, 0x0000000087700000|100%| E|CS|TAMS 0x0000000087600000| PB 0x0000000087600000| Complete 
| 119|0x0000000087700000, 0x0000000087800000, 0x0000000087800000|100%| E|CS|TAMS 0x0000000087700000| PB 0x0000000087700000| Complete 
| 120|0x0000000087800000, 0x0000000087900000, 0x0000000087900000|100%| E|CS|TAMS 0x0000000087800000| PB 0x0000000087800000| Complete 
| 121|0x0000000087900000, 0x0000000087a00000, 0x0000000087a00000|100%| E|CS|TAMS 0x0000000087900000| PB 0x0000000087900000| Complete 
| 122|0x0000000087a00000, 0x0000000087b00000, 0x0000000087b00000|100%| E|CS|TAMS 0x0000000087a00000| PB 0x0000000087a00000| Complete 
| 123|0x0000000087b00000, 0x0000000087c00000, 0x0000000087c00000|100%| E|CS|TAMS 0x0000000087b00000| PB 0x0000000087b00000| Complete 
| 124|0x0000000087c00000, 0x0000000087d00000, 0x0000000087d00000|100%| E|CS|TAMS 0x0000000087c00000| PB 0x0000000087c00000| Complete 
| 125|0x0000000087d00000, 0x0000000087e00000, 0x0000000087e00000|100%| E|CS|TAMS 0x0000000087d00000| PB 0x0000000087d00000| Complete 
| 126|0x0000000087e00000, 0x0000000087f00000, 0x0000000087f00000|100%| E|CS|TAMS 0x0000000087e00000| PB 0x0000000087e00000| Complete 
| 127|0x0000000087f00000, 0x0000000088000000, 0x0000000088000000|100%| E|CS|TAMS 0x0000000087f00000| PB 0x0000000087f00000| Complete 
| 128|0x0000000088000000, 0x0000000088100000, 0x0000000088100000|100%| E|CS|TAMS 0x0000000088000000| PB 0x0000000088000000| Complete 
| 129|0x0000000088100000, 0x0000000088200000, 0x0000000088200000|100%| E|CS|TAMS 0x0000000088100000| PB 0x0000000088100000| Complete 
| 130|0x0000000088200000, 0x0000000088300000, 0x0000000088300000|100%| E|CS|TAMS 0x0000000088200000| PB 0x0000000088200000| Complete 
| 131|0x0000000088300000, 0x0000000088400000, 0x0000000088400000|100%| E|CS|TAMS 0x0000000088300000| PB 0x0000000088300000| Complete 
| 132|0x0000000088400000, 0x0000000088500000, 0x0000000088500000|100%| E|CS|TAMS 0x0000000088400000| PB 0x0000000088400000| Complete 
| 133|0x0000000088500000, 0x0000000088600000, 0x0000000088600000|100%| E|CS|TAMS 0x0000000088500000| PB 0x0000000088500000| Complete 
| 134|0x0000000088600000, 0x0000000088700000, 0x0000000088700000|100%| E|CS|TAMS 0x0000000088600000| PB 0x0000000088600000| Complete 
| 135|0x0000000088700000, 0x0000000088800000, 0x0000000088800000|100%| E|CS|TAMS 0x0000000088700000| PB 0x0000000088700000| Complete 
| 148|0x0000000089400000, 0x0000000089500000, 0x0000000089500000|100%| E|CS|TAMS 0x0000000089400000| PB 0x0000000089400000| Complete 
| 149|0x0000000089500000, 0x0000000089600000, 0x0000000089600000|100%| E|CS|TAMS 0x0000000089500000| PB 0x0000000089500000| Complete 
| 150|0x0000000089600000, 0x0000000089700000, 0x0000000089700000|100%| E|CS|TAMS 0x0000000089600000| PB 0x0000000089600000| Complete 
| 151|0x0000000089700000, 0x0000000089800000, 0x0000000089800000|100%| E|CS|TAMS 0x0000000089700000| PB 0x0000000089700000| Complete 
| 152|0x0000000089800000, 0x0000000089900000, 0x0000000089900000|100%| E|CS|TAMS 0x0000000089800000| PB 0x0000000089800000| Complete 
| 153|0x0000000089900000, 0x0000000089a00000, 0x0000000089a00000|100%| E|CS|TAMS 0x0000000089900000| PB 0x0000000089900000| Complete 
| 154|0x0000000089a00000, 0x0000000089b00000, 0x0000000089b00000|100%| E|CS|TAMS 0x0000000089a00000| PB 0x0000000089a00000| Complete 
| 155|0x0000000089b00000, 0x0000000089c00000, 0x0000000089c00000|100%| E|CS|TAMS 0x0000000089b00000| PB 0x0000000089b00000| Complete 
| 156|0x0000000089c00000, 0x0000000089d00000, 0x0000000089d00000|100%| E|CS|TAMS 0x0000000089c00000| PB 0x0000000089c00000| Complete 
| 157|0x0000000089d00000, 0x0000000089e00000, 0x0000000089e00000|100%| E|CS|TAMS 0x0000000089d00000| PB 0x0000000089d00000| Complete 
| 158|0x0000000089e00000, 0x0000000089f00000, 0x0000000089f00000|100%| E|CS|TAMS 0x0000000089e00000| PB 0x0000000089e00000| Complete 
| 159|0x0000000089f00000, 0x000000008a000000, 0x000000008a000000|100%| E|CS|TAMS 0x0000000089f00000| PB 0x0000000089f00000| Complete 
| 251|0x000000008fb00000, 0x000000008fc00000, 0x000000008fc00000|100%| E|CS|TAMS 0x000000008fb00000| PB 0x000000008fb00000| Complete 
|2033|0x00000000ff100000, 0x00000000ff200000, 0x00000000ff200000|100%| E|CS|TAMS 0x00000000ff100000| PB 0x00000000ff100000| Complete 
|2034|0x00000000ff200000, 0x00000000ff300000, 0x00000000ff300000|100%| E|CS|TAMS 0x00000000ff200000| PB 0x00000000ff200000| Complete 
|2035|0x00000000ff300000, 0x00000000ff400000, 0x00000000ff400000|100%| E|CS|TAMS 0x00000000ff300000| PB 0x00000000ff300000| Complete 
|2036|0x00000000ff400000, 0x00000000ff500000, 0x00000000ff500000|100%| E|CS|TAMS 0x00000000ff400000| PB 0x00000000ff400000| Complete 
|2037|0x00000000ff500000, 0x00000000ff600000, 0x00000000ff600000|100%| O|  |TAMS 0x00000000ff500000| PB 0x00000000ff500000| Untracked 
|2038|0x00000000ff600000, 0x00000000ff700000, 0x00000000ff700000|100%| O|  |TAMS 0x00000000ff600000| PB 0x00000000ff600000| Untracked 
|2039|0x00000000ff700000, 0x00000000ff800000, 0x00000000ff800000|100%| O|  |TAMS 0x00000000ff700000| PB 0x00000000ff700000| Untracked 
|2040|0x00000000ff800000, 0x00000000ff900000, 0x00000000ff900000|100%| O|  |TAMS 0x00000000ff800000| PB 0x00000000ff800000| Untracked 
|2041|0x00000000ff900000, 0x00000000ffa00000, 0x00000000ffa00000|100%| O|  |TAMS 0x00000000ff900000| PB 0x00000000ff900000| Untracked 
|2042|0x00000000ffa00000, 0x00000000ffb00000, 0x00000000ffb00000|100%| O|  |TAMS 0x00000000ffa00000| PB 0x00000000ffa00000| Untracked 
|2043|0x00000000ffb00000, 0x00000000ffc00000, 0x00000000ffc00000|100%| O|  |TAMS 0x00000000ffb00000| PB 0x00000000ffb00000| Untracked 
|2044|0x00000000ffc00000, 0x00000000ffd00000, 0x00000000ffd00000|100%| O|  |TAMS 0x00000000ffc00000| PB 0x00000000ffc00000| Untracked 
|2045|0x00000000ffd00000, 0x00000000ffe00000, 0x00000000ffe00000|100%| O|  |TAMS 0x00000000ffd00000| PB 0x00000000ffd00000| Untracked 
|2046|0x00000000ffe00000, 0x00000000fff00000, 0x00000000fff00000|100%| O|  |TAMS 0x00000000ffe00000| PB 0x00000000ffe00000| Untracked 
|2047|0x00000000fff00000, 0x0000000100000000, 0x0000000100000000|100%| O|  |TAMS 0x00000000fff00000| PB 0x00000000fff00000| Untracked 

Card table byte_map: [0x00000185f3730000,0x00000185f3b30000] _byte_map_base: 0x00000185f3330000

Marking Bits: (CMBitMap*) 0x00000185ed98e630
 Bits: [0x00000185f3b30000, 0x00000185f5b30000)

Polling page: 0x00000185ed860000

Metaspace:

Usage:
  Non-class:     76.00 MB used.
      Class:     12.60 MB used.
       Both:     88.60 MB used.

Virtual space:
  Non-class space:      128.00 MB reserved,      77.19 MB ( 60%) committed,  2 nodes.
      Class space:        1.00 GB reserved,      13.75 MB (  1%) committed,  1 nodes.
             Both:        1.12 GB reserved,      90.94 MB (  8%) committed. 

Chunk freelists:
   Non-Class:  2.73 MB
       Class:  2.18 MB
        Both:  4.91 MB

MaxMetaspaceSize: unlimited
CompressedClassSpaceSize: 1.00 GB
Initial GC threshold: 21.00 MB
Current GC threshold: 147.62 MB
CDS: on
 - commit_granule_bytes: 65536.
 - commit_granule_words: 8192.
 - virtual_space_node_default_size: 8388608.
 - enlarge_chunks_in_place: 1.
 - use_allocation_guard: 0.


Internal statistics:

num_allocs_failed_limit: 6.
num_arena_births: 4354.
num_arena_deaths: 6.
num_vsnodes_births: 3.
num_vsnodes_deaths: 0.
num_space_committed: 1455.
num_space_uncommitted: 0.
num_chunks_returned_to_freelist: 28.
num_chunks_taken_from_freelist: 8490.
num_chunk_merges: 3.
num_chunk_splits: 5521.
num_chunks_enlarged: 3436.
num_inconsistent_stats: 0.

CodeHeap 'non-profiled nmethods': size=120000Kb used=7464Kb max_used=7464Kb free=112535Kb
 bounds [0x0000018587ad0000, 0x0000018588220000, 0x000001858f000000]
CodeHeap 'profiled nmethods': size=120000Kb used=22753Kb max_used=22753Kb free=97247Kb
 bounds [0x0000018580000000, 0x0000018581640000, 0x0000018587530000]
CodeHeap 'non-nmethods': size=5760Kb used=2029Kb max_used=2071Kb free=3730Kb
 bounds [0x0000018587530000, 0x00000185877a0000, 0x0000018587ad0000]
CodeCache: size=245760Kb, used=32246Kb, max_used=32288Kb, free=213512Kb
 total_blobs=12665, nmethods=11791, adapters=776, full_count=0
Compilation: enabled, stopped_count=0, restarted_count=0

Compilation events (20 events):
Event: 38.398 Thread 0x00000185d0d7b810 14118       4       java.lang.invoke.LambdaForm$MH/0x0000018590938400::invoke (37 bytes)
Event: 38.401 Thread 0x00000185d0d7b810 nmethod 14118 0x0000018588217a10 code [0x0000018588217ba0, 0x0000018588217e20]
Event: 38.405 Thread 0x00000185f87bdd60 14119       3       com.sun.xml.bind.v2.runtime.unmarshaller.UnmarshallingContext::getJAXBContext (8 bytes)
Event: 38.405 Thread 0x00000185f87bdd60 nmethod 14119 0x0000018581636690 code [0x0000018581636820, 0x0000018581636938]
Event: 38.406 Thread 0x00000185f87bcad0 14120   !   4       com.sun.org.apache.xerces.internal.impl.XMLDocumentFragmentScannerImpl$FragmentContentDriver::next (2331 bytes)
Event: 38.411 Thread 0x00000185d0d7b810 14121       4       com.sun.xml.bind.v2.util.QNameMap::getEntry (105 bytes)
Event: 38.415 Thread 0x00000185d0d7b810 nmethod 14121 0x0000018588218010 code [0x00000185882181c0, 0x00000185882183c8]
Event: 38.415 Thread 0x00000185d0d7b810 14123       4       java.util.regex.Pattern::atom (422 bytes)
Event: 38.427 Thread 0x00000185f87bdd60 14125       3       com.android.repository.impl.generated.v2.ArchiveType::<init> (5 bytes)
Event: 38.427 Thread 0x00000185f87bdd60 nmethod 14125 0x0000018581636a10 code [0x0000018581636bc0, 0x0000018581636d88]
Event: 38.427 Thread 0x00000185f87bdd60 14126       3       com.android.repository.impl.meta.Archive::<init> (5 bytes)
Event: 38.427 Thread 0x00000185f87bdd60 nmethod 14126 0x0000018581636e90 code [0x0000018581637040, 0x00000185816371a8]
Event: 38.427 Thread 0x00000185f87bdd60 14127       3       com.sun.xml.bind.v2.model.impl.RuntimeBuiltinLeafInfoImpl$19::parse (6 bytes)
Event: 38.427 Thread 0x00000185f87bdd60 nmethod 14127 0x0000018581637290 code [0x00000185816374a0, 0x0000018581637878]
Event: 38.439 Thread 0x00000185d0d7b810 nmethod 14123 0x0000018588218590 code [0x0000018588218880, 0x00000185882197f0]
Event: 38.439 Thread 0x00000185d0d7b810 14124       4       com.sun.org.apache.xerces.internal.impl.XMLEntityScanner::scanQName (580 bytes)
Event: 38.447 Thread 0x00000185f87bdd60 14129       3       com.sun.xml.bind.v2.runtime.unmarshaller.Scope::reset (50 bytes)
Event: 38.447 Thread 0x00000185f87bdd60 nmethod 14129 0x0000018581637a10 code [0x0000018581637bc0, 0x0000018581637df8]
Event: 38.456 Thread 0x00000185f87bdd60 14130       3       java.util.Collections$SingletonList::contains (9 bytes)
Event: 38.456 Thread 0x00000185f87bdd60 nmethod 14130 0x0000018581637e90 code [0x0000018581638040, 0x0000018581638318]

GC Heap History (20 events):
Event: 25.664 GC heap after
{Heap after GC invocations=28 (full 0):
 garbage-first heap   total 130048K, used 79740K [0x0000000080000000, 0x0000000100000000)
  region size 1024K, 3 young (3072K), 3 survivors (3072K)
 Metaspace       used 65047K, committed 67072K, reserved 1114112K
  class space    used 9284K, committed 10240K, reserved 1048576K
}
Event: 26.632 GC heap before
{Heap before GC invocations=28 (full 0):
 garbage-first heap   total 130048K, used 122748K [0x0000000080000000, 0x0000000100000000)
  region size 1024K, 42 young (43008K), 3 survivors (3072K)
 Metaspace       used 68674K, committed 70848K, reserved 1114112K
  class space    used 9821K, committed 10880K, reserved 1048576K
}
Event: 26.638 GC heap after
{Heap after GC invocations=29 (full 0):
 garbage-first heap   total 134144K, used 86701K [0x0000000080000000, 0x0000000100000000)
  region size 1024K, 6 young (6144K), 6 survivors (6144K)
 Metaspace       used 68674K, committed 70848K, reserved 1114112K
  class space    used 9821K, committed 10880K, reserved 1048576K
}
Event: 26.639 GC heap before
{Heap before GC invocations=29 (full 0):
 garbage-first heap   total 134144K, used 86701K [0x0000000080000000, 0x0000000100000000)
  region size 1024K, 7 young (7168K), 6 survivors (6144K)
 Metaspace       used 68674K, committed 70848K, reserved 1114112K
  class space    used 9821K, committed 10880K, reserved 1048576K
}
Event: 26.642 GC heap after
{Heap after GC invocations=30 (full 0):
 garbage-first heap   total 134144K, used 87238K [0x0000000080000000, 0x0000000100000000)
  region size 1024K, 1 young (1024K), 1 survivors (1024K)
 Metaspace       used 68674K, committed 70848K, reserved 1114112K
  class space    used 9821K, committed 10880K, reserved 1048576K
}
Event: 27.657 GC heap before
{Heap before GC invocations=31 (full 0):
 garbage-first heap   total 152576K, used 125126K [0x0000000080000000, 0x0000000100000000)
  region size 1024K, 36 young (36864K), 1 survivors (1024K)
 Metaspace       used 71040K, committed 73216K, reserved 1114112K
  class space    used 10123K, committed 11200K, reserved 1048576K
}
Event: 27.660 GC heap after
{Heap after GC invocations=32 (full 0):
 garbage-first heap   total 152576K, used 91437K [0x0000000080000000, 0x0000000100000000)
  region size 1024K, 4 young (4096K), 4 survivors (4096K)
 Metaspace       used 71040K, committed 73216K, reserved 1114112K
  class space    used 10123K, committed 11200K, reserved 1048576K
}
Event: 28.930 GC heap before
{Heap before GC invocations=32 (full 0):
 garbage-first heap   total 152576K, used 137517K [0x0000000080000000, 0x0000000100000000)
  region size 1024K, 49 young (50176K), 4 survivors (4096K)
 Metaspace       used 73322K, committed 75584K, reserved 1114112K
  class space    used 10466K, committed 11584K, reserved 1048576K
}
Event: 28.937 GC heap after
{Heap after GC invocations=33 (full 0):
 garbage-first heap   total 152576K, used 93414K [0x0000000080000000, 0x0000000100000000)
  region size 1024K, 7 young (7168K), 7 survivors (7168K)
 Metaspace       used 73322K, committed 75584K, reserved 1114112K
  class space    used 10466K, committed 11584K, reserved 1048576K
}
Event: 30.238 GC heap before
{Heap before GC invocations=33 (full 0):
 garbage-first heap   total 152576K, used 138470K [0x0000000080000000, 0x0000000100000000)
  region size 1024K, 51 young (52224K), 7 survivors (7168K)
 Metaspace       used 75667K, committed 77952K, reserved 1179648K
  class space    used 10794K, committed 11904K, reserved 1048576K
}
Event: 30.244 GC heap after
{Heap after GC invocations=34 (full 0):
 garbage-first heap   total 152576K, used 99022K [0x0000000080000000, 0x0000000100000000)
  region size 1024K, 6 young (6144K), 6 survivors (6144K)
 Metaspace       used 75667K, committed 77952K, reserved 1179648K
  class space    used 10794K, committed 11904K, reserved 1048576K
}
Event: 31.316 GC heap before
{Heap before GC invocations=35 (full 0):
 garbage-first heap   total 162816K, used 136910K [0x0000000080000000, 0x0000000100000000)
  region size 1024K, 45 young (46080K), 6 survivors (6144K)
 Metaspace       used 78702K, committed 81024K, reserved 1179648K
  class space    used 11319K, committed 12480K, reserved 1048576K
}
Event: 31.319 GC heap after
{Heap after GC invocations=36 (full 0):
 garbage-first heap   total 162816K, used 97082K [0x0000000080000000, 0x0000000100000000)
  region size 1024K, 2 young (2048K), 2 survivors (2048K)
 Metaspace       used 78702K, committed 81024K, reserved 1179648K
  class space    used 11319K, committed 12480K, reserved 1048576K
}
Event: 32.966 GC heap before
{Heap before GC invocations=36 (full 0):
 garbage-first heap   total 162816K, used 148282K [0x0000000080000000, 0x0000000100000000)
  region size 1024K, 52 young (53248K), 2 survivors (2048K)
 Metaspace       used 83335K, committed 85568K, reserved 1179648K
  class space    used 12067K, committed 13184K, reserved 1048576K
}
Event: 32.971 GC heap after
{Heap after GC invocations=37 (full 0):
 garbage-first heap   total 162816K, used 97017K [0x0000000080000000, 0x0000000100000000)
  region size 1024K, 4 young (4096K), 4 survivors (4096K)
 Metaspace       used 83335K, committed 85568K, reserved 1179648K
  class space    used 12067K, committed 13184K, reserved 1048576K
}
Event: 36.192 GC heap before
{Heap before GC invocations=37 (full 0):
 garbage-first heap   total 162816K, used 148217K [0x0000000080000000, 0x0000000100000000)
  region size 1024K, 55 young (56320K), 4 survivors (4096K)
 Metaspace       used 88271K, committed 90624K, reserved 1179648K
  class space    used 12600K, committed 13760K, reserved 1048576K
}
Event: 36.198 GC heap after
{Heap after GC invocations=38 (full 0):
 garbage-first heap   total 162816K, used 99945K [0x0000000080000000, 0x0000000100000000)
  region size 1024K, 7 young (7168K), 7 survivors (7168K)
 Metaspace       used 88271K, committed 90624K, reserved 1179648K
  class space    used 12600K, committed 13760K, reserved 1048576K
}
Event: 37.778 GC heap before
{Heap before GC invocations=39 (full 0):
 garbage-first heap   total 167936K, used 148073K [0x0000000080000000, 0x0000000100000000)
  region size 1024K, 56 young (57344K), 7 survivors (7168K)
 Metaspace       used 90542K, committed 92864K, reserved 1179648K
  class space    used 12880K, committed 14016K, reserved 1048576K
}
Event: 37.785 GC heap after
{Heap after GC invocations=40 (full 0):
 garbage-first heap   total 167936K, used 103775K [0x0000000080000000, 0x0000000100000000)
  region size 1024K, 7 young (7168K), 7 survivors (7168K)
 Metaspace       used 90542K, committed 92864K, reserved 1179648K
  class space    used 12880K, committed 14016K, reserved 1048576K
}
Event: 38.459 GC heap before
{Heap before GC invocations=40 (full 0):
 garbage-first heap   total 167936K, used 152927K [0x0000000080000000, 0x0000000100000000)
  region size 1024K, 56 young (57344K), 7 survivors (7168K)
 Metaspace       used 90731K, committed 93120K, reserved 1179648K
  class space    used 12904K, committed 14080K, reserved 1048576K
}

Dll operation events (14 events):
Event: 0.006 Loaded shared library C:\Users\WALSTAR\.antigravity\extensions\redhat.java-1.54.0-win32-x64\jre\21.0.10-win32-x86_64\bin\java.dll
Event: 0.040 Loaded shared library C:\Users\WALSTAR\.antigravity\extensions\redhat.java-1.54.0-win32-x64\jre\21.0.10-win32-x86_64\bin\zip.dll
Event: 0.053 Loaded shared library C:\Users\WALSTAR\.antigravity\extensions\redhat.java-1.54.0-win32-x64\jre\21.0.10-win32-x86_64\bin\instrument.dll
Event: 0.056 Loaded shared library C:\Users\WALSTAR\.antigravity\extensions\redhat.java-1.54.0-win32-x64\jre\21.0.10-win32-x86_64\bin\net.dll
Event: 0.057 Loaded shared library C:\Users\WALSTAR\.antigravity\extensions\redhat.java-1.54.0-win32-x64\jre\21.0.10-win32-x86_64\bin\nio.dll
Event: 0.059 Loaded shared library C:\Users\WALSTAR\.antigravity\extensions\redhat.java-1.54.0-win32-x64\jre\21.0.10-win32-x86_64\bin\zip.dll
Event: 0.209 Loaded shared library C:\Users\WALSTAR\.antigravity\extensions\redhat.java-1.54.0-win32-x64\jre\21.0.10-win32-x86_64\bin\jimage.dll
Event: 0.378 Loaded shared library C:\Users\WALSTAR\.antigravity\extensions\redhat.java-1.54.0-win32-x64\jre\21.0.10-win32-x86_64\bin\verify.dll
Event: 0.408 Loaded shared library C:\Users\WALSTAR\.gradle\native\1def1411415f61bf3af743bc5b6707747c0891f09f0c88961ee8f79bc544acac\windows-amd64\native-platform.dll
Event: 0.416 Loaded shared library C:\Users\WALSTAR\.gradle\native\0.2.8\x86_64-windows-gnu\gradle-fileevents.dll
Event: 1.275 Loaded shared library C:\Users\WALSTAR\.antigravity\extensions\redhat.java-1.54.0-win32-x64\jre\21.0.10-win32-x86_64\bin\management.dll
Event: 1.278 Loaded shared library C:\Users\WALSTAR\.antigravity\extensions\redhat.java-1.54.0-win32-x64\jre\21.0.10-win32-x86_64\bin\management_ext.dll
Event: 1.475 Loaded shared library C:\Users\WALSTAR\.antigravity\extensions\redhat.java-1.54.0-win32-x64\jre\21.0.10-win32-x86_64\bin\extnet.dll
Event: 1.681 Loaded shared library C:\Users\WALSTAR\.antigravity\extensions\redhat.java-1.54.0-win32-x64\jre\21.0.10-win32-x86_64\bin\sunmscapi.dll

Deoptimization events (20 events):
Event: 38.027 Thread 0x00000185d10e14b0 Uncommon trap: trap_request=0xffffff45 fr.pc=0x000001858809a954 relative=0x0000000000000c94
Event: 38.027 Thread 0x00000185d10e14b0 Uncommon trap: reason=unstable_if action=reinterpret pc=0x000001858809a954 method=com.sun.crypto.provider.GCTR.update([BII[BI)I @ 1 c2
Event: 38.027 Thread 0x00000185d10e14b0 DEOPT PACKING pc=0x000001858809a954 sp=0x00000009b35fd9a0
Event: 38.027 Thread 0x00000185d10e14b0 DEOPT UNPACKING pc=0x0000018587584422 sp=0x00000009b35fd8d0 mode 2
Event: 38.046 Thread 0x00000185fe888790 Uncommon trap: trap_request=0xffffff45 fr.pc=0x00000185881a9da8 relative=0x0000000000000088
Event: 38.046 Thread 0x00000185fe888790 Uncommon trap: reason=unstable_if action=reinterpret pc=0x00000185881a9da8 method=com.sun.org.apache.xerces.internal.impl.XMLEntityScanner.checkBeforeLoad(Lcom/sun/xml/internal/stream/Entity$ScannedEntity;II)I @ 18 c2
Event: 38.046 Thread 0x00000185fe888790 DEOPT PACKING pc=0x00000185881a9da8 sp=0x00000009ae8f7eb0
Event: 38.046 Thread 0x00000185fe888790 DEOPT UNPACKING pc=0x0000018587584422 sp=0x00000009ae8f7e20 mode 2
Event: 38.198 Thread 0x00000185fe888790 Uncommon trap: trap_request=0xfffffff4 fr.pc=0x00000185881ff4c0 relative=0x0000000000000400
Event: 38.198 Thread 0x00000185fe888790 Uncommon trap: reason=null_check action=make_not_entrant pc=0x00000185881ff4c0 method=com.sun.xml.bind.v2.model.nav.ReflectionNavigator$6.onVariable(Ljava/lang/reflect/TypeVariable;Ljava/lang/Object;)Ljava/lang/Object; @ 3 c2
Event: 38.198 Thread 0x00000185fe888790 DEOPT PACKING pc=0x00000185881ff4c0 sp=0x00000009ae8f7690
Event: 38.199 Thread 0x00000185fe888790 DEOPT UNPACKING pc=0x0000018587584422 sp=0x00000009ae8f75a8 mode 2
Event: 38.280 Thread 0x00000185fe888790 Uncommon trap: trap_request=0xffffff45 fr.pc=0x0000018588206a08 relative=0x0000000000000768
Event: 38.280 Thread 0x00000185fe888790 Uncommon trap: reason=unstable_if action=reinterpret pc=0x0000018588206a08 method=com.sun.org.apache.xerces.internal.impl.XMLEntityScanner.arrangeCapacity(IZ)Z @ 59 c2
Event: 38.280 Thread 0x00000185fe888790 DEOPT PACKING pc=0x0000018588206a08 sp=0x00000009ae8f8070
Event: 38.280 Thread 0x00000185fe888790 DEOPT UNPACKING pc=0x0000018587584422 sp=0x00000009ae8f7f88 mode 2
Event: 38.306 Thread 0x00000185fe888790 Uncommon trap: trap_request=0xffffff45 fr.pc=0x00000185881fc5a8 relative=0x0000000000001968
Event: 38.306 Thread 0x00000185fe888790 Uncommon trap: reason=unstable_if action=reinterpret pc=0x00000185881fc5a8 method=com.sun.org.apache.xerces.internal.impl.XMLEntityScanner.scanContent(Lcom/sun/org/apache/xerces/internal/xni/XMLString;)I @ 44 c2
Event: 38.306 Thread 0x00000185fe888790 DEOPT PACKING pc=0x00000185881fc5a8 sp=0x00000009ae8f8140
Event: 38.306 Thread 0x00000185fe888790 DEOPT UNPACKING pc=0x0000018587584422 sp=0x00000009ae8f80b0 mode 2

Classes loaded (20 events):
Event: 37.287 Loading class sun/security/ssl/SSLEngineOutputRecord
Event: 37.287 Loading class sun/security/ssl/SSLEngineOutputRecord done
Event: 37.287 Loading class sun/security/ssl/SSLEngineOutputRecord$HandshakeFragment
Event: 37.288 Loading class sun/security/ssl/SSLEngineOutputRecord$HandshakeFragment done
Event: 37.288 Loading class sun/security/ssl/SSLEngineOutputRecord$HandshakeMemo
Event: 37.288 Loading class sun/security/ssl/SSLEngineOutputRecord$RecordMemo
Event: 37.288 Loading class sun/security/ssl/SSLEngineOutputRecord$RecordMemo done
Event: 37.288 Loading class sun/security/ssl/SSLEngineOutputRecord$HandshakeMemo done
Event: 37.338 Loading class sun/security/ssl/PreSharedKeyExtension$SHPreSharedKeySpec
Event: 37.338 Loading class sun/security/ssl/PreSharedKeyExtension$SHPreSharedKeySpec done
Event: 37.498 Loading class sun/net/www/protocol/http/EmptyInputStream
Event: 37.498 Loading class sun/net/www/protocol/http/EmptyInputStream done
Event: 37.835 Loading class sun/security/ssl/Alert
Event: 37.836 Loading class sun/security/ssl/Alert done
Event: 37.836 Loading class sun/security/ssl/Alert$AlertConsumer
Event: 37.837 Loading class sun/security/ssl/Alert$AlertConsumer done
Event: 37.837 Loading class sun/security/ssl/Alert$Level
Event: 37.837 Loading class sun/security/ssl/Alert$Level done
Event: 37.855 Loading class java/net/SocketTimeoutException
Event: 37.855 Loading class java/net/SocketTimeoutException done

Classes unloaded (20 events):
Event: 26.693 Thread 0x00000185f878be60 Unloading class 0x00000185909103f0 '_BuildScript_$_run_closure3'
Event: 26.693 Thread 0x00000185f878be60 Unloading class 0x0000018590910000 '_BuildScript_$_run_closure2'
Event: 26.693 Thread 0x00000185f878be60 Unloading class 0x000001859090fb10 '_BuildScript_$_run_closure1$_closure27$_closure34'
Event: 26.693 Thread 0x00000185f878be60 Unloading class 0x000001859090f720 '_BuildScript_$_run_closure1$_closure27'
Event: 26.693 Thread 0x00000185f878be60 Unloading class 0x000001859090f330 '_BuildScript_$_run_closure1$_closure26'
Event: 26.693 Thread 0x00000185f878be60 Unloading class 0x000001859090ef40 '_BuildScript_$_run_closure1$_closure25'
Event: 26.693 Thread 0x00000185f878be60 Unloading class 0x000001859090eb50 '_BuildScript_$_run_closure1$_closure24'
Event: 26.693 Thread 0x00000185f878be60 Unloading class 0x000001859090e760 '_BuildScript_$_run_closure1$_closure23$_closure32$_closure33'
Event: 26.693 Thread 0x00000185f878be60 Unloading class 0x000001859090e370 '_BuildScript_$_run_closure1$_closure23$_closure32'
Event: 26.693 Thread 0x00000185f878be60 Unloading class 0x000001859090df80 '_BuildScript_$_run_closure1$_closure23'
Event: 26.693 Thread 0x00000185f878be60 Unloading class 0x000001859090db90 '_BuildScript_$_run_closure1$_closure22$_closure31'
Event: 26.693 Thread 0x00000185f878be60 Unloading class 0x000001859090d7a0 '_BuildScript_$_run_closure1$_closure22'
Event: 26.693 Thread 0x00000185f878be60 Unloading class 0x000001859090d3b0 '_BuildScript_$_run_closure1$_closure21$_closure29$_closure30'
Event: 26.693 Thread 0x00000185f878be60 Unloading class 0x000001859090cfc0 '_BuildScript_$_run_closure1$_closure21$_closure29'
Event: 26.693 Thread 0x00000185f878be60 Unloading class 0x000001859090cbd0 '_BuildScript_$_run_closure1$_closure21'
Event: 26.693 Thread 0x00000185f878be60 Unloading class 0x000001859090c7e0 '_BuildScript_$_run_closure1$_closure20$_closure28'
Event: 26.693 Thread 0x00000185f878be60 Unloading class 0x000001859090c3f0 '_BuildScript_$_run_closure1$_closure20'
Event: 26.693 Thread 0x00000185f878be60 Unloading class 0x000001859090c000 '_BuildScript_$_run_closure1$_closure19'
Event: 26.693 Thread 0x00000185f878be60 Unloading class 0x0000018590900c00 '_BuildScript_$_run_closure1'
Event: 26.693 Thread 0x00000185f878be60 Unloading class 0x0000018590901000 '_BuildScript_'

Classes redefined (0 events):
No events

Internal exceptions (20 events):
Event: 35.375 Thread 0x00000185fe888790 Exception <a 'sun/nio/fs/WindowsException'{0x0000000087192d90}> (0x0000000087192d90) 
thrown [s\src\hotspot\share\prims\jni.cpp, line 520]
Event: 35.375 Thread 0x00000185fe888790 Exception <a 'sun/nio/fs/WindowsException'{0x00000000871942c0}> (0x00000000871942c0) 
thrown [s\src\hotspot\share\prims\jni.cpp, line 520]
Event: 35.375 Thread 0x00000185fe888790 Exception <a 'sun/nio/fs/WindowsException'{0x0000000087195958}> (0x0000000087195958) 
thrown [s\src\hotspot\share\prims\jni.cpp, line 520]
Event: 35.375 Thread 0x00000185fe888790 Exception <a 'sun/nio/fs/WindowsException'{0x0000000087196e50}> (0x0000000087196e50) 
thrown [s\src\hotspot\share\prims\jni.cpp, line 520]
Event: 35.375 Thread 0x00000185fe888790 Exception <a 'sun/nio/fs/WindowsException'{0x00000000871984f0}> (0x00000000871984f0) 
thrown [s\src\hotspot\share\prims\jni.cpp, line 520]
Event: 35.378 Thread 0x00000185fe888790 Exception <a 'sun/nio/fs/WindowsException'{0x000000008719a310}> (0x000000008719a310) 
thrown [s\src\hotspot\share\prims\jni.cpp, line 520]
Event: 35.667 Thread 0x00000185fe888790 Exception <a 'sun/nio/fs/WindowsException'{0x0000000086b155b8}> (0x0000000086b155b8) 
thrown [s\src\hotspot\share\prims\jni.cpp, line 520]
Event: 37.089 Thread 0x00000185fe888790 Exception <a 'java/lang/NoSuchMethodError'{0x0000000089c60f60}: 'java.lang.Object java.lang.invoke.DirectMethodHandle$Holder.newInvokeSpecial(java.lang.Object, double)'> (0x0000000089c60f60) 
thrown [s\src\hotspot\share\interpreter\linkResolver.cpp, line 773]
Event: 37.189 Thread 0x00000185fe888790 Exception <a 'sun/nio/fs/WindowsException'{0x0000000089beead8}> (0x0000000089beead8) 
thrown [s\src\hotspot\share\prims\jni.cpp, line 520]
Event: 37.203 Thread 0x00000185d10ded50 Implicit null exception at 0x000001858803486c to 0x0000018588034a60
Event: 37.203 Thread 0x00000185d10dc5f0 Implicit null exception at 0x000001858803486c to 0x0000018588034a60
Event: 37.203 Thread 0x00000185d10dd310 Implicit null exception at 0x0000018587d4ae9c to 0x0000018587d4af5c
Event: 37.203 Thread 0x00000185ff429020 Implicit null exception at 0x0000018587d4ae9c to 0x0000018587d4af5c
Event: 37.221 Thread 0x00000185d10e0100 Exception <a 'sun/nio/fs/WindowsException'{0x00000000897660a8}> (0x00000000897660a8) 
thrown [s\src\hotspot\share\prims\jni.cpp, line 520]
Event: 37.222 Thread 0x00000185d10e0100 Exception <a 'sun/nio/fs/WindowsException'{0x00000000897665b8}> (0x00000000897665b8) 
thrown [s\src\hotspot\share\prims\jni.cpp, line 520]
Event: 37.222 Thread 0x00000185d10e0100 Exception <a 'sun/nio/fs/WindowsException'{0x0000000089766aa8}> (0x0000000089766aa8) 
thrown [s\src\hotspot\share\prims\jni.cpp, line 520]
Event: 37.907 Thread 0x00000185fe888790 Exception <a 'java/lang/NoSuchMethodError'{0x00000000883f3f28}: 'void java.lang.invoke.DirectMethodHandle$Holder.invokeVirtual(java.lang.Object, java.lang.Object, long)'> (0x00000000883f3f28) 
thrown [s\src\hotspot\share\interpreter\linkResolver.cpp, line 773]
Event: 37.916 Thread 0x00000185fe888790 Exception <a 'java/lang/NoSuchMethodError'{0x00000000883f8640}: 'long java.lang.invoke.DirectMethodHandle$Holder.invokeStatic(java.lang.Object, java.lang.Object, int)'> (0x00000000883f8640) 
thrown [s\src\hotspot\share\interpreter\linkResolver.cpp, line 773]
Event: 37.919 Thread 0x00000185fe888790 Exception <a 'java/lang/NoSuchMethodError'{0x0000000087ef7350}: 'void java.lang.invoke.DelegatingMethodHandle$Holder.reinvoke_L(java.lang.Object, java.lang.Object, long)'> (0x0000000087ef7350) 
thrown [s\src\hotspot\share\interpreter\linkResolver.cpp, line 773]
Event: 38.198 Thread 0x00000185fe888790 Implicit null exception at 0x00000185881ff314 to 0x00000185881ff4ac

ZGC Phase Switch (0 events):
No events

VM Operations (20 events):
Event: 36.291 Executing safepoint VM operation: G1PauseCleanup done
Event: 37.065 Executing non-safepoint VM operation: HandshakeAllThreads (Deoptimize)
Event: 37.065 Executing non-safepoint VM operation: HandshakeAllThreads (Deoptimize) done
Event: 37.075 Executing non-safepoint VM operation: HandshakeAllThreads (Deoptimize)
Event: 37.075 Executing non-safepoint VM operation: HandshakeAllThreads (Deoptimize) done
Event: 37.188 Executing non-safepoint VM operation: HandshakeAllThreads (Deoptimize)
Event: 37.188 Executing non-safepoint VM operation: HandshakeAllThreads (Deoptimize) done
Event: 37.615 Executing safepoint VM operation: ICBufferFull
Event: 37.615 Executing safepoint VM operation: ICBufferFull done
Event: 37.615 Executing safepoint VM operation: ICBufferFull
Event: 37.615 Executing safepoint VM operation: ICBufferFull done
Event: 37.615 Executing safepoint VM operation: ICBufferFull
Event: 37.615 Executing safepoint VM operation: ICBufferFull done
Event: 37.615 Executing safepoint VM operation: ICBufferFull
Event: 37.615 Executing safepoint VM operation: ICBufferFull done
Event: 37.767 Executing safepoint VM operation: G1CollectForAllocation (G1 Evacuation Pause)
Event: 37.785 Executing safepoint VM operation: G1CollectForAllocation (G1 Evacuation Pause) done
Event: 37.857 Executing non-safepoint VM operation: HandshakeAllThreads (Deoptimize)
Event: 37.857 Executing non-safepoint VM operation: HandshakeAllThreads (Deoptimize) done
Event: 38.459 Executing safepoint VM operation: G1CollectForAllocation (G1 Evacuation Pause)

Memory protections (0 events):
No events

Nmethod flushes (20 events):
Event: 36.262 Thread 0x00000185f878be60 flushing  nmethod 0x00000185806c0b90
Event: 36.262 Thread 0x00000185f878be60 flushing  nmethod 0x00000185806c5d90
Event: 36.262 Thread 0x00000185f878be60 flushing  nmethod 0x00000185806c6390
Event: 36.262 Thread 0x00000185f878be60 flushing  nmethod 0x0000018580815110
Event: 36.262 Thread 0x00000185f878be60 flushing  nmethod 0x00000185808f0a90
Event: 36.262 Thread 0x00000185f878be60 flushing  nmethod 0x0000018587dd0b90
Event: 36.262 Thread 0x00000185f878be60 flushing  nmethod 0x0000018580173d10
Event: 36.262 Thread 0x00000185f878be60 flushing  nmethod 0x00000185802cc010
Event: 36.262 Thread 0x00000185f878be60 flushing  nmethod 0x0000018580466410
Event: 36.262 Thread 0x00000185f878be60 flushing  nmethod 0x000001858046c590
Event: 36.262 Thread 0x00000185f878be60 flushing  nmethod 0x0000018580593910
Event: 36.262 Thread 0x00000185f878be60 flushing  nmethod 0x00000185805fcb90
Event: 36.262 Thread 0x00000185f878be60 flushing  nmethod 0x0000018580687510
Event: 36.262 Thread 0x00000185f878be60 flushing  nmethod 0x000001858068b910
Event: 36.262 Thread 0x00000185f878be60 flushing  nmethod 0x000001858068ce10
Event: 36.262 Thread 0x00000185f878be60 flushing  nmethod 0x000001858068ef10
Event: 36.262 Thread 0x00000185f878be60 flushing  nmethod 0x000001858097d990
Event: 36.262 Thread 0x00000185f878be60 flushing  nmethod 0x0000018580e49010
Event: 36.262 Thread 0x00000185f878be60 flushing  nmethod 0x0000018581064610
Event: 36.262 Thread 0x00000185f878be60 flushing  nmethod 0x0000018581278990

Events (20 events):
Event: 37.529 Thread 0x00000185d10dd310 Thread exited: 0x00000185d10dd310
Event: 37.548 Thread 0x00000185d10e0790 Thread exited: 0x00000185d10e0790
Event: 37.619 Thread 0x00000185d10dc5f0 Thread exited: 0x00000185d10dc5f0
Event: 37.703 Thread 0x00000185d10e0100 Thread exited: 0x00000185d10e0100
Event: 37.785 Thread 0x00000185d0d78190 Thread exited: 0x00000185d0d78190
Event: 37.872 Thread 0x00000185d10e1b40 Thread exited: 0x00000185d10e1b40
Event: 37.873 Thread 0x00000185d10dd9a0 Thread exited: 0x00000185d10dd9a0
Event: 37.883 Thread 0x00000185d10e21d0 Thread exited: 0x00000185d10e21d0
Event: 37.888 Thread 0x00000185d10ded50 Thread exited: 0x00000185d10ded50
Event: 37.899 Thread 0x00000185d10de030 Thread exited: 0x00000185d10de030
Event: 37.920 Thread 0x00000185ff429020 Thread exited: 0x00000185ff429020
Event: 37.931 Thread 0x00000185d10dfa70 Thread exited: 0x00000185d10dfa70
Event: 37.931 Thread 0x00000185d10e2ef0 Thread exited: 0x00000185d10e2ef0
Event: 37.931 Thread 0x00000185d10de6c0 Thread exited: 0x00000185d10de6c0
Event: 37.976 Thread 0x00000185d10dcc80 Thread exited: 0x00000185d10dcc80
Event: 37.977 Thread 0x00000185d10df3e0 Thread exited: 0x00000185d10df3e0
Event: 37.977 Thread 0x00000185d10db8d0 Thread exited: 0x00000185d10db8d0
Event: 37.996 Thread 0x00000185d10dbf60 Thread exited: 0x00000185d10dbf60
Event: 38.049 Thread 0x00000185d10e14b0 Thread exited: 0x00000185d10e14b0
Event: 38.135 Thread 0x00000185d10e0e20 Thread exited: 0x00000185d10e0e20


Dynamic libraries:
0x00007ff74d800000 - 0x00007ff74d80e000 	C:\Users\WALSTAR\.antigravity\extensions\redhat.java-1.54.0-win32-x64\jre\21.0.10-win32-x86_64\bin\java.exe
0x00007fff90cc0000 - 0x00007fff90f27000 	C:\WINDOWS\SYSTEM32\ntdll.dll
0x00007fff8fa70000 - 0x00007fff8fb39000 	C:\WINDOWS\System32\KERNEL32.DLL
0x00007fff8e510000 - 0x00007fff8e904000 	C:\WINDOWS\System32\KERNELBASE.dll
0x00007fff8e3c0000 - 0x00007fff8e50b000 	C:\WINDOWS\System32\ucrtbase.dll
0x00007fff5f020000 - 0x00007fff5f038000 	C:\Users\WALSTAR\.antigravity\extensions\redhat.java-1.54.0-win32-x64\jre\21.0.10-win32-x86_64\bin\jli.dll
0x00007fff605b0000 - 0x00007fff605ce000 	C:\Users\WALSTAR\.antigravity\extensions\redhat.java-1.54.0-win32-x64\jre\21.0.10-win32-x86_64\bin\VCRUNTIME140.dll
0x00007fff8efc0000 - 0x00007fff8f185000 	C:\WINDOWS\System32\USER32.dll
0x00007fff71800000 - 0x00007fff71a93000 	C:\WINDOWS\WinSxS\amd64_microsoft.windows.common-controls_6595b64144ccf1df_6.0.26100.8115_none_3e075c82e3354f9c\COMCTL32.dll
0x00007fff8e220000 - 0x00007fff8e247000 	C:\WINDOWS\System32\win32u.dll
0x00007fff8ee30000 - 0x00007fff8eed9000 	C:\WINDOWS\System32\msvcrt.dll
0x00007fff8f2e0000 - 0x00007fff8f30b000 	C:\WINDOWS\System32\GDI32.dll
0x00007fff8d7c0000 - 0x00007fff8d8ea000 	C:\WINDOWS\System32\gdi32full.dll
0x00007fff8e910000 - 0x00007fff8e9b3000 	C:\WINDOWS\System32\msvcp_win.dll
0x00007fff8f8f0000 - 0x00007fff8f922000 	C:\WINDOWS\System32\IMM32.DLL
0x00007fff7ec60000 - 0x00007fff7ec6c000 	C:\Users\WALSTAR\.antigravity\extensions\redhat.java-1.54.0-win32-x64\jre\21.0.10-win32-x86_64\bin\vcruntime140_1.dll
0x00007fff08e80000 - 0x00007fff08f0d000 	C:\Users\WALSTAR\.antigravity\extensions\redhat.java-1.54.0-win32-x64\jre\21.0.10-win32-x86_64\bin\msvcp140.dll
0x00007ffeb7970000 - 0x00007ffeb8711000 	C:\Users\WALSTAR\.antigravity\extensions\redhat.java-1.54.0-win32-x64\jre\21.0.10-win32-x86_64\bin\server\jvm.dll
0x00007fff8f220000 - 0x00007fff8f2d6000 	C:\WINDOWS\System32\ADVAPI32.dll
0x00007fff8ef10000 - 0x00007fff8efb7000 	C:\WINDOWS\System32\sechost.dll
0x00007fff8f930000 - 0x00007fff8fa48000 	C:\WINDOWS\System32\RPCRT4.dll
0x00007fff8ebc0000 - 0x00007fff8ec40000 	C:\WINDOWS\System32\WS2_32.dll
0x00007fff87d40000 - 0x00007fff87d76000 	C:\WINDOWS\SYSTEM32\WINMM.dll
0x00007fff72980000 - 0x00007fff7298b000 	C:\WINDOWS\SYSTEM32\VERSION.dll
0x00007fff8d3f0000 - 0x00007fff8d44e000 	C:\WINDOWS\SYSTEM32\POWRPROF.dll
0x00007fff8d3d0000 - 0x00007fff8d3e4000 	C:\WINDOWS\SYSTEM32\UMPDC.dll
0x00007fff8c320000 - 0x00007fff8c33b000 	C:\WINDOWS\SYSTEM32\kernel.appcore.dll
0x00007fff7e400000 - 0x00007fff7e40a000 	C:\Users\WALSTAR\.antigravity\extensions\redhat.java-1.54.0-win32-x64\jre\21.0.10-win32-x86_64\bin\jimage.dll
0x00007fff8b1c0000 - 0x00007fff8b402000 	C:\WINDOWS\SYSTEM32\DBGHELP.DLL
0x00007fff8f370000 - 0x00007fff8f6f2000 	C:\WINDOWS\System32\combase.dll
0x00007fff8ed50000 - 0x00007fff8ee27000 	C:\WINDOWS\System32\OLEAUT32.dll
0x00007fff87d00000 - 0x00007fff87d3b000 	C:\WINDOWS\SYSTEM32\dbgcore.DLL
0x00007fff8d710000 - 0x00007fff8d7b5000 	C:\WINDOWS\System32\bcryptPrimitives.dll
0x00007fff7d910000 - 0x00007fff7d91f000 	C:\Users\WALSTAR\.antigravity\extensions\redhat.java-1.54.0-win32-x64\jre\21.0.10-win32-x86_64\bin\instrument.dll
0x00007fff730c0000 - 0x00007fff730e0000 	C:\Users\WALSTAR\.antigravity\extensions\redhat.java-1.54.0-win32-x64\jre\21.0.10-win32-x86_64\bin\java.dll
0x00007fff8fed0000 - 0x00007fff90636000 	C:\WINDOWS\System32\SHELL32.dll
0x00007fff8e250000 - 0x00007fff8e3ba000 	C:\WINDOWS\System32\wintypes.dll
0x00007fff8d9b0000 - 0x00007fff8e215000 	C:\WINDOWS\System32\windows.storage.dll
0x00007fff8ec50000 - 0x00007fff8ed47000 	C:\WINDOWS\System32\SHCORE.dll
0x00007fff90c10000 - 0x00007fff90c76000 	C:\WINDOWS\System32\shlwapi.dll
0x00007fff8d4b0000 - 0x00007fff8d4d9000 	C:\WINDOWS\SYSTEM32\profapi.dll
0x00007fff5b8f0000 - 0x00007fff5b908000 	C:\Users\WALSTAR\.antigravity\extensions\redhat.java-1.54.0-win32-x64\jre\21.0.10-win32-x86_64\bin\zip.dll
0x00007fff7d960000 - 0x00007fff7d970000 	C:\Users\WALSTAR\.antigravity\extensions\redhat.java-1.54.0-win32-x64\jre\21.0.10-win32-x86_64\bin\net.dll
0x00007fff87200000 - 0x00007fff8732d000 	C:\WINDOWS\SYSTEM32\WINHTTP.dll
0x00007fff8c890000 - 0x00007fff8c8fc000 	C:\WINDOWS\system32\mswsock.dll
0x00007fff5d210000 - 0x00007fff5d226000 	C:\Users\WALSTAR\.antigravity\extensions\redhat.java-1.54.0-win32-x64\jre\21.0.10-win32-x86_64\bin\nio.dll
0x00007fff7d3d0000 - 0x00007fff7d3e0000 	C:\Users\WALSTAR\.antigravity\extensions\redhat.java-1.54.0-win32-x64\jre\21.0.10-win32-x86_64\bin\verify.dll
0x00007fff7e1c0000 - 0x00007fff7e1e7000 	C:\Users\WALSTAR\.gradle\native\1def1411415f61bf3af743bc5b6707747c0891f09f0c88961ee8f79bc544acac\windows-amd64\native-platform.dll
0x00007fff382e0000 - 0x00007fff38357000 	C:\Users\WALSTAR\.gradle\native\0.2.8\x86_64-windows-gnu\gradle-fileevents.dll
0x00007fff7f340000 - 0x00007fff7f34a000 	C:\Users\WALSTAR\.antigravity\extensions\redhat.java-1.54.0-win32-x64\jre\21.0.10-win32-x86_64\bin\management.dll
0x00007fff7e5a0000 - 0x00007fff7e5ac000 	C:\Users\WALSTAR\.antigravity\extensions\redhat.java-1.54.0-win32-x64\jre\21.0.10-win32-x86_64\bin\management_ext.dll
0x00007fff8f210000 - 0x00007fff8f218000 	C:\WINDOWS\System32\PSAPI.DLL
0x00007fff8bca0000 - 0x00007fff8bcd2000 	C:\WINDOWS\SYSTEM32\IPHLPAPI.DLL
0x00007fff8ea50000 - 0x00007fff8ea5a000 	C:\WINDOWS\System32\NSI.dll
0x00007fff7e780000 - 0x00007fff7e789000 	C:\Users\WALSTAR\.antigravity\extensions\redhat.java-1.54.0-win32-x64\jre\21.0.10-win32-x86_64\bin\extnet.dll
0x00007fff8cb70000 - 0x00007fff8cb8b000 	C:\WINDOWS\SYSTEM32\CRYPTSP.dll
0x00007fff8c280000 - 0x00007fff8c2b9000 	C:\WINDOWS\system32\rsaenh.dll
0x00007fff8c940000 - 0x00007fff8c973000 	C:\WINDOWS\SYSTEM32\USERENV.dll
0x00007fff8d480000 - 0x00007fff8d4aa000 	C:\WINDOWS\SYSTEM32\bcrypt.dll
0x00007fff8cb90000 - 0x00007fff8cb9c000 	C:\WINDOWS\SYSTEM32\CRYPTBASE.dll
0x00007fff7e790000 - 0x00007fff7e79e000 	C:\Users\WALSTAR\.antigravity\extensions\redhat.java-1.54.0-win32-x64\jre\21.0.10-win32-x86_64\bin\sunmscapi.dll
0x00007fff8d590000 - 0x00007fff8d707000 	C:\WINDOWS\System32\CRYPT32.dll
0x00007fff8cd90000 - 0x00007fff8cdc0000 	C:\WINDOWS\SYSTEM32\ncrypt.dll
0x00007fff8cd40000 - 0x00007fff8cd7f000 	C:\WINDOWS\SYSTEM32\NTASN1.dll
0x00007fff5c3b0000 - 0x00007fff5c3b8000 	C:\WINDOWS\system32\wshunix.dll
0x00007fff8bce0000 - 0x00007fff8be12000 	C:\WINDOWS\SYSTEM32\DNSAPI.dll
0x00007fff866e0000 - 0x00007fff866eb000 	C:\Windows\System32\rasadhlp.dll
0x00007fff883a0000 - 0x00007fff88426000 	C:\WINDOWS\System32\fwpuclnt.dll

JVMTI agents:
C:\Users\WALSTAR\.gradle\wrapper\dists\gradle-9.0.0-bin\d6wjpkvcgsg3oed0qlfss3wgl\gradle-9.0.0\lib\agents\gradle-instrumentation-agent-9.0.0.jar path:C:\Users\WALSTAR\.antigravity\extensions\redhat.java-1.54.0-win32-x64\jre\21.0.10-win32-x86_64\bin\instrument.dll, loaded, initialized, instrumentlib options:none

dbghelp: loaded successfully - version: 4.0.5 - missing functions: none
symbol engine: initialized successfully - sym options: 0x614 - pdb path: .;C:\Users\WALSTAR\.antigravity\extensions\redhat.java-1.54.0-win32-x64\jre\21.0.10-win32-x86_64\bin;C:\WINDOWS\SYSTEM32;C:\WINDOWS\WinSxS\amd64_microsoft.windows.common-controls_6595b64144ccf1df_6.0.26100.8115_none_3e075c82e3354f9c;C:\Users\WALSTAR\.antigravity\extensions\redhat.java-1.54.0-win32-x64\jre\21.0.10-win32-x86_64\bin\server;C:\Users\WALSTAR\.gradle\native\1def1411415f61bf3af743bc5b6707747c0891f09f0c88961ee8f79bc544acac\windows-amd64;C:\Users\WALSTAR\.gradle\native\0.2.8\x86_64-windows-gnu

VM Arguments:
jvm_args: --add-opens=java.base/java.lang=ALL-UNNAMED --add-opens=java.base/java.lang.invoke=ALL-UNNAMED --add-opens=java.base/java.util=ALL-UNNAMED --add-opens=java.prefs/java.util.prefs=ALL-UNNAMED --add-exports=jdk.compiler/com.sun.tools.javac.api=ALL-UNNAMED --add-exports=jdk.compiler/com.sun.tools.javac.util=ALL-UNNAMED --add-opens=java.base/java.util=ALL-UNNAMED --add-opens=java.prefs/java.util.prefs=ALL-UNNAMED --add-opens=java.base/java.nio.charset=ALL-UNNAMED --add-opens=java.base/java.net=ALL-UNNAMED --add-opens=java.base/java.util.concurrent=ALL-UNNAMED --add-opens=java.base/java.util.concurrent.atomic=ALL-UNNAMED --add-opens=java.xml/javax.xml.namespace=ALL-UNNAMED -XX:+HeapDumpOnOutOfMemoryError --add-exports=jdk.compiler/com.sun.tools.javac.api=ALL-UNNAMED --add-exports=jdk.compiler/com.sun.tools.javac.file=ALL-UNNAMED --add-exports=jdk.compiler/com.sun.tools.javac.parser=ALL-UNNAMED --add-exports=jdk.compiler/com.sun.tools.javac.tree=ALL-UNNAMED --add-exports=jdk.compiler/com.sun.tools.javac.util=ALL-UNNAMED -Xmx2048m -Dfile.encoding=UTF-8A -Duser.country=US -Duser.language=en -Duser.variant -javaagent:C:\Users\WALSTAR\.gradle\wrapper\dists\gradle-9.0.0-bin\d6wjpkvcgsg3oed0qlfss3wgl\gradle-9.0.0\lib\agents\gradle-instrumentation-agent-9.0.0.jar 
java_command: org.gradle.launcher.daemon.bootstrap.GradleDaemon 9.0.0
java_class_path (initial): C:\Users\WALSTAR\.gradle\wrapper\dists\gradle-9.0.0-bin\d6wjpkvcgsg3oed0qlfss3wgl\gradle-9.0.0\lib\gradle-daemon-main-9.0.0.jar
Launcher Type: SUN_STANDARD

[Global flags]
     intx CICompilerCount                          = 4                                         {product} {ergonomic}
     uint ConcGCThreads                            = 3                                         {product} {ergonomic}
     uint G1ConcRefinementThreads                  = 10                                        {product} {ergonomic}
   size_t G1HeapRegionSize                         = 1048576                                   {product} {ergonomic}
    uintx GCDrainStackTargetSize                   = 64                                        {product} {ergonomic}
     bool HeapDumpOnOutOfMemoryError               = true                                   {manageable} {command line}
   size_t InitialHeapSize                          = 264241152                                 {product} {ergonomic}
   size_t MarkStackSize                            = 4194304                                   {product} {ergonomic}
   size_t MaxHeapSize                              = 2147483648                                {product} {command line}
   size_t MaxNewSize                               = 1287651328                                {product} {ergonomic}
   size_t MinHeapDeltaBytes                        = 1048576                                   {product} {ergonomic}
   size_t MinHeapSize                              = 8388608                                   {product} {ergonomic}
    uintx NonNMethodCodeHeapSize                   = 5839372                                {pd product} {ergonomic}
    uintx NonProfiledCodeHeapSize                  = 122909434                              {pd product} {ergonomic}
     bool PerfDisableSharedMem                     = true                                      {product} {ergonomic}
    uintx ProfiledCodeHeapSize                     = 122909434                              {pd product} {ergonomic}
    uintx ReservedCodeCacheSize                    = 251658240                              {pd product} {ergonomic}
     bool SegmentedCodeCache                       = true                                      {product} {ergonomic}
   size_t SoftMaxHeapSize                          = 2147483648                             {manageable} {ergonomic}
     bool UseCompressedOops                        = true                           {product lp64_product} {ergonomic}
     bool UseG1GC                                  = true                                      {product} {ergonomic}
     bool UseLargePagesIndividualAllocation        = false                                  {pd product} {ergonomic}

Logging:
Log output configuration:
 #0: stdout all=warning uptime,level,tags foldmultilines=false
 #1: stderr all=off uptime,level,tags foldmultilines=false

Release file:
JAVA_VERSION="21.0.10" 
MODULES="java.base java.compiler java.datatransfer java.xml java.prefs java.desktop java.instrument java.logging java.management java.security.sasl java.naming java.rmi java.management.rmi java.net.http java.scripting java.security.jgss java.transaction.xa java.sql java.sql.rowset java.xml.crypto java.se java.smartcardio jdk.accessibility jdk.internal.jvmstat jdk.attach jdk.charsets jdk.internal.opt jdk.zipfs jdk.compiler jdk.crypto.ec jdk.crypto.cryptoki jdk.crypto.mscapi jdk.dynalink jdk.internal.ed jdk.editpad jdk.hotspot.agent jdk.httpserver jdk.internal.le jdk.internal.vm.ci jdk.internal.vm.compiler jdk.internal.vm.compiler.management jdk.jartool jdk.javadoc jdk.jcmd jdk.management jdk.management.agent jdk.jconsole jdk.jdeps jdk.jdwp.agent jdk.jdi jdk.jfr jdk.jshell jdk.jsobject jdk.jstatd jdk.localedata jdk.management.jfr jdk.naming.dns jdk.naming.rmi jdk.net jdk.nio.mapmode jdk.random jdk.sctp jdk.security.auth jdk.security.jgss jdk.unsupported jdk.unsupported.desktop jdk.xml.dom" 

Environment Variables:
PATH=C:\Program Files\Common Files\Oracle\Java\javapath;C:\Program Files\Microsoft MPI\Bin\;C:\WINDOWS\system32;C:\WINDOWS;C:\WINDOWS\System32\Wbem;C:\WINDOWS\System32\WindowsPowerShell\v1.0\;C:\WINDOWS\System32\OpenSSH\;C:\Program Files\Microsoft SQL Server\Client SDK\ODBC\170\Tools\Binn\;C:\Program Files\dotnet\;C:\Program Files\Azure Data Studio\bin;C:\Program Files (x86)\Microsoft SQL Server\160\Tools\Binn\;C:\Program Files\Microsoft SQL Server\160\Tools\Binn\;C:\Program Files\Microsoft SQL Server\160\DTS\Binn\;C:\Users\WALSTAR\AppData\Local\Android\Sdk\platforms;C:\Users\WALSTAR\AppData\Local\Android\Sdk\platform-tools;C:\Program Files\Java\jdk-11\bin;C:\Program Files\Java\jdk-17\bin;C:\Program Files\MongoDB\Server\7.0\bin;C:\composer;C:\Program Files (x86)\Microsoft SQL Server\160\DTS\Binn\;C:\Users\WALSTAR\AppData\Local\nvm;C:\Program Files\nodejs;C:\Program Files\nodejs\;D:\xampp\php;C:\Program Files\Microsoft SQL Server\150\Tools\Binn\;D:\composer;C:\Users\WALSTAR\AppData\Local\Android\Sdk\tools;C:\Users\WALSTAR\AppData\Local\Microsoft\WindowsApps;C:\Users\WALSTAR\AppData\Local\Programs\Microsoft VS Code\bin;C:\Users\WALSTAR\AppData\Local\Programs\Git\cmd;D:\flutter\bin;C:\Users\WALSTAR\.dotnet\tools;C:\Program Files\MongoDB\Server\7.0\bin;C:\Users\WALSTAR\AppData\Local\Programs\cursor\resources\app\bin;C:\Users\WALSTAR\AppData\Local\nvm;C:\Program Files\nodejs;C:\Users\WALSTAR\AppData\Roaming\npm;C:\Users\WALSTAR\AppData\Local\Programs\Windsurf\bin;D:\xampp\php;C:\Users\WALSTAR\AppData\Roaming\Composer\vendor\bin;C:\Users\WALSTAR\AppData\Local\Programs\Antigravity\bin
USERNAME=WALSTAR
OS=Windows_NT
PROCESSOR_IDENTIFIER=Intel64 Family 6 Model 154 Stepping 4, GenuineIntel
TMP=C:\Users\WALSTAR\AppData\Local\Temp
TEMP=C:\Users\WALSTAR\AppData\Local\Temp




Periodic native trim disabled

---------------  S Y S T E M  ---------------

OS:
 Windows 11 , 64 bit Build 26100 (10.0.26100.8115)
OS uptime: 0 days 6:00 hours
Hyper-V role detected

CPU: total 12 (initial active 12) (6 cores per cpu, 2 threads per core) family 6 model 154 stepping 4 microcode 0x432, cx8, cmov, fxsr, ht, mmx, 3dnowpref, sse, sse2, sse3, ssse3, sse4.1, sse4.2, popcnt, lzcnt, tsc, tscinvbit, avx, avx2, aes, erms, clmul, bmi1, bmi2, adx, sha, fma, vzeroupper, clflush, clflushopt, clwb, hv, serialize, rdtscp, rdpid, fsrm, f16c, cet_ibt, cet_ss
Processor Information for processor 0
  Max Mhz: 1300, Current Mhz: 1300, Mhz Limit: 1300
Processor Information for processor 1
  Max Mhz: 1300, Current Mhz: 1300, Mhz Limit: 1300
Processor Information for processor 2
  Max Mhz: 1300, Current Mhz: 1300, Mhz Limit: 1300
Processor Information for processor 3
  Max Mhz: 1300, Current Mhz: 1300, Mhz Limit: 1300
Processor Information for processor 4
  Max Mhz: 1300, Current Mhz: 900, Mhz Limit: 897
Processor Information for processor 5
  Max Mhz: 1300, Current Mhz: 900, Mhz Limit: 897
Processor Information for processor 6
  Max Mhz: 1300, Current Mhz: 900, Mhz Limit: 897
Processor Information for processor 7
  Max Mhz: 1300, Current Mhz: 900, Mhz Limit: 897
Processor Information for processor 8
  Max Mhz: 1300, Current Mhz: 900, Mhz Limit: 897
Processor Information for processor 9
  Max Mhz: 1300, Current Mhz: 900, Mhz Limit: 897
Processor Information for processor 10
  Max Mhz: 1300, Current Mhz: 900, Mhz Limit: 897
Processor Information for processor 11
  Max Mhz: 1300, Current Mhz: 900, Mhz Limit: 897

Memory: 4k page, system-wide physical 16092M (2001M free)
TotalPageFile size 27451M (AvailPageFile size 28M)
current process WorkingSet (physical memory assigned to process): 449M, peak: 449M
current process commit charge ("private bytes"): 489M, peak: 490M

vm_info: OpenJDK 64-Bit Server VM (21.0.10+7-LTS) for windows-amd64 JRE (21.0.10+7-LTS), built on 2026-01-20T00:00:00Z by "admin" with MS VC++ 17.12 (VS2022)

END.
