#
# There is insufficient memory for the Java Runtime Environment to continue.
# Native memory allocation (mmap) failed to map 264241152 bytes for G1 virtual space
# Possible reasons:
#   The system is out of physical RAM or swap space
#   The process is running with CompressedOops enabled, and the Java Heap may be blocking the growth of the native heap
# Possible solutions:
#   Reduce memory load on the system
#   Increase physical memory or swap space
#   Check if swap backing store is full
#   Decrease Java heap size (-Xmx/-Xms)
#   Decrease number of Java threads
#   Decrease Java thread stack sizes (-Xss)
#   Set larger code cache with -XX:ReservedCodeCacheSize=
#   JVM is running with Zero Based Compressed Oops mode in which the Java heap is
#     placed in the first 32GB address space. The Java Heap base address is the
#     maximum limit for the native heap growth. Please use -XX:HeapBaseMinAddress
#     to set the Java Heap base and to place the Java Heap above 32GB virtual address.
# This output file may be truncated or incomplete.
#
#  Out of Memory Error (os_windows.cpp:3548), pid=18524, tid=21752
#
# JRE version:  (17.0.10+11) (build )
# Java VM: Java HotSpot(TM) 64-Bit Server VM (17.0.10+11-LTS-240, mixed mode, sharing, tiered, compressed oops, compressed class ptrs, g1 gc, windows-amd64)
# No core dump will be written. Minidumps are not enabled by default on client versions of Windows
#

---------------  S U M M A R Y ------------

Command Line: 

Host: 12th Gen Intel(R) Core(TM) i5-1235U, 12 cores, 15G,  Windows 11 , 64 bit Build 26100 (10.0.26100.8115)
Time: Thu Apr 30 17:16:53 2026 India Standard Time elapsed time: 0.013474 seconds (0d 0h 0m 0s)

---------------  T H R E A D  ---------------

Current thread (0x000001f3a572e670):  JavaThread "Unknown thread" [_thread_in_vm, id=21752, stack(0x000000103c100000,0x000000103c200000)]

Stack: [0x000000103c100000,0x000000103c200000]
Native frames: (J=compiled Java code, j=interpreted, Vv=VM code, C=native code)
V  [jvm.dll+0x677a5a]
V  [jvm.dll+0x7d8b2d]
V  [jvm.dll+0x7da48e]
V  [jvm.dll+0x7daaf3]
V  [jvm.dll+0x2455ff]
V  [jvm.dll+0x6749b9]
V  [jvm.dll+0x669382]
V  [jvm.dll+0x302e96]
V  [jvm.dll+0x30a416]
V  [jvm.dll+0x359cbe]
V  [jvm.dll+0x359eef]
V  [jvm.dll+0x2d9e88]
V  [jvm.dll+0x2dadf4]
V  [jvm.dll+0x7aa551]
V  [jvm.dll+0x367911]
V  [jvm.dll+0x789639]
V  [jvm.dll+0x3eb30f]
V  [jvm.dll+0x3ecd91]
C  [jli.dll+0x5297]
C  [ucrtbase.dll+0x37b0]
C  [KERNEL32.DLL+0x2e8d7]
C  [ntdll.dll+0x8c3fc]


---------------  P R O C E S S  ---------------

Threads class SMR info:
_java_thread_list=0x00007ffdfee06a18, length=0, elements={
}

Java Threads: ( => current thread )

Other Threads:
  0x000001f3a57965b0 GCTaskThread "GC Thread#0" [stack: 0x000000103c200000,0x000000103c300000] [id=1360]
  0x000001f3a57a7080 ConcurrentGCThread "G1 Main Marker" [stack: 0x000000103c300000,0x000000103c400000] [id=21360]
  0x000001f3a57a8f00 ConcurrentGCThread "G1 Conc#0" [stack: 0x000000103c400000,0x000000103c500000] [id=7236]

[error occurred during error reporting (printing all threads), id 0xc0000005, EXCEPTION_ACCESS_VIOLATION (0xc0000005) at pc=0x00007ffdfe63aae7]

VM state: not at safepoint (not fully initialized)

VM Mutex/Monitor currently owned by a thread:  ([mutex/lock_event])
[0x000001f3a572c860] Heap_lock - owner thread: 0x000001f3a572e670

Heap address: 0x0000000704800000, size: 4024 MB, Compressed Oops mode: Zero based, Oop shift amount: 3

CDS archive(s) mapped at: [0x0000000000000000-0x0000000000000000-0x0000000000000000), size 0, SharedBaseAddress: 0x0000000800000000, ArchiveRelocationMode: 1.
Narrow klass base: 0x0000000000000000, Narrow klass shift: 0, Narrow klass range: 0x0

GC Precious Log:
<Empty>

Heap:
 garbage-first heap   total 0K, used 0K [0x0000000704800000, 0x0000000800000000)
  region size 2048K, 0 young (0K), 0 survivors (0K)

[error occurred during error reporting (printing heap information), id 0xc0000005, EXCEPTION_ACCESS_VIOLATION (0xc0000005) at pc=0x00007ffdfea21249]

GC Heap History (0 events):
No events

Deoptimization events (0 events):
No events

Classes unloaded (0 events):
No events

Classes redefined (0 events):
No events

Internal exceptions (0 events):
No events

VM Operations (0 events):
No events

Events (1 events):
Event: 0.008 Loaded shared library C:\Program Files\Java\jdk-17\bin\java.dll


Dynamic libraries:
0x00007ff626dd0000 - 0x00007ff626de0000 	C:\Program Files\Java\jdk-17\bin\java.exe
0x00007ffe96680000 - 0x00007ffe968e7000 	C:\WINDOWS\SYSTEM32\ntdll.dll
0x00007ffe95fd0000 - 0x00007ffe96099000 	C:\WINDOWS\System32\KERNEL32.DLL
0x00007ffe94010000 - 0x00007ffe94404000 	C:\WINDOWS\System32\KERNELBASE.dll
0x00007ffe93170000 - 0x00007ffe932bb000 	C:\WINDOWS\System32\ucrtbase.dll
0x00007ffe809f0000 - 0x00007ffe80a0b000 	C:\Program Files\Java\jdk-17\bin\VCRUNTIME140.dll
0x00007ffe80a50000 - 0x00007ffe80a69000 	C:\Program Files\Java\jdk-17\bin\jli.dll
0x00007ffe95d80000 - 0x00007ffe95e36000 	C:\WINDOWS\System32\ADVAPI32.dll
0x00007ffe95680000 - 0x00007ffe95729000 	C:\WINDOWS\System32\msvcrt.dll
0x00007ffe959a0000 - 0x00007ffe95a47000 	C:\WINDOWS\System32\sechost.dll
0x00007ffe947a0000 - 0x00007ffe948b8000 	C:\WINDOWS\System32\RPCRT4.dll
0x00007ffe95740000 - 0x00007ffe95905000 	C:\WINDOWS\System32\USER32.dll
0x00007ffe77d30000 - 0x00007ffe77fc3000 	C:\WINDOWS\WinSxS\amd64_microsoft.windows.common-controls_6595b64144ccf1df_6.0.26100.8115_none_3e075c82e3354f9c\COMCTL32.dll
0x00007ffe93e20000 - 0x00007ffe93e47000 	C:\WINDOWS\System32\win32u.dll
0x00007ffe95910000 - 0x00007ffe9593b000 	C:\WINDOWS\System32\GDI32.dll
0x00007ffe93ee0000 - 0x00007ffe9400a000 	C:\WINDOWS\System32\gdi32full.dll
0x00007ffe930c0000 - 0x00007ffe93163000 	C:\WINDOWS\System32\msvcp_win.dll
0x00007ffe81540000 - 0x00007ffe8154b000 	C:\WINDOWS\SYSTEM32\VERSION.dll
0x00007ffe95a50000 - 0x00007ffe95a82000 	C:\WINDOWS\System32\IMM32.DLL
0x00007ffe8a320000 - 0x00007ffe8a32c000 	C:\Program Files\Java\jdk-17\bin\vcruntime140_1.dll
0x00007ffe67a40000 - 0x00007ffe67ace000 	C:\Program Files\Java\jdk-17\bin\msvcp140.dll
0x00007ffdfe350000 - 0x00007ffdfef2f000 	C:\Program Files\Java\jdk-17\bin\server\jvm.dll
0x00007ffe95f40000 - 0x00007ffe95f48000 	C:\WINDOWS\System32\PSAPI.DLL
0x00007ffe6cee0000 - 0x00007ffe6ceea000 	C:\WINDOWS\SYSTEM32\WSOCK32.dll
0x00007ffe8d9e0000 - 0x00007ffe8da16000 	C:\WINDOWS\SYSTEM32\WINMM.dll
0x00007ffe94a20000 - 0x00007ffe94aa0000 	C:\WINDOWS\System32\WS2_32.dll
0x00007ffe91ce0000 - 0x00007ffe91cfb000 	C:\WINDOWS\SYSTEM32\kernel.appcore.dll
0x00007ffe7ec20000 - 0x00007ffe7ec2a000 	C:\Program Files\Java\jdk-17\bin\jimage.dll
0x00007ffe90d30000 - 0x00007ffe90f72000 	C:\WINDOWS\SYSTEM32\DBGHELP.DLL
0x00007ffe94410000 - 0x00007ffe94792000 	C:\WINDOWS\System32\combase.dll
0x00007ffe95b10000 - 0x00007ffe95be7000 	C:\WINDOWS\System32\OLEAUT32.dll
0x00007ffe8d9a0000 - 0x00007ffe8d9db000 	C:\WINDOWS\SYSTEM32\dbgcore.DLL
0x00007ffe92f50000 - 0x00007ffe92ff5000 	C:\WINDOWS\System32\bcryptPrimitives.dll
0x00007ffe7a540000 - 0x00007ffe7a565000 	C:\Program Files\Java\jdk-17\bin\java.dll

dbghelp: loaded successfully - version: 4.0.5 - missing functions: none
symbol engine: initialized successfully - sym options: 0x614 - pdb path: .;C:\Program Files\Java\jdk-17\bin;C:\WINDOWS\SYSTEM32;C:\WINDOWS\WinSxS\amd64_microsoft.windows.common-controls_6595b64144ccf1df_6.0.26100.8115_none_3e075c82e3354f9c;C:\Program Files\Java\jdk-17\bin\server

VM Arguments:
java_command: <unknown>
java_class_path (initial): <not set>
Launcher Type: SUN_STANDARD

[Global flags]
     intx CICompilerCount                          = 4                                         {product} {ergonomic}
     uint ConcGCThreads                            = 3                                         {product} {ergonomic}
     uint G1ConcRefinementThreads                  = 10                                        {product} {ergonomic}
   size_t G1HeapRegionSize                         = 2097152                                   {product} {ergonomic}
    uintx GCDrainStackTargetSize                   = 64                                        {product} {ergonomic}
   size_t InitialHeapSize                          = 264241152                                 {product} {ergonomic}
   size_t MarkStackSize                            = 4194304                                   {product} {ergonomic}
   size_t MaxHeapSize                              = 4219469824                                {product} {ergonomic}
   size_t MinHeapDeltaBytes                        = 2097152                                   {product} {ergonomic}
   size_t MinHeapSize                              = 8388608                                   {product} {ergonomic}
    uintx NonNMethodCodeHeapSize                   = 5839372                                {pd product} {ergonomic}
    uintx NonProfiledCodeHeapSize                  = 122909434                              {pd product} {ergonomic}
    uintx ProfiledCodeHeapSize                     = 122909434                              {pd product} {ergonomic}
    uintx ReservedCodeCacheSize                    = 251658240                              {pd product} {ergonomic}
     bool SegmentedCodeCache                       = true                                      {product} {ergonomic}
   size_t SoftMaxHeapSize                          = 4219469824                             {manageable} {ergonomic}
     bool UseCompressedClassPointers               = true                           {product lp64_product} {ergonomic}
     bool UseCompressedOops                        = true                           {product lp64_product} {ergonomic}
     bool UseG1GC                                  = true                                      {product} {ergonomic}
     bool UseLargePagesIndividualAllocation        = false                                  {pd product} {ergonomic}

Logging:
Log output configuration:
 #0: stdout all=warning uptime,level,tags
 #1: stderr all=off uptime,level,tags

Environment Variables:
PATH=D:\Vijay Kamble\Job-India-app\node_modules\.bin;D:\Vijay Kamble\node_modules\.bin;D:\node_modules\.bin;C:\Users\WALSTAR\AppData\Roaming\npm\node_modules\npm\node_modules\@npmcli\run-script\lib\node-gyp-bin;C:\Users\WALSTAR\bin;C:\Users\WALSTAR\AppData\Local\Programs\Git\mingw64\bin;C:\Users\WALSTAR\AppData\Local\Programs\Git\usr\local\bin;C:\Users\WALSTAR\AppData\Local\Programs\Git\usr\bin;C:\Users\WALSTAR\AppData\Local\Programs\Git\usr\bin;C:\Users\WALSTAR\AppData\Local\Programs\Git\mingw64\bin;C:\Users\WALSTAR\AppData\Local\Programs\Git\usr\bin;C:\Users\WALSTAR\bin;C:\Program Files\Common Files\Oracle\Java\javapath;C:\Program Files\Microsoft MPI\Bin;C:\WINDOWS\system32;C:\WINDOWS;C:\WINDOWS\System32\Wbem;C:\WINDOWS\System32\WindowsPowerShell\v1.0;C:\WINDOWS\System32\OpenSSH;C:\Program Files\Microsoft SQL Server\Client SDK\ODBC\170\Tools\Binn;C:\Program Files\dotnet;C:\Program Files (x86)\Microsoft SQL Server\160\Tools\Binn;C:\Program Files\Microsoft SQL Server\160\Tools\Binn;C:\Program Files\Microsoft SQL Server\160\DTS\Binn;C:\Users\WALSTAR\AppData\Local\Android\Sdk\platforms;C:\Users\WALSTAR\AppData\Local\Android\Sdk\platform-tools;C:\Program Files\Java\jdk-11\bin;C:\Program Files\Java\jdk-17\bin;C:\Program Files\MongoDB\Server\7.0\bin;C:\composer;C:\Program Files (x86)\Microsoft SQL Server\160\DTS\Binn;C:\Users\WALSTAR\AppData\Local\nvm;C:\Program Files\nodejs;C:\Program Files\nodejs;D:\xampp\php;C:\Program Files\Microsoft SQL Server\150\Tools\Binn;D:\composer;C:\Users\WALSTAR\AppData\Local\Android\Sdk\tools;C:\Users\WALSTAR\AppData\Local\Microsoft\WindowsApps;C:\Users\WALSTAR\AppData\Local\Programs\Microsoft VS Code\bin;C:\Users\WALSTAR\AppData\Local\Programs\Git\cmd;D:\flutter\bin;C:\Users\WALSTAR\.dotnet\tools;C:\Program Files\MongoDB\Server\7.0\bin;C:\Users\WALSTAR\AppData\Local\nvm;C:\Program Files\nodejs;C:\Users\WALSTAR\AppData\Roaming\npm;C:\Users\WALSTAR\AppData\Local\Programs\Windsurf\bin;D:\xampp\php;C:\Users\WALSTAR\AppData\Roaming\Composer\vendor
USERNAME=WALSTAR
SHELL=C:\Users\WALSTAR\AppData\Local\Programs\Git\usr\bin\bash.exe
DISPLAY=needs-to-be-defined
LANG=en_US.UTF-8
OS=Windows_NT
PROCESSOR_IDENTIFIER=Intel64 Family 6 Model 154 Stepping 4, GenuineIntel



---------------  S Y S T E M  ---------------

OS:
 Windows 11 , 64 bit Build 26100 (10.0.26100.8115)
OS uptime: 0 days 5:29 hours
Hyper-V role detected

CPU: total 12 (initial active 12) (6 cores per cpu, 2 threads per core) family 6 model 154 stepping 4 microcode 0x432, cx8, cmov, fxsr, ht, mmx, 3dnowpref, sse, sse2, sse3, ssse3, sse4.1, sse4.2, popcnt, lzcnt, tsc, tscinvbit, avx, avx2, aes, erms, clmul, bmi1, bmi2, adx, sha, fma, vzeroupper, clflush, clflushopt, clwb, hv

Memory: 4k page, system-wide physical 16092M (1274M free)
TotalPageFile size 28746M (AvailPageFile size 99M)
current process WorkingSet (physical memory assigned to process): 12M, peak: 12M
current process commit charge ("private bytes"): 64M, peak: 316M

vm_info: Java HotSpot(TM) 64-Bit Server VM (17.0.10+11-LTS-240) for windows-amd64 JRE (17.0.10+11-LTS-240), built on Dec 19 2023 21:47:25 by "mach5one" with MS VC++ 17.1 (VS2022)

END.
